[2020-05-20 16:05:35] trace  /app/index.php?i=3&t=0&v=1.0&from=wxapp&c=entry&a=wxapp&do=pay&state=we7sid-15aa7cea1405607aec50fd75b744023c&sign=a33a03e5610c5d29c565cc58bb1922f6&id=211&pay_method=1&m=make_speed 2020-05-20 16:05[sendTemplate Rider] Error:invalid template_id hint: [b7uzsA09963924]
[2020-05-20 16:05:35] trace  /app/index.php?i=3&t=0&v=1.0&from=wxapp&c=entry&a=wxapp&do=pay&state=we7sid-15aa7cea1405607aec50fd75b744023c&sign=a33a03e5610c5d29c565cc58bb1922f6&id=211&pay_method=1&m=make_speed 2020-05-20 16:05[sendTemplate Rider] Error: business_rider_id::::Array
[2020-05-20 16:05:35] trace  /app/index.php?i=3&t=0&v=1.0&from=wxapp&c=entry&a=wxapp&do=pay&state=we7sid-15aa7cea1405607aec50fd75b744023c&sign=a33a03e5610c5d29c565cc58bb1922f6&id=211&pay_method=1&m=make_speed 2020-05-20 16:05[sendTemplate Rider] Error:抢单模板消息未配置
[2020-05-20 16:06:41] trace  /app/index.php?i=4&t=0&v=1.0&from=wxapp&c=entry&a=wxapp&do=getSetting&state=we7sid-f32dc29dccc0ee272ade2e859e8fd2f9&sign=18fd29de5b2a0b7a459b9d51792527d6&m=make_rider 2020-05-20 16:06[RIDER CLIENT]rider uniacid: 4
[2020-05-20 16:06:41] trace  /app/index.php?i=4&t=0&v=1.0&from=wxapp&c=entry&a=wxapp&do=getSetting&state=we7sid-f32dc29dccc0ee272ade2e859e8fd2f9&sign=18fd29de5b2a0b7a459b9d51792527d6&m=make_rider 2020-05-20 16:06[RIDER CLIENT] uniacid: 3
[2020-05-20 16:06:41] trace  /app/index.php?i=4&t=0&v=1.0&from=wxapp&c=entry&a=wxapp&do=getRiderStatus&state=we7sid-f32dc29dccc0ee272ade2e859e8fd2f9&sign=8a938bf23f3303d8adb7739406d34f55&m=make_rider 2020-05-20 16:06[RIDER CLIENT]rider uniacid: 4
[2020-05-20 16:06:41] trace  /app/index.php?i=4&t=0&v=1.0&from=wxapp&c=entry&a=wxapp&do=getRiderStatus&state=we7sid-f32dc29dccc0ee272ade2e859e8fd2f9&sign=8a938bf23f3303d8adb7739406d34f55&m=make_rider 2020-05-20 16:06[RIDER CLIENT] uniacid: 3
[2020-05-20 16:06:42] trace  /app/index.php?i=4&t=0&v=1.0&from=wxapp&c=entry&a=wxapp&do=getRiderStatus&state=we7sid-f32dc29dccc0ee272ade2e859e8fd2f9&sign=8a938bf23f3303d8adb7739406d34f55&m=make_rider 2020-05-20 16:06[RIDER CLIENT]rider uniacid: 4
[2020-05-20 16:06:42] trace  /app/index.php?i=4&t=0&v=1.0&from=wxapp&c=entry&a=wxapp&do=getRiderStatus&state=we7sid-f32dc29dccc0ee272ade2e859e8fd2f9&sign=8a938bf23f3303d8adb7739406d34f55&m=make_rider 2020-05-20 16:06[RIDER CLIENT] uniacid: 3
[2020-05-20 16:06:42] trace  /app/index.php?i=4&t=0&v=1.0&from=wxapp&c=entry&a=wxapp&do=getRiderId&state=we7sid-f32dc29dccc0ee272ade2e859e8fd2f9&sign=db279d227aa5b595e2c9c7fb541c8e8f&m=make_rider 2020-05-20 16:06[RIDER CLIENT]rider uniacid: 4
[2020-05-20 16:06:42] trace  /app/index.php?i=4&t=0&v=1.0&from=wxapp&c=entry&a=wxapp&do=getRiderOrder&state=we7sid-f32dc29dccc0ee272ade2e859e8fd2f9&sign=6ee2731c120a0638823761988f2ca484&status=-1&m=make_rider 2020-05-20 16:06[RIDER CLIENT]rider uniacid: 4
[2020-05-20 16:06:42] trace  /app/index.php?i=4&t=0&v=1.0&from=wxapp&c=entry&a=wxapp&do=getRiderId&state=we7sid-f32dc29dccc0ee272ade2e859e8fd2f9&sign=db279d227aa5b595e2c9c7fb541c8e8f&m=make_rider 2020-05-20 16:06[RIDER CLIENT] uniacid: 3
[2020-05-20 16:06:42] trace  /app/index.php?i=4&t=0&v=1.0&from=wxapp&c=entry&a=wxapp&do=getRiderOrder&state=we7sid-f32dc29dccc0ee272ade2e859e8fd2f9&sign=6ee2731c120a0638823761988f2ca484&status=-1&m=make_rider 2020-05-20 16:06[RIDER CLIENT] uniacid: 3
[2020-05-20 16:06:42] trace  /app/index.php?i=4&t=0&v=1.0&from=wxapp&c=entry&a=wxapp&do=riderIsAccept&state=we7sid-f32dc29dccc0ee272ade2e859e8fd2f9&sign=25ecf548883aa09e318cc2d54e059eb8&type=-1&m=make_rider 2020-05-20 16:06[RIDER CLIENT]rider uniacid: 4
[2020-05-20 16:06:42] trace  /app/index.php?i=4&t=0&v=1.0&from=wxapp&c=entry&a=wxapp&do=riderIsAccept&state=we7sid-f32dc29dccc0ee272ade2e859e8fd2f9&sign=25ecf548883aa09e318cc2d54e059eb8&type=-1&m=make_rider 2020-05-20 16:06[RIDER CLIENT] uniacid: 3
[2020-05-20 16:06:43] trace  /app/index.php?i=4&t=0&v=1.0&from=wxapp&c=entry&a=wxapp&do=getRiderOrder&state=we7sid-f32dc29dccc0ee272ade2e859e8fd2f9&sign=6ee2731c120a0638823761988f2ca484&status=-1&m=make_rider 2020-05-20 16:06[RIDER CLIENT]rider uniacid: 4
[2020-05-20 16:06:43] trace  /app/index.php?i=4&t=0&v=1.0&from=wxapp&c=entry&a=wxapp&do=getRiderOrder&state=we7sid-f32dc29dccc0ee272ade2e859e8fd2f9&sign=6ee2731c120a0638823761988f2ca484&status=-1&m=make_rider 2020-05-20 16:06[RIDER CLIENT] uniacid: 3
[2020-05-20 16:06:43] trace  /app/index.php?i=4&t=0&v=1.0&from=wxapp&c=entry&a=wxapp&do=setRiderLocation&state=we7sid-f32dc29dccc0ee272ade2e859e8fd2f9&sign=c270a2e6cd6695bc0c5a6b0214820aa9&address=%E6%B2%B3%E5%8D%97%E7%9C%81%E9%83%91%E5%B7%9E%E5%B8%82%E4%B8%AD%E5%8E%9F%E5%8C%BA%E7%BF%A0%E7%AB%B9%E8%A1%97&lat=34.817532&lng=113.562706&m=make_rider 2020-05-20 16:06[RIDER CLIENT]rider uniacid: 4
[2020-05-20 16:06:43] trace  /app/index.php?i=4&t=0&v=1.0&from=wxapp&c=entry&a=wxapp&do=setRiderLocation&state=we7sid-f32dc29dccc0ee272ade2e859e8fd2f9&sign=c270a2e6cd6695bc0c5a6b0214820aa9&address=%E6%B2%B3%E5%8D%97%E7%9C%81%E9%83%91%E5%B7%9E%E5%B8%82%E4%B8%AD%E5%8E%9F%E5%8C%BA%E7%BF%A0%E7%AB%B9%E8%A1%97&lat=34.817532&lng=113.562706&m=make_rider 2020-05-20 16:06[RIDER CLIENT] uniacid: 3
[2020-05-20 16:06:51] trace  /app/index.php?i=4&t=0&v=1.0&from=wxapp&c=entry&a=wxapp&do=riderIsAccept&state=we7sid-f32dc29dccc0ee272ade2e859e8fd2f9&sign=25ecf548883aa09e318cc2d54e059eb8&type=-1&m=make_rider 2020-05-20 16:06[RIDER CLIENT]rider uniacid: 4
[2020-05-20 16:06:51] trace  /app/index.php?i=4&t=0&v=1.0&from=wxapp&c=entry&a=wxapp&do=riderIsAccept&state=we7sid-f32dc29dccc0ee272ade2e859e8fd2f9&sign=25ecf548883aa09e318cc2d54e059eb8&type=-1&m=make_rider 2020-05-20 16:06[RIDER CLIENT] uniacid: 3
[2020-05-20 16:06:52] trace  /app/index.php?i=4&t=0&v=1.0&from=wxapp&c=entry&a=wxapp&do=setRiderLocation&state=we7sid-f32dc29dccc0ee272ade2e859e8fd2f9&sign=c270a2e6cd6695bc0c5a6b0214820aa9&address=%E6%B2%B3%E5%8D%97%E7%9C%81%E9%83%91%E5%B7%9E%E5%B8%82%E4%B8%AD%E5%8E%9F%E5%8C%BA%E7%BF%A0%E7%AB%B9%E8%A1%97&lat=34.817532&lng=113.562706&m=make_rider 2020-05-20 16:06[RIDER CLIENT]rider uniacid: 4
[2020-05-20 16:06:52] trace  /app/index.php?i=4&t=0&v=1.0&from=wxapp&c=entry&a=wxapp&do=setRiderLocation&state=we7sid-f32dc29dccc0ee272ade2e859e8fd2f9&sign=c270a2e6cd6695bc0c5a6b0214820aa9&address=%E6%B2%B3%E5%8D%97%E7%9C%81%E9%83%91%E5%B7%9E%E5%B8%82%E4%B8%AD%E5%8E%9F%E5%8C%BA%E7%BF%A0%E7%AB%B9%E8%A1%97&lat=34.817532&lng=113.562706&m=make_rider 2020-05-20 16:06[RIDER CLIENT] uniacid: 3
[2020-05-20 16:06:52] trace  /app/index.php?i=4&t=0&v=1.0&from=wxapp&c=entry&a=wxapp&do=getRiderOrder&state=we7sid-f32dc29dccc0ee272ade2e859e8fd2f9&sign=6ee2731c120a0638823761988f2ca484&status=-1&m=make_rider 2020-05-20 16:06[RIDER CLIENT]rider uniacid: 4
[2020-05-20 16:06:52] trace  /app/index.php?i=4&t=0&v=1.0&from=wxapp&c=entry&a=wxapp&do=getRiderOrder&state=we7sid-f32dc29dccc0ee272ade2e859e8fd2f9&sign=6ee2731c120a0638823761988f2ca484&status=-1&m=make_rider 2020-05-20 16:06[RIDER CLIENT] uniacid: 3
[2020-05-20 16:06:55] trace  /app/index.php?i=4&t=0&v=1.0&from=wxapp&c=entry&a=wxapp&do=getRiderOrder&state=we7sid-f32dc29dccc0ee272ade2e859e8fd2f9&sign=78cf2c1f709f4e888bd84f736856061f&status=2&page=1&m=make_rider 2020-05-20 16:06[RIDER CLIENT]rider uniacid: 4
[2020-05-20 16:06:55] trace  /app/index.php?i=4&t=0&v=1.0&from=wxapp&c=entry&a=wxapp&do=getRiderOrder&state=we7sid-f32dc29dccc0ee272ade2e859e8fd2f9&sign=78cf2c1f709f4e888bd84f736856061f&status=2&page=1&m=make_rider 2020-05-20 16:06[RIDER CLIENT] uniacid: 3
[2020-05-20 16:07:04] trace  /app/index.php?i=4&t=0&v=1.0&from=wxapp&c=entry&a=wxapp&do=getRiderOrder&state=we7sid-f32dc29dccc0ee272ade2e859e8fd2f9&sign=0a250a3b2490d4ac7d97af730c077b91&status=3&page=1&m=make_rider 2020-05-20 16:07[RIDER CLIENT]rider uniacid: 4
[2020-05-20 16:07:04] trace  /app/index.php?i=4&t=0&v=1.0&from=wxapp&c=entry&a=wxapp&do=getRiderOrder&state=we7sid-f32dc29dccc0ee272ade2e859e8fd2f9&sign=0a250a3b2490d4ac7d97af730c077b91&status=3&page=1&m=make_rider 2020-05-20 16:07[RIDER CLIENT] uniacid: 3
[2020-05-20 16:07:07] trace  /app/index.php?i=4&t=0&v=1.0&from=wxapp&c=entry&a=wxapp&do=getRiderOrder&state=we7sid-f32dc29dccc0ee272ade2e859e8fd2f9&sign=78cf2c1f709f4e888bd84f736856061f&status=2&page=1&m=make_rider 2020-05-20 16:07[RIDER CLIENT]rider uniacid: 4
[2020-05-20 16:07:07] trace  /app/index.php?i=4&t=0&v=1.0&from=wxapp&c=entry&a=wxapp&do=getRiderOrder&state=we7sid-f32dc29dccc0ee272ade2e859e8fd2f9&sign=78cf2c1f709f4e888bd84f736856061f&status=2&page=1&m=make_rider 2020-05-20 16:07[RIDER CLIENT] uniacid: 3
[2020-05-20 16:07:15] trace  /app/index.php?i=4&t=0&v=1.0&from=wxapp&c=entry&a=wxapp&do=riderIsAccept&state=we7sid-f32dc29dccc0ee272ade2e859e8fd2f9&sign=25ecf548883aa09e318cc2d54e059eb8&type=-1&m=make_rider 2020-05-20 16:07[RIDER CLIENT]rider uniacid: 4
[2020-05-20 16:07:15] trace  /app/index.php?i=4&t=0&v=1.0&from=wxapp&c=entry&a=wxapp&do=riderIsAccept&state=we7sid-f32dc29dccc0ee272ade2e859e8fd2f9&sign=25ecf548883aa09e318cc2d54e059eb8&type=-1&m=make_rider 2020-05-20 16:07[RIDER CLIENT] uniacid: 3
[2020-05-20 16:07:15] trace  /app/index.php?i=4&t=0&v=1.0&from=wxapp&c=entry&a=wxapp&do=setRiderLocation&state=we7sid-f32dc29dccc0ee272ade2e859e8fd2f9&sign=c270a2e6cd6695bc0c5a6b0214820aa9&address=%E6%B2%B3%E5%8D%97%E7%9C%81%E9%83%91%E5%B7%9E%E5%B8%82%E4%B8%AD%E5%8E%9F%E5%8C%BA%E7%BF%A0%E7%AB%B9%E8%A1%97&lat=34.817532&lng=113.562706&m=make_rider 2020-05-20 16:07[RIDER CLIENT]rider uniacid: 4
[2020-05-20 16:07:15] trace  /app/index.php?i=4&t=0&v=1.0&from=wxapp&c=entry&a=wxapp&do=setRiderLocation&state=we7sid-f32dc29dccc0ee272ade2e859e8fd2f9&sign=c270a2e6cd6695bc0c5a6b0214820aa9&address=%E6%B2%B3%E5%8D%97%E7%9C%81%E9%83%91%E5%B7%9E%E5%B8%82%E4%B8%AD%E5%8E%9F%E5%8C%BA%E7%BF%A0%E7%AB%B9%E8%A1%97&lat=34.817532&lng=113.562706&m=make_rider 2020-05-20 16:07[RIDER CLIENT] uniacid: 3
[2020-05-20 16:07:16] trace  /app/index.php?i=4&t=0&v=1.0&from=wxapp&c=entry&a=wxapp&do=getRiderOrder&state=we7sid-f32dc29dccc0ee272ade2e859e8fd2f9&sign=6ee2731c120a0638823761988f2ca484&status=-1&m=make_rider 2020-05-20 16:07[RIDER CLIENT]rider uniacid: 4
[2020-05-20 16:07:16] trace  /app/index.php?i=4&t=0&v=1.0&from=wxapp&c=entry&a=wxapp&do=getRiderOrder&state=we7sid-f32dc29dccc0ee272ade2e859e8fd2f9&sign=6ee2731c120a0638823761988f2ca484&status=-1&m=make_rider 2020-05-20 16:07[RIDER CLIENT] uniacid: 3
[2020-05-20 16:08:08] trace  /app/index.php?i=4&t=0&v=1.0&from=wxapp&c=entry&a=wxapp&do=getRiderOrder&state=we7sid-f32dc29dccc0ee272ade2e859e8fd2f9&sign=78cf2c1f709f4e888bd84f736856061f&status=2&page=1&m=make_rider 2020-05-20 16:08[RIDER CLIENT]rider uniacid: 4
[2020-05-20 16:08:08] trace  /app/index.php?i=4&t=0&v=1.0&from=wxapp&c=entry&a=wxapp&do=getRiderOrder&state=we7sid-f32dc29dccc0ee272ade2e859e8fd2f9&sign=78cf2c1f709f4e888bd84f736856061f&status=2&page=1&m=make_rider 2020-05-20 16:08[RIDER CLIENT] uniacid: 3
[2020-05-20 16:08:11] trace  /app/index.php?i=4&t=0&v=1.0&from=wxapp&c=entry&a=wxapp&do=acceptOrder&state=we7sid-f32dc29dccc0ee272ade2e859e8fd2f9&sign=134fa8dfa427c762e07f6d09a9ba3421&order_id=207&m=make_rider 2020-05-20 16:08[RIDER CLIENT]rider uniacid: 4
[2020-05-20 16:08:11] trace  /app/index.php?i=4&t=0&v=1.0&from=wxapp&c=entry&a=wxapp&do=acceptOrder&state=we7sid-f32dc29dccc0ee272ade2e859e8fd2f9&sign=134fa8dfa427c762e07f6d09a9ba3421&order_id=207&m=make_rider 2020-05-20 16:08[RIDER CLIENT] uniacid: 3
[2020-05-20 16:08:11] trace  /app/index.php?i=4&t=0&v=1.0&from=wxapp&c=entry&a=wxapp&do=acceptOrder&state=we7sid-f32dc29dccc0ee272ade2e859e8fd2f9&sign=134fa8dfa427c762e07f6d09a9ba3421&order_id=207&m=make_rider 2020-05-20 16:08[sendTemplate] Error: 未设置骑手接单通知用户模板消息
[2020-05-20 16:08:11] trace  /app/index.php?i=4&t=0&v=1.0&from=wxapp&c=entry&a=wxapp&do=acceptOrder&state=we7sid-f32dc29dccc0ee272ade2e859e8fd2f9&sign=134fa8dfa427c762e07f6d09a9ba3421&order_id=207&m=make_rider 2020-05-20 16:08[sendTemplate Rider] Error:invalid template_id hint: [s4sr801524107]
[2020-05-20 16:08:12] trace  /app/index.php?i=4&t=0&v=1.0&from=wxapp&c=entry&a=wxapp&do=getRiderOrder&state=we7sid-f32dc29dccc0ee272ade2e859e8fd2f9&sign=0a250a3b2490d4ac7d97af730c077b91&status=3&page=1&m=make_rider 2020-05-20 16:08[RIDER CLIENT]rider uniacid: 4
[2020-05-20 16:08:12] trace  /app/index.php?i=4&t=0&v=1.0&from=wxapp&c=entry&a=wxapp&do=getRiderOrder&state=we7sid-f32dc29dccc0ee272ade2e859e8fd2f9&sign=0a250a3b2490d4ac7d97af730c077b91&status=3&page=1&m=make_rider 2020-05-20 16:08[RIDER CLIENT] uniacid: 3
[2020-05-20 16:08:12] trace  /app/index.php?i=4&t=0&v=1.0&from=wxapp&c=entry&a=wxapp&do=setRiderLocation&state=we7sid-f32dc29dccc0ee272ade2e859e8fd2f9&sign=b8c1830cb7412bba7d2a6c31db029d04&address=&lat=34.819142252604166&lng=113.56074055989583&m=make_rider 2020-05-20 16:08[RIDER CLIENT]rider uniacid: 4
[2020-05-20 16:08:12] trace  /app/index.php?i=4&t=0&v=1.0&from=wxapp&c=entry&a=wxapp&do=setRiderLocation&state=we7sid-f32dc29dccc0ee272ade2e859e8fd2f9&sign=b8c1830cb7412bba7d2a6c31db029d04&address=&lat=34.819142252604166&lng=113.56074055989583&m=make_rider 2020-05-20 16:08[RIDER CLIENT] uniacid: 3
[2020-05-20 16:08:22] trace  /app/index.php?i=4&t=0&v=1.0&from=wxapp&c=entry&a=wxapp&do=rider_update_order&state=we7sid-f32dc29dccc0ee272ade2e859e8fd2f9&sign=9eb3b5f5f08d033ea9ab5ed174438a7f&id=207&goods_code=543456&goods_img=&end_img=&lat=34.81922227647569&lng=113.560732421875&type=0&m=make_rider 2020-05-20 16:08[RIDER CLIENT]rider uniacid: 4
[2020-05-20 16:08:22] trace  /app/index.php?i=4&t=0&v=1.0&from=wxapp&c=entry&a=wxapp&do=rider_update_order&state=we7sid-f32dc29dccc0ee272ade2e859e8fd2f9&sign=9eb3b5f5f08d033ea9ab5ed174438a7f&id=207&goods_code=543456&goods_img=&end_img=&lat=34.81922227647569&lng=113.560732421875&type=0&m=make_rider 2020-05-20 16:08[RIDER CLIENT] uniacid: 3
[2020-05-20 16:08:27] trace  /app/index.php?i=4&t=0&v=1.0&from=wxapp&c=entry&a=wxapp&do=uploadImage&m=make_rider& 2020-05-20 16:08[RIDER CLIENT]rider uniacid: 4
[2020-05-20 16:08:27] trace  /app/index.php?i=4&t=0&v=1.0&from=wxapp&c=entry&a=wxapp&do=uploadImage&m=make_rider& 2020-05-20 16:08[RIDER CLIENT] uniacid: 3
[2020-05-20 16:08:28] trace  /app/index.php?i=4&t=0&v=1.0&from=wxapp&c=entry&a=wxapp&do=rider_update_order&state=we7sid-f32dc29dccc0ee272ade2e859e8fd2f9&sign=027908322d7f08b1e327424e2373ded7&id=207&goods_code=543456&goods_img=%2Fuploads%2Fprogram%2F20200520%2F6635ec4e57bb0dbc.jpg&end_img=&lat=34.81922227647569&lng=113.560732421875&type=0&m=make_rider 2020-05-20 16:08[RIDER CLIENT]rider uniacid: 4
[2020-05-20 16:08:28] trace  /app/index.php?i=4&t=0&v=1.0&from=wxapp&c=entry&a=wxapp&do=rider_update_order&state=we7sid-f32dc29dccc0ee272ade2e859e8fd2f9&sign=027908322d7f08b1e327424e2373ded7&id=207&goods_code=543456&goods_img=%2Fuploads%2Fprogram%2F20200520%2F6635ec4e57bb0dbc.jpg&end_img=&lat=34.81922227647569&lng=113.560732421875&type=0&m=make_rider 2020-05-20 16:08[RIDER CLIENT] uniacid: 3
[2020-05-20 16:08:37] trace  /app/index.php?i=4&t=0&v=1.0&from=wxapp&c=entry&a=wxapp&do=riderIsAccept&state=we7sid-f32dc29dccc0ee272ade2e859e8fd2f9&sign=25ecf548883aa09e318cc2d54e059eb8&type=-1&m=make_rider 2020-05-20 16:08[RIDER CLIENT]rider uniacid: 4
[2020-05-20 16:08:37] trace  /app/index.php?i=4&t=0&v=1.0&from=wxapp&c=entry&a=wxapp&do=riderIsAccept&state=we7sid-f32dc29dccc0ee272ade2e859e8fd2f9&sign=25ecf548883aa09e318cc2d54e059eb8&type=-1&m=make_rider 2020-05-20 16:08[RIDER CLIENT] uniacid: 3
[2020-05-20 16:08:37] trace  /app/index.php?i=4&t=0&v=1.0&from=wxapp&c=entry&a=wxapp&do=setRiderLocation&state=we7sid-f32dc29dccc0ee272ade2e859e8fd2f9&sign=c270a2e6cd6695bc0c5a6b0214820aa9&address=%E6%B2%B3%E5%8D%97%E7%9C%81%E9%83%91%E5%B7%9E%E5%B8%82%E4%B8%AD%E5%8E%9F%E5%8C%BA%E7%BF%A0%E7%AB%B9%E8%A1%97&lat=34.817532&lng=113.562706&m=make_rider 2020-05-20 16:08[RIDER CLIENT]rider uniacid: 4
[2020-05-20 16:08:37] trace  /app/index.php?i=4&t=0&v=1.0&from=wxapp&c=entry&a=wxapp&do=setRiderLocation&state=we7sid-f32dc29dccc0ee272ade2e859e8fd2f9&sign=c270a2e6cd6695bc0c5a6b0214820aa9&address=%E6%B2%B3%E5%8D%97%E7%9C%81%E9%83%91%E5%B7%9E%E5%B8%82%E4%B8%AD%E5%8E%9F%E5%8C%BA%E7%BF%A0%E7%AB%B9%E8%A1%97&lat=34.817532&lng=113.562706&m=make_rider 2020-05-20 16:08[RIDER CLIENT] uniacid: 3
[2020-05-20 16:08:38] trace  /app/index.php?i=4&t=0&v=1.0&from=wxapp&c=entry&a=wxapp&do=getRiderOrder&state=we7sid-f32dc29dccc0ee272ade2e859e8fd2f9&sign=6ee2731c120a0638823761988f2ca484&status=-1&m=make_rider 2020-05-20 16:08[RIDER CLIENT]rider uniacid: 4
[2020-05-20 16:08:38] trace  /app/index.php?i=4&t=0&v=1.0&from=wxapp&c=entry&a=wxapp&do=getRiderOrder&state=we7sid-f32dc29dccc0ee272ade2e859e8fd2f9&sign=6ee2731c120a0638823761988f2ca484&status=-1&m=make_rider 2020-05-20 16:08[RIDER CLIENT] uniacid: 3
[2020-05-20 16:09:09] trace  /app/index.php?i=4&t=0&v=1.0&from=wxapp&c=entry&a=wxapp&do=riderIsAccept&state=we7sid-f32dc29dccc0ee272ade2e859e8fd2f9&sign=25ecf548883aa09e318cc2d54e059eb8&type=-1&m=make_rider 2020-05-20 16:09[RIDER CLIENT]rider uniacid: 4
[2020-05-20 16:09:09] trace  /app/index.php?i=4&t=0&v=1.0&from=wxapp&c=entry&a=wxapp&do=riderIsAccept&state=we7sid-f32dc29dccc0ee272ade2e859e8fd2f9&sign=25ecf548883aa09e318cc2d54e059eb8&type=-1&m=make_rider 2020-05-20 16:09[RIDER CLIENT] uniacid: 3
[2020-05-20 16:09:10] trace  /app/index.php?i=4&t=0&v=1.0&from=wxapp&c=entry&a=wxapp&do=setRiderLocation&state=we7sid-f32dc29dccc0ee272ade2e859e8fd2f9&sign=c270a2e6cd6695bc0c5a6b0214820aa9&address=%E6%B2%B3%E5%8D%97%E7%9C%81%E9%83%91%E5%B7%9E%E5%B8%82%E4%B8%AD%E5%8E%9F%E5%8C%BA%E7%BF%A0%E7%AB%B9%E8%A1%97&lat=34.817532&lng=113.562706&m=make_rider 2020-05-20 16:09[RIDER CLIENT]rider uniacid: 4
[2020-05-20 16:09:10] trace  /app/index.php?i=4&t=0&v=1.0&from=wxapp&c=entry&a=wxapp&do=setRiderLocation&state=we7sid-f32dc29dccc0ee272ade2e859e8fd2f9&sign=c270a2e6cd6695bc0c5a6b0214820aa9&address=%E6%B2%B3%E5%8D%97%E7%9C%81%E9%83%91%E5%B7%9E%E5%B8%82%E4%B8%AD%E5%8E%9F%E5%8C%BA%E7%BF%A0%E7%AB%B9%E8%A1%97&lat=34.817532&lng=113.562706&m=make_rider 2020-05-20 16:09[RIDER CLIENT] uniacid: 3
[2020-05-20 16:09:10] trace  /app/index.php?i=4&t=0&v=1.0&from=wxapp&c=entry&a=wxapp&do=getRiderOrder&state=we7sid-f32dc29dccc0ee272ade2e859e8fd2f9&sign=6ee2731c120a0638823761988f2ca484&status=-1&m=make_rider 2020-05-20 16:09[RIDER CLIENT]rider uniacid: 4
[2020-05-20 16:09:10] trace  /app/index.php?i=4&t=0&v=1.0&from=wxapp&c=entry&a=wxapp&do=getRiderOrder&state=we7sid-f32dc29dccc0ee272ade2e859e8fd2f9&sign=6ee2731c120a0638823761988f2ca484&status=-1&m=make_rider 2020-05-20 16:09[RIDER CLIENT] uniacid: 3
[2020-05-20 16:09:11] trace  /app/index.php?i=4&t=0&v=1.0&from=wxapp&c=entry&a=wxapp&do=getRiderOrder&state=we7sid-f32dc29dccc0ee272ade2e859e8fd2f9&sign=78cf2c1f709f4e888bd84f736856061f&status=2&page=1&m=make_rider 2020-05-20 16:09[RIDER CLIENT]rider uniacid: 4
[2020-05-20 16:09:11] trace  /app/index.php?i=4&t=0&v=1.0&from=wxapp&c=entry&a=wxapp&do=getRiderOrder&state=we7sid-f32dc29dccc0ee272ade2e859e8fd2f9&sign=78cf2c1f709f4e888bd84f736856061f&status=2&page=1&m=make_rider 2020-05-20 16:09[RIDER CLIENT] uniacid: 3
[2020-05-20 16:09:12] trace  /app/index.php?i=4&t=0&v=1.0&from=wxapp&c=entry&a=wxapp&do=getRiderOrder&state=we7sid-f32dc29dccc0ee272ade2e859e8fd2f9&sign=0a250a3b2490d4ac7d97af730c077b91&status=3&page=1&m=make_rider 2020-05-20 16:09[RIDER CLIENT]rider uniacid: 4
[2020-05-20 16:09:12] trace  /app/index.php?i=4&t=0&v=1.0&from=wxapp&c=entry&a=wxapp&do=getRiderOrder&state=we7sid-f32dc29dccc0ee272ade2e859e8fd2f9&sign=0a250a3b2490d4ac7d97af730c077b91&status=3&page=1&m=make_rider 2020-05-20 16:09[RIDER CLIENT] uniacid: 3
[2020-05-20 16:09:13] trace  /app/index.php?i=4&t=0&v=1.0&from=wxapp&c=entry&a=wxapp&do=getRiderOrder&state=we7sid-f32dc29dccc0ee272ade2e859e8fd2f9&sign=78cf2c1f709f4e888bd84f736856061f&status=2&page=1&m=make_rider 2020-05-20 16:09[RIDER CLIENT]rider uniacid: 4
[2020-05-20 16:09:13] trace  /app/index.php?i=4&t=0&v=1.0&from=wxapp&c=entry&a=wxapp&do=getRiderOrder&state=we7sid-f32dc29dccc0ee272ade2e859e8fd2f9&sign=78cf2c1f709f4e888bd84f736856061f&status=2&page=1&m=make_rider 2020-05-20 16:09[RIDER CLIENT] uniacid: 3
[2020-05-20 16:09:14] trace  /app/index.php?i=4&t=0&v=1.0&from=wxapp&c=entry&a=wxapp&do=getRiderOrder&state=we7sid-f32dc29dccc0ee272ade2e859e8fd2f9&sign=78cf2c1f709f4e888bd84f736856061f&status=2&page=1&m=make_rider 2020-05-20 16:09[RIDER CLIENT]rider uniacid: 4
[2020-05-20 16:09:14] trace  /app/index.php?i=4&t=0&v=1.0&from=wxapp&c=entry&a=wxapp&do=getRiderOrder&state=we7sid-f32dc29dccc0ee272ade2e859e8fd2f9&sign=78cf2c1f709f4e888bd84f736856061f&status=2&page=1&m=make_rider 2020-05-20 16:09[RIDER CLIENT] uniacid: 3
[2020-05-20 16:09:15] trace  /app/index.php?i=4&t=0&v=1.0&from=wxapp&c=entry&a=wxapp&do=getRiderOrder&state=we7sid-f32dc29dccc0ee272ade2e859e8fd2f9&sign=0a250a3b2490d4ac7d97af730c077b91&status=3&page=1&m=make_rider 2020-05-20 16:09[RIDER CLIENT]rider uniacid: 4
[2020-05-20 16:09:15] trace  /app/index.php?i=4&t=0&v=1.0&from=wxapp&c=entry&a=wxapp&do=getRiderOrder&state=we7sid-f32dc29dccc0ee272ade2e859e8fd2f9&sign=0a250a3b2490d4ac7d97af730c077b91&status=3&page=1&m=make_rider 2020-05-20 16:09[RIDER CLIENT] uniacid: 3
[2020-05-20 16:09:16] trace  /app/index.php?i=4&t=0&v=1.0&from=wxapp&c=entry&a=wxapp&do=getRiderOrder&state=we7sid-f32dc29dccc0ee272ade2e859e8fd2f9&sign=78cf2c1f709f4e888bd84f736856061f&status=2&page=1&m=make_rider 2020-05-20 16:09[RIDER CLIENT]rider uniacid: 4
[2020-05-20 16:09:16] trace  /app/index.php?i=4&t=0&v=1.0&from=wxapp&c=entry&a=wxapp&do=getRiderOrder&state=we7sid-f32dc29dccc0ee272ade2e859e8fd2f9&sign=78cf2c1f709f4e888bd84f736856061f&status=2&page=1&m=make_rider 2020-05-20 16:09[RIDER CLIENT] uniacid: 3
[2020-05-20 16:09:17] trace  /app/index.php?i=4&t=0&v=1.0&from=wxapp&c=entry&a=wxapp&do=getRiderOrder&state=we7sid-f32dc29dccc0ee272ade2e859e8fd2f9&sign=0a250a3b2490d4ac7d97af730c077b91&status=3&page=1&m=make_rider 2020-05-20 16:09[RIDER CLIENT]rider uniacid: 4
[2020-05-20 16:09:17] trace  /app/index.php?i=4&t=0&v=1.0&from=wxapp&c=entry&a=wxapp&do=getRiderOrder&state=we7sid-f32dc29dccc0ee272ade2e859e8fd2f9&sign=0a250a3b2490d4ac7d97af730c077b91&status=3&page=1&m=make_rider 2020-05-20 16:09[RIDER CLIENT] uniacid: 3
[2020-05-20 16:09:27] trace  /app/index.php?i=4&t=0&v=1.0&from=wxapp&c=entry&a=wxapp&do=uploadImage&m=make_rider& 2020-05-20 16:09[RIDER CLIENT]rider uniacid: 4
[2020-05-20 16:09:27] trace  /app/index.php?i=4&t=0&v=1.0&from=wxapp&c=entry&a=wxapp&do=uploadImage&m=make_rider& 2020-05-20 16:09[RIDER CLIENT] uniacid: 3
[2020-05-20 16:09:29] trace  /app/index.php?i=4&t=0&v=1.0&from=wxapp&c=entry&a=wxapp&do=rider_update_order&state=we7sid-f32dc29dccc0ee272ade2e859e8fd2f9&sign=f6bea4aefe227b56f6ddd294c0971d3b&id=207&goods_code=753456&goods_img=%2Fuploads%2Fprogram%2F20200520%2F9705ec4e5b8051d4.jpg&end_img=&lat=34.81909776475695&lng=113.56090793185764&type=0&m=make_rider 2020-05-20 16:09[RIDER CLIENT]rider uniacid: 4
[2020-05-20 16:09:29] trace  /app/index.php?i=4&t=0&v=1.0&from=wxapp&c=entry&a=wxapp&do=rider_update_order&state=we7sid-f32dc29dccc0ee272ade2e859e8fd2f9&sign=f6bea4aefe227b56f6ddd294c0971d3b&id=207&goods_code=753456&goods_img=%2Fuploads%2Fprogram%2F20200520%2F9705ec4e5b8051d4.jpg&end_img=&lat=34.81909776475695&lng=113.56090793185764&type=0&m=make_rider 2020-05-20 16:09[RIDER CLIENT] uniacid: 3
[2020-05-20 16:09:55] trace  /app/index.php?i=4&t=0&v=1.0&from=wxapp&c=entry&a=wxapp&do=getRiderOrder&state=we7sid-f32dc29dccc0ee272ade2e859e8fd2f9&sign=0a250a3b2490d4ac7d97af730c077b91&status=3&page=1&m=make_rider 2020-05-20 16:09[RIDER CLIENT]rider uniacid: 4
[2020-05-20 16:09:55] trace  /app/index.php?i=4&t=0&v=1.0&from=wxapp&c=entry&a=wxapp&do=getRiderOrder&state=we7sid-f32dc29dccc0ee272ade2e859e8fd2f9&sign=0a250a3b2490d4ac7d97af730c077b91&status=3&page=1&m=make_rider 2020-05-20 16:09[RIDER CLIENT] uniacid: 3
[2020-05-20 16:09:56] trace  /app/index.php?i=4&t=0&v=1.0&from=wxapp&c=entry&a=wxapp&do=setRiderLocation&state=we7sid-f32dc29dccc0ee272ade2e859e8fd2f9&sign=c270a2e6cd6695bc0c5a6b0214820aa9&address=%E6%B2%B3%E5%8D%97%E7%9C%81%E9%83%91%E5%B7%9E%E5%B8%82%E4%B8%AD%E5%8E%9F%E5%8C%BA%E7%BF%A0%E7%AB%B9%E8%A1%97&lat=34.817532&lng=113.562706&m=make_rider 2020-05-20 16:09[RIDER CLIENT]rider uniacid: 4
[2020-05-20 16:09:56] trace  /app/index.php?i=4&t=0&v=1.0&from=wxapp&c=entry&a=wxapp&do=setRiderLocation&state=we7sid-f32dc29dccc0ee272ade2e859e8fd2f9&sign=c270a2e6cd6695bc0c5a6b0214820aa9&address=%E6%B2%B3%E5%8D%97%E7%9C%81%E9%83%91%E5%B7%9E%E5%B8%82%E4%B8%AD%E5%8E%9F%E5%8C%BA%E7%BF%A0%E7%AB%B9%E8%A1%97&lat=34.817532&lng=113.562706&m=make_rider 2020-05-20 16:09[RIDER CLIENT] uniacid: 3
[2020-05-20 16:09:56] trace  /app/index.php?i=4&t=0&v=1.0&from=wxapp&c=entry&a=wxapp&do=getRiderOrder&state=we7sid-f32dc29dccc0ee272ade2e859e8fd2f9&sign=78cf2c1f709f4e888bd84f736856061f&status=2&page=1&m=make_rider 2020-05-20 16:09[RIDER CLIENT]rider uniacid: 4
[2020-05-20 16:09:56] trace  /app/index.php?i=4&t=0&v=1.0&from=wxapp&c=entry&a=wxapp&do=getRiderOrder&state=we7sid-f32dc29dccc0ee272ade2e859e8fd2f9&sign=78cf2c1f709f4e888bd84f736856061f&status=2&page=1&m=make_rider 2020-05-20 16:09[RIDER CLIENT] uniacid: 3
[2020-05-20 16:09:57] trace  /app/index.php?i=4&t=0&v=1.0&from=wxapp&c=entry&a=wxapp&do=getRiderOrder&state=we7sid-f32dc29dccc0ee272ade2e859e8fd2f9&sign=0a250a3b2490d4ac7d97af730c077b91&status=3&page=1&m=make_rider 2020-05-20 16:09[RIDER CLIENT]rider uniacid: 4
[2020-05-20 16:09:57] trace  /app/index.php?i=4&t=0&v=1.0&from=wxapp&c=entry&a=wxapp&do=getRiderOrder&state=we7sid-f32dc29dccc0ee272ade2e859e8fd2f9&sign=0a250a3b2490d4ac7d97af730c077b91&status=3&page=1&m=make_rider 2020-05-20 16:09[RIDER CLIENT] uniacid: 3
[2020-05-20 16:10:13] trace  /app/index.php?i=4&t=0&v=1.0&from=wxapp&c=entry&a=wxapp&do=riderIsAccept&state=we7sid-f32dc29dccc0ee272ade2e859e8fd2f9&sign=25ecf548883aa09e318cc2d54e059eb8&type=-1&m=make_rider 2020-05-20 16:10[RIDER CLIENT]rider uniacid: 4
[2020-05-20 16:10:13] trace  /app/index.php?i=4&t=0&v=1.0&from=wxapp&c=entry&a=wxapp&do=riderIsAccept&state=we7sid-f32dc29dccc0ee272ade2e859e8fd2f9&sign=25ecf548883aa09e318cc2d54e059eb8&type=-1&m=make_rider 2020-05-20 16:10[RIDER CLIENT] uniacid: 3
[2020-05-20 16:10:13] trace  /app/index.php?i=4&t=0&v=1.0&from=wxapp&c=entry&a=wxapp&do=setRiderLocation&state=we7sid-f32dc29dccc0ee272ade2e859e8fd2f9&sign=c270a2e6cd6695bc0c5a6b0214820aa9&address=%E6%B2%B3%E5%8D%97%E7%9C%81%E9%83%91%E5%B7%9E%E5%B8%82%E4%B8%AD%E5%8E%9F%E5%8C%BA%E7%BF%A0%E7%AB%B9%E8%A1%97&lat=34.817532&lng=113.562706&m=make_rider 2020-05-20 16:10[RIDER CLIENT]rider uniacid: 4
[2020-05-20 16:10:13] trace  /app/index.php?i=4&t=0&v=1.0&from=wxapp&c=entry&a=wxapp&do=setRiderLocation&state=we7sid-f32dc29dccc0ee272ade2e859e8fd2f9&sign=c270a2e6cd6695bc0c5a6b0214820aa9&address=%E6%B2%B3%E5%8D%97%E7%9C%81%E9%83%91%E5%B7%9E%E5%B8%82%E4%B8%AD%E5%8E%9F%E5%8C%BA%E7%BF%A0%E7%AB%B9%E8%A1%97&lat=34.817532&lng=113.562706&m=make_rider 2020-05-20 16:10[RIDER CLIENT] uniacid: 3
[2020-05-20 16:10:14] trace  /app/index.php?i=4&t=0&v=1.0&from=wxapp&c=entry&a=wxapp&do=getRiderOrder&state=we7sid-f32dc29dccc0ee272ade2e859e8fd2f9&sign=6ee2731c120a0638823761988f2ca484&status=-1&m=make_rider 2020-05-20 16:10[RIDER CLIENT]rider uniacid: 4
[2020-05-20 16:10:14] trace  /app/index.php?i=4&t=0&v=1.0&from=wxapp&c=entry&a=wxapp&do=getRiderOrder&state=we7sid-f32dc29dccc0ee272ade2e859e8fd2f9&sign=6ee2731c120a0638823761988f2ca484&status=-1&m=make_rider 2020-05-20 16:10[RIDER CLIENT] uniacid: 3
[2020-05-20 16:10:38] trace  /app/index.php?i=4&t=0&v=1.0&from=wxapp&c=entry&a=wxapp&do=riderIsAccept&state=we7sid-f32dc29dccc0ee272ade2e859e8fd2f9&sign=25ecf548883aa09e318cc2d54e059eb8&type=-1&m=make_rider 2020-05-20 16:10[RIDER CLIENT]rider uniacid: 4
[2020-05-20 16:10:38] trace  /app/index.php?i=4&t=0&v=1.0&from=wxapp&c=entry&a=wxapp&do=riderIsAccept&state=we7sid-f32dc29dccc0ee272ade2e859e8fd2f9&sign=25ecf548883aa09e318cc2d54e059eb8&type=-1&m=make_rider 2020-05-20 16:10[RIDER CLIENT] uniacid: 3
[2020-05-20 16:10:38] trace  /app/index.php?i=4&t=0&v=1.0&from=wxapp&c=entry&a=wxapp&do=getRiderOrder&state=we7sid-f32dc29dccc0ee272ade2e859e8fd2f9&sign=6ee2731c120a0638823761988f2ca484&status=-1&m=make_rider 2020-05-20 16:10[RIDER CLIENT]rider uniacid: 4
[2020-05-20 16:10:38] trace  /app/index.php?i=4&t=0&v=1.0&from=wxapp&c=entry&a=wxapp&do=getRiderOrder&state=we7sid-f32dc29dccc0ee272ade2e859e8fd2f9&sign=6ee2731c120a0638823761988f2ca484&status=-1&m=make_rider 2020-05-20 16:10[RIDER CLIENT] uniacid: 3
[2020-05-20 16:10:38] trace  /app/index.php?i=4&t=0&v=1.0&from=wxapp&c=entry&a=wxapp&do=getRiderOrder&state=we7sid-f32dc29dccc0ee272ade2e859e8fd2f9&sign=78cf2c1f709f4e888bd84f736856061f&status=2&page=1&m=make_rider 2020-05-20 16:10[RIDER CLIENT]rider uniacid: 4
[2020-05-20 16:10:38] trace  /app/index.php?i=4&t=0&v=1.0&from=wxapp&c=entry&a=wxapp&do=getRiderOrder&state=we7sid-f32dc29dccc0ee272ade2e859e8fd2f9&sign=78cf2c1f709f4e888bd84f736856061f&status=2&page=1&m=make_rider 2020-05-20 16:10[RIDER CLIENT] uniacid: 3
[2020-05-20 16:10:39] trace  /app/index.php?i=4&t=0&v=1.0&from=wxapp&c=entry&a=wxapp&do=setRiderLocation&state=we7sid-f32dc29dccc0ee272ade2e859e8fd2f9&sign=c270a2e6cd6695bc0c5a6b0214820aa9&address=%E6%B2%B3%E5%8D%97%E7%9C%81%E9%83%91%E5%B7%9E%E5%B8%82%E4%B8%AD%E5%8E%9F%E5%8C%BA%E7%BF%A0%E7%AB%B9%E8%A1%97&lat=34.817532&lng=113.562706&m=make_rider 2020-05-20 16:10[RIDER CLIENT]rider uniacid: 4
[2020-05-20 16:10:39] trace  /app/index.php?i=4&t=0&v=1.0&from=wxapp&c=entry&a=wxapp&do=setRiderLocation&state=we7sid-f32dc29dccc0ee272ade2e859e8fd2f9&sign=c270a2e6cd6695bc0c5a6b0214820aa9&address=%E6%B2%B3%E5%8D%97%E7%9C%81%E9%83%91%E5%B7%9E%E5%B8%82%E4%B8%AD%E5%8E%9F%E5%8C%BA%E7%BF%A0%E7%AB%B9%E8%A1%97&lat=34.817532&lng=113.562706&m=make_rider 2020-05-20 16:10[RIDER CLIENT] uniacid: 3
[2020-05-20 16:10:39] trace  /app/index.php?i=4&t=0&v=1.0&from=wxapp&c=entry&a=wxapp&do=getRiderOrder&state=we7sid-f32dc29dccc0ee272ade2e859e8fd2f9&sign=0a250a3b2490d4ac7d97af730c077b91&status=3&page=1&m=make_rider 2020-05-20 16:10[RIDER CLIENT]rider uniacid: 4
[2020-05-20 16:10:39] trace  /app/index.php?i=4&t=0&v=1.0&from=wxapp&c=entry&a=wxapp&do=getRiderOrder&state=we7sid-f32dc29dccc0ee272ade2e859e8fd2f9&sign=0a250a3b2490d4ac7d97af730c077b91&status=3&page=1&m=make_rider 2020-05-20 16:10[RIDER CLIENT] uniacid: 3
[2020-05-20 16:10:47] trace  /app/index.php?i=4&t=0&v=1.0&from=wxapp&c=entry&a=wxapp&do=uploadImage&m=make_rider& 2020-05-20 16:10[RIDER CLIENT]rider uniacid: 4
[2020-05-20 16:10:47] trace  /app/index.php?i=4&t=0&v=1.0&from=wxapp&c=entry&a=wxapp&do=uploadImage&m=make_rider& 2020-05-20 16:10[RIDER CLIENT] uniacid: 3
[2020-05-20 16:10:48] trace  /app/index.php?i=4&t=0&v=1.0&from=wxapp&c=entry&a=wxapp&do=rider_update_order&state=we7sid-f32dc29dccc0ee272ade2e859e8fd2f9&sign=5a51291600fe4ccd4cd8049d9d47bcd9&id=207&goods_code=405823&goods_img=%2Fuploads%2Fprogram%2F20200520%2F9865ec4e60811352.jpg&end_img=&lat=34.81922390407986&lng=113.56081108940973&type=0&m=make_rider 2020-05-20 16:10[RIDER CLIENT]rider uniacid: 4
[2020-05-20 16:10:48] trace  /app/index.php?i=4&t=0&v=1.0&from=wxapp&c=entry&a=wxapp&do=rider_update_order&state=we7sid-f32dc29dccc0ee272ade2e859e8fd2f9&sign=5a51291600fe4ccd4cd8049d9d47bcd9&id=207&goods_code=405823&goods_img=%2Fuploads%2Fprogram%2F20200520%2F9865ec4e60811352.jpg&end_img=&lat=34.81922390407986&lng=113.56081108940973&type=0&m=make_rider 2020-05-20 16:10[RIDER CLIENT] uniacid: 3
[2020-05-20 16:10:51] trace  /app/index.php?i=4&t=0&v=1.0&from=wxapp&c=entry&a=wxapp&do=getRiderOrder&state=we7sid-f32dc29dccc0ee272ade2e859e8fd2f9&sign=3827fc5dc768a34390cd30a9c537129d&status=4&page=1&m=make_rider 2020-05-20 16:10[RIDER CLIENT]rider uniacid: 4
[2020-05-20 16:10:51] trace  /app/index.php?i=4&t=0&v=1.0&from=wxapp&c=entry&a=wxapp&do=getRiderOrder&state=we7sid-f32dc29dccc0ee272ade2e859e8fd2f9&sign=3827fc5dc768a34390cd30a9c537129d&status=4&page=1&m=make_rider 2020-05-20 16:10[RIDER CLIENT] uniacid: 3
[2020-05-20 16:10:51] trace  /app/index.php?i=4&t=0&v=1.0&from=wxapp&c=entry&a=wxapp&do=setRiderLocation&state=we7sid-f32dc29dccc0ee272ade2e859e8fd2f9&sign=eb21be39e81ff32e95aef24b298c6083&address=&lat=34.81922390407986&lng=113.56081108940973&m=make_rider 2020-05-20 16:10[RIDER CLIENT]rider uniacid: 4
[2020-05-20 16:10:51] trace  /app/index.php?i=4&t=0&v=1.0&from=wxapp&c=entry&a=wxapp&do=setRiderLocation&state=we7sid-f32dc29dccc0ee272ade2e859e8fd2f9&sign=eb21be39e81ff32e95aef24b298c6083&address=&lat=34.81922390407986&lng=113.56081108940973&m=make_rider 2020-05-20 16:10[RIDER CLIENT] uniacid: 3
[2020-05-20 16:10:51] trace  /app/index.php?i=4&t=0&v=1.0&from=wxapp&c=entry&a=wxapp&do=setRiderLocation&state=we7sid-f32dc29dccc0ee272ade2e859e8fd2f9&sign=eb21be39e81ff32e95aef24b298c6083&address=&lat=34.81922390407986&lng=113.56081108940973&m=make_rider 2020-05-20 16:10[RIDER CLIENT]rider uniacid: 4
[2020-05-20 16:10:51] trace  /app/index.php?i=4&t=0&v=1.0&from=wxapp&c=entry&a=wxapp&do=setRiderLocation&state=we7sid-f32dc29dccc0ee272ade2e859e8fd2f9&sign=eb21be39e81ff32e95aef24b298c6083&address=&lat=34.81922390407986&lng=113.56081108940973&m=make_rider 2020-05-20 16:10[RIDER CLIENT] uniacid: 3
[2020-05-20 16:10:52] trace  /app/index.php?i=4&t=0&v=1.0&from=wxapp&c=entry&a=wxapp&do=getRiderOrder&state=we7sid-f32dc29dccc0ee272ade2e859e8fd2f9&sign=3827fc5dc768a34390cd30a9c537129d&status=4&page=1&m=make_rider 2020-05-20 16:10[RIDER CLIENT]rider uniacid: 4
[2020-05-20 16:10:52] trace  /app/index.php?i=4&t=0&v=1.0&from=wxapp&c=entry&a=wxapp&do=getRiderOrder&state=we7sid-f32dc29dccc0ee272ade2e859e8fd2f9&sign=3827fc5dc768a34390cd30a9c537129d&status=4&page=1&m=make_rider 2020-05-20 16:10[RIDER CLIENT] uniacid: 3
[2020-05-20 16:10:59] trace  /app/index.php?i=4&t=0&v=1.0&from=wxapp&c=entry&a=wxapp&do=getRiderOrder&state=we7sid-f32dc29dccc0ee272ade2e859e8fd2f9&sign=0a250a3b2490d4ac7d97af730c077b91&status=3&page=1&m=make_rider 2020-05-20 16:11[RIDER CLIENT]rider uniacid: 4
[2020-05-20 16:10:59] trace  /app/index.php?i=4&t=0&v=1.0&from=wxapp&c=entry&a=wxapp&do=getRiderOrder&state=we7sid-f32dc29dccc0ee272ade2e859e8fd2f9&sign=0a250a3b2490d4ac7d97af730c077b91&status=3&page=1&m=make_rider 2020-05-20 16:11[RIDER CLIENT] uniacid: 3
[2020-05-20 16:11:00] trace  /app/index.php?i=4&t=0&v=1.0&from=wxapp&c=entry&a=wxapp&do=getRiderOrder&state=we7sid-f32dc29dccc0ee272ade2e859e8fd2f9&sign=78cf2c1f709f4e888bd84f736856061f&status=2&page=1&m=make_rider 2020-05-20 16:11[RIDER CLIENT]rider uniacid: 4
[2020-05-20 16:11:00] trace  /app/index.php?i=4&t=0&v=1.0&from=wxapp&c=entry&a=wxapp&do=getRiderOrder&state=we7sid-f32dc29dccc0ee272ade2e859e8fd2f9&sign=78cf2c1f709f4e888bd84f736856061f&status=2&page=1&m=make_rider 2020-05-20 16:11[RIDER CLIENT] uniacid: 3
[2020-05-20 16:11:00] trace  /app/index.php?i=4&t=0&v=1.0&from=wxapp&c=entry&a=wxapp&do=getRiderOrder&state=we7sid-f32dc29dccc0ee272ade2e859e8fd2f9&sign=3827fc5dc768a34390cd30a9c537129d&status=4&page=1&m=make_rider 2020-05-20 16:11[RIDER CLIENT]rider uniacid: 4
[2020-05-20 16:11:00] trace  /app/index.php?i=4&t=0&v=1.0&from=wxapp&c=entry&a=wxapp&do=getRiderOrder&state=we7sid-f32dc29dccc0ee272ade2e859e8fd2f9&sign=3827fc5dc768a34390cd30a9c537129d&status=4&page=1&m=make_rider 2020-05-20 16:11[RIDER CLIENT] uniacid: 3
[2020-05-20 16:11:18] trace  /app/index.php?i=4&t=0&v=1.0&from=wxapp&c=entry&a=wxapp&do=riderIsAccept&state=we7sid-f32dc29dccc0ee272ade2e859e8fd2f9&sign=25ecf548883aa09e318cc2d54e059eb8&type=-1&m=make_rider 2020-05-20 16:11[RIDER CLIENT]rider uniacid: 4
[2020-05-20 16:11:18] trace  /app/index.php?i=4&t=0&v=1.0&from=wxapp&c=entry&a=wxapp&do=riderIsAccept&state=we7sid-f32dc29dccc0ee272ade2e859e8fd2f9&sign=25ecf548883aa09e318cc2d54e059eb8&type=-1&m=make_rider 2020-05-20 16:11[RIDER CLIENT] uniacid: 3
[2020-05-20 16:11:19] trace  /app/index.php?i=4&t=0&v=1.0&from=wxapp&c=entry&a=wxapp&do=setRiderLocation&state=we7sid-f32dc29dccc0ee272ade2e859e8fd2f9&sign=c270a2e6cd6695bc0c5a6b0214820aa9&address=%E6%B2%B3%E5%8D%97%E7%9C%81%E9%83%91%E5%B7%9E%E5%B8%82%E4%B8%AD%E5%8E%9F%E5%8C%BA%E7%BF%A0%E7%AB%B9%E8%A1%97&lat=34.817532&lng=113.562706&m=make_rider 2020-05-20 16:11[RIDER CLIENT]rider uniacid: 4
[2020-05-20 16:11:19] trace  /app/index.php?i=4&t=0&v=1.0&from=wxapp&c=entry&a=wxapp&do=setRiderLocation&state=we7sid-f32dc29dccc0ee272ade2e859e8fd2f9&sign=c270a2e6cd6695bc0c5a6b0214820aa9&address=%E6%B2%B3%E5%8D%97%E7%9C%81%E9%83%91%E5%B7%9E%E5%B8%82%E4%B8%AD%E5%8E%9F%E5%8C%BA%E7%BF%A0%E7%AB%B9%E8%A1%97&lat=34.817532&lng=113.562706&m=make_rider 2020-05-20 16:11[RIDER CLIENT] uniacid: 3
[2020-05-20 16:11:19] trace  /app/index.php?i=4&t=0&v=1.0&from=wxapp&c=entry&a=wxapp&do=getRiderOrder&state=we7sid-f32dc29dccc0ee272ade2e859e8fd2f9&sign=6ee2731c120a0638823761988f2ca484&status=-1&m=make_rider 2020-05-20 16:11[RIDER CLIENT]rider uniacid: 4
[2020-05-20 16:11:19] trace  /app/index.php?i=4&t=0&v=1.0&from=wxapp&c=entry&a=wxapp&do=getRiderOrder&state=we7sid-f32dc29dccc0ee272ade2e859e8fd2f9&sign=6ee2731c120a0638823761988f2ca484&status=-1&m=make_rider 2020-05-20 16:11[RIDER CLIENT] uniacid: 3
[2020-05-20 16:11:23] trace  /app/index.php?i=4&t=0&v=1.0&from=wxapp&c=entry&a=wxapp&do=setRiderLocation&state=we7sid-f32dc29dccc0ee272ade2e859e8fd2f9&sign=c270a2e6cd6695bc0c5a6b0214820aa9&address=%E6%B2%B3%E5%8D%97%E7%9C%81%E9%83%91%E5%B7%9E%E5%B8%82%E4%B8%AD%E5%8E%9F%E5%8C%BA%E7%BF%A0%E7%AB%B9%E8%A1%97&lat=34.817532&lng=113.562706&m=make_rider 2020-05-20 16:11[RIDER CLIENT]rider uniacid: 4
[2020-05-20 16:11:23] trace  /app/index.php?i=4&t=0&v=1.0&from=wxapp&c=entry&a=wxapp&do=setRiderLocation&state=we7sid-f32dc29dccc0ee272ade2e859e8fd2f9&sign=c270a2e6cd6695bc0c5a6b0214820aa9&address=%E6%B2%B3%E5%8D%97%E7%9C%81%E9%83%91%E5%B7%9E%E5%B8%82%E4%B8%AD%E5%8E%9F%E5%8C%BA%E7%BF%A0%E7%AB%B9%E8%A1%97&lat=34.817532&lng=113.562706&m=make_rider 2020-05-20 16:11[RIDER CLIENT] uniacid: 3
[2020-05-20 16:11:25] trace  /app/index.php?i=4&t=0&v=1.0&from=wxapp&c=entry&a=wxapp&do=setRiderLocation&state=we7sid-f32dc29dccc0ee272ade2e859e8fd2f9&sign=c270a2e6cd6695bc0c5a6b0214820aa9&address=%E6%B2%B3%E5%8D%97%E7%9C%81%E9%83%91%E5%B7%9E%E5%B8%82%E4%B8%AD%E5%8E%9F%E5%8C%BA%E7%BF%A0%E7%AB%B9%E8%A1%97&lat=34.817532&lng=113.562706&m=make_rider 2020-05-20 16:11[RIDER CLIENT]rider uniacid: 4
[2020-05-20 16:11:25] trace  /app/index.php?i=4&t=0&v=1.0&from=wxapp&c=entry&a=wxapp&do=setRiderLocation&state=we7sid-f32dc29dccc0ee272ade2e859e8fd2f9&sign=c270a2e6cd6695bc0c5a6b0214820aa9&address=%E6%B2%B3%E5%8D%97%E7%9C%81%E9%83%91%E5%B7%9E%E5%B8%82%E4%B8%AD%E5%8E%9F%E5%8C%BA%E7%BF%A0%E7%AB%B9%E8%A1%97&lat=34.817532&lng=113.562706&m=make_rider 2020-05-20 16:11[RIDER CLIENT] uniacid: 3
[2020-05-20 16:11:41] trace  /app/index.php?i=4&t=0&v=1.0&from=wxapp&c=entry&a=wxapp&do=rider_update_order&state=we7sid-f32dc29dccc0ee272ade2e859e8fd2f9&sign=39f58493164d0349b65e19d18a6d8399&id=207&goods_code=&goods_img=&end_img=&lat=34.81924289279514&lng=113.56084011501736&type=1&m=make_rider 2020-05-20 16:11[RIDER CLIENT]rider uniacid: 4
[2020-05-20 16:11:41] trace  /app/index.php?i=4&t=0&v=1.0&from=wxapp&c=entry&a=wxapp&do=rider_update_order&state=we7sid-f32dc29dccc0ee272ade2e859e8fd2f9&sign=39f58493164d0349b65e19d18a6d8399&id=207&goods_code=&goods_img=&end_img=&lat=34.81924289279514&lng=113.56084011501736&type=1&m=make_rider 2020-05-20 16:11[RIDER CLIENT] uniacid: 3
[2020-05-20 16:11:51] trace  /app/index.php?i=4&t=0&v=1.0&from=wxapp&c=entry&a=wxapp&do=resend_sms&state=we7sid-f32dc29dccc0ee272ade2e859e8fd2f9&sign=92d108c821f3adcf05b9c93fd142b756&id=207&m=make_rider 2020-05-20 16:11[RIDER CLIENT]rider uniacid: 4
[2020-05-20 16:11:51] trace  /app/index.php?i=4&t=0&v=1.0&from=wxapp&c=entry&a=wxapp&do=resend_sms&state=we7sid-f32dc29dccc0ee272ade2e859e8fd2f9&sign=92d108c821f3adcf05b9c93fd142b756&id=207&m=make_rider 2020-05-20 16:11[RIDER CLIENT] uniacid: 3
[2020-05-20 16:12:59] trace  /app/index.php?i=4&t=0&v=1.0&from=wxapp&c=entry&a=wxapp&do=riderIsAccept&state=we7sid-f32dc29dccc0ee272ade2e859e8fd2f9&sign=25ecf548883aa09e318cc2d54e059eb8&type=-1&m=make_rider 2020-05-20 16:12[RIDER CLIENT]rider uniacid: 4
[2020-05-20 16:12:59] trace  /app/index.php?i=4&t=0&v=1.0&from=wxapp&c=entry&a=wxapp&do=riderIsAccept&state=we7sid-f32dc29dccc0ee272ade2e859e8fd2f9&sign=25ecf548883aa09e318cc2d54e059eb8&type=-1&m=make_rider 2020-05-20 16:12[RIDER CLIENT] uniacid: 3
[2020-05-20 16:13:00] trace  /app/index.php?i=4&t=0&v=1.0&from=wxapp&c=entry&a=wxapp&do=setRiderLocation&state=we7sid-f32dc29dccc0ee272ade2e859e8fd2f9&sign=c270a2e6cd6695bc0c5a6b0214820aa9&address=%E6%B2%B3%E5%8D%97%E7%9C%81%E9%83%91%E5%B7%9E%E5%B8%82%E4%B8%AD%E5%8E%9F%E5%8C%BA%E7%BF%A0%E7%AB%B9%E8%A1%97&lat=34.817532&lng=113.562706&m=make_rider 2020-05-20 16:13[RIDER CLIENT]rider uniacid: 4
[2020-05-20 16:13:00] trace  /app/index.php?i=4&t=0&v=1.0&from=wxapp&c=entry&a=wxapp&do=setRiderLocation&state=we7sid-f32dc29dccc0ee272ade2e859e8fd2f9&sign=c270a2e6cd6695bc0c5a6b0214820aa9&address=%E6%B2%B3%E5%8D%97%E7%9C%81%E9%83%91%E5%B7%9E%E5%B8%82%E4%B8%AD%E5%8E%9F%E5%8C%BA%E7%BF%A0%E7%AB%B9%E8%A1%97&lat=34.817532&lng=113.562706&m=make_rider 2020-05-20 16:13[RIDER CLIENT] uniacid: 3
[2020-05-20 16:13:00] trace  /app/index.php?i=4&t=0&v=1.0&from=wxapp&c=entry&a=wxapp&do=getRiderOrder&state=we7sid-f32dc29dccc0ee272ade2e859e8fd2f9&sign=6ee2731c120a0638823761988f2ca484&status=-1&m=make_rider 2020-05-20 16:13[RIDER CLIENT]rider uniacid: 4
[2020-05-20 16:13:00] trace  /app/index.php?i=4&t=0&v=1.0&from=wxapp&c=entry&a=wxapp&do=getRiderOrder&state=we7sid-f32dc29dccc0ee272ade2e859e8fd2f9&sign=6ee2731c120a0638823761988f2ca484&status=-1&m=make_rider 2020-05-20 16:13[RIDER CLIENT] uniacid: 3
[2020-05-20 16:13:06] trace  /app/index.php?i=4&t=0&v=1.0&from=wxapp&c=entry&a=wxapp&do=rider_update_order&state=we7sid-f32dc29dccc0ee272ade2e859e8fd2f9&sign=a7fb4f9b1273e94f8c3c11140ef4f3d7&id=207&goods_code=306198&goods_img=&end_img=&lat=34.81943332248264&lng=113.56091498480903&type=1&m=make_rider 2020-05-20 16:13[RIDER CLIENT]rider uniacid: 4
[2020-05-20 16:13:06] trace  /app/index.php?i=4&t=0&v=1.0&from=wxapp&c=entry&a=wxapp&do=rider_update_order&state=we7sid-f32dc29dccc0ee272ade2e859e8fd2f9&sign=a7fb4f9b1273e94f8c3c11140ef4f3d7&id=207&goods_code=306198&goods_img=&end_img=&lat=34.81943332248264&lng=113.56091498480903&type=1&m=make_rider 2020-05-20 16:13[RIDER CLIENT] uniacid: 3
[2020-05-20 16:13:11] trace  /app/index.php?i=4&t=0&v=1.0&from=wxapp&c=entry&a=wxapp&do=riderIsAccept&state=we7sid-f32dc29dccc0ee272ade2e859e8fd2f9&sign=25ecf548883aa09e318cc2d54e059eb8&type=-1&m=make_rider 2020-05-20 16:13[RIDER CLIENT]rider uniacid: 4
[2020-05-20 16:13:11] trace  /app/index.php?i=4&t=0&v=1.0&from=wxapp&c=entry&a=wxapp&do=riderIsAccept&state=we7sid-f32dc29dccc0ee272ade2e859e8fd2f9&sign=25ecf548883aa09e318cc2d54e059eb8&type=-1&m=make_rider 2020-05-20 16:13[RIDER CLIENT] uniacid: 3
[2020-05-20 16:13:11] trace  /app/index.php?i=4&t=0&v=1.0&from=wxapp&c=entry&a=wxapp&do=uploadImage&m=make_rider& 2020-05-20 16:13[RIDER CLIENT]rider uniacid: 4
[2020-05-20 16:13:11] trace  /app/index.php?i=4&t=0&v=1.0&from=wxapp&c=entry&a=wxapp&do=uploadImage&m=make_rider& 2020-05-20 16:13[RIDER CLIENT] uniacid: 3
[2020-05-20 16:13:11] trace  /app/index.php?i=4&t=0&v=1.0&from=wxapp&c=entry&a=wxapp&do=setRiderLocation&state=we7sid-f32dc29dccc0ee272ade2e859e8fd2f9&sign=f226176aefed722b34d5d9f5f099e643&address=%E6%B2%B3%E5%8D%97%E7%9C%81%E9%83%91%E5%B7%9E%E5%B8%82%E4%B8%AD%E5%8E%9F%E5%8C%BA%E9%93%B6%E5%B1%8F%E8%B7%AF25%E5%8F%B7&lat=34.820618&lng=113.562096&m=make_rider 2020-05-20 16:13[RIDER CLIENT]rider uniacid: 4
[2020-05-20 16:13:11] trace  /app/index.php?i=4&t=0&v=1.0&from=wxapp&c=entry&a=wxapp&do=setRiderLocation&state=we7sid-f32dc29dccc0ee272ade2e859e8fd2f9&sign=f226176aefed722b34d5d9f5f099e643&address=%E6%B2%B3%E5%8D%97%E7%9C%81%E9%83%91%E5%B7%9E%E5%B8%82%E4%B8%AD%E5%8E%9F%E5%8C%BA%E9%93%B6%E5%B1%8F%E8%B7%AF25%E5%8F%B7&lat=34.820618&lng=113.562096&m=make_rider 2020-05-20 16:13[RIDER CLIENT] uniacid: 3
[2020-05-20 16:13:12] trace  /app/index.php?i=4&t=0&v=1.0&from=wxapp&c=entry&a=wxapp&do=getRiderOrder&state=we7sid-f32dc29dccc0ee272ade2e859e8fd2f9&sign=6ee2731c120a0638823761988f2ca484&status=-1&m=make_rider 2020-05-20 16:13[RIDER CLIENT]rider uniacid: 4
[2020-05-20 16:13:12] trace  /app/index.php?i=4&t=0&v=1.0&from=wxapp&c=entry&a=wxapp&do=getRiderOrder&state=we7sid-f32dc29dccc0ee272ade2e859e8fd2f9&sign=6ee2731c120a0638823761988f2ca484&status=-1&m=make_rider 2020-05-20 16:13[RIDER CLIENT] uniacid: 3
[2020-05-20 16:13:12] trace  /app/index.php?i=4&t=0&v=1.0&from=wxapp&c=entry&a=wxapp&do=rider_update_order&state=we7sid-f32dc29dccc0ee272ade2e859e8fd2f9&sign=95882533c31f51f66b15484d2c616002&id=207&goods_code=306198&goods_img=&end_img=%2Fuploads%2Fprogram%2F20200520%2F8695ec4e6973f438.jpg&lat=34.81945882161458&lng=113.56111626519098&type=1&m=make_rider 2020-05-20 16:13[RIDER CLIENT]rider uniacid: 4
[2020-05-20 16:13:12] trace  /app/index.php?i=4&t=0&v=1.0&from=wxapp&c=entry&a=wxapp&do=rider_update_order&state=we7sid-f32dc29dccc0ee272ade2e859e8fd2f9&sign=95882533c31f51f66b15484d2c616002&id=207&goods_code=306198&goods_img=&end_img=%2Fuploads%2Fprogram%2F20200520%2F8695ec4e6973f438.jpg&lat=34.81945882161458&lng=113.56111626519098&type=1&m=make_rider 2020-05-20 16:13[RIDER CLIENT] uniacid: 3
[2020-05-20 16:13:12] trace  /app/index.php?i=4&t=0&v=1.0&from=wxapp&c=entry&a=wxapp&do=rider_update_order&state=we7sid-f32dc29dccc0ee272ade2e859e8fd2f9&sign=95882533c31f51f66b15484d2c616002&id=207&goods_code=306198&goods_img=&end_img=%2Fuploads%2Fprogram%2F20200520%2F8695ec4e6973f438.jpg&lat=34.81945882161458&lng=113.56111626519098&type=1&m=make_rider 2020-05-20 16:13[sendTemplate] Error: 未设置骑手接单通知用户模板消息
[2020-05-20 16:13:12] trace  /app/index.php?i=4&t=0&v=1.0&from=wxapp&c=entry&a=wxapp&do=rider_update_order&state=we7sid-f32dc29dccc0ee272ade2e859e8fd2f9&sign=95882533c31f51f66b15484d2c616002&id=207&goods_code=306198&goods_img=&end_img=%2Fuploads%2Fprogram%2F20200520%2F8695ec4e6973f438.jpg&lat=34.81945882161458&lng=113.56111626519098&type=1&m=make_rider 2020-05-20 16:13[sendTemplate Rider] Error:invalid template_id hint: [QMd_DA0453d451]
[2020-05-20 16:13:13] trace  /app/index.php?i=4&t=0&v=1.0&from=wxapp&c=entry&a=wxapp&do=getRiderOrder&state=we7sid-f32dc29dccc0ee272ade2e859e8fd2f9&sign=6ee2731c120a0638823761988f2ca484&status=-1&m=make_rider 2020-05-20 16:13[RIDER CLIENT]rider uniacid: 4
[2020-05-20 16:13:13] trace  /app/index.php?i=4&t=0&v=1.0&from=wxapp&c=entry&a=wxapp&do=getRiderOrder&state=we7sid-f32dc29dccc0ee272ade2e859e8fd2f9&sign=6ee2731c120a0638823761988f2ca484&status=-1&m=make_rider 2020-05-20 16:13[RIDER CLIENT] uniacid: 3
[2020-05-20 16:13:13] trace  /app/index.php?i=4&t=0&v=1.0&from=wxapp&c=entry&a=wxapp&do=riderIsAccept&state=we7sid-f32dc29dccc0ee272ade2e859e8fd2f9&sign=25ecf548883aa09e318cc2d54e059eb8&type=-1&m=make_rider 2020-05-20 16:13[RIDER CLIENT]rider uniacid: 4
[2020-05-20 16:13:13] trace  /app/index.php?i=4&t=0&v=1.0&from=wxapp&c=entry&a=wxapp&do=riderIsAccept&state=we7sid-f32dc29dccc0ee272ade2e859e8fd2f9&sign=25ecf548883aa09e318cc2d54e059eb8&type=-1&m=make_rider 2020-05-20 16:13[RIDER CLIENT] uniacid: 3
[2020-05-20 16:13:13] trace  /app/index.php?i=4&t=0&v=1.0&from=wxapp&c=entry&a=wxapp&do=setRiderLocation&state=we7sid-f32dc29dccc0ee272ade2e859e8fd2f9&sign=d165c131e9cf6a64764b5c7f56bbf635&address=&lat=34.819416775173615&lng=113.56114230685763&m=make_rider 2020-05-20 16:13[RIDER CLIENT]rider uniacid: 4
[2020-05-20 16:13:13] trace  /app/index.php?i=4&t=0&v=1.0&from=wxapp&c=entry&a=wxapp&do=setRiderLocation&state=we7sid-f32dc29dccc0ee272ade2e859e8fd2f9&sign=d165c131e9cf6a64764b5c7f56bbf635&address=&lat=34.819416775173615&lng=113.56114230685763&m=make_rider 2020-05-20 16:13[RIDER CLIENT] uniacid: 3
[2020-05-20 16:13:26] trace  /app/index.php?i=4&t=0&v=1.0&from=wxapp&c=entry&a=wxapp&do=getSetting&state=we7sid-f32dc29dccc0ee272ade2e859e8fd2f9&sign=18fd29de5b2a0b7a459b9d51792527d6&m=make_rider 2020-05-20 16:13[RIDER CLIENT]rider uniacid: 4
[2020-05-20 16:13:26] trace  /app/index.php?i=4&t=0&v=1.0&from=wxapp&c=entry&a=wxapp&do=getSetting&state=we7sid-f32dc29dccc0ee272ade2e859e8fd2f9&sign=18fd29de5b2a0b7a459b9d51792527d6&m=make_rider 2020-05-20 16:13[RIDER CLIENT] uniacid: 3
[2020-05-20 16:13:26] trace  /app/index.php?i=4&t=0&v=1.0&from=wxapp&c=entry&a=wxapp&do=riderIsAccept&state=we7sid-f32dc29dccc0ee272ade2e859e8fd2f9&sign=25ecf548883aa09e318cc2d54e059eb8&type=-1&m=make_rider 2020-05-20 16:13[RIDER CLIENT]rider uniacid: 4
[2020-05-20 16:13:26] trace  /app/index.php?i=4&t=0&v=1.0&from=wxapp&c=entry&a=wxapp&do=riderIsAccept&state=we7sid-f32dc29dccc0ee272ade2e859e8fd2f9&sign=25ecf548883aa09e318cc2d54e059eb8&type=-1&m=make_rider 2020-05-20 16:13[RIDER CLIENT] uniacid: 3
[2020-05-20 16:13:27] trace  /app/index.php?i=4&t=0&v=1.0&from=wxapp&c=entry&a=wxapp&do=getRiderOrder&state=we7sid-f32dc29dccc0ee272ade2e859e8fd2f9&sign=6ee2731c120a0638823761988f2ca484&status=-1&m=make_rider 2020-05-20 16:13[RIDER CLIENT]rider uniacid: 4
[2020-05-20 16:13:27] trace  /app/index.php?i=4&t=0&v=1.0&from=wxapp&c=entry&a=wxapp&do=getRiderOrder&state=we7sid-f32dc29dccc0ee272ade2e859e8fd2f9&sign=6ee2731c120a0638823761988f2ca484&status=-1&m=make_rider 2020-05-20 16:13[RIDER CLIENT] uniacid: 3
[2020-05-20 16:55:23] trace  /app/index.php?i=4&t=0&v=1.0&from=wxapp&c=entry&a=wxapp&do=riderIsAccept&state=we7sid-f32dc29dccc0ee272ade2e859e8fd2f9&sign=25ecf548883aa09e318cc2d54e059eb8&type=-1&m=make_rider 2020-05-20 16:55[RIDER CLIENT]rider uniacid: 4
[2020-05-20 16:55:23] trace  /app/index.php?i=4&t=0&v=1.0&from=wxapp&c=entry&a=wxapp&do=riderIsAccept&state=we7sid-f32dc29dccc0ee272ade2e859e8fd2f9&sign=25ecf548883aa09e318cc2d54e059eb8&type=-1&m=make_rider 2020-05-20 16:55[RIDER CLIENT] uniacid: 3
[2020-05-20 16:55:24] trace  /app/index.php?i=4&t=0&v=1.0&from=wxapp&c=entry&a=wxapp&do=getRiderOrder&state=we7sid-f32dc29dccc0ee272ade2e859e8fd2f9&sign=6ee2731c120a0638823761988f2ca484&status=-1&m=make_rider 2020-05-20 16:55[RIDER CLIENT]rider uniacid: 4
[2020-05-20 16:55:24] trace  /app/index.php?i=4&t=0&v=1.0&from=wxapp&c=entry&a=wxapp&do=getRiderOrder&state=we7sid-f32dc29dccc0ee272ade2e859e8fd2f9&sign=6ee2731c120a0638823761988f2ca484&status=-1&m=make_rider 2020-05-20 16:55[RIDER CLIENT] uniacid: 3
[2020-05-20 16:55:24] trace  /app/index.php?i=4&t=0&v=1.0&from=wxapp&c=entry&a=wxapp&do=setRiderLocation&state=we7sid-f32dc29dccc0ee272ade2e859e8fd2f9&sign=c270a2e6cd6695bc0c5a6b0214820aa9&address=%E6%B2%B3%E5%8D%97%E7%9C%81%E9%83%91%E5%B7%9E%E5%B8%82%E4%B8%AD%E5%8E%9F%E5%8C%BA%E7%BF%A0%E7%AB%B9%E8%A1%97&lat=34.817532&lng=113.562706&m=make_rider 2020-05-20 16:55[RIDER CLIENT]rider uniacid: 4
[2020-05-20 16:55:24] trace  /app/index.php?i=4&t=0&v=1.0&from=wxapp&c=entry&a=wxapp&do=setRiderLocation&state=we7sid-f32dc29dccc0ee272ade2e859e8fd2f9&sign=c270a2e6cd6695bc0c5a6b0214820aa9&address=%E6%B2%B3%E5%8D%97%E7%9C%81%E9%83%91%E5%B7%9E%E5%B8%82%E4%B8%AD%E5%8E%9F%E5%8C%BA%E7%BF%A0%E7%AB%B9%E8%A1%97&lat=34.817532&lng=113.562706&m=make_rider 2020-05-20 16:55[RIDER CLIENT] uniacid: 3
[2020-05-20 16:55:29] trace  /app/index.php?i=4&t=0&v=1.0&from=wxapp&c=entry&a=wxapp&do=setRiderLocation&state=we7sid-f32dc29dccc0ee272ade2e859e8fd2f9&sign=c270a2e6cd6695bc0c5a6b0214820aa9&address=%E6%B2%B3%E5%8D%97%E7%9C%81%E9%83%91%E5%B7%9E%E5%B8%82%E4%B8%AD%E5%8E%9F%E5%8C%BA%E7%BF%A0%E7%AB%B9%E8%A1%97&lat=34.817532&lng=113.562706&m=make_rider 2020-05-20 16:55[RIDER CLIENT]rider uniacid: 4
[2020-05-20 16:55:29] trace  /app/index.php?i=4&t=0&v=1.0&from=wxapp&c=entry&a=wxapp&do=setRiderLocation&state=we7sid-f32dc29dccc0ee272ade2e859e8fd2f9&sign=c270a2e6cd6695bc0c5a6b0214820aa9&address=%E6%B2%B3%E5%8D%97%E7%9C%81%E9%83%91%E5%B7%9E%E5%B8%82%E4%B8%AD%E5%8E%9F%E5%8C%BA%E7%BF%A0%E7%AB%B9%E8%A1%97&lat=34.817532&lng=113.562706&m=make_rider 2020-05-20 16:55[RIDER CLIENT] uniacid: 3
[2020-05-20 23:49:08] trace  /app/index.php?i=3&t=0&v=1.0&from=wxapp&c=entry&a=wxapp&do=pay&state=we7sid-cfc35b2e7fc39de5ac767eda872d5572&sign=4671739ae25012baa088d696b48ff028&id=212&pay_method=1&m=make_speed 2020-05-20 23:49[sendTemplate Rider] Error:invalid template_id hint: [Yb2Wha08108672]
[2020-05-20 23:49:08] trace  /app/index.php?i=3&t=0&v=1.0&from=wxapp&c=entry&a=wxapp&do=pay&state=we7sid-cfc35b2e7fc39de5ac767eda872d5572&sign=4671739ae25012baa088d696b48ff028&id=212&pay_method=1&m=make_speed 2020-05-20 23:49[sendTemplate Rider] Error: business_rider_id::::Array
[2020-05-20 23:49:08] trace  /app/index.php?i=3&t=0&v=1.0&from=wxapp&c=entry&a=wxapp&do=pay&state=we7sid-cfc35b2e7fc39de5ac767eda872d5572&sign=4671739ae25012baa088d696b48ff028&id=212&pay_method=1&m=make_speed 2020-05-20 23:49[sendTemplate Rider] Error:抢单模板消息未配置
[2020-05-20 23:49:27] trace  /app/index.php?i=4&t=0&v=1.0&from=wxapp&c=entry&a=wxapp&do=getSetting&state=we7sid-349f91518e8cf80037e36c50dbef9669&sign=7529262a420651be3d2769352a5115ca&m=make_rider 2020-05-20 23:49[RIDER CLIENT]rider uniacid: 4
[2020-05-20 23:49:27] trace  /app/index.php?i=4&t=0&v=1.0&from=wxapp&c=entry&a=wxapp&do=getSetting&state=we7sid-349f91518e8cf80037e36c50dbef9669&sign=7529262a420651be3d2769352a5115ca&m=make_rider 2020-05-20 23:49[RIDER CLIENT] uniacid: 3
[2020-05-20 23:49:27] trace  /app/index.php?i=4&t=0&v=1.0&from=wxapp&c=entry&a=wxapp&do=getRiderStatus&state=we7sid-349f91518e8cf80037e36c50dbef9669&sign=d726560210e2c27fb7ac42f284b18ef0&m=make_rider 2020-05-20 23:49[RIDER CLIENT]rider uniacid: 4
[2020-05-20 23:49:27] trace  /app/index.php?i=4&t=0&v=1.0&from=wxapp&c=entry&a=wxapp&do=getRiderStatus&state=we7sid-349f91518e8cf80037e36c50dbef9669&sign=d726560210e2c27fb7ac42f284b18ef0&m=make_rider 2020-05-20 23:49[RIDER CLIENT] uniacid: 3
[2020-05-20 23:49:27] trace  /app/index.php?i=4&t=0&v=1.0&from=wxapp&c=entry&a=wxapp&do=getRiderStatus&state=we7sid-349f91518e8cf80037e36c50dbef9669&sign=d726560210e2c27fb7ac42f284b18ef0&m=make_rider 2020-05-20 23:49[RIDER CLIENT]rider uniacid: 4
[2020-05-20 23:49:27] trace  /app/index.php?i=4&t=0&v=1.0&from=wxapp&c=entry&a=wxapp&do=getRiderStatus&state=we7sid-349f91518e8cf80037e36c50dbef9669&sign=d726560210e2c27fb7ac42f284b18ef0&m=make_rider 2020-05-20 23:49[RIDER CLIENT] uniacid: 3
[2020-05-20 23:49:28] trace  /app/index.php?i=4&t=0&v=1.0&from=wxapp&c=entry&a=wxapp&do=getRiderLogo&state=we7sid-349f91518e8cf80037e36c50dbef9669&sign=fee9d76a2ede2597f516dfbbb1517fdd&m=make_rider 2020-05-20 23:49[RIDER CLIENT]rider uniacid: 4
[2020-05-20 23:49:28] trace  /app/index.php?i=4&t=0&v=1.0&from=wxapp&c=entry&a=wxapp&do=getRiderLogo&state=we7sid-349f91518e8cf80037e36c50dbef9669&sign=fee9d76a2ede2597f516dfbbb1517fdd&m=make_rider 2020-05-20 23:49[RIDER CLIENT] uniacid: 3
[2020-05-20 23:49:28] trace  /app/index.php?i=4&t=0&v=1.0&from=wxapp&c=entry&a=wxapp&do=getSetting&state=we7sid-349f91518e8cf80037e36c50dbef9669&sign=7529262a420651be3d2769352a5115ca&m=make_rider 2020-05-20 23:49[RIDER CLIENT]rider uniacid: 4
[2020-05-20 23:49:28] trace  /app/index.php?i=4&t=0&v=1.0&from=wxapp&c=entry&a=wxapp&do=getSetting&state=we7sid-349f91518e8cf80037e36c50dbef9669&sign=7529262a420651be3d2769352a5115ca&m=make_rider 2020-05-20 23:49[RIDER CLIENT] uniacid: 3
[2020-05-20 23:49:30] trace  /app/index.php?i=4&t=0&v=1.0&from=wxapp&c=entry&a=wxapp&do=setFormid&state=we7sid-349f91518e8cf80037e36c50dbef9669&sign=1a48351f93527438b1b95d42629316d5&formId=fc36152eeeb148c68db423d47e544e76&m=make_rider 2020-05-20 23:49[RIDER CLIENT]rider uniacid: 4
[2020-05-20 23:49:30] trace  /app/index.php?i=4&t=0&v=1.0&from=wxapp&c=entry&a=wxapp&do=setFormid&state=we7sid-349f91518e8cf80037e36c50dbef9669&sign=1a48351f93527438b1b95d42629316d5&formId=fc36152eeeb148c68db423d47e544e76&m=make_rider 2020-05-20 23:49[RIDER CLIENT] uniacid: 3
[2020-05-20 23:49:44] trace  /app/index.php?i=4&t=0&v=1.0&from=wxapp&c=entry&a=wxapp&do=getSetting&state=we7sid-51a253368a85bf27ebe8a1dde619b2e4&sign=c3dca507345b3f5f9f0dad8c9eb6d1c2&m=make_rider 2020-05-20 23:49[RIDER CLIENT]rider uniacid: 4
[2020-05-20 23:49:44] trace  /app/index.php?i=4&t=0&v=1.0&from=wxapp&c=entry&a=wxapp&do=getSetting&state=we7sid-51a253368a85bf27ebe8a1dde619b2e4&sign=c3dca507345b3f5f9f0dad8c9eb6d1c2&m=make_rider 2020-05-20 23:49[RIDER CLIENT] uniacid: 3
[2020-05-20 23:49:44] trace  /app/index.php?i=4&t=0&v=1.0&from=wxapp&c=entry&a=wxapp&do=getRiderStatus&state=we7sid-51a253368a85bf27ebe8a1dde619b2e4&sign=44f3687f2e716b4d3c369e8afd15d9df&m=make_rider 2020-05-20 23:49[RIDER CLIENT]rider uniacid: 4
[2020-05-20 23:49:44] trace  /app/index.php?i=4&t=0&v=1.0&from=wxapp&c=entry&a=wxapp&do=getRiderStatus&state=we7sid-51a253368a85bf27ebe8a1dde619b2e4&sign=44f3687f2e716b4d3c369e8afd15d9df&m=make_rider 2020-05-20 23:49[RIDER CLIENT] uniacid: 3
[2020-05-20 23:49:45] trace  /app/index.php?i=4&t=0&v=1.0&from=wxapp&c=entry&a=wxapp&do=getRiderOrder&state=we7sid-51a253368a85bf27ebe8a1dde619b2e4&sign=b53228d5e2fbd3e9bf7a1587cbdc5d44&status=-1&m=make_rider 2020-05-20 23:49[RIDER CLIENT]rider uniacid: 4
[2020-05-20 23:49:45] trace  /app/index.php?i=4&t=0&v=1.0&from=wxapp&c=entry&a=wxapp&do=getRiderOrder&state=we7sid-51a253368a85bf27ebe8a1dde619b2e4&sign=b53228d5e2fbd3e9bf7a1587cbdc5d44&status=-1&m=make_rider 2020-05-20 23:49[RIDER CLIENT] uniacid: 3
[2020-05-20 23:49:45] trace  /app/index.php?i=4&t=0&v=1.0&from=wxapp&c=entry&a=wxapp&do=getRiderId&state=we7sid-51a253368a85bf27ebe8a1dde619b2e4&sign=cde06f3f107901e9e5e632a39400d2c0&m=make_rider 2020-05-20 23:49[RIDER CLIENT]rider uniacid: 4
[2020-05-20 23:49:45] trace  /app/index.php?i=4&t=0&v=1.0&from=wxapp&c=entry&a=wxapp&do=getRiderId&state=we7sid-51a253368a85bf27ebe8a1dde619b2e4&sign=cde06f3f107901e9e5e632a39400d2c0&m=make_rider 2020-05-20 23:49[RIDER CLIENT] uniacid: 3
[2020-05-20 23:49:45] trace  /app/index.php?i=4&t=0&v=1.0&from=wxapp&c=entry&a=wxapp&do=riderIsAccept&state=we7sid-51a253368a85bf27ebe8a1dde619b2e4&sign=491ccc30dede39b843db229c1fa9def3&type=-1&m=make_rider 2020-05-20 23:49[RIDER CLIENT]rider uniacid: 4
[2020-05-20 23:49:45] trace  /app/index.php?i=4&t=0&v=1.0&from=wxapp&c=entry&a=wxapp&do=riderIsAccept&state=we7sid-51a253368a85bf27ebe8a1dde619b2e4&sign=491ccc30dede39b843db229c1fa9def3&type=-1&m=make_rider 2020-05-20 23:49[RIDER CLIENT] uniacid: 3
[2020-05-20 23:49:45] trace  /app/index.php?i=4&t=0&v=1.0&from=wxapp&c=entry&a=wxapp&do=getRiderStatus&state=we7sid-51a253368a85bf27ebe8a1dde619b2e4&sign=44f3687f2e716b4d3c369e8afd15d9df&m=make_rider 2020-05-20 23:49[RIDER CLIENT]rider uniacid: 4
[2020-05-20 23:49:45] trace  /app/index.php?i=4&t=0&v=1.0&from=wxapp&c=entry&a=wxapp&do=getRiderStatus&state=we7sid-51a253368a85bf27ebe8a1dde619b2e4&sign=44f3687f2e716b4d3c369e8afd15d9df&m=make_rider 2020-05-20 23:49[RIDER CLIENT] uniacid: 3
[2020-05-20 23:49:46] trace  /app/index.php?i=4&t=0&v=1.0&from=wxapp&c=entry&a=wxapp&do=getRiderOrder&state=we7sid-51a253368a85bf27ebe8a1dde619b2e4&sign=b53228d5e2fbd3e9bf7a1587cbdc5d44&status=-1&m=make_rider 2020-05-20 23:49[RIDER CLIENT]rider uniacid: 4
[2020-05-20 23:49:46] trace  /app/index.php?i=4&t=0&v=1.0&from=wxapp&c=entry&a=wxapp&do=getRiderOrder&state=we7sid-51a253368a85bf27ebe8a1dde619b2e4&sign=b53228d5e2fbd3e9bf7a1587cbdc5d44&status=-1&m=make_rider 2020-05-20 23:49[RIDER CLIENT] uniacid: 3
[2020-05-20 23:49:47] trace  /app/index.php?i=4&t=0&v=1.0&from=wxapp&c=entry&a=wxapp&do=setRiderLocation&state=we7sid-51a253368a85bf27ebe8a1dde619b2e4&sign=c5b004fac41ce2f31b53a0b50194bcff&address=%E6%B2%B3%E5%8D%97%E7%9C%81%E5%BC%80%E5%B0%81%E5%B8%82%E9%BE%99%E4%BA%AD%E5%8C%BA%E8%A5%BF%E5%85%B3%E5%8C%97%E8%A1%9720%E5%8F%B7&lat=34.81308&lng=114.336548&m=make_rider 2020-05-20 23:49[RIDER CLIENT]rider uniacid: 4
[2020-05-20 23:49:47] trace  /app/index.php?i=4&t=0&v=1.0&from=wxapp&c=entry&a=wxapp&do=setRiderLocation&state=we7sid-51a253368a85bf27ebe8a1dde619b2e4&sign=c5b004fac41ce2f31b53a0b50194bcff&address=%E6%B2%B3%E5%8D%97%E7%9C%81%E5%BC%80%E5%B0%81%E5%B8%82%E9%BE%99%E4%BA%AD%E5%8C%BA%E8%A5%BF%E5%85%B3%E5%8C%97%E8%A1%9720%E5%8F%B7&lat=34.81308&lng=114.336548&m=make_rider 2020-05-20 23:49[RIDER CLIENT] uniacid: 3
[2020-05-20 23:49:51] trace  /app/index.php?i=4&t=0&v=1.0&from=wxapp&c=entry&a=wxapp&do=getRiderOrder&state=we7sid-51a253368a85bf27ebe8a1dde619b2e4&sign=64e34952dc178adb28d259f4c4f2e8b7&status=2&page=1&m=make_rider 2020-05-20 23:49[RIDER CLIENT]rider uniacid: 4
[2020-05-20 23:49:51] trace  /app/index.php?i=4&t=0&v=1.0&from=wxapp&c=entry&a=wxapp&do=getRiderOrder&state=we7sid-51a253368a85bf27ebe8a1dde619b2e4&sign=64e34952dc178adb28d259f4c4f2e8b7&status=2&page=1&m=make_rider 2020-05-20 23:49[RIDER CLIENT] uniacid: 3
[2020-05-20 23:49:57] trace  /app/index.php?i=4&t=0&v=1.0&from=wxapp&c=entry&a=wxapp&do=riderIsAccept&state=we7sid-51a253368a85bf27ebe8a1dde619b2e4&sign=491ccc30dede39b843db229c1fa9def3&type=-1&m=make_rider 2020-05-20 23:49[RIDER CLIENT]rider uniacid: 4
[2020-05-20 23:49:57] trace  /app/index.php?i=4&t=0&v=1.0&from=wxapp&c=entry&a=wxapp&do=riderIsAccept&state=we7sid-51a253368a85bf27ebe8a1dde619b2e4&sign=491ccc30dede39b843db229c1fa9def3&type=-1&m=make_rider 2020-05-20 23:49[RIDER CLIENT] uniacid: 3
[2020-05-20 23:49:58] trace  /app/index.php?i=4&t=0&v=1.0&from=wxapp&c=entry&a=wxapp&do=setRiderLocation&state=we7sid-51a253368a85bf27ebe8a1dde619b2e4&sign=3b7de1f254aa8565e81e82fae9bab316&address=%E6%B2%B3%E5%8D%97%E7%9C%81%E5%BC%80%E5%B0%81%E5%B8%82%E9%BE%99%E4%BA%AD%E5%8C%BA%E9%87%91%E8%80%80%E8%B7%AF115%E5%8F%B7(%E9%87%91%E8%80%80%E8%B7%AF%E4%B8%8E%E8%A5%BF%E7%8E%AF%E8%B7%AF%E4%BA%A4%E5%8F%89%E5%8F%A3%E4%B8%9C300%E7%B1%B3%2C%E6%B8%85%E6%98%8E%E4%B8%8A%E6%B2%B3%E5%9B%AD%E8%A5%BF%E9%97%A8%E8%A5%BF200%E7%B1%B3%E8%B7%AF%E5%8C%97)&lat=34.812538&lng=114.334061&m=make_rider 2020-05-20 23:49[RIDER CLIENT]rider uniacid: 4
[2020-05-20 23:49:58] trace  /app/index.php?i=4&t=0&v=1.0&from=wxapp&c=entry&a=wxapp&do=setRiderLocation&state=we7sid-51a253368a85bf27ebe8a1dde619b2e4&sign=3b7de1f254aa8565e81e82fae9bab316&address=%E6%B2%B3%E5%8D%97%E7%9C%81%E5%BC%80%E5%B0%81%E5%B8%82%E9%BE%99%E4%BA%AD%E5%8C%BA%E9%87%91%E8%80%80%E8%B7%AF115%E5%8F%B7(%E9%87%91%E8%80%80%E8%B7%AF%E4%B8%8E%E8%A5%BF%E7%8E%AF%E8%B7%AF%E4%BA%A4%E5%8F%89%E5%8F%A3%E4%B8%9C300%E7%B1%B3%2C%E6%B8%85%E6%98%8E%E4%B8%8A%E6%B2%B3%E5%9B%AD%E8%A5%BF%E9%97%A8%E8%A5%BF200%E7%B1%B3%E8%B7%AF%E5%8C%97)&lat=34.812538&lng=114.334061&m=make_rider 2020-05-20 23:49[RIDER CLIENT] uniacid: 3
[2020-05-20 23:49:58] trace  /app/index.php?i=4&t=0&v=1.0&from=wxapp&c=entry&a=wxapp&do=getRiderOrder&state=we7sid-51a253368a85bf27ebe8a1dde619b2e4&sign=64e34952dc178adb28d259f4c4f2e8b7&status=2&page=1&m=make_rider 2020-05-20 23:49[RIDER CLIENT]rider uniacid: 4
[2020-05-20 23:49:58] trace  /app/index.php?i=4&t=0&v=1.0&from=wxapp&c=entry&a=wxapp&do=getRiderOrder&state=we7sid-51a253368a85bf27ebe8a1dde619b2e4&sign=64e34952dc178adb28d259f4c4f2e8b7&status=2&page=1&m=make_rider 2020-05-20 23:49[RIDER CLIENT] uniacid: 3
[2020-05-20 23:49:58] trace  /app/index.php?i=4&t=0&v=1.0&from=wxapp&c=entry&a=wxapp&do=getRiderOrder&state=we7sid-51a253368a85bf27ebe8a1dde619b2e4&sign=b53228d5e2fbd3e9bf7a1587cbdc5d44&status=-1&m=make_rider 2020-05-20 23:49[RIDER CLIENT]rider uniacid: 4
[2020-05-20 23:49:58] trace  /app/index.php?i=4&t=0&v=1.0&from=wxapp&c=entry&a=wxapp&do=getRiderOrder&state=we7sid-51a253368a85bf27ebe8a1dde619b2e4&sign=b53228d5e2fbd3e9bf7a1587cbdc5d44&status=-1&m=make_rider 2020-05-20 23:49[RIDER CLIENT] uniacid: 3
[2020-05-20 23:50:07] trace  /app/index.php?i=4&t=0&v=1.0&from=wxapp&c=entry&a=wxapp&do=riderIsAccept&state=we7sid-51a253368a85bf27ebe8a1dde619b2e4&sign=491ccc30dede39b843db229c1fa9def3&type=-1&m=make_rider 2020-05-20 23:50[RIDER CLIENT]rider uniacid: 4
[2020-05-20 23:50:07] trace  /app/index.php?i=4&t=0&v=1.0&from=wxapp&c=entry&a=wxapp&do=riderIsAccept&state=we7sid-51a253368a85bf27ebe8a1dde619b2e4&sign=491ccc30dede39b843db229c1fa9def3&type=-1&m=make_rider 2020-05-20 23:50[RIDER CLIENT] uniacid: 3
[2020-05-20 23:50:07] trace  /app/index.php?i=4&t=0&v=1.0&from=wxapp&c=entry&a=wxapp&do=setRiderLocation&state=we7sid-51a253368a85bf27ebe8a1dde619b2e4&sign=3b7de1f254aa8565e81e82fae9bab316&address=%E6%B2%B3%E5%8D%97%E7%9C%81%E5%BC%80%E5%B0%81%E5%B8%82%E9%BE%99%E4%BA%AD%E5%8C%BA%E9%87%91%E8%80%80%E8%B7%AF115%E5%8F%B7(%E9%87%91%E8%80%80%E8%B7%AF%E4%B8%8E%E8%A5%BF%E7%8E%AF%E8%B7%AF%E4%BA%A4%E5%8F%89%E5%8F%A3%E4%B8%9C300%E7%B1%B3%2C%E6%B8%85%E6%98%8E%E4%B8%8A%E6%B2%B3%E5%9B%AD%E8%A5%BF%E9%97%A8%E8%A5%BF200%E7%B1%B3%E8%B7%AF%E5%8C%97)&lat=34.812538&lng=114.334061&m=make_rider 2020-05-20 23:50[RIDER CLIENT]rider uniacid: 4
[2020-05-20 23:50:07] trace  /app/index.php?i=4&t=0&v=1.0&from=wxapp&c=entry&a=wxapp&do=setRiderLocation&state=we7sid-51a253368a85bf27ebe8a1dde619b2e4&sign=3b7de1f254aa8565e81e82fae9bab316&address=%E6%B2%B3%E5%8D%97%E7%9C%81%E5%BC%80%E5%B0%81%E5%B8%82%E9%BE%99%E4%BA%AD%E5%8C%BA%E9%87%91%E8%80%80%E8%B7%AF115%E5%8F%B7(%E9%87%91%E8%80%80%E8%B7%AF%E4%B8%8E%E8%A5%BF%E7%8E%AF%E8%B7%AF%E4%BA%A4%E5%8F%89%E5%8F%A3%E4%B8%9C300%E7%B1%B3%2C%E6%B8%85%E6%98%8E%E4%B8%8A%E6%B2%B3%E5%9B%AD%E8%A5%BF%E9%97%A8%E8%A5%BF200%E7%B1%B3%E8%B7%AF%E5%8C%97)&lat=34.812538&lng=114.334061&m=make_rider 2020-05-20 23:50[RIDER CLIENT] uniacid: 3
[2020-05-20 23:50:08] trace  /app/index.php?i=4&t=0&v=1.0&from=wxapp&c=entry&a=wxapp&do=getRiderOrder&state=we7sid-51a253368a85bf27ebe8a1dde619b2e4&sign=b53228d5e2fbd3e9bf7a1587cbdc5d44&status=-1&m=make_rider 2020-05-20 23:50[RIDER CLIENT]rider uniacid: 4
[2020-05-20 23:50:08] trace  /app/index.php?i=4&t=0&v=1.0&from=wxapp&c=entry&a=wxapp&do=getRiderOrder&state=we7sid-51a253368a85bf27ebe8a1dde619b2e4&sign=b53228d5e2fbd3e9bf7a1587cbdc5d44&status=-1&m=make_rider 2020-05-20 23:50[RIDER CLIENT] uniacid: 3
[2020-05-20 23:50:10] trace  /app/index.php?i=4&t=0&v=1.0&from=wxapp&c=entry&a=wxapp&do=getSetting&state=we7sid-51a253368a85bf27ebe8a1dde619b2e4&sign=c3dca507345b3f5f9f0dad8c9eb6d1c2&m=make_rider 2020-05-20 23:50[RIDER CLIENT]rider uniacid: 4
[2020-05-20 23:50:10] trace  /app/index.php?i=4&t=0&v=1.0&from=wxapp&c=entry&a=wxapp&do=getSetting&state=we7sid-51a253368a85bf27ebe8a1dde619b2e4&sign=c3dca507345b3f5f9f0dad8c9eb6d1c2&m=make_rider 2020-05-20 23:50[RIDER CLIENT] uniacid: 3
[2020-05-20 23:50:10] trace  /app/index.php?i=4&t=0&v=1.0&from=wxapp&c=entry&a=wxapp&do=riderIsAccept&state=we7sid-51a253368a85bf27ebe8a1dde619b2e4&sign=491ccc30dede39b843db229c1fa9def3&type=-1&m=make_rider 2020-05-20 23:50[RIDER CLIENT]rider uniacid: 4
[2020-05-20 23:50:10] trace  /app/index.php?i=4&t=0&v=1.0&from=wxapp&c=entry&a=wxapp&do=riderIsAccept&state=we7sid-51a253368a85bf27ebe8a1dde619b2e4&sign=491ccc30dede39b843db229c1fa9def3&type=-1&m=make_rider 2020-05-20 23:50[RIDER CLIENT] uniacid: 3
[2020-05-20 23:50:11] trace  /app/index.php?i=4&t=0&v=1.0&from=wxapp&c=entry&a=wxapp&do=getRiderOrder&state=we7sid-51a253368a85bf27ebe8a1dde619b2e4&sign=b53228d5e2fbd3e9bf7a1587cbdc5d44&status=-1&m=make_rider 2020-05-20 23:50[RIDER CLIENT]rider uniacid: 4
[2020-05-20 23:50:11] trace  /app/index.php?i=4&t=0&v=1.0&from=wxapp&c=entry&a=wxapp&do=getRiderOrder&state=we7sid-51a253368a85bf27ebe8a1dde619b2e4&sign=b53228d5e2fbd3e9bf7a1587cbdc5d44&status=-1&m=make_rider 2020-05-20 23:50[RIDER CLIENT] uniacid: 3
[2020-05-20 23:50:12] trace  /app/index.php?i=4&t=0&v=1.0&from=wxapp&c=entry&a=wxapp&do=getRiderOrder&state=we7sid-51a253368a85bf27ebe8a1dde619b2e4&sign=64e34952dc178adb28d259f4c4f2e8b7&status=2&page=1&m=make_rider 2020-05-20 23:50[RIDER CLIENT]rider uniacid: 4
[2020-05-20 23:50:12] trace  /app/index.php?i=4&t=0&v=1.0&from=wxapp&c=entry&a=wxapp&do=getRiderOrder&state=we7sid-51a253368a85bf27ebe8a1dde619b2e4&sign=64e34952dc178adb28d259f4c4f2e8b7&status=2&page=1&m=make_rider 2020-05-20 23:50[RIDER CLIENT] uniacid: 3
[2020-05-20 23:50:13] trace  /app/index.php?i=4&t=0&v=1.0&from=wxapp&c=entry&a=wxapp&do=getRiderOrder&state=we7sid-51a253368a85bf27ebe8a1dde619b2e4&sign=d3876211ec7a9d02cf5633088d0db063&status=3&page=1&m=make_rider 2020-05-20 23:50[RIDER CLIENT]rider uniacid: 4
[2020-05-20 23:50:13] trace  /app/index.php?i=4&t=0&v=1.0&from=wxapp&c=entry&a=wxapp&do=getRiderOrder&state=we7sid-51a253368a85bf27ebe8a1dde619b2e4&sign=d3876211ec7a9d02cf5633088d0db063&status=3&page=1&m=make_rider 2020-05-20 23:50[RIDER CLIENT] uniacid: 3
[2020-05-20 23:50:15] trace  /app/index.php?i=4&t=0&v=1.0&from=wxapp&c=entry&a=wxapp&do=getRiderOrder&state=we7sid-51a253368a85bf27ebe8a1dde619b2e4&sign=f040f92a6d5c78f534609fab0584103a&status=4&page=1&m=make_rider 2020-05-20 23:50[RIDER CLIENT]rider uniacid: 4
[2020-05-20 23:50:15] trace  /app/index.php?i=4&t=0&v=1.0&from=wxapp&c=entry&a=wxapp&do=getRiderOrder&state=we7sid-51a253368a85bf27ebe8a1dde619b2e4&sign=f040f92a6d5c78f534609fab0584103a&status=4&page=1&m=make_rider 2020-05-20 23:50[RIDER CLIENT] uniacid: 3
[2020-05-20 23:50:15] trace  /app/index.php?i=4&t=0&v=1.0&from=wxapp&c=entry&a=wxapp&do=getRiderOrder&state=we7sid-51a253368a85bf27ebe8a1dde619b2e4&sign=64e34952dc178adb28d259f4c4f2e8b7&status=2&page=1&m=make_rider 2020-05-20 23:50[RIDER CLIENT]rider uniacid: 4
[2020-05-20 23:50:15] trace  /app/index.php?i=4&t=0&v=1.0&from=wxapp&c=entry&a=wxapp&do=getRiderOrder&state=we7sid-51a253368a85bf27ebe8a1dde619b2e4&sign=64e34952dc178adb28d259f4c4f2e8b7&status=2&page=1&m=make_rider 2020-05-20 23:50[RIDER CLIENT] uniacid: 3
[2020-05-20 23:50:16] trace  /app/index.php?i=4&t=0&v=1.0&from=wxapp&c=entry&a=wxapp&do=riderIsAccept&state=we7sid-51a253368a85bf27ebe8a1dde619b2e4&sign=491ccc30dede39b843db229c1fa9def3&type=-1&m=make_rider 2020-05-20 23:50[RIDER CLIENT]rider uniacid: 4
[2020-05-20 23:50:16] trace  /app/index.php?i=4&t=0&v=1.0&from=wxapp&c=entry&a=wxapp&do=riderIsAccept&state=we7sid-51a253368a85bf27ebe8a1dde619b2e4&sign=491ccc30dede39b843db229c1fa9def3&type=-1&m=make_rider 2020-05-20 23:50[RIDER CLIENT] uniacid: 3
[2020-05-20 23:50:16] trace  /app/index.php?i=4&t=0&v=1.0&from=wxapp&c=entry&a=wxapp&do=setRiderLocation&state=we7sid-51a253368a85bf27ebe8a1dde619b2e4&sign=3b7de1f254aa8565e81e82fae9bab316&address=%E6%B2%B3%E5%8D%97%E7%9C%81%E5%BC%80%E5%B0%81%E5%B8%82%E9%BE%99%E4%BA%AD%E5%8C%BA%E9%87%91%E8%80%80%E8%B7%AF115%E5%8F%B7(%E9%87%91%E8%80%80%E8%B7%AF%E4%B8%8E%E8%A5%BF%E7%8E%AF%E8%B7%AF%E4%BA%A4%E5%8F%89%E5%8F%A3%E4%B8%9C300%E7%B1%B3%2C%E6%B8%85%E6%98%8E%E4%B8%8A%E6%B2%B3%E5%9B%AD%E8%A5%BF%E9%97%A8%E8%A5%BF200%E7%B1%B3%E8%B7%AF%E5%8C%97)&lat=34.812538&lng=114.334061&m=make_rider 2020-05-20 23:50[RIDER CLIENT]rider uniacid: 4
[2020-05-20 23:50:16] trace  /app/index.php?i=4&t=0&v=1.0&from=wxapp&c=entry&a=wxapp&do=setRiderLocation&state=we7sid-51a253368a85bf27ebe8a1dde619b2e4&sign=3b7de1f254aa8565e81e82fae9bab316&address=%E6%B2%B3%E5%8D%97%E7%9C%81%E5%BC%80%E5%B0%81%E5%B8%82%E9%BE%99%E4%BA%AD%E5%8C%BA%E9%87%91%E8%80%80%E8%B7%AF115%E5%8F%B7(%E9%87%91%E8%80%80%E8%B7%AF%E4%B8%8E%E8%A5%BF%E7%8E%AF%E8%B7%AF%E4%BA%A4%E5%8F%89%E5%8F%A3%E4%B8%9C300%E7%B1%B3%2C%E6%B8%85%E6%98%8E%E4%B8%8A%E6%B2%B3%E5%9B%AD%E8%A5%BF%E9%97%A8%E8%A5%BF200%E7%B1%B3%E8%B7%AF%E5%8C%97)&lat=34.812538&lng=114.334061&m=make_rider 2020-05-20 23:50[RIDER CLIENT] uniacid: 3
[2020-05-20 23:50:17] trace  /app/index.php?i=4&t=0&v=1.0&from=wxapp&c=entry&a=wxapp&do=getRiderOrder&state=we7sid-51a253368a85bf27ebe8a1dde619b2e4&sign=b53228d5e2fbd3e9bf7a1587cbdc5d44&status=-1&m=make_rider 2020-05-20 23:50[RIDER CLIENT]rider uniacid: 4
[2020-05-20 23:50:17] trace  /app/index.php?i=4&t=0&v=1.0&from=wxapp&c=entry&a=wxapp&do=getRiderOrder&state=we7sid-51a253368a85bf27ebe8a1dde619b2e4&sign=b53228d5e2fbd3e9bf7a1587cbdc5d44&status=-1&m=make_rider 2020-05-20 23:50[RIDER CLIENT] uniacid: 3
[2020-05-20 23:50:42] trace  /app/index.php?i=4&t=0&v=1.0&from=wxapp&c=entry&a=wxapp&do=getRiderOrder&state=we7sid-51a253368a85bf27ebe8a1dde619b2e4&sign=64e34952dc178adb28d259f4c4f2e8b7&status=2&page=1&m=make_rider 2020-05-20 23:50[RIDER CLIENT]rider uniacid: 4
[2020-05-20 23:50:42] trace  /app/index.php?i=4&t=0&v=1.0&from=wxapp&c=entry&a=wxapp&do=getRiderOrder&state=we7sid-51a253368a85bf27ebe8a1dde619b2e4&sign=64e34952dc178adb28d259f4c4f2e8b7&status=2&page=1&m=make_rider 2020-05-20 23:50[RIDER CLIENT] uniacid: 3
[2020-05-20 23:50:43] trace  /app/index.php?i=4&t=0&v=1.0&from=wxapp&c=entry&a=wxapp&do=riderIsAccept&state=we7sid-51a253368a85bf27ebe8a1dde619b2e4&sign=491ccc30dede39b843db229c1fa9def3&type=-1&m=make_rider 2020-05-20 23:50[RIDER CLIENT]rider uniacid: 4
[2020-05-20 23:50:43] trace  /app/index.php?i=4&t=0&v=1.0&from=wxapp&c=entry&a=wxapp&do=riderIsAccept&state=we7sid-51a253368a85bf27ebe8a1dde619b2e4&sign=491ccc30dede39b843db229c1fa9def3&type=-1&m=make_rider 2020-05-20 23:50[RIDER CLIENT] uniacid: 3
[2020-05-20 23:50:44] trace  /app/index.php?i=4&t=0&v=1.0&from=wxapp&c=entry&a=wxapp&do=setRiderLocation&state=we7sid-51a253368a85bf27ebe8a1dde619b2e4&sign=3b7de1f254aa8565e81e82fae9bab316&address=%E6%B2%B3%E5%8D%97%E7%9C%81%E5%BC%80%E5%B0%81%E5%B8%82%E9%BE%99%E4%BA%AD%E5%8C%BA%E9%87%91%E8%80%80%E8%B7%AF115%E5%8F%B7(%E9%87%91%E8%80%80%E8%B7%AF%E4%B8%8E%E8%A5%BF%E7%8E%AF%E8%B7%AF%E4%BA%A4%E5%8F%89%E5%8F%A3%E4%B8%9C300%E7%B1%B3%2C%E6%B8%85%E6%98%8E%E4%B8%8A%E6%B2%B3%E5%9B%AD%E8%A5%BF%E9%97%A8%E8%A5%BF200%E7%B1%B3%E8%B7%AF%E5%8C%97)&lat=34.812538&lng=114.334061&m=make_rider 2020-05-20 23:50[RIDER CLIENT]rider uniacid: 4
[2020-05-20 23:50:44] trace  /app/index.php?i=4&t=0&v=1.0&from=wxapp&c=entry&a=wxapp&do=setRiderLocation&state=we7sid-51a253368a85bf27ebe8a1dde619b2e4&sign=3b7de1f254aa8565e81e82fae9bab316&address=%E6%B2%B3%E5%8D%97%E7%9C%81%E5%BC%80%E5%B0%81%E5%B8%82%E9%BE%99%E4%BA%AD%E5%8C%BA%E9%87%91%E8%80%80%E8%B7%AF115%E5%8F%B7(%E9%87%91%E8%80%80%E8%B7%AF%E4%B8%8E%E8%A5%BF%E7%8E%AF%E8%B7%AF%E4%BA%A4%E5%8F%89%E5%8F%A3%E4%B8%9C300%E7%B1%B3%2C%E6%B8%85%E6%98%8E%E4%B8%8A%E6%B2%B3%E5%9B%AD%E8%A5%BF%E9%97%A8%E8%A5%BF200%E7%B1%B3%E8%B7%AF%E5%8C%97)&lat=34.812538&lng=114.334061&m=make_rider 2020-05-20 23:50[RIDER CLIENT] uniacid: 3
[2020-05-20 23:50:44] trace  /app/index.php?i=4&t=0&v=1.0&from=wxapp&c=entry&a=wxapp&do=getRiderOrder&state=we7sid-51a253368a85bf27ebe8a1dde619b2e4&sign=b53228d5e2fbd3e9bf7a1587cbdc5d44&status=-1&m=make_rider 2020-05-20 23:50[RIDER CLIENT]rider uniacid: 4
[2020-05-20 23:50:44] trace  /app/index.php?i=4&t=0&v=1.0&from=wxapp&c=entry&a=wxapp&do=getRiderOrder&state=we7sid-51a253368a85bf27ebe8a1dde619b2e4&sign=b53228d5e2fbd3e9bf7a1587cbdc5d44&status=-1&m=make_rider 2020-05-20 23:50[RIDER CLIENT] uniacid: 3
[2020-05-20 23:52:41] trace  /app/index.php?i=4&t=0&v=1.0&from=wxapp&c=entry&a=wxapp&do=riderIsAccept&state=we7sid-51a253368a85bf27ebe8a1dde619b2e4&sign=491ccc30dede39b843db229c1fa9def3&type=-1&m=make_rider 2020-05-20 23:52[RIDER CLIENT]rider uniacid: 4
[2020-05-20 23:52:41] trace  /app/index.php?i=4&t=0&v=1.0&from=wxapp&c=entry&a=wxapp&do=riderIsAccept&state=we7sid-51a253368a85bf27ebe8a1dde619b2e4&sign=491ccc30dede39b843db229c1fa9def3&type=-1&m=make_rider 2020-05-20 23:52[RIDER CLIENT] uniacid: 3
[2020-05-20 23:52:42] trace  /app/index.php?i=4&t=0&v=1.0&from=wxapp&c=entry&a=wxapp&do=setRiderLocation&state=we7sid-51a253368a85bf27ebe8a1dde619b2e4&sign=3b7de1f254aa8565e81e82fae9bab316&address=%E6%B2%B3%E5%8D%97%E7%9C%81%E5%BC%80%E5%B0%81%E5%B8%82%E9%BE%99%E4%BA%AD%E5%8C%BA%E9%87%91%E8%80%80%E8%B7%AF115%E5%8F%B7(%E9%87%91%E8%80%80%E8%B7%AF%E4%B8%8E%E8%A5%BF%E7%8E%AF%E8%B7%AF%E4%BA%A4%E5%8F%89%E5%8F%A3%E4%B8%9C300%E7%B1%B3%2C%E6%B8%85%E6%98%8E%E4%B8%8A%E6%B2%B3%E5%9B%AD%E8%A5%BF%E9%97%A8%E8%A5%BF200%E7%B1%B3%E8%B7%AF%E5%8C%97)&lat=34.812538&lng=114.334061&m=make_rider 2020-05-20 23:52[RIDER CLIENT]rider uniacid: 4
[2020-05-20 23:52:42] trace  /app/index.php?i=4&t=0&v=1.0&from=wxapp&c=entry&a=wxapp&do=setRiderLocation&state=we7sid-51a253368a85bf27ebe8a1dde619b2e4&sign=3b7de1f254aa8565e81e82fae9bab316&address=%E6%B2%B3%E5%8D%97%E7%9C%81%E5%BC%80%E5%B0%81%E5%B8%82%E9%BE%99%E4%BA%AD%E5%8C%BA%E9%87%91%E8%80%80%E8%B7%AF115%E5%8F%B7(%E9%87%91%E8%80%80%E8%B7%AF%E4%B8%8E%E8%A5%BF%E7%8E%AF%E8%B7%AF%E4%BA%A4%E5%8F%89%E5%8F%A3%E4%B8%9C300%E7%B1%B3%2C%E6%B8%85%E6%98%8E%E4%B8%8A%E6%B2%B3%E5%9B%AD%E8%A5%BF%E9%97%A8%E8%A5%BF200%E7%B1%B3%E8%B7%AF%E5%8C%97)&lat=34.812538&lng=114.334061&m=make_rider 2020-05-20 23:52[RIDER CLIENT] uniacid: 3
[2020-05-20 23:52:42] trace  /app/index.php?i=4&t=0&v=1.0&from=wxapp&c=entry&a=wxapp&do=getRiderOrder&state=we7sid-51a253368a85bf27ebe8a1dde619b2e4&sign=b53228d5e2fbd3e9bf7a1587cbdc5d44&status=-1&m=make_rider 2020-05-20 23:52[RIDER CLIENT]rider uniacid: 4
[2020-05-20 23:52:42] trace  /app/index.php?i=4&t=0&v=1.0&from=wxapp&c=entry&a=wxapp&do=getRiderOrder&state=we7sid-51a253368a85bf27ebe8a1dde619b2e4&sign=b53228d5e2fbd3e9bf7a1587cbdc5d44&status=-1&m=make_rider 2020-05-20 23:52[RIDER CLIENT] uniacid: 3
