[2020-05-14 10:28:04] trace  /app/index.php?i=4&t=0&v=1.0&from=wxapp&c=entry&a=wxapp&do=getRiderStatus&state=we7sid-db76345d1142a53d080cbcd1b6d4fb71&sign=d7437b30fd5367410ca519e7207624c7&m=make_rider 2020-05-14 10:28[RIDER CLIENT]rider uniacid: 4
[2020-05-14 10:28:04] trace  /app/index.php?i=4&t=0&v=1.0&from=wxapp&c=entry&a=wxapp&do=getSetting&state=we7sid-db76345d1142a53d080cbcd1b6d4fb71&sign=5dd17ecc28754090a3c9fe4aa022f678&m=make_rider 2020-05-14 10:28[RIDER CLIENT]rider uniacid: 4
[2020-05-14 10:28:04] trace  /app/index.php?i=4&t=0&v=1.0&from=wxapp&c=entry&a=wxapp&do=getRiderStatus&state=we7sid-db76345d1142a53d080cbcd1b6d4fb71&sign=d7437b30fd5367410ca519e7207624c7&m=make_rider 2020-05-14 10:28[RIDER CLIENT] uniacid: 3
[2020-05-14 10:28:04] trace  /app/index.php?i=4&t=0&v=1.0&from=wxapp&c=entry&a=wxapp&do=getSetting&state=we7sid-db76345d1142a53d080cbcd1b6d4fb71&sign=5dd17ecc28754090a3c9fe4aa022f678&m=make_rider 2020-05-14 10:28[RIDER CLIENT] uniacid: 3
[2020-05-14 10:28:05] trace  /app/index.php?i=4&t=0&v=1.0&from=wxapp&c=entry&a=wxapp&do=getRiderStatus&state=we7sid-db76345d1142a53d080cbcd1b6d4fb71&sign=d7437b30fd5367410ca519e7207624c7&m=make_rider 2020-05-14 10:28[RIDER CLIENT]rider uniacid: 4
[2020-05-14 10:28:05] trace  /app/index.php?i=4&t=0&v=1.0&from=wxapp&c=entry&a=wxapp&do=getRiderStatus&state=we7sid-db76345d1142a53d080cbcd1b6d4fb71&sign=d7437b30fd5367410ca519e7207624c7&m=make_rider 2020-05-14 10:28[RIDER CLIENT] uniacid: 3
[2020-05-14 10:28:05] trace  /app/index.php?i=4&t=0&v=1.0&from=wxapp&c=entry&a=wxapp&do=getRiderOrder&state=we7sid-db76345d1142a53d080cbcd1b6d4fb71&sign=d26285853eed57c0baea9781311451b4&status=-1&m=make_rider 2020-05-14 10:28[RIDER CLIENT]rider uniacid: 4
[2020-05-14 10:28:05] trace  /app/index.php?i=4&t=0&v=1.0&from=wxapp&c=entry&a=wxapp&do=getRiderOrder&state=we7sid-db76345d1142a53d080cbcd1b6d4fb71&sign=d26285853eed57c0baea9781311451b4&status=-1&m=make_rider 2020-05-14 10:28[RIDER CLIENT] uniacid: 3
[2020-05-14 10:28:05] trace  /app/index.php?i=4&t=0&v=1.0&from=wxapp&c=entry&a=wxapp&do=getRiderId&state=we7sid-db76345d1142a53d080cbcd1b6d4fb71&sign=8347081e85941844aaf73f24807cff0b&m=make_rider 2020-05-14 10:28[RIDER CLIENT]rider uniacid: 4
[2020-05-14 10:28:05] trace  /app/index.php?i=4&t=0&v=1.0&from=wxapp&c=entry&a=wxapp&do=getRiderId&state=we7sid-db76345d1142a53d080cbcd1b6d4fb71&sign=8347081e85941844aaf73f24807cff0b&m=make_rider 2020-05-14 10:28[RIDER CLIENT] uniacid: 3
[2020-05-14 10:28:05] trace  /app/index.php?i=4&t=0&v=1.0&from=wxapp&c=entry&a=wxapp&do=riderIsAccept&state=we7sid-db76345d1142a53d080cbcd1b6d4fb71&sign=d2a5204b403a6f63b112192dce6ac339&type=-1&m=make_rider 2020-05-14 10:28[RIDER CLIENT]rider uniacid: 4
[2020-05-14 10:28:05] trace  /app/index.php?i=4&t=0&v=1.0&from=wxapp&c=entry&a=wxapp&do=riderIsAccept&state=we7sid-db76345d1142a53d080cbcd1b6d4fb71&sign=d2a5204b403a6f63b112192dce6ac339&type=-1&m=make_rider 2020-05-14 10:28[RIDER CLIENT] uniacid: 3
[2020-05-14 10:28:06] trace  /app/index.php?i=4&t=0&v=1.0&from=wxapp&c=entry&a=wxapp&do=getRiderOrder&state=we7sid-db76345d1142a53d080cbcd1b6d4fb71&sign=d26285853eed57c0baea9781311451b4&status=-1&m=make_rider 2020-05-14 10:28[RIDER CLIENT]rider uniacid: 4
[2020-05-14 10:28:06] trace  /app/index.php?i=4&t=0&v=1.0&from=wxapp&c=entry&a=wxapp&do=getRiderOrder&state=we7sid-db76345d1142a53d080cbcd1b6d4fb71&sign=d26285853eed57c0baea9781311451b4&status=-1&m=make_rider 2020-05-14 10:28[RIDER CLIENT] uniacid: 3
[2020-05-14 10:28:09] trace  /app/index.php?i=4&t=0&v=1.0&from=wxapp&c=entry&a=wxapp&do=setRiderLocation&state=we7sid-db76345d1142a53d080cbcd1b6d4fb71&sign=a778540073ad3601ad7e5389f499562d&address=%E6%B2%B3%E5%8D%97%E7%9C%81%E9%83%91%E5%B7%9E%E5%B8%82%E4%B8%AD%E7%89%9F%E5%8E%BF%E4%B8%87%E4%B8%89%E5%85%AC%E8%B7%AF&lat=34.730003&lng=113.918427&m=make_rider 2020-05-14 10:28[RIDER CLIENT]rider uniacid: 4
[2020-05-14 10:28:09] trace  /app/index.php?i=4&t=0&v=1.0&from=wxapp&c=entry&a=wxapp&do=setRiderLocation&state=we7sid-db76345d1142a53d080cbcd1b6d4fb71&sign=a778540073ad3601ad7e5389f499562d&address=%E6%B2%B3%E5%8D%97%E7%9C%81%E9%83%91%E5%B7%9E%E5%B8%82%E4%B8%AD%E7%89%9F%E5%8E%BF%E4%B8%87%E4%B8%89%E5%85%AC%E8%B7%AF&lat=34.730003&lng=113.918427&m=make_rider 2020-05-14 10:28[RIDER CLIENT] uniacid: 3
[2020-05-14 10:28:17] trace  /app/index.php?i=4&t=0&v=1.0&from=wxapp&c=entry&a=wxapp&do=riderIsAccept&state=we7sid-db76345d1142a53d080cbcd1b6d4fb71&sign=d2a5204b403a6f63b112192dce6ac339&type=-1&m=make_rider 2020-05-14 10:28[RIDER CLIENT]rider uniacid: 4
[2020-05-14 10:28:17] trace  /app/index.php?i=4&t=0&v=1.0&from=wxapp&c=entry&a=wxapp&do=riderIsAccept&state=we7sid-db76345d1142a53d080cbcd1b6d4fb71&sign=d2a5204b403a6f63b112192dce6ac339&type=-1&m=make_rider 2020-05-14 10:28[RIDER CLIENT] uniacid: 3
[2020-05-14 10:28:18] trace  /app/index.php?i=4&t=0&v=1.0&from=wxapp&c=entry&a=wxapp&do=setRiderLocation&state=we7sid-db76345d1142a53d080cbcd1b6d4fb71&sign=a778540073ad3601ad7e5389f499562d&address=%E6%B2%B3%E5%8D%97%E7%9C%81%E9%83%91%E5%B7%9E%E5%B8%82%E4%B8%AD%E7%89%9F%E5%8E%BF%E4%B8%87%E4%B8%89%E5%85%AC%E8%B7%AF&lat=34.730003&lng=113.918427&m=make_rider 2020-05-14 10:28[RIDER CLIENT]rider uniacid: 4
[2020-05-14 10:28:18] trace  /app/index.php?i=4&t=0&v=1.0&from=wxapp&c=entry&a=wxapp&do=setRiderLocation&state=we7sid-db76345d1142a53d080cbcd1b6d4fb71&sign=a778540073ad3601ad7e5389f499562d&address=%E6%B2%B3%E5%8D%97%E7%9C%81%E9%83%91%E5%B7%9E%E5%B8%82%E4%B8%AD%E7%89%9F%E5%8E%BF%E4%B8%87%E4%B8%89%E5%85%AC%E8%B7%AF&lat=34.730003&lng=113.918427&m=make_rider 2020-05-14 10:28[RIDER CLIENT] uniacid: 3
[2020-05-14 10:28:18] trace  /app/index.php?i=4&t=0&v=1.0&from=wxapp&c=entry&a=wxapp&do=getRiderOrder&state=we7sid-db76345d1142a53d080cbcd1b6d4fb71&sign=d26285853eed57c0baea9781311451b4&status=-1&m=make_rider 2020-05-14 10:28[RIDER CLIENT]rider uniacid: 4
[2020-05-14 10:28:18] trace  /app/index.php?i=4&t=0&v=1.0&from=wxapp&c=entry&a=wxapp&do=getRiderOrder&state=we7sid-db76345d1142a53d080cbcd1b6d4fb71&sign=d26285853eed57c0baea9781311451b4&status=-1&m=make_rider 2020-05-14 10:28[RIDER CLIENT] uniacid: 3
[2020-05-14 10:29:29] trace  /app/index.php?i=3&t=0&v=1.0&from=wxapp&c=entry&a=wxapp&do=pay&state=we7sid-b72e8baef80d36c5b631ecdafdffe34b&sign=80854864fc4b446aff4b36b11c9ec378&id=201&pay_method=1&m=make_speed 2020-05-14 10:29[sendTemplate Rider] Error:invalid template_id hint: [5GseKA04153935]
[2020-05-14 10:29:29] trace  /app/index.php?i=3&t=0&v=1.0&from=wxapp&c=entry&a=wxapp&do=pay&state=we7sid-b72e8baef80d36c5b631ecdafdffe34b&sign=80854864fc4b446aff4b36b11c9ec378&id=201&pay_method=1&m=make_speed 2020-05-14 10:29[sendTemplate Rider] Error: business_rider_id::::Array
[2020-05-14 10:29:29] trace  /app/index.php?i=3&t=0&v=1.0&from=wxapp&c=entry&a=wxapp&do=pay&state=we7sid-b72e8baef80d36c5b631ecdafdffe34b&sign=80854864fc4b446aff4b36b11c9ec378&id=201&pay_method=1&m=make_speed 2020-05-14 10:29[sendTemplate Rider] Error:抢单模板消息未配置
[2020-05-14 10:29:37] trace  /app/index.php?i=4&t=0&v=1.0&from=wxapp&c=entry&a=wxapp&do=getRiderOrder&state=we7sid-db76345d1142a53d080cbcd1b6d4fb71&sign=9601ef8e3a1aec5d2d3333100add6e2d&status=2&page=1&m=make_rider 2020-05-14 10:29[RIDER CLIENT]rider uniacid: 4
[2020-05-14 10:29:37] trace  /app/index.php?i=4&t=0&v=1.0&from=wxapp&c=entry&a=wxapp&do=getRiderOrder&state=we7sid-db76345d1142a53d080cbcd1b6d4fb71&sign=9601ef8e3a1aec5d2d3333100add6e2d&status=2&page=1&m=make_rider 2020-05-14 10:29[RIDER CLIENT] uniacid: 3
[2020-05-14 10:29:41] trace  /app/index.php?i=4&t=0&v=1.0&from=wxapp&c=entry&a=wxapp&do=acceptOrder&state=we7sid-db76345d1142a53d080cbcd1b6d4fb71&sign=6bd2f56de4fcef6546a9b84d30cfc486&order_id=201&m=make_rider 2020-05-14 10:29[RIDER CLIENT]rider uniacid: 4
[2020-05-14 10:29:41] trace  /app/index.php?i=4&t=0&v=1.0&from=wxapp&c=entry&a=wxapp&do=acceptOrder&state=we7sid-db76345d1142a53d080cbcd1b6d4fb71&sign=6bd2f56de4fcef6546a9b84d30cfc486&order_id=201&m=make_rider 2020-05-14 10:29[RIDER CLIENT] uniacid: 3
[2020-05-14 10:29:41] trace  /app/index.php?i=4&t=0&v=1.0&from=wxapp&c=entry&a=wxapp&do=acceptOrder&state=we7sid-db76345d1142a53d080cbcd1b6d4fb71&sign=6bd2f56de4fcef6546a9b84d30cfc486&order_id=201&m=make_rider 2020-05-14 10:29[sendTemplate] Error: 未设置骑手接单通知用户模板消息
[2020-05-14 10:29:41] trace  /app/index.php?i=4&t=0&v=1.0&from=wxapp&c=entry&a=wxapp&do=acceptOrder&state=we7sid-db76345d1142a53d080cbcd1b6d4fb71&sign=6bd2f56de4fcef6546a9b84d30cfc486&order_id=201&m=make_rider 2020-05-14 10:29[sendTemplate Rider] Error:invalid template_id hint: [rWVeha04273945]
[2020-05-14 10:29:42] trace  /app/index.php?i=4&t=0&v=1.0&from=wxapp&c=entry&a=wxapp&do=getRiderOrder&state=we7sid-db76345d1142a53d080cbcd1b6d4fb71&sign=001dc20e6c4762384c2f0ea8c0a2e1a3&status=3&page=1&m=make_rider 2020-05-14 10:29[RIDER CLIENT]rider uniacid: 4
[2020-05-14 10:29:42] trace  /app/index.php?i=4&t=0&v=1.0&from=wxapp&c=entry&a=wxapp&do=getRiderOrder&state=we7sid-db76345d1142a53d080cbcd1b6d4fb71&sign=001dc20e6c4762384c2f0ea8c0a2e1a3&status=3&page=1&m=make_rider 2020-05-14 10:29[RIDER CLIENT] uniacid: 3
[2020-05-14 10:29:43] trace  /app/index.php?i=4&t=0&v=1.0&from=wxapp&c=entry&a=wxapp&do=setRiderLocation&state=we7sid-db76345d1142a53d080cbcd1b6d4fb71&sign=68f0d15b27a1fb01c067658b997de934&address=&lat=34.73061469184028&lng=113.91888481987847&m=make_rider 2020-05-14 10:29[RIDER CLIENT]rider uniacid: 4
[2020-05-14 10:29:43] trace  /app/index.php?i=4&t=0&v=1.0&from=wxapp&c=entry&a=wxapp&do=setRiderLocation&state=we7sid-db76345d1142a53d080cbcd1b6d4fb71&sign=68f0d15b27a1fb01c067658b997de934&address=&lat=34.73061469184028&lng=113.91888481987847&m=make_rider 2020-05-14 10:29[RIDER CLIENT] uniacid: 3
[2020-05-14 10:30:55] trace  /app/index.php?i=4&t=0&v=1.0&from=wxapp&c=entry&a=wxapp&do=riderIsAccept&state=we7sid-db76345d1142a53d080cbcd1b6d4fb71&sign=d2a5204b403a6f63b112192dce6ac339&type=-1&m=make_rider 2020-05-14 10:30[RIDER CLIENT]rider uniacid: 4
[2020-05-14 10:30:55] trace  /app/index.php?i=4&t=0&v=1.0&from=wxapp&c=entry&a=wxapp&do=riderIsAccept&state=we7sid-db76345d1142a53d080cbcd1b6d4fb71&sign=d2a5204b403a6f63b112192dce6ac339&type=-1&m=make_rider 2020-05-14 10:30[RIDER CLIENT] uniacid: 3
[2020-05-14 10:30:56] trace  /app/index.php?i=4&t=0&v=1.0&from=wxapp&c=entry&a=wxapp&do=setRiderLocation&state=we7sid-db76345d1142a53d080cbcd1b6d4fb71&sign=a778540073ad3601ad7e5389f499562d&address=%E6%B2%B3%E5%8D%97%E7%9C%81%E9%83%91%E5%B7%9E%E5%B8%82%E4%B8%AD%E7%89%9F%E5%8E%BF%E4%B8%87%E4%B8%89%E5%85%AC%E8%B7%AF&lat=34.730003&lng=113.918427&m=make_rider 2020-05-14 10:30[RIDER CLIENT]rider uniacid: 4
[2020-05-14 10:30:56] trace  /app/index.php?i=4&t=0&v=1.0&from=wxapp&c=entry&a=wxapp&do=setRiderLocation&state=we7sid-db76345d1142a53d080cbcd1b6d4fb71&sign=a778540073ad3601ad7e5389f499562d&address=%E6%B2%B3%E5%8D%97%E7%9C%81%E9%83%91%E5%B7%9E%E5%B8%82%E4%B8%AD%E7%89%9F%E5%8E%BF%E4%B8%87%E4%B8%89%E5%85%AC%E8%B7%AF&lat=34.730003&lng=113.918427&m=make_rider 2020-05-14 10:30[RIDER CLIENT] uniacid: 3
[2020-05-14 10:30:56] trace  /app/index.php?i=4&t=0&v=1.0&from=wxapp&c=entry&a=wxapp&do=getRiderOrder&state=we7sid-db76345d1142a53d080cbcd1b6d4fb71&sign=d26285853eed57c0baea9781311451b4&status=-1&m=make_rider 2020-05-14 10:30[RIDER CLIENT]rider uniacid: 4
[2020-05-14 10:30:56] trace  /app/index.php?i=4&t=0&v=1.0&from=wxapp&c=entry&a=wxapp&do=getRiderOrder&state=we7sid-db76345d1142a53d080cbcd1b6d4fb71&sign=d26285853eed57c0baea9781311451b4&status=-1&m=make_rider 2020-05-14 10:30[RIDER CLIENT] uniacid: 3
[2020-05-14 10:31:01] trace  /app/index.php?i=4&t=0&v=1.0&from=wxapp&c=entry&a=wxapp&do=riderIsAccept&state=we7sid-db76345d1142a53d080cbcd1b6d4fb71&sign=d2a5204b403a6f63b112192dce6ac339&type=-1&m=make_rider 2020-05-14 10:31[RIDER CLIENT]rider uniacid: 4
[2020-05-14 10:31:01] trace  /app/index.php?i=4&t=0&v=1.0&from=wxapp&c=entry&a=wxapp&do=riderIsAccept&state=we7sid-db76345d1142a53d080cbcd1b6d4fb71&sign=d2a5204b403a6f63b112192dce6ac339&type=-1&m=make_rider 2020-05-14 10:31[RIDER CLIENT] uniacid: 3
[2020-05-14 10:31:01] trace  /app/index.php?i=4&t=0&v=1.0&from=wxapp&c=entry&a=wxapp&do=setRiderLocation&state=we7sid-db76345d1142a53d080cbcd1b6d4fb71&sign=a778540073ad3601ad7e5389f499562d&address=%E6%B2%B3%E5%8D%97%E7%9C%81%E9%83%91%E5%B7%9E%E5%B8%82%E4%B8%AD%E7%89%9F%E5%8E%BF%E4%B8%87%E4%B8%89%E5%85%AC%E8%B7%AF&lat=34.730003&lng=113.918427&m=make_rider 2020-05-14 10:31[RIDER CLIENT]rider uniacid: 4
[2020-05-14 10:31:01] trace  /app/index.php?i=4&t=0&v=1.0&from=wxapp&c=entry&a=wxapp&do=setRiderLocation&state=we7sid-db76345d1142a53d080cbcd1b6d4fb71&sign=a778540073ad3601ad7e5389f499562d&address=%E6%B2%B3%E5%8D%97%E7%9C%81%E9%83%91%E5%B7%9E%E5%B8%82%E4%B8%AD%E7%89%9F%E5%8E%BF%E4%B8%87%E4%B8%89%E5%85%AC%E8%B7%AF&lat=34.730003&lng=113.918427&m=make_rider 2020-05-14 10:31[RIDER CLIENT] uniacid: 3
[2020-05-14 10:31:02] trace  /app/index.php?i=4&t=0&v=1.0&from=wxapp&c=entry&a=wxapp&do=getRiderOrder&state=we7sid-db76345d1142a53d080cbcd1b6d4fb71&sign=d26285853eed57c0baea9781311451b4&status=-1&m=make_rider 2020-05-14 10:31[RIDER CLIENT]rider uniacid: 4
[2020-05-14 10:31:02] trace  /app/index.php?i=4&t=0&v=1.0&from=wxapp&c=entry&a=wxapp&do=getRiderOrder&state=we7sid-db76345d1142a53d080cbcd1b6d4fb71&sign=d26285853eed57c0baea9781311451b4&status=-1&m=make_rider 2020-05-14 10:31[RIDER CLIENT] uniacid: 3
[2020-05-14 10:31:21] trace  /app/index.php?i=4&t=0&v=1.0&from=wxapp&c=entry&a=wxapp&do=riderIsAccept&state=we7sid-db76345d1142a53d080cbcd1b6d4fb71&sign=d2a5204b403a6f63b112192dce6ac339&type=-1&m=make_rider 2020-05-14 10:31[RIDER CLIENT]rider uniacid: 4
[2020-05-14 10:31:21] trace  /app/index.php?i=4&t=0&v=1.0&from=wxapp&c=entry&a=wxapp&do=riderIsAccept&state=we7sid-db76345d1142a53d080cbcd1b6d4fb71&sign=d2a5204b403a6f63b112192dce6ac339&type=-1&m=make_rider 2020-05-14 10:31[RIDER CLIENT] uniacid: 3
[2020-05-14 10:31:22] trace  /app/index.php?i=4&t=0&v=1.0&from=wxapp&c=entry&a=wxapp&do=setRiderLocation&state=we7sid-db76345d1142a53d080cbcd1b6d4fb71&sign=a778540073ad3601ad7e5389f499562d&address=%E6%B2%B3%E5%8D%97%E7%9C%81%E9%83%91%E5%B7%9E%E5%B8%82%E4%B8%AD%E7%89%9F%E5%8E%BF%E4%B8%87%E4%B8%89%E5%85%AC%E8%B7%AF&lat=34.730003&lng=113.918427&m=make_rider 2020-05-14 10:31[RIDER CLIENT]rider uniacid: 4
[2020-05-14 10:31:22] trace  /app/index.php?i=4&t=0&v=1.0&from=wxapp&c=entry&a=wxapp&do=setRiderLocation&state=we7sid-db76345d1142a53d080cbcd1b6d4fb71&sign=a778540073ad3601ad7e5389f499562d&address=%E6%B2%B3%E5%8D%97%E7%9C%81%E9%83%91%E5%B7%9E%E5%B8%82%E4%B8%AD%E7%89%9F%E5%8E%BF%E4%B8%87%E4%B8%89%E5%85%AC%E8%B7%AF&lat=34.730003&lng=113.918427&m=make_rider 2020-05-14 10:31[RIDER CLIENT] uniacid: 3
[2020-05-14 10:31:22] trace  /app/index.php?i=4&t=0&v=1.0&from=wxapp&c=entry&a=wxapp&do=getRiderOrder&state=we7sid-db76345d1142a53d080cbcd1b6d4fb71&sign=d26285853eed57c0baea9781311451b4&status=-1&m=make_rider 2020-05-14 10:31[RIDER CLIENT]rider uniacid: 4
[2020-05-14 10:31:22] trace  /app/index.php?i=4&t=0&v=1.0&from=wxapp&c=entry&a=wxapp&do=getRiderOrder&state=we7sid-db76345d1142a53d080cbcd1b6d4fb71&sign=d26285853eed57c0baea9781311451b4&status=-1&m=make_rider 2020-05-14 10:31[RIDER CLIENT] uniacid: 3
[2020-05-14 10:31:45] trace  /app/index.php?i=4&t=0&v=1.0&from=wxapp&c=entry&a=wxapp&do=riderIsAccept&state=we7sid-db76345d1142a53d080cbcd1b6d4fb71&sign=d2a5204b403a6f63b112192dce6ac339&type=-1&m=make_rider 2020-05-14 10:31[RIDER CLIENT]rider uniacid: 4
[2020-05-14 10:31:45] trace  /app/index.php?i=4&t=0&v=1.0&from=wxapp&c=entry&a=wxapp&do=riderIsAccept&state=we7sid-db76345d1142a53d080cbcd1b6d4fb71&sign=d2a5204b403a6f63b112192dce6ac339&type=-1&m=make_rider 2020-05-14 10:31[RIDER CLIENT] uniacid: 3
[2020-05-14 10:31:46] trace  /app/index.php?i=4&t=0&v=1.0&from=wxapp&c=entry&a=wxapp&do=setRiderLocation&state=we7sid-db76345d1142a53d080cbcd1b6d4fb71&sign=a778540073ad3601ad7e5389f499562d&address=%E6%B2%B3%E5%8D%97%E7%9C%81%E9%83%91%E5%B7%9E%E5%B8%82%E4%B8%AD%E7%89%9F%E5%8E%BF%E4%B8%87%E4%B8%89%E5%85%AC%E8%B7%AF&lat=34.730003&lng=113.918427&m=make_rider 2020-05-14 10:31[RIDER CLIENT]rider uniacid: 4
[2020-05-14 10:31:46] trace  /app/index.php?i=4&t=0&v=1.0&from=wxapp&c=entry&a=wxapp&do=setRiderLocation&state=we7sid-db76345d1142a53d080cbcd1b6d4fb71&sign=a778540073ad3601ad7e5389f499562d&address=%E6%B2%B3%E5%8D%97%E7%9C%81%E9%83%91%E5%B7%9E%E5%B8%82%E4%B8%AD%E7%89%9F%E5%8E%BF%E4%B8%87%E4%B8%89%E5%85%AC%E8%B7%AF&lat=34.730003&lng=113.918427&m=make_rider 2020-05-14 10:31[RIDER CLIENT] uniacid: 3
[2020-05-14 10:31:46] trace  /app/index.php?i=4&t=0&v=1.0&from=wxapp&c=entry&a=wxapp&do=getRiderOrder&state=we7sid-db76345d1142a53d080cbcd1b6d4fb71&sign=d26285853eed57c0baea9781311451b4&status=-1&m=make_rider 2020-05-14 10:31[RIDER CLIENT]rider uniacid: 4
[2020-05-14 10:31:46] trace  /app/index.php?i=4&t=0&v=1.0&from=wxapp&c=entry&a=wxapp&do=getRiderOrder&state=we7sid-db76345d1142a53d080cbcd1b6d4fb71&sign=d26285853eed57c0baea9781311451b4&status=-1&m=make_rider 2020-05-14 10:31[RIDER CLIENT] uniacid: 3
[2020-05-14 10:32:17] trace  /app/index.php?i=4&t=0&v=1.0&from=wxapp&c=entry&a=wxapp&do=riderIsAccept&state=we7sid-db76345d1142a53d080cbcd1b6d4fb71&sign=d2a5204b403a6f63b112192dce6ac339&type=-1&m=make_rider 2020-05-14 10:32[RIDER CLIENT]rider uniacid: 4
[2020-05-14 10:32:17] trace  /app/index.php?i=4&t=0&v=1.0&from=wxapp&c=entry&a=wxapp&do=riderIsAccept&state=we7sid-db76345d1142a53d080cbcd1b6d4fb71&sign=d2a5204b403a6f63b112192dce6ac339&type=-1&m=make_rider 2020-05-14 10:32[RIDER CLIENT] uniacid: 3
[2020-05-14 10:32:18] trace  /app/index.php?i=4&t=0&v=1.0&from=wxapp&c=entry&a=wxapp&do=setRiderLocation&state=we7sid-db76345d1142a53d080cbcd1b6d4fb71&sign=a778540073ad3601ad7e5389f499562d&address=%E6%B2%B3%E5%8D%97%E7%9C%81%E9%83%91%E5%B7%9E%E5%B8%82%E4%B8%AD%E7%89%9F%E5%8E%BF%E4%B8%87%E4%B8%89%E5%85%AC%E8%B7%AF&lat=34.730003&lng=113.918427&m=make_rider 2020-05-14 10:32[RIDER CLIENT]rider uniacid: 4
[2020-05-14 10:32:18] trace  /app/index.php?i=4&t=0&v=1.0&from=wxapp&c=entry&a=wxapp&do=setRiderLocation&state=we7sid-db76345d1142a53d080cbcd1b6d4fb71&sign=a778540073ad3601ad7e5389f499562d&address=%E6%B2%B3%E5%8D%97%E7%9C%81%E9%83%91%E5%B7%9E%E5%B8%82%E4%B8%AD%E7%89%9F%E5%8E%BF%E4%B8%87%E4%B8%89%E5%85%AC%E8%B7%AF&lat=34.730003&lng=113.918427&m=make_rider 2020-05-14 10:32[RIDER CLIENT] uniacid: 3
[2020-05-14 10:32:18] trace  /app/index.php?i=4&t=0&v=1.0&from=wxapp&c=entry&a=wxapp&do=getRiderOrder&state=we7sid-db76345d1142a53d080cbcd1b6d4fb71&sign=d26285853eed57c0baea9781311451b4&status=-1&m=make_rider 2020-05-14 10:32[RIDER CLIENT]rider uniacid: 4
[2020-05-14 10:32:18] trace  /app/index.php?i=4&t=0&v=1.0&from=wxapp&c=entry&a=wxapp&do=getRiderOrder&state=we7sid-db76345d1142a53d080cbcd1b6d4fb71&sign=d26285853eed57c0baea9781311451b4&status=-1&m=make_rider 2020-05-14 10:32[RIDER CLIENT] uniacid: 3
[2020-05-14 11:33:49] trace  /app/index.php?i=4&t=0&v=1.0&from=wxapp&c=entry&a=wxapp&do=riderIsAccept&state=we7sid-db76345d1142a53d080cbcd1b6d4fb71&sign=d2a5204b403a6f63b112192dce6ac339&type=-1&m=make_rider 2020-05-14 11:33[RIDER CLIENT]rider uniacid: 4
[2020-05-14 11:33:49] trace  /app/index.php?i=4&t=0&v=1.0&from=wxapp&c=entry&a=wxapp&do=riderIsAccept&state=we7sid-db76345d1142a53d080cbcd1b6d4fb71&sign=d2a5204b403a6f63b112192dce6ac339&type=-1&m=make_rider 2020-05-14 11:33[RIDER CLIENT] uniacid: 3
[2020-05-14 11:33:50] trace  /app/index.php?i=4&t=0&v=1.0&from=wxapp&c=entry&a=wxapp&do=setRiderLocation&sign=1663939df41b652aea253201a0fe33cb&address=%E6%B2%B3%E5%8D%97%E7%9C%81%E9%83%91%E5%B7%9E%E5%B8%82%E4%B8%AD%E7%89%9F%E5%8E%BF&lat=34.797707&lng=113.847664&m=make_rider 2020-05-14 11:33[RIDER CLIENT]rider uniacid: 4
[2020-05-14 11:33:50] trace  /app/index.php?i=4&t=0&v=1.0&from=wxapp&c=entry&a=wxapp&do=setRiderLocation&sign=1663939df41b652aea253201a0fe33cb&address=%E6%B2%B3%E5%8D%97%E7%9C%81%E9%83%91%E5%B7%9E%E5%B8%82%E4%B8%AD%E7%89%9F%E5%8E%BF&lat=34.797707&lng=113.847664&m=make_rider 2020-05-14 11:33[RIDER CLIENT] uniacid: 3
[2020-05-14 11:33:50] trace  /app/index.php?i=4&t=0&v=1.0&from=wxapp&c=entry&a=wxapp&do=getRiderOrder&sign=46aab0a051f18d770c6f4a27020e55e4&status=-1&m=make_rider 2020-05-14 11:33[RIDER CLIENT]rider uniacid: 4
[2020-05-14 11:33:50] trace  /app/index.php?i=4&t=0&v=1.0&from=wxapp&c=entry&a=wxapp&do=getRiderOrder&sign=46aab0a051f18d770c6f4a27020e55e4&status=-1&m=make_rider 2020-05-14 11:33[RIDER CLIENT] uniacid: 3
[2020-05-14 11:33:51] trace  /app/index.php?i=4&t=0&v=1.0&from=wxapp&c=entry&a=wxapp&do=riderIsAccept&state=we7sid-82451fa6bc6299065877f2d6371e570d&sign=04fd26fbb245f4251862f9c7c1bb3669&type=-1&m=make_rider 2020-05-14 11:33[RIDER CLIENT]rider uniacid: 4
[2020-05-14 11:33:51] trace  /app/index.php?i=4&t=0&v=1.0&from=wxapp&c=entry&a=wxapp&do=riderIsAccept&state=we7sid-82451fa6bc6299065877f2d6371e570d&sign=04fd26fbb245f4251862f9c7c1bb3669&type=-1&m=make_rider 2020-05-14 11:33[RIDER CLIENT] uniacid: 3
[2020-05-14 11:33:55] trace  /app/index.php?i=4&t=0&v=1.0&from=wxapp&c=entry&a=wxapp&do=getRiderOrder&state=we7sid-82451fa6bc6299065877f2d6371e570d&sign=d2f4443e26eb18d05588e3fe312c2731&status=2&page=1&m=make_rider 2020-05-14 11:33[RIDER CLIENT]rider uniacid: 4
[2020-05-14 11:33:55] trace  /app/index.php?i=4&t=0&v=1.0&from=wxapp&c=entry&a=wxapp&do=getRiderOrder&state=we7sid-82451fa6bc6299065877f2d6371e570d&sign=d2f4443e26eb18d05588e3fe312c2731&status=2&page=1&m=make_rider 2020-05-14 11:33[RIDER CLIENT] uniacid: 3
[2020-05-14 11:34:02] trace  /app/index.php?i=4&t=0&v=1.0&from=wxapp&c=entry&a=wxapp&do=riderIsAccept&state=we7sid-82451fa6bc6299065877f2d6371e570d&sign=04fd26fbb245f4251862f9c7c1bb3669&type=-1&m=make_rider 2020-05-14 11:34[RIDER CLIENT]rider uniacid: 4
[2020-05-14 11:34:02] trace  /app/index.php?i=4&t=0&v=1.0&from=wxapp&c=entry&a=wxapp&do=riderIsAccept&state=we7sid-82451fa6bc6299065877f2d6371e570d&sign=04fd26fbb245f4251862f9c7c1bb3669&type=-1&m=make_rider 2020-05-14 11:34[RIDER CLIENT] uniacid: 3
[2020-05-14 11:34:02] trace  /app/index.php?i=4&t=0&v=1.0&from=wxapp&c=entry&a=wxapp&do=setRiderLocation&state=we7sid-82451fa6bc6299065877f2d6371e570d&sign=9f25b4b415cac8a6c5c5b34933afb2cf&address=%E6%B2%B3%E5%8D%97%E7%9C%81%E9%83%91%E5%B7%9E%E5%B8%82%E4%B8%AD%E7%89%9F%E5%8E%BF&lat=34.797707&lng=113.847664&m=make_rider 2020-05-14 11:34[RIDER CLIENT]rider uniacid: 4
[2020-05-14 11:34:02] trace  /app/index.php?i=4&t=0&v=1.0&from=wxapp&c=entry&a=wxapp&do=setRiderLocation&state=we7sid-82451fa6bc6299065877f2d6371e570d&sign=9f25b4b415cac8a6c5c5b34933afb2cf&address=%E6%B2%B3%E5%8D%97%E7%9C%81%E9%83%91%E5%B7%9E%E5%B8%82%E4%B8%AD%E7%89%9F%E5%8E%BF&lat=34.797707&lng=113.847664&m=make_rider 2020-05-14 11:34[RIDER CLIENT] uniacid: 3
[2020-05-14 11:34:03] trace  /app/index.php?i=4&t=0&v=1.0&from=wxapp&c=entry&a=wxapp&do=getRiderOrder&state=we7sid-82451fa6bc6299065877f2d6371e570d&sign=d7600233fb57491481feb63031fb1370&status=-1&m=make_rider 2020-05-14 11:34[RIDER CLIENT]rider uniacid: 4
[2020-05-14 11:34:03] trace  /app/index.php?i=4&t=0&v=1.0&from=wxapp&c=entry&a=wxapp&do=getRiderOrder&state=we7sid-82451fa6bc6299065877f2d6371e570d&sign=d7600233fb57491481feb63031fb1370&status=-1&m=make_rider 2020-05-14 11:34[RIDER CLIENT] uniacid: 3
[2020-05-14 11:34:29] trace  /app/index.php?i=4&t=0&v=1.0&from=wxapp&c=entry&a=wxapp&do=riderAcceptSetting&state=we7sid-82451fa6bc6299065877f2d6371e570d&sign=02117222f9d9cf60a39bf42566232775&shishi=-1&yuyue=-1&m=make_rider 2020-05-14 11:34[RIDER CLIENT]rider uniacid: 4
[2020-05-14 11:34:29] trace  /app/index.php?i=4&t=0&v=1.0&from=wxapp&c=entry&a=wxapp&do=riderAcceptSetting&state=we7sid-82451fa6bc6299065877f2d6371e570d&sign=02117222f9d9cf60a39bf42566232775&shishi=-1&yuyue=-1&m=make_rider 2020-05-14 11:34[RIDER CLIENT] uniacid: 3
[2020-05-14 11:34:36] trace  /app/index.php?i=4&t=0&v=1.0&from=wxapp&c=entry&a=wxapp&do=riderIsAccept&state=we7sid-82451fa6bc6299065877f2d6371e570d&sign=04fd26fbb245f4251862f9c7c1bb3669&type=-1&m=make_rider 2020-05-14 11:34[RIDER CLIENT]rider uniacid: 4
[2020-05-14 11:34:36] trace  /app/index.php?i=4&t=0&v=1.0&from=wxapp&c=entry&a=wxapp&do=riderIsAccept&state=we7sid-82451fa6bc6299065877f2d6371e570d&sign=04fd26fbb245f4251862f9c7c1bb3669&type=-1&m=make_rider 2020-05-14 11:34[RIDER CLIENT] uniacid: 3
[2020-05-14 11:34:37] trace  /app/index.php?i=4&t=0&v=1.0&from=wxapp&c=entry&a=wxapp&do=setRiderLocation&state=we7sid-82451fa6bc6299065877f2d6371e570d&sign=9f25b4b415cac8a6c5c5b34933afb2cf&address=%E6%B2%B3%E5%8D%97%E7%9C%81%E9%83%91%E5%B7%9E%E5%B8%82%E4%B8%AD%E7%89%9F%E5%8E%BF&lat=34.797707&lng=113.847664&m=make_rider 2020-05-14 11:34[RIDER CLIENT]rider uniacid: 4
[2020-05-14 11:34:37] trace  /app/index.php?i=4&t=0&v=1.0&from=wxapp&c=entry&a=wxapp&do=setRiderLocation&state=we7sid-82451fa6bc6299065877f2d6371e570d&sign=9f25b4b415cac8a6c5c5b34933afb2cf&address=%E6%B2%B3%E5%8D%97%E7%9C%81%E9%83%91%E5%B7%9E%E5%B8%82%E4%B8%AD%E7%89%9F%E5%8E%BF&lat=34.797707&lng=113.847664&m=make_rider 2020-05-14 11:34[RIDER CLIENT] uniacid: 3
[2020-05-14 11:34:37] trace  /app/index.php?i=4&t=0&v=1.0&from=wxapp&c=entry&a=wxapp&do=getRiderOrder&state=we7sid-82451fa6bc6299065877f2d6371e570d&sign=d7600233fb57491481feb63031fb1370&status=-1&m=make_rider 2020-05-14 11:34[RIDER CLIENT]rider uniacid: 4
[2020-05-14 11:34:37] trace  /app/index.php?i=4&t=0&v=1.0&from=wxapp&c=entry&a=wxapp&do=getRiderOrder&state=we7sid-82451fa6bc6299065877f2d6371e570d&sign=d7600233fb57491481feb63031fb1370&status=-1&m=make_rider 2020-05-14 11:34[RIDER CLIENT] uniacid: 3
[2020-05-14 11:35:00] trace  /app/index.php?i=4&t=0&v=1.0&from=wxapp&c=entry&a=wxapp&do=riderIsAccept&state=we7sid-82451fa6bc6299065877f2d6371e570d&sign=04fd26fbb245f4251862f9c7c1bb3669&type=-1&m=make_rider 2020-05-14 11:35[RIDER CLIENT]rider uniacid: 4
[2020-05-14 11:35:00] trace  /app/index.php?i=4&t=0&v=1.0&from=wxapp&c=entry&a=wxapp&do=riderIsAccept&state=we7sid-82451fa6bc6299065877f2d6371e570d&sign=04fd26fbb245f4251862f9c7c1bb3669&type=-1&m=make_rider 2020-05-14 11:35[RIDER CLIENT] uniacid: 3
[2020-05-14 11:35:00] trace  /app/index.php?i=4&t=0&v=1.0&from=wxapp&c=entry&a=wxapp&do=setRiderLocation&state=we7sid-82451fa6bc6299065877f2d6371e570d&sign=9f25b4b415cac8a6c5c5b34933afb2cf&address=%E6%B2%B3%E5%8D%97%E7%9C%81%E9%83%91%E5%B7%9E%E5%B8%82%E4%B8%AD%E7%89%9F%E5%8E%BF&lat=34.797707&lng=113.847664&m=make_rider 2020-05-14 11:35[RIDER CLIENT]rider uniacid: 4
[2020-05-14 11:35:00] trace  /app/index.php?i=4&t=0&v=1.0&from=wxapp&c=entry&a=wxapp&do=setRiderLocation&state=we7sid-82451fa6bc6299065877f2d6371e570d&sign=9f25b4b415cac8a6c5c5b34933afb2cf&address=%E6%B2%B3%E5%8D%97%E7%9C%81%E9%83%91%E5%B7%9E%E5%B8%82%E4%B8%AD%E7%89%9F%E5%8E%BF&lat=34.797707&lng=113.847664&m=make_rider 2020-05-14 11:35[RIDER CLIENT] uniacid: 3
[2020-05-14 11:35:01] trace  /app/index.php?i=4&t=0&v=1.0&from=wxapp&c=entry&a=wxapp&do=getRiderOrder&state=we7sid-82451fa6bc6299065877f2d6371e570d&sign=d7600233fb57491481feb63031fb1370&status=-1&m=make_rider 2020-05-14 11:35[RIDER CLIENT]rider uniacid: 4
[2020-05-14 11:35:01] trace  /app/index.php?i=4&t=0&v=1.0&from=wxapp&c=entry&a=wxapp&do=getRiderOrder&state=we7sid-82451fa6bc6299065877f2d6371e570d&sign=d7600233fb57491481feb63031fb1370&status=-1&m=make_rider 2020-05-14 11:35[RIDER CLIENT] uniacid: 3
[2020-05-14 11:35:17] trace  /app/index.php?i=4&t=0&v=1.0&from=wxapp&c=entry&a=wxapp&do=riderIsAccept&state=we7sid-82451fa6bc6299065877f2d6371e570d&sign=04fd26fbb245f4251862f9c7c1bb3669&type=-1&m=make_rider 2020-05-14 11:35[RIDER CLIENT]rider uniacid: 4
[2020-05-14 11:35:17] trace  /app/index.php?i=4&t=0&v=1.0&from=wxapp&c=entry&a=wxapp&do=riderIsAccept&state=we7sid-82451fa6bc6299065877f2d6371e570d&sign=04fd26fbb245f4251862f9c7c1bb3669&type=-1&m=make_rider 2020-05-14 11:35[RIDER CLIENT] uniacid: 3
[2020-05-14 11:35:18] trace  /app/index.php?i=4&t=0&v=1.0&from=wxapp&c=entry&a=wxapp&do=setRiderLocation&state=we7sid-82451fa6bc6299065877f2d6371e570d&sign=9f25b4b415cac8a6c5c5b34933afb2cf&address=%E6%B2%B3%E5%8D%97%E7%9C%81%E9%83%91%E5%B7%9E%E5%B8%82%E4%B8%AD%E7%89%9F%E5%8E%BF&lat=34.797707&lng=113.847664&m=make_rider 2020-05-14 11:35[RIDER CLIENT]rider uniacid: 4
[2020-05-14 11:35:18] trace  /app/index.php?i=4&t=0&v=1.0&from=wxapp&c=entry&a=wxapp&do=setRiderLocation&state=we7sid-82451fa6bc6299065877f2d6371e570d&sign=9f25b4b415cac8a6c5c5b34933afb2cf&address=%E6%B2%B3%E5%8D%97%E7%9C%81%E9%83%91%E5%B7%9E%E5%B8%82%E4%B8%AD%E7%89%9F%E5%8E%BF&lat=34.797707&lng=113.847664&m=make_rider 2020-05-14 11:35[RIDER CLIENT] uniacid: 3
[2020-05-14 11:35:18] trace  /app/index.php?i=4&t=0&v=1.0&from=wxapp&c=entry&a=wxapp&do=getRiderOrder&state=we7sid-82451fa6bc6299065877f2d6371e570d&sign=d7600233fb57491481feb63031fb1370&status=-1&m=make_rider 2020-05-14 11:35[RIDER CLIENT]rider uniacid: 4
[2020-05-14 11:35:18] trace  /app/index.php?i=4&t=0&v=1.0&from=wxapp&c=entry&a=wxapp&do=getRiderOrder&state=we7sid-82451fa6bc6299065877f2d6371e570d&sign=d7600233fb57491481feb63031fb1370&status=-1&m=make_rider 2020-05-14 11:35[RIDER CLIENT] uniacid: 3
[2020-05-14 11:35:33] trace  /app/index.php?i=4&t=0&v=1.0&from=wxapp&c=entry&a=wxapp&do=riderIsAccept&state=we7sid-82451fa6bc6299065877f2d6371e570d&sign=04fd26fbb245f4251862f9c7c1bb3669&type=-1&m=make_rider 2020-05-14 11:35[RIDER CLIENT]rider uniacid: 4
[2020-05-14 11:35:33] trace  /app/index.php?i=4&t=0&v=1.0&from=wxapp&c=entry&a=wxapp&do=riderIsAccept&state=we7sid-82451fa6bc6299065877f2d6371e570d&sign=04fd26fbb245f4251862f9c7c1bb3669&type=-1&m=make_rider 2020-05-14 11:35[RIDER CLIENT] uniacid: 3
[2020-05-14 11:35:33] trace  /app/index.php?i=4&t=0&v=1.0&from=wxapp&c=entry&a=wxapp&do=setRiderLocation&state=we7sid-82451fa6bc6299065877f2d6371e570d&sign=9f25b4b415cac8a6c5c5b34933afb2cf&address=%E6%B2%B3%E5%8D%97%E7%9C%81%E9%83%91%E5%B7%9E%E5%B8%82%E4%B8%AD%E7%89%9F%E5%8E%BF&lat=34.797707&lng=113.847664&m=make_rider 2020-05-14 11:35[RIDER CLIENT]rider uniacid: 4
[2020-05-14 11:35:33] trace  /app/index.php?i=4&t=0&v=1.0&from=wxapp&c=entry&a=wxapp&do=setRiderLocation&state=we7sid-82451fa6bc6299065877f2d6371e570d&sign=9f25b4b415cac8a6c5c5b34933afb2cf&address=%E6%B2%B3%E5%8D%97%E7%9C%81%E9%83%91%E5%B7%9E%E5%B8%82%E4%B8%AD%E7%89%9F%E5%8E%BF&lat=34.797707&lng=113.847664&m=make_rider 2020-05-14 11:35[RIDER CLIENT] uniacid: 3
[2020-05-14 11:35:34] trace  /app/index.php?i=4&t=0&v=1.0&from=wxapp&c=entry&a=wxapp&do=getRiderOrder&state=we7sid-82451fa6bc6299065877f2d6371e570d&sign=d7600233fb57491481feb63031fb1370&status=-1&m=make_rider 2020-05-14 11:35[RIDER CLIENT]rider uniacid: 4
[2020-05-14 11:35:34] trace  /app/index.php?i=4&t=0&v=1.0&from=wxapp&c=entry&a=wxapp&do=getRiderOrder&state=we7sid-82451fa6bc6299065877f2d6371e570d&sign=d7600233fb57491481feb63031fb1370&status=-1&m=make_rider 2020-05-14 11:35[RIDER CLIENT] uniacid: 3
[2020-05-14 11:35:37] trace  /app/index.php?i=4&t=0&v=1.0&from=wxapp&c=entry&a=wxapp&do=getRiderOrder&state=we7sid-82451fa6bc6299065877f2d6371e570d&sign=d2f4443e26eb18d05588e3fe312c2731&status=2&page=1&m=make_rider 2020-05-14 11:35[RIDER CLIENT]rider uniacid: 4
[2020-05-14 11:35:37] trace  /app/index.php?i=4&t=0&v=1.0&from=wxapp&c=entry&a=wxapp&do=getRiderOrder&state=we7sid-82451fa6bc6299065877f2d6371e570d&sign=d2f4443e26eb18d05588e3fe312c2731&status=2&page=1&m=make_rider 2020-05-14 11:35[RIDER CLIENT] uniacid: 3
[2020-05-14 11:35:41] trace  /app/index.php?i=4&t=0&v=1.0&from=wxapp&c=entry&a=wxapp&do=acceptOrder&state=we7sid-82451fa6bc6299065877f2d6371e570d&sign=18d67bb6a3755bcd6b63af2f75e9d67b&order_id=183&m=make_rider 2020-05-14 11:35[RIDER CLIENT]rider uniacid: 4
[2020-05-14 11:35:41] trace  /app/index.php?i=4&t=0&v=1.0&from=wxapp&c=entry&a=wxapp&do=acceptOrder&state=we7sid-82451fa6bc6299065877f2d6371e570d&sign=18d67bb6a3755bcd6b63af2f75e9d67b&order_id=183&m=make_rider 2020-05-14 11:35[RIDER CLIENT] uniacid: 3
[2020-05-14 11:35:41] trace  /app/index.php?i=4&t=0&v=1.0&from=wxapp&c=entry&a=wxapp&do=acceptOrder&state=we7sid-82451fa6bc6299065877f2d6371e570d&sign=18d67bb6a3755bcd6b63af2f75e9d67b&order_id=183&m=make_rider 2020-05-14 11:35[sendTemplate] Error: 未设置骑手接单通知用户模板消息
[2020-05-14 11:35:41] trace  /app/index.php?i=4&t=0&v=1.0&from=wxapp&c=entry&a=wxapp&do=acceptOrder&state=we7sid-82451fa6bc6299065877f2d6371e570d&sign=18d67bb6a3755bcd6b63af2f75e9d67b&order_id=183&m=make_rider 2020-05-14 11:35[sendTemplate Rider] Error:invalid template_id hint: [QqTxza03883924]
[2020-05-14 11:35:42] trace  /app/index.php?i=4&t=0&v=1.0&from=wxapp&c=entry&a=wxapp&do=getRiderOrder&state=we7sid-82451fa6bc6299065877f2d6371e570d&sign=6d391c96a767362c1cf8cfa151c83e15&status=3&page=1&m=make_rider 2020-05-14 11:35[RIDER CLIENT]rider uniacid: 4
[2020-05-14 11:35:42] trace  /app/index.php?i=4&t=0&v=1.0&from=wxapp&c=entry&a=wxapp&do=getRiderOrder&state=we7sid-82451fa6bc6299065877f2d6371e570d&sign=6d391c96a767362c1cf8cfa151c83e15&status=3&page=1&m=make_rider 2020-05-14 11:35[RIDER CLIENT] uniacid: 3
[2020-05-14 11:35:43] trace  /app/index.php?i=4&t=0&v=1.0&from=wxapp&c=entry&a=wxapp&do=setRiderLocation&state=we7sid-82451fa6bc6299065877f2d6371e570d&sign=5aabcc934dcef8a191a17ff7a665faef&address=&lat=34.79718044704861&lng=113.84750786675347&m=make_rider 2020-05-14 11:35[RIDER CLIENT]rider uniacid: 4
[2020-05-14 11:35:43] trace  /app/index.php?i=4&t=0&v=1.0&from=wxapp&c=entry&a=wxapp&do=setRiderLocation&state=we7sid-82451fa6bc6299065877f2d6371e570d&sign=5aabcc934dcef8a191a17ff7a665faef&address=&lat=34.79718044704861&lng=113.84750786675347&m=make_rider 2020-05-14 11:35[RIDER CLIENT] uniacid: 3
[2020-05-14 11:36:07] trace  /app/index.php?i=4&t=0&v=1.0&from=wxapp&c=entry&a=wxapp&do=riderIsAccept&state=we7sid-82451fa6bc6299065877f2d6371e570d&sign=04fd26fbb245f4251862f9c7c1bb3669&type=-1&m=make_rider 2020-05-14 11:36[RIDER CLIENT]rider uniacid: 4
[2020-05-14 11:36:07] trace  /app/index.php?i=4&t=0&v=1.0&from=wxapp&c=entry&a=wxapp&do=riderIsAccept&state=we7sid-82451fa6bc6299065877f2d6371e570d&sign=04fd26fbb245f4251862f9c7c1bb3669&type=-1&m=make_rider 2020-05-14 11:36[RIDER CLIENT] uniacid: 3
[2020-05-14 11:36:07] trace  /app/index.php?i=4&t=0&v=1.0&from=wxapp&c=entry&a=wxapp&do=setRiderLocation&state=we7sid-82451fa6bc6299065877f2d6371e570d&sign=9f25b4b415cac8a6c5c5b34933afb2cf&address=%E6%B2%B3%E5%8D%97%E7%9C%81%E9%83%91%E5%B7%9E%E5%B8%82%E4%B8%AD%E7%89%9F%E5%8E%BF&lat=34.797707&lng=113.847664&m=make_rider 2020-05-14 11:36[RIDER CLIENT]rider uniacid: 4
[2020-05-14 11:36:07] trace  /app/index.php?i=4&t=0&v=1.0&from=wxapp&c=entry&a=wxapp&do=setRiderLocation&state=we7sid-82451fa6bc6299065877f2d6371e570d&sign=9f25b4b415cac8a6c5c5b34933afb2cf&address=%E6%B2%B3%E5%8D%97%E7%9C%81%E9%83%91%E5%B7%9E%E5%B8%82%E4%B8%AD%E7%89%9F%E5%8E%BF&lat=34.797707&lng=113.847664&m=make_rider 2020-05-14 11:36[RIDER CLIENT] uniacid: 3
[2020-05-14 11:36:08] trace  /app/index.php?i=4&t=0&v=1.0&from=wxapp&c=entry&a=wxapp&do=getRiderOrder&state=we7sid-82451fa6bc6299065877f2d6371e570d&sign=d7600233fb57491481feb63031fb1370&status=-1&m=make_rider 2020-05-14 11:36[RIDER CLIENT]rider uniacid: 4
[2020-05-14 11:36:08] trace  /app/index.php?i=4&t=0&v=1.0&from=wxapp&c=entry&a=wxapp&do=getRiderOrder&state=we7sid-82451fa6bc6299065877f2d6371e570d&sign=d7600233fb57491481feb63031fb1370&status=-1&m=make_rider 2020-05-14 11:36[RIDER CLIENT] uniacid: 3
[2020-05-14 11:36:16] trace  /app/index.php?i=4&t=0&v=1.0&from=wxapp&c=entry&a=wxapp&do=riderAcceptSetting&state=we7sid-82451fa6bc6299065877f2d6371e570d&sign=02117222f9d9cf60a39bf42566232775&shishi=-1&yuyue=-1&m=make_rider 2020-05-14 11:36[RIDER CLIENT]rider uniacid: 4
[2020-05-14 11:36:16] trace  /app/index.php?i=4&t=0&v=1.0&from=wxapp&c=entry&a=wxapp&do=riderAcceptSetting&state=we7sid-82451fa6bc6299065877f2d6371e570d&sign=02117222f9d9cf60a39bf42566232775&shishi=-1&yuyue=-1&m=make_rider 2020-05-14 11:36[RIDER CLIENT] uniacid: 3
[2020-05-14 11:36:30] trace  /app/index.php?i=4&t=0&v=1.0&from=wxapp&c=entry&a=wxapp&do=riderIsAccept&state=we7sid-82451fa6bc6299065877f2d6371e570d&sign=04fd26fbb245f4251862f9c7c1bb3669&type=-1&m=make_rider 2020-05-14 11:36[RIDER CLIENT]rider uniacid: 4
[2020-05-14 11:36:30] trace  /app/index.php?i=4&t=0&v=1.0&from=wxapp&c=entry&a=wxapp&do=riderIsAccept&state=we7sid-82451fa6bc6299065877f2d6371e570d&sign=04fd26fbb245f4251862f9c7c1bb3669&type=-1&m=make_rider 2020-05-14 11:36[RIDER CLIENT] uniacid: 3
[2020-05-14 11:36:31] trace  /app/index.php?i=4&t=0&v=1.0&from=wxapp&c=entry&a=wxapp&do=setRiderLocation&state=we7sid-82451fa6bc6299065877f2d6371e570d&sign=9f25b4b415cac8a6c5c5b34933afb2cf&address=%E6%B2%B3%E5%8D%97%E7%9C%81%E9%83%91%E5%B7%9E%E5%B8%82%E4%B8%AD%E7%89%9F%E5%8E%BF&lat=34.797707&lng=113.847664&m=make_rider 2020-05-14 11:36[RIDER CLIENT]rider uniacid: 4
[2020-05-14 11:36:31] trace  /app/index.php?i=4&t=0&v=1.0&from=wxapp&c=entry&a=wxapp&do=setRiderLocation&state=we7sid-82451fa6bc6299065877f2d6371e570d&sign=9f25b4b415cac8a6c5c5b34933afb2cf&address=%E6%B2%B3%E5%8D%97%E7%9C%81%E9%83%91%E5%B7%9E%E5%B8%82%E4%B8%AD%E7%89%9F%E5%8E%BF&lat=34.797707&lng=113.847664&m=make_rider 2020-05-14 11:36[RIDER CLIENT] uniacid: 3
[2020-05-14 11:36:31] trace  /app/index.php?i=4&t=0&v=1.0&from=wxapp&c=entry&a=wxapp&do=getRiderOrder&state=we7sid-82451fa6bc6299065877f2d6371e570d&sign=d7600233fb57491481feb63031fb1370&status=-1&m=make_rider 2020-05-14 11:36[RIDER CLIENT]rider uniacid: 4
[2020-05-14 11:36:31] trace  /app/index.php?i=4&t=0&v=1.0&from=wxapp&c=entry&a=wxapp&do=getRiderOrder&state=we7sid-82451fa6bc6299065877f2d6371e570d&sign=d7600233fb57491481feb63031fb1370&status=-1&m=make_rider 2020-05-14 11:36[RIDER CLIENT] uniacid: 3
[2020-05-14 11:37:03] trace  /app/index.php?i=4&t=0&v=1.0&from=wxapp&c=entry&a=wxapp&do=riderIsAccept&state=we7sid-82451fa6bc6299065877f2d6371e570d&sign=04fd26fbb245f4251862f9c7c1bb3669&type=-1&m=make_rider 2020-05-14 11:37[RIDER CLIENT]rider uniacid: 4
[2020-05-14 11:37:03] trace  /app/index.php?i=4&t=0&v=1.0&from=wxapp&c=entry&a=wxapp&do=riderIsAccept&state=we7sid-82451fa6bc6299065877f2d6371e570d&sign=04fd26fbb245f4251862f9c7c1bb3669&type=-1&m=make_rider 2020-05-14 11:37[RIDER CLIENT] uniacid: 3
[2020-05-14 11:37:03] trace  /app/index.php?i=4&t=0&v=1.0&from=wxapp&c=entry&a=wxapp&do=uploadImage&m=make_rider& 2020-05-14 11:37[RIDER CLIENT]rider uniacid: 4
[2020-05-14 11:37:03] trace  /app/index.php?i=4&t=0&v=1.0&from=wxapp&c=entry&a=wxapp&do=uploadImage&m=make_rider& 2020-05-14 11:37[RIDER CLIENT] uniacid: 3
[2020-05-14 11:37:04] trace  /app/index.php?i=4&t=0&v=1.0&from=wxapp&c=entry&a=wxapp&do=setRiderLocation&state=we7sid-82451fa6bc6299065877f2d6371e570d&sign=9f25b4b415cac8a6c5c5b34933afb2cf&address=%E6%B2%B3%E5%8D%97%E7%9C%81%E9%83%91%E5%B7%9E%E5%B8%82%E4%B8%AD%E7%89%9F%E5%8E%BF&lat=34.797707&lng=113.847664&m=make_rider 2020-05-14 11:37[RIDER CLIENT]rider uniacid: 4
[2020-05-14 11:37:04] trace  /app/index.php?i=4&t=0&v=1.0&from=wxapp&c=entry&a=wxapp&do=setRiderLocation&state=we7sid-82451fa6bc6299065877f2d6371e570d&sign=9f25b4b415cac8a6c5c5b34933afb2cf&address=%E6%B2%B3%E5%8D%97%E7%9C%81%E9%83%91%E5%B7%9E%E5%B8%82%E4%B8%AD%E7%89%9F%E5%8E%BF&lat=34.797707&lng=113.847664&m=make_rider 2020-05-14 11:37[RIDER CLIENT] uniacid: 3
[2020-05-14 11:37:04] trace  /app/index.php?i=4&t=0&v=1.0&from=wxapp&c=entry&a=wxapp&do=getRiderOrder&state=we7sid-82451fa6bc6299065877f2d6371e570d&sign=d7600233fb57491481feb63031fb1370&status=-1&m=make_rider 2020-05-14 11:37[RIDER CLIENT]rider uniacid: 4
[2020-05-14 11:37:04] trace  /app/index.php?i=4&t=0&v=1.0&from=wxapp&c=entry&a=wxapp&do=getRiderOrder&state=we7sid-82451fa6bc6299065877f2d6371e570d&sign=d7600233fb57491481feb63031fb1370&status=-1&m=make_rider 2020-05-14 11:37[RIDER CLIENT] uniacid: 3
[2020-05-14 11:37:11] trace  /app/index.php?i=4&t=0&v=1.0&from=wxapp&c=entry&a=wxapp&do=rider_update_order&state=we7sid-82451fa6bc6299065877f2d6371e570d&sign=47c64f12021456434a642c6530957c65&id=201&goods_code=&goods_img=%2Fuploads%2Fprogram%2F20200514%2F4235ebcbcdfe218c.jpg&end_img=&lat=34.79723442925347&lng=113.8475279405382&type=0&m=make_rider 2020-05-14 11:37[RIDER CLIENT]rider uniacid: 4
[2020-05-14 11:37:11] trace  /app/index.php?i=4&t=0&v=1.0&from=wxapp&c=entry&a=wxapp&do=rider_update_order&state=we7sid-82451fa6bc6299065877f2d6371e570d&sign=47c64f12021456434a642c6530957c65&id=201&goods_code=&goods_img=%2Fuploads%2Fprogram%2F20200514%2F4235ebcbcdfe218c.jpg&end_img=&lat=34.79723442925347&lng=113.8475279405382&type=0&m=make_rider 2020-05-14 11:37[RIDER CLIENT] uniacid: 3
[2020-05-14 11:37:17] trace  /app/index.php?i=4&t=0&v=1.0&from=wxapp&c=entry&a=wxapp&do=rider_update_order&state=we7sid-82451fa6bc6299065877f2d6371e570d&sign=cd741d939e12f2f79ac5ec377e94532b&id=201&goods_code=&goods_img=%2Fuploads%2Fprogram%2F20200514%2F4235ebcbcdfe218c.jpg&end_img=&lat=34.797230631510416&lng=113.84752685546874&type=0&m=make_rider 2020-05-14 11:37[RIDER CLIENT]rider uniacid: 4
[2020-05-14 11:37:17] trace  /app/index.php?i=4&t=0&v=1.0&from=wxapp&c=entry&a=wxapp&do=rider_update_order&state=we7sid-82451fa6bc6299065877f2d6371e570d&sign=cd741d939e12f2f79ac5ec377e94532b&id=201&goods_code=&goods_img=%2Fuploads%2Fprogram%2F20200514%2F4235ebcbcdfe218c.jpg&end_img=&lat=34.797230631510416&lng=113.84752685546874&type=0&m=make_rider 2020-05-14 11:37[RIDER CLIENT] uniacid: 3
[2020-05-14 11:37:34] trace  /app/index.php?i=4&t=0&v=1.0&from=wxapp&c=entry&a=wxapp&do=rider_update_order&state=we7sid-82451fa6bc6299065877f2d6371e570d&sign=be2b6d724ffc49d433c4132902e9f63b&id=201&goods_code=633996&goods_img=%2Fuploads%2Fprogram%2F20200514%2F4235ebcbcdfe218c.jpg&end_img=&lat=34.797245551215276&lng=113.84753879123264&type=0&m=make_rider 2020-05-14 11:37[RIDER CLIENT]rider uniacid: 4
[2020-05-14 11:37:34] trace  /app/index.php?i=4&t=0&v=1.0&from=wxapp&c=entry&a=wxapp&do=rider_update_order&state=we7sid-82451fa6bc6299065877f2d6371e570d&sign=be2b6d724ffc49d433c4132902e9f63b&id=201&goods_code=633996&goods_img=%2Fuploads%2Fprogram%2F20200514%2F4235ebcbcdfe218c.jpg&end_img=&lat=34.797245551215276&lng=113.84753879123264&type=0&m=make_rider 2020-05-14 11:37[RIDER CLIENT] uniacid: 3
[2020-05-14 11:37:35] trace  /app/index.php?i=4&t=0&v=1.0&from=wxapp&c=entry&a=wxapp&do=getRiderOrder&state=we7sid-82451fa6bc6299065877f2d6371e570d&sign=d7600233fb57491481feb63031fb1370&status=-1&m=make_rider 2020-05-14 11:37[RIDER CLIENT]rider uniacid: 4
[2020-05-14 11:37:35] trace  /app/index.php?i=4&t=0&v=1.0&from=wxapp&c=entry&a=wxapp&do=getRiderOrder&state=we7sid-82451fa6bc6299065877f2d6371e570d&sign=d7600233fb57491481feb63031fb1370&status=-1&m=make_rider 2020-05-14 11:37[RIDER CLIENT] uniacid: 3
[2020-05-14 11:37:35] trace  /app/index.php?i=4&t=0&v=1.0&from=wxapp&c=entry&a=wxapp&do=riderIsAccept&state=we7sid-82451fa6bc6299065877f2d6371e570d&sign=04fd26fbb245f4251862f9c7c1bb3669&type=-1&m=make_rider 2020-05-14 11:37[RIDER CLIENT]rider uniacid: 4
[2020-05-14 11:37:35] trace  /app/index.php?i=4&t=0&v=1.0&from=wxapp&c=entry&a=wxapp&do=riderIsAccept&state=we7sid-82451fa6bc6299065877f2d6371e570d&sign=04fd26fbb245f4251862f9c7c1bb3669&type=-1&m=make_rider 2020-05-14 11:37[RIDER CLIENT] uniacid: 3
[2020-05-14 11:37:35] trace  /app/index.php?i=4&t=0&v=1.0&from=wxapp&c=entry&a=wxapp&do=setRiderLocation&state=we7sid-82451fa6bc6299065877f2d6371e570d&sign=401696c236c6ce14a0ba48097dba00cf&address=&lat=34.797245551215276&lng=113.84753879123264&m=make_rider 2020-05-14 11:37[RIDER CLIENT]rider uniacid: 4
[2020-05-14 11:37:35] trace  /app/index.php?i=4&t=0&v=1.0&from=wxapp&c=entry&a=wxapp&do=setRiderLocation&state=we7sid-82451fa6bc6299065877f2d6371e570d&sign=401696c236c6ce14a0ba48097dba00cf&address=&lat=34.797245551215276&lng=113.84753879123264&m=make_rider 2020-05-14 11:37[RIDER CLIENT] uniacid: 3
[2020-05-14 11:37:54] trace  /app/index.php?i=4&t=0&v=1.0&from=wxapp&c=entry&a=wxapp&do=uploadImage&m=make_rider& 2020-05-14 11:37[RIDER CLIENT]rider uniacid: 4
[2020-05-14 11:37:54] trace  /app/index.php?i=4&t=0&v=1.0&from=wxapp&c=entry&a=wxapp&do=riderIsAccept&state=we7sid-82451fa6bc6299065877f2d6371e570d&sign=04fd26fbb245f4251862f9c7c1bb3669&type=-1&m=make_rider 2020-05-14 11:37[RIDER CLIENT]rider uniacid: 4
[2020-05-14 11:37:54] trace  /app/index.php?i=4&t=0&v=1.0&from=wxapp&c=entry&a=wxapp&do=riderIsAccept&state=we7sid-82451fa6bc6299065877f2d6371e570d&sign=04fd26fbb245f4251862f9c7c1bb3669&type=-1&m=make_rider 2020-05-14 11:37[RIDER CLIENT] uniacid: 3
[2020-05-14 11:37:54] trace  /app/index.php?i=4&t=0&v=1.0&from=wxapp&c=entry&a=wxapp&do=uploadImage&m=make_rider& 2020-05-14 11:37[RIDER CLIENT] uniacid: 3
[2020-05-14 11:37:54] trace  /app/index.php?i=4&t=0&v=1.0&from=wxapp&c=entry&a=wxapp&do=setRiderLocation&state=we7sid-82451fa6bc6299065877f2d6371e570d&sign=9f25b4b415cac8a6c5c5b34933afb2cf&address=%E6%B2%B3%E5%8D%97%E7%9C%81%E9%83%91%E5%B7%9E%E5%B8%82%E4%B8%AD%E7%89%9F%E5%8E%BF&lat=34.797707&lng=113.847664&m=make_rider 2020-05-14 11:37[RIDER CLIENT]rider uniacid: 4
[2020-05-14 11:37:54] trace  /app/index.php?i=4&t=0&v=1.0&from=wxapp&c=entry&a=wxapp&do=setRiderLocation&state=we7sid-82451fa6bc6299065877f2d6371e570d&sign=9f25b4b415cac8a6c5c5b34933afb2cf&address=%E6%B2%B3%E5%8D%97%E7%9C%81%E9%83%91%E5%B7%9E%E5%B8%82%E4%B8%AD%E7%89%9F%E5%8E%BF&lat=34.797707&lng=113.847664&m=make_rider 2020-05-14 11:37[RIDER CLIENT] uniacid: 3
[2020-05-14 11:37:55] trace  /app/index.php?i=4&t=0&v=1.0&from=wxapp&c=entry&a=wxapp&do=getRiderOrder&state=we7sid-82451fa6bc6299065877f2d6371e570d&sign=d7600233fb57491481feb63031fb1370&status=-1&m=make_rider 2020-05-14 11:37[RIDER CLIENT]rider uniacid: 4
[2020-05-14 11:37:55] trace  /app/index.php?i=4&t=0&v=1.0&from=wxapp&c=entry&a=wxapp&do=getRiderOrder&state=we7sid-82451fa6bc6299065877f2d6371e570d&sign=d7600233fb57491481feb63031fb1370&status=-1&m=make_rider 2020-05-14 11:37[RIDER CLIENT] uniacid: 3
[2020-05-14 13:02:07] trace  /app/index.php?i=4&t=0&v=1.0&from=wxapp&c=entry&a=wxapp&do=riderIsAccept&state=we7sid-82451fa6bc6299065877f2d6371e570d&sign=04fd26fbb245f4251862f9c7c1bb3669&type=-1&m=make_rider 2020-05-14 13:02[RIDER CLIENT]rider uniacid: 4
[2020-05-14 13:02:07] trace  /app/index.php?i=4&t=0&v=1.0&from=wxapp&c=entry&a=wxapp&do=riderIsAccept&state=we7sid-82451fa6bc6299065877f2d6371e570d&sign=04fd26fbb245f4251862f9c7c1bb3669&type=-1&m=make_rider 2020-05-14 13:02[RIDER CLIENT] uniacid: 3
[2020-05-14 13:02:08] trace  /app/index.php?i=4&t=0&v=1.0&from=wxapp&c=entry&a=wxapp&do=setRiderLocation&sign=63351f457ac956c20b1fc69e6ff412c1&address=%E6%B2%B3%E5%8D%97%E7%9C%81%E9%83%91%E5%B7%9E%E5%B8%82%E7%AE%A1%E5%9F%8E%E5%9B%9E%E6%97%8F%E5%8C%BA%E5%95%86%E9%83%BD%E8%B7%AF%E4%B8%8E%E4%B8%83%E9%87%8C%E6%B2%B3%E5%8D%97%E8%B7%AF%E4%BA%A4%E6%B1%87%E5%A4%84&lat=34.7458&lng=113.741051&m=make_rider 2020-05-14 13:02[RIDER CLIENT]rider uniacid: 4
[2020-05-14 13:02:08] trace  /app/index.php?i=4&t=0&v=1.0&from=wxapp&c=entry&a=wxapp&do=setRiderLocation&sign=63351f457ac956c20b1fc69e6ff412c1&address=%E6%B2%B3%E5%8D%97%E7%9C%81%E9%83%91%E5%B7%9E%E5%B8%82%E7%AE%A1%E5%9F%8E%E5%9B%9E%E6%97%8F%E5%8C%BA%E5%95%86%E9%83%BD%E8%B7%AF%E4%B8%8E%E4%B8%83%E9%87%8C%E6%B2%B3%E5%8D%97%E8%B7%AF%E4%BA%A4%E6%B1%87%E5%A4%84&lat=34.7458&lng=113.741051&m=make_rider 2020-05-14 13:02[RIDER CLIENT] uniacid: 3
[2020-05-14 13:02:08] trace  /app/index.php?i=4&t=0&v=1.0&from=wxapp&c=entry&a=wxapp&do=getRiderOrder&sign=46aab0a051f18d770c6f4a27020e55e4&status=-1&m=make_rider 2020-05-14 13:02[RIDER CLIENT]rider uniacid: 4
[2020-05-14 13:02:08] trace  /app/index.php?i=4&t=0&v=1.0&from=wxapp&c=entry&a=wxapp&do=getRiderOrder&sign=46aab0a051f18d770c6f4a27020e55e4&status=-1&m=make_rider 2020-05-14 13:02[RIDER CLIENT] uniacid: 3
[2020-05-14 13:02:09] trace  /app/index.php?i=4&t=0&v=1.0&from=wxapp&c=entry&a=wxapp&do=riderIsAccept&state=we7sid-098391d0de0d5964eae11172f6db11af&sign=f89793f76e9c9cfe6614d0bcaf6708fd&type=-1&m=make_rider 2020-05-14 13:02[RIDER CLIENT]rider uniacid: 4
[2020-05-14 13:02:09] trace  /app/index.php?i=4&t=0&v=1.0&from=wxapp&c=entry&a=wxapp&do=riderIsAccept&state=we7sid-098391d0de0d5964eae11172f6db11af&sign=f89793f76e9c9cfe6614d0bcaf6708fd&type=-1&m=make_rider 2020-05-14 13:02[RIDER CLIENT] uniacid: 3
[2020-05-14 13:02:20] trace  /app/index.php?i=4&t=0&v=1.0&from=wxapp&c=entry&a=wxapp&do=setRiderLocation&state=we7sid-098391d0de0d5964eae11172f6db11af&sign=04006ecf408dd3698df1bbf68a0aadf2&address=%E6%B2%B3%E5%8D%97%E7%9C%81%E9%83%91%E5%B7%9E%E5%B8%82%E7%AE%A1%E5%9F%8E%E5%9B%9E%E6%97%8F%E5%8C%BA%E5%95%86%E9%83%BD%E8%B7%AF%E4%B8%8E%E4%B8%83%E9%87%8C%E6%B2%B3%E5%8D%97%E8%B7%AF%E4%BA%A4%E6%B1%87%E5%A4%84&lat=34.7458&lng=113.741051&m=make_rider 2020-05-14 13:02[RIDER CLIENT]rider uniacid: 4
[2020-05-14 13:02:20] trace  /app/index.php?i=4&t=0&v=1.0&from=wxapp&c=entry&a=wxapp&do=setRiderLocation&state=we7sid-098391d0de0d5964eae11172f6db11af&sign=04006ecf408dd3698df1bbf68a0aadf2&address=%E6%B2%B3%E5%8D%97%E7%9C%81%E9%83%91%E5%B7%9E%E5%B8%82%E7%AE%A1%E5%9F%8E%E5%9B%9E%E6%97%8F%E5%8C%BA%E5%95%86%E9%83%BD%E8%B7%AF%E4%B8%8E%E4%B8%83%E9%87%8C%E6%B2%B3%E5%8D%97%E8%B7%AF%E4%BA%A4%E6%B1%87%E5%A4%84&lat=34.7458&lng=113.741051&m=make_rider 2020-05-14 13:02[RIDER CLIENT] uniacid: 3
[2020-05-14 13:02:22] trace  /app/index.php?i=4&t=0&v=1.0&from=wxapp&c=entry&a=wxapp&do=setRiderLocation&state=we7sid-098391d0de0d5964eae11172f6db11af&sign=04006ecf408dd3698df1bbf68a0aadf2&address=%E6%B2%B3%E5%8D%97%E7%9C%81%E9%83%91%E5%B7%9E%E5%B8%82%E7%AE%A1%E5%9F%8E%E5%9B%9E%E6%97%8F%E5%8C%BA%E5%95%86%E9%83%BD%E8%B7%AF%E4%B8%8E%E4%B8%83%E9%87%8C%E6%B2%B3%E5%8D%97%E8%B7%AF%E4%BA%A4%E6%B1%87%E5%A4%84&lat=34.7458&lng=113.741051&m=make_rider 2020-05-14 13:02[RIDER CLIENT]rider uniacid: 4
[2020-05-14 13:02:22] trace  /app/index.php?i=4&t=0&v=1.0&from=wxapp&c=entry&a=wxapp&do=setRiderLocation&state=we7sid-098391d0de0d5964eae11172f6db11af&sign=04006ecf408dd3698df1bbf68a0aadf2&address=%E6%B2%B3%E5%8D%97%E7%9C%81%E9%83%91%E5%B7%9E%E5%B8%82%E7%AE%A1%E5%9F%8E%E5%9B%9E%E6%97%8F%E5%8C%BA%E5%95%86%E9%83%BD%E8%B7%AF%E4%B8%8E%E4%B8%83%E9%87%8C%E6%B2%B3%E5%8D%97%E8%B7%AF%E4%BA%A4%E6%B1%87%E5%A4%84&lat=34.7458&lng=113.741051&m=make_rider 2020-05-14 13:02[RIDER CLIENT] uniacid: 3
[2020-05-14 13:02:24] trace  /app/index.php?i=4&t=0&v=1.0&from=wxapp&c=entry&a=wxapp&do=setRiderLocation&state=we7sid-098391d0de0d5964eae11172f6db11af&sign=04006ecf408dd3698df1bbf68a0aadf2&address=%E6%B2%B3%E5%8D%97%E7%9C%81%E9%83%91%E5%B7%9E%E5%B8%82%E7%AE%A1%E5%9F%8E%E5%9B%9E%E6%97%8F%E5%8C%BA%E5%95%86%E9%83%BD%E8%B7%AF%E4%B8%8E%E4%B8%83%E9%87%8C%E6%B2%B3%E5%8D%97%E8%B7%AF%E4%BA%A4%E6%B1%87%E5%A4%84&lat=34.7458&lng=113.741051&m=make_rider 2020-05-14 13:02[RIDER CLIENT]rider uniacid: 4
[2020-05-14 13:02:24] trace  /app/index.php?i=4&t=0&v=1.0&from=wxapp&c=entry&a=wxapp&do=setRiderLocation&state=we7sid-098391d0de0d5964eae11172f6db11af&sign=04006ecf408dd3698df1bbf68a0aadf2&address=%E6%B2%B3%E5%8D%97%E7%9C%81%E9%83%91%E5%B7%9E%E5%B8%82%E7%AE%A1%E5%9F%8E%E5%9B%9E%E6%97%8F%E5%8C%BA%E5%95%86%E9%83%BD%E8%B7%AF%E4%B8%8E%E4%B8%83%E9%87%8C%E6%B2%B3%E5%8D%97%E8%B7%AF%E4%BA%A4%E6%B1%87%E5%A4%84&lat=34.7458&lng=113.741051&m=make_rider 2020-05-14 13:02[RIDER CLIENT] uniacid: 3
[2020-05-14 13:02:27] trace  /app/index.php?i=4&t=0&v=1.0&from=wxapp&c=entry&a=wxapp&do=getSetting&state=we7sid-098391d0de0d5964eae11172f6db11af&sign=fff53dcd7cbfb4d96e659bdbc3a714f5&m=make_rider 2020-05-14 13:02[RIDER CLIENT]rider uniacid: 4
[2020-05-14 13:02:27] trace  /app/index.php?i=4&t=0&v=1.0&from=wxapp&c=entry&a=wxapp&do=getSetting&state=we7sid-098391d0de0d5964eae11172f6db11af&sign=fff53dcd7cbfb4d96e659bdbc3a714f5&m=make_rider 2020-05-14 13:02[RIDER CLIENT] uniacid: 3
[2020-05-14 13:02:27] trace  /app/index.php?i=4&t=0&v=1.0&from=wxapp&c=entry&a=wxapp&do=riderIsAccept&state=we7sid-098391d0de0d5964eae11172f6db11af&sign=f89793f76e9c9cfe6614d0bcaf6708fd&type=-1&m=make_rider 2020-05-14 13:02[RIDER CLIENT]rider uniacid: 4
[2020-05-14 13:02:27] trace  /app/index.php?i=4&t=0&v=1.0&from=wxapp&c=entry&a=wxapp&do=riderIsAccept&state=we7sid-098391d0de0d5964eae11172f6db11af&sign=f89793f76e9c9cfe6614d0bcaf6708fd&type=-1&m=make_rider 2020-05-14 13:02[RIDER CLIENT] uniacid: 3
[2020-05-14 13:02:28] trace  /app/index.php?i=4&t=0&v=1.0&from=wxapp&c=entry&a=wxapp&do=getRiderOrder&state=we7sid-098391d0de0d5964eae11172f6db11af&sign=8b950671c68ed4b03a4c846b4db30b79&status=-1&m=make_rider 2020-05-14 13:02[RIDER CLIENT]rider uniacid: 4
[2020-05-14 13:02:28] trace  /app/index.php?i=4&t=0&v=1.0&from=wxapp&c=entry&a=wxapp&do=getRiderOrder&state=we7sid-098391d0de0d5964eae11172f6db11af&sign=8b950671c68ed4b03a4c846b4db30b79&status=-1&m=make_rider 2020-05-14 13:02[RIDER CLIENT] uniacid: 3
[2020-05-14 13:02:29] trace  /app/index.php?i=4&t=0&v=1.0&from=wxapp&c=entry&a=wxapp&do=getSetting&state=we7sid-098391d0de0d5964eae11172f6db11af&sign=fff53dcd7cbfb4d96e659bdbc3a714f5&m=make_rider 2020-05-14 13:02[RIDER CLIENT]rider uniacid: 4
[2020-05-14 13:02:29] trace  /app/index.php?i=4&t=0&v=1.0&from=wxapp&c=entry&a=wxapp&do=getSetting&state=we7sid-098391d0de0d5964eae11172f6db11af&sign=fff53dcd7cbfb4d96e659bdbc3a714f5&m=make_rider 2020-05-14 13:02[RIDER CLIENT] uniacid: 3
[2020-05-14 13:02:29] trace  /app/index.php?i=4&t=0&v=1.0&from=wxapp&c=entry&a=wxapp&do=riderIsAccept&state=we7sid-098391d0de0d5964eae11172f6db11af&sign=f89793f76e9c9cfe6614d0bcaf6708fd&type=-1&m=make_rider 2020-05-14 13:02[RIDER CLIENT]rider uniacid: 4
[2020-05-14 13:02:29] trace  /app/index.php?i=4&t=0&v=1.0&from=wxapp&c=entry&a=wxapp&do=riderIsAccept&state=we7sid-098391d0de0d5964eae11172f6db11af&sign=f89793f76e9c9cfe6614d0bcaf6708fd&type=-1&m=make_rider 2020-05-14 13:02[RIDER CLIENT] uniacid: 3
[2020-05-14 13:02:30] trace  /app/index.php?i=4&t=0&v=1.0&from=wxapp&c=entry&a=wxapp&do=getRiderOrder&state=we7sid-098391d0de0d5964eae11172f6db11af&sign=8b950671c68ed4b03a4c846b4db30b79&status=-1&m=make_rider 2020-05-14 13:02[RIDER CLIENT]rider uniacid: 4
[2020-05-14 13:02:30] trace  /app/index.php?i=4&t=0&v=1.0&from=wxapp&c=entry&a=wxapp&do=getRiderOrder&state=we7sid-098391d0de0d5964eae11172f6db11af&sign=8b950671c68ed4b03a4c846b4db30b79&status=-1&m=make_rider 2020-05-14 13:02[RIDER CLIENT] uniacid: 3
[2020-05-14 13:02:45] trace  /app/index.php?i=4&t=0&v=1.0&from=wxapp&c=entry&a=wxapp&do=riderOrderCount&state=we7sid-098391d0de0d5964eae11172f6db11af&sign=7325f68c6f05d42688d510a2b3c200a0&m=make_rider 2020-05-14 13:02[RIDER CLIENT]rider uniacid: 4
[2020-05-14 13:02:45] trace  /app/index.php?i=4&t=0&v=1.0&from=wxapp&c=entry&a=wxapp&do=riderOrderCount&state=we7sid-098391d0de0d5964eae11172f6db11af&sign=7325f68c6f05d42688d510a2b3c200a0&m=make_rider 2020-05-14 13:02[RIDER CLIENT] uniacid: 3
[2020-05-14 13:02:56] trace  /app/index.php?i=4&t=0&v=1.0&from=wxapp&c=entry&a=wxapp&do=riderIsAccept&state=we7sid-098391d0de0d5964eae11172f6db11af&sign=f89793f76e9c9cfe6614d0bcaf6708fd&type=-1&m=make_rider 2020-05-14 13:02[RIDER CLIENT]rider uniacid: 4
[2020-05-14 13:02:56] trace  /app/index.php?i=4&t=0&v=1.0&from=wxapp&c=entry&a=wxapp&do=riderIsAccept&state=we7sid-098391d0de0d5964eae11172f6db11af&sign=f89793f76e9c9cfe6614d0bcaf6708fd&type=-1&m=make_rider 2020-05-14 13:02[RIDER CLIENT] uniacid: 3
[2020-05-14 13:02:57] trace  /app/index.php?i=4&t=0&v=1.0&from=wxapp&c=entry&a=wxapp&do=setRiderLocation&state=we7sid-098391d0de0d5964eae11172f6db11af&sign=04006ecf408dd3698df1bbf68a0aadf2&address=%E6%B2%B3%E5%8D%97%E7%9C%81%E9%83%91%E5%B7%9E%E5%B8%82%E7%AE%A1%E5%9F%8E%E5%9B%9E%E6%97%8F%E5%8C%BA%E5%95%86%E9%83%BD%E8%B7%AF%E4%B8%8E%E4%B8%83%E9%87%8C%E6%B2%B3%E5%8D%97%E8%B7%AF%E4%BA%A4%E6%B1%87%E5%A4%84&lat=34.7458&lng=113.741051&m=make_rider 2020-05-14 13:02[RIDER CLIENT]rider uniacid: 4
[2020-05-14 13:02:57] trace  /app/index.php?i=4&t=0&v=1.0&from=wxapp&c=entry&a=wxapp&do=setRiderLocation&state=we7sid-098391d0de0d5964eae11172f6db11af&sign=04006ecf408dd3698df1bbf68a0aadf2&address=%E6%B2%B3%E5%8D%97%E7%9C%81%E9%83%91%E5%B7%9E%E5%B8%82%E7%AE%A1%E5%9F%8E%E5%9B%9E%E6%97%8F%E5%8C%BA%E5%95%86%E9%83%BD%E8%B7%AF%E4%B8%8E%E4%B8%83%E9%87%8C%E6%B2%B3%E5%8D%97%E8%B7%AF%E4%BA%A4%E6%B1%87%E5%A4%84&lat=34.7458&lng=113.741051&m=make_rider 2020-05-14 13:02[RIDER CLIENT] uniacid: 3
[2020-05-14 13:02:57] trace  /app/index.php?i=4&t=0&v=1.0&from=wxapp&c=entry&a=wxapp&do=getRiderOrder&state=we7sid-098391d0de0d5964eae11172f6db11af&sign=8b950671c68ed4b03a4c846b4db30b79&status=-1&m=make_rider 2020-05-14 13:02[RIDER CLIENT]rider uniacid: 4
[2020-05-14 13:02:57] trace  /app/index.php?i=4&t=0&v=1.0&from=wxapp&c=entry&a=wxapp&do=getRiderOrder&state=we7sid-098391d0de0d5964eae11172f6db11af&sign=8b950671c68ed4b03a4c846b4db30b79&status=-1&m=make_rider 2020-05-14 13:02[RIDER CLIENT] uniacid: 3
[2020-05-14 13:03:04] trace  /app/index.php?i=4&t=0&v=1.0&from=wxapp&c=entry&a=wxapp&do=getRiderOrder&state=we7sid-098391d0de0d5964eae11172f6db11af&sign=8b950671c68ed4b03a4c846b4db30b79&status=-1&m=make_rider 2020-05-14 13:03[RIDER CLIENT]rider uniacid: 4
[2020-05-14 13:03:04] trace  /app/index.php?i=4&t=0&v=1.0&from=wxapp&c=entry&a=wxapp&do=getRiderOrder&state=we7sid-098391d0de0d5964eae11172f6db11af&sign=8b950671c68ed4b03a4c846b4db30b79&status=-1&m=make_rider 2020-05-14 13:03[RIDER CLIENT] uniacid: 3
[2020-05-14 13:03:10] trace  /app/index.php?i=4&t=0&v=1.0&from=wxapp&c=entry&a=wxapp&do=setRiderLocation&state=we7sid-098391d0de0d5964eae11172f6db11af&sign=488a2864182c58d54785686ff85401f2&address=%E6%B2%B3%E5%8D%97%E7%9C%81%E9%83%91%E5%B7%9E%E5%B8%82%E7%AE%A1%E5%9F%8E%E5%9B%9E%E6%97%8F%E5%8C%BA%E5%95%86%E9%83%BD%E8%B7%AF%E4%B8%8E%E4%B8%83%E9%87%8C%E6%B2%B3%E5%8D%97%E8%B7%AF%E4%BA%A4%E5%8F%89%E5%8F%A3%E4%B8%9C%E5%8D%97%E8%A7%92(%E6%AF%97%E9%82%BB%E5%8D%8E%E4%B8%B0%E8%A3%85%E9%A5%B0)&lat=34.746632&lng=113.74192&m=make_rider 2020-05-14 13:03[RIDER CLIENT]rider uniacid: 4
[2020-05-14 13:03:10] trace  /app/index.php?i=4&t=0&v=1.0&from=wxapp&c=entry&a=wxapp&do=setRiderLocation&state=we7sid-098391d0de0d5964eae11172f6db11af&sign=488a2864182c58d54785686ff85401f2&address=%E6%B2%B3%E5%8D%97%E7%9C%81%E9%83%91%E5%B7%9E%E5%B8%82%E7%AE%A1%E5%9F%8E%E5%9B%9E%E6%97%8F%E5%8C%BA%E5%95%86%E9%83%BD%E8%B7%AF%E4%B8%8E%E4%B8%83%E9%87%8C%E6%B2%B3%E5%8D%97%E8%B7%AF%E4%BA%A4%E5%8F%89%E5%8F%A3%E4%B8%9C%E5%8D%97%E8%A7%92(%E6%AF%97%E9%82%BB%E5%8D%8E%E4%B8%B0%E8%A3%85%E9%A5%B0)&lat=34.746632&lng=113.74192&m=make_rider 2020-05-14 13:03[RIDER CLIENT] uniacid: 3
[2020-05-14 13:03:14] trace  /app/index.php?i=4&t=0&v=1.0&from=wxapp&c=entry&a=wxapp&do=setRiderLocation&state=we7sid-098391d0de0d5964eae11172f6db11af&sign=04006ecf408dd3698df1bbf68a0aadf2&address=%E6%B2%B3%E5%8D%97%E7%9C%81%E9%83%91%E5%B7%9E%E5%B8%82%E7%AE%A1%E5%9F%8E%E5%9B%9E%E6%97%8F%E5%8C%BA%E5%95%86%E9%83%BD%E8%B7%AF%E4%B8%8E%E4%B8%83%E9%87%8C%E6%B2%B3%E5%8D%97%E8%B7%AF%E4%BA%A4%E6%B1%87%E5%A4%84&lat=34.7458&lng=113.741051&m=make_rider 2020-05-14 13:03[RIDER CLIENT]rider uniacid: 4
[2020-05-14 13:03:14] trace  /app/index.php?i=4&t=0&v=1.0&from=wxapp&c=entry&a=wxapp&do=setRiderLocation&state=we7sid-098391d0de0d5964eae11172f6db11af&sign=04006ecf408dd3698df1bbf68a0aadf2&address=%E6%B2%B3%E5%8D%97%E7%9C%81%E9%83%91%E5%B7%9E%E5%B8%82%E7%AE%A1%E5%9F%8E%E5%9B%9E%E6%97%8F%E5%8C%BA%E5%95%86%E9%83%BD%E8%B7%AF%E4%B8%8E%E4%B8%83%E9%87%8C%E6%B2%B3%E5%8D%97%E8%B7%AF%E4%BA%A4%E6%B1%87%E5%A4%84&lat=34.7458&lng=113.741051&m=make_rider 2020-05-14 13:03[RIDER CLIENT] uniacid: 3
[2020-05-14 13:03:17] trace  /app/index.php?i=4&t=0&v=1.0&from=wxapp&c=entry&a=wxapp&do=setRiderLocation&state=we7sid-098391d0de0d5964eae11172f6db11af&sign=04006ecf408dd3698df1bbf68a0aadf2&address=%E6%B2%B3%E5%8D%97%E7%9C%81%E9%83%91%E5%B7%9E%E5%B8%82%E7%AE%A1%E5%9F%8E%E5%9B%9E%E6%97%8F%E5%8C%BA%E5%95%86%E9%83%BD%E8%B7%AF%E4%B8%8E%E4%B8%83%E9%87%8C%E6%B2%B3%E5%8D%97%E8%B7%AF%E4%BA%A4%E6%B1%87%E5%A4%84&lat=34.7458&lng=113.741051&m=make_rider 2020-05-14 13:03[RIDER CLIENT]rider uniacid: 4
[2020-05-14 13:03:17] trace  /app/index.php?i=4&t=0&v=1.0&from=wxapp&c=entry&a=wxapp&do=setRiderLocation&state=we7sid-098391d0de0d5964eae11172f6db11af&sign=04006ecf408dd3698df1bbf68a0aadf2&address=%E6%B2%B3%E5%8D%97%E7%9C%81%E9%83%91%E5%B7%9E%E5%B8%82%E7%AE%A1%E5%9F%8E%E5%9B%9E%E6%97%8F%E5%8C%BA%E5%95%86%E9%83%BD%E8%B7%AF%E4%B8%8E%E4%B8%83%E9%87%8C%E6%B2%B3%E5%8D%97%E8%B7%AF%E4%BA%A4%E6%B1%87%E5%A4%84&lat=34.7458&lng=113.741051&m=make_rider 2020-05-14 13:03[RIDER CLIENT] uniacid: 3
[2020-05-14 13:03:21] trace  /app/index.php?i=4&t=0&v=1.0&from=wxapp&c=entry&a=wxapp&do=setRiderLocation&state=we7sid-098391d0de0d5964eae11172f6db11af&sign=04006ecf408dd3698df1bbf68a0aadf2&address=%E6%B2%B3%E5%8D%97%E7%9C%81%E9%83%91%E5%B7%9E%E5%B8%82%E7%AE%A1%E5%9F%8E%E5%9B%9E%E6%97%8F%E5%8C%BA%E5%95%86%E9%83%BD%E8%B7%AF%E4%B8%8E%E4%B8%83%E9%87%8C%E6%B2%B3%E5%8D%97%E8%B7%AF%E4%BA%A4%E6%B1%87%E5%A4%84&lat=34.7458&lng=113.741051&m=make_rider 2020-05-14 13:03[RIDER CLIENT]rider uniacid: 4
[2020-05-14 13:03:21] trace  /app/index.php?i=4&t=0&v=1.0&from=wxapp&c=entry&a=wxapp&do=setRiderLocation&state=we7sid-098391d0de0d5964eae11172f6db11af&sign=04006ecf408dd3698df1bbf68a0aadf2&address=%E6%B2%B3%E5%8D%97%E7%9C%81%E9%83%91%E5%B7%9E%E5%B8%82%E7%AE%A1%E5%9F%8E%E5%9B%9E%E6%97%8F%E5%8C%BA%E5%95%86%E9%83%BD%E8%B7%AF%E4%B8%8E%E4%B8%83%E9%87%8C%E6%B2%B3%E5%8D%97%E8%B7%AF%E4%BA%A4%E6%B1%87%E5%A4%84&lat=34.7458&lng=113.741051&m=make_rider 2020-05-14 13:03[RIDER CLIENT] uniacid: 3
[2020-05-14 13:03:55] trace  /app/index.php?i=4&t=0&v=1.0&from=wxapp&c=entry&a=wxapp&do=riderIsAccept&state=we7sid-098391d0de0d5964eae11172f6db11af&sign=f89793f76e9c9cfe6614d0bcaf6708fd&type=-1&m=make_rider 2020-05-14 13:03[RIDER CLIENT]rider uniacid: 4
[2020-05-14 13:03:55] trace  /app/index.php?i=4&t=0&v=1.0&from=wxapp&c=entry&a=wxapp&do=riderIsAccept&state=we7sid-098391d0de0d5964eae11172f6db11af&sign=f89793f76e9c9cfe6614d0bcaf6708fd&type=-1&m=make_rider 2020-05-14 13:03[RIDER CLIENT] uniacid: 3
[2020-05-14 13:03:56] trace  /app/index.php?i=4&t=0&v=1.0&from=wxapp&c=entry&a=wxapp&do=setRiderLocation&state=we7sid-098391d0de0d5964eae11172f6db11af&sign=488a2864182c58d54785686ff85401f2&address=%E6%B2%B3%E5%8D%97%E7%9C%81%E9%83%91%E5%B7%9E%E5%B8%82%E7%AE%A1%E5%9F%8E%E5%9B%9E%E6%97%8F%E5%8C%BA%E5%95%86%E9%83%BD%E8%B7%AF%E4%B8%8E%E4%B8%83%E9%87%8C%E6%B2%B3%E5%8D%97%E8%B7%AF%E4%BA%A4%E5%8F%89%E5%8F%A3%E4%B8%9C%E5%8D%97%E8%A7%92(%E6%AF%97%E9%82%BB%E5%8D%8E%E4%B8%B0%E8%A3%85%E9%A5%B0)&lat=34.746632&lng=113.74192&m=make_rider 2020-05-14 13:03[RIDER CLIENT]rider uniacid: 4
[2020-05-14 13:03:56] trace  /app/index.php?i=4&t=0&v=1.0&from=wxapp&c=entry&a=wxapp&do=setRiderLocation&state=we7sid-098391d0de0d5964eae11172f6db11af&sign=488a2864182c58d54785686ff85401f2&address=%E6%B2%B3%E5%8D%97%E7%9C%81%E9%83%91%E5%B7%9E%E5%B8%82%E7%AE%A1%E5%9F%8E%E5%9B%9E%E6%97%8F%E5%8C%BA%E5%95%86%E9%83%BD%E8%B7%AF%E4%B8%8E%E4%B8%83%E9%87%8C%E6%B2%B3%E5%8D%97%E8%B7%AF%E4%BA%A4%E5%8F%89%E5%8F%A3%E4%B8%9C%E5%8D%97%E8%A7%92(%E6%AF%97%E9%82%BB%E5%8D%8E%E4%B8%B0%E8%A3%85%E9%A5%B0)&lat=34.746632&lng=113.74192&m=make_rider 2020-05-14 13:03[RIDER CLIENT] uniacid: 3
[2020-05-14 13:03:56] trace  /app/index.php?i=4&t=0&v=1.0&from=wxapp&c=entry&a=wxapp&do=getRiderOrder&state=we7sid-098391d0de0d5964eae11172f6db11af&sign=8b950671c68ed4b03a4c846b4db30b79&status=-1&m=make_rider 2020-05-14 13:03[RIDER CLIENT]rider uniacid: 4
[2020-05-14 13:03:56] trace  /app/index.php?i=4&t=0&v=1.0&from=wxapp&c=entry&a=wxapp&do=getRiderOrder&state=we7sid-098391d0de0d5964eae11172f6db11af&sign=8b950671c68ed4b03a4c846b4db30b79&status=-1&m=make_rider 2020-05-14 13:03[RIDER CLIENT] uniacid: 3
[2020-05-14 13:04:29] trace  /app/index.php?i=4&t=0&v=1.0&from=wxapp&c=entry&a=wxapp&do=riderIsAccept&state=we7sid-098391d0de0d5964eae11172f6db11af&sign=f89793f76e9c9cfe6614d0bcaf6708fd&type=-1&m=make_rider 2020-05-14 13:04[RIDER CLIENT]rider uniacid: 4
[2020-05-14 13:04:29] trace  /app/index.php?i=4&t=0&v=1.0&from=wxapp&c=entry&a=wxapp&do=riderIsAccept&state=we7sid-098391d0de0d5964eae11172f6db11af&sign=f89793f76e9c9cfe6614d0bcaf6708fd&type=-1&m=make_rider 2020-05-14 13:04[RIDER CLIENT] uniacid: 3
[2020-05-14 13:04:29] trace  /app/index.php?i=4&t=0&v=1.0&from=wxapp&c=entry&a=wxapp&do=uploadImage&m=make_rider& 2020-05-14 13:04[RIDER CLIENT]rider uniacid: 4
[2020-05-14 13:04:29] trace  /app/index.php?i=4&t=0&v=1.0&from=wxapp&c=entry&a=wxapp&do=uploadImage&m=make_rider& 2020-05-14 13:04[RIDER CLIENT] uniacid: 3
[2020-05-14 13:04:30] trace  /app/index.php?i=4&t=0&v=1.0&from=wxapp&c=entry&a=wxapp&do=setRiderLocation&state=we7sid-098391d0de0d5964eae11172f6db11af&sign=04006ecf408dd3698df1bbf68a0aadf2&address=%E6%B2%B3%E5%8D%97%E7%9C%81%E9%83%91%E5%B7%9E%E5%B8%82%E7%AE%A1%E5%9F%8E%E5%9B%9E%E6%97%8F%E5%8C%BA%E5%95%86%E9%83%BD%E8%B7%AF%E4%B8%8E%E4%B8%83%E9%87%8C%E6%B2%B3%E5%8D%97%E8%B7%AF%E4%BA%A4%E6%B1%87%E5%A4%84&lat=34.7458&lng=113.741051&m=make_rider 2020-05-14 13:04[RIDER CLIENT]rider uniacid: 4
[2020-05-14 13:04:30] trace  /app/index.php?i=4&t=0&v=1.0&from=wxapp&c=entry&a=wxapp&do=setRiderLocation&state=we7sid-098391d0de0d5964eae11172f6db11af&sign=04006ecf408dd3698df1bbf68a0aadf2&address=%E6%B2%B3%E5%8D%97%E7%9C%81%E9%83%91%E5%B7%9E%E5%B8%82%E7%AE%A1%E5%9F%8E%E5%9B%9E%E6%97%8F%E5%8C%BA%E5%95%86%E9%83%BD%E8%B7%AF%E4%B8%8E%E4%B8%83%E9%87%8C%E6%B2%B3%E5%8D%97%E8%B7%AF%E4%BA%A4%E6%B1%87%E5%A4%84&lat=34.7458&lng=113.741051&m=make_rider 2020-05-14 13:04[RIDER CLIENT] uniacid: 3
[2020-05-14 13:04:30] trace  /app/index.php?i=4&t=0&v=1.0&from=wxapp&c=entry&a=wxapp&do=getRiderOrder&state=we7sid-098391d0de0d5964eae11172f6db11af&sign=8b950671c68ed4b03a4c846b4db30b79&status=-1&m=make_rider 2020-05-14 13:04[RIDER CLIENT]rider uniacid: 4
[2020-05-14 13:04:30] trace  /app/index.php?i=4&t=0&v=1.0&from=wxapp&c=entry&a=wxapp&do=getRiderOrder&state=we7sid-098391d0de0d5964eae11172f6db11af&sign=8b950671c68ed4b03a4c846b4db30b79&status=-1&m=make_rider 2020-05-14 13:04[RIDER CLIENT] uniacid: 3
[2020-05-14 13:04:53] trace  /app/index.php?i=4&t=0&v=1.0&from=wxapp&c=entry&a=wxapp&do=cancelAccept&state=we7sid-098391d0de0d5964eae11172f6db11af&sign=6bbe905486484208b51d72fe5391bf0d&id=183&m=make_rider 2020-05-14 13:04[RIDER CLIENT]rider uniacid: 4
[2020-05-14 13:04:53] trace  /app/index.php?i=4&t=0&v=1.0&from=wxapp&c=entry&a=wxapp&do=cancelAccept&state=we7sid-098391d0de0d5964eae11172f6db11af&sign=6bbe905486484208b51d72fe5391bf0d&id=183&m=make_rider 2020-05-14 13:04[RIDER CLIENT] uniacid: 3
[2020-05-14 13:05:11] trace  /app/index.php?i=4&t=0&v=1.0&from=wxapp&c=entry&a=wxapp&do=riderIsAccept&state=we7sid-098391d0de0d5964eae11172f6db11af&sign=f89793f76e9c9cfe6614d0bcaf6708fd&type=-1&m=make_rider 2020-05-14 13:05[RIDER CLIENT]rider uniacid: 4
[2020-05-14 13:05:11] trace  /app/index.php?i=4&t=0&v=1.0&from=wxapp&c=entry&a=wxapp&do=riderIsAccept&state=we7sid-098391d0de0d5964eae11172f6db11af&sign=f89793f76e9c9cfe6614d0bcaf6708fd&type=-1&m=make_rider 2020-05-14 13:05[RIDER CLIENT] uniacid: 3
[2020-05-14 13:05:11] trace  /app/index.php?i=4&t=0&v=1.0&from=wxapp&c=entry&a=wxapp&do=setRiderLocation&state=we7sid-098391d0de0d5964eae11172f6db11af&sign=04006ecf408dd3698df1bbf68a0aadf2&address=%E6%B2%B3%E5%8D%97%E7%9C%81%E9%83%91%E5%B7%9E%E5%B8%82%E7%AE%A1%E5%9F%8E%E5%9B%9E%E6%97%8F%E5%8C%BA%E5%95%86%E9%83%BD%E8%B7%AF%E4%B8%8E%E4%B8%83%E9%87%8C%E6%B2%B3%E5%8D%97%E8%B7%AF%E4%BA%A4%E6%B1%87%E5%A4%84&lat=34.7458&lng=113.741051&m=make_rider 2020-05-14 13:05[RIDER CLIENT]rider uniacid: 4
[2020-05-14 13:05:11] trace  /app/index.php?i=4&t=0&v=1.0&from=wxapp&c=entry&a=wxapp&do=setRiderLocation&state=we7sid-098391d0de0d5964eae11172f6db11af&sign=04006ecf408dd3698df1bbf68a0aadf2&address=%E6%B2%B3%E5%8D%97%E7%9C%81%E9%83%91%E5%B7%9E%E5%B8%82%E7%AE%A1%E5%9F%8E%E5%9B%9E%E6%97%8F%E5%8C%BA%E5%95%86%E9%83%BD%E8%B7%AF%E4%B8%8E%E4%B8%83%E9%87%8C%E6%B2%B3%E5%8D%97%E8%B7%AF%E4%BA%A4%E6%B1%87%E5%A4%84&lat=34.7458&lng=113.741051&m=make_rider 2020-05-14 13:05[RIDER CLIENT] uniacid: 3
[2020-05-14 13:05:12] trace  /app/index.php?i=4&t=0&v=1.0&from=wxapp&c=entry&a=wxapp&do=getRiderOrder&state=we7sid-098391d0de0d5964eae11172f6db11af&sign=8b950671c68ed4b03a4c846b4db30b79&status=-1&m=make_rider 2020-05-14 13:05[RIDER CLIENT]rider uniacid: 4
[2020-05-14 13:05:12] trace  /app/index.php?i=4&t=0&v=1.0&from=wxapp&c=entry&a=wxapp&do=getRiderOrder&state=we7sid-098391d0de0d5964eae11172f6db11af&sign=8b950671c68ed4b03a4c846b4db30b79&status=-1&m=make_rider 2020-05-14 13:05[RIDER CLIENT] uniacid: 3
[2020-05-14 13:05:33] trace  /app/index.php?i=4&t=0&v=1.0&from=wxapp&c=entry&a=wxapp&do=riderIsAccept&state=we7sid-098391d0de0d5964eae11172f6db11af&sign=f89793f76e9c9cfe6614d0bcaf6708fd&type=-1&m=make_rider 2020-05-14 13:05[RIDER CLIENT]rider uniacid: 4
[2020-05-14 13:05:33] trace  /app/index.php?i=4&t=0&v=1.0&from=wxapp&c=entry&a=wxapp&do=riderIsAccept&state=we7sid-098391d0de0d5964eae11172f6db11af&sign=f89793f76e9c9cfe6614d0bcaf6708fd&type=-1&m=make_rider 2020-05-14 13:05[RIDER CLIENT] uniacid: 3
[2020-05-14 13:05:33] trace  /app/index.php?i=4&t=0&v=1.0&from=wxapp&c=entry&a=wxapp&do=uploadImage&m=make_rider& 2020-05-14 13:05[RIDER CLIENT]rider uniacid: 4
[2020-05-14 13:05:33] trace  /app/index.php?i=4&t=0&v=1.0&from=wxapp&c=entry&a=wxapp&do=uploadImage&m=make_rider& 2020-05-14 13:05[RIDER CLIENT] uniacid: 3
[2020-05-14 13:05:34] trace  /app/index.php?i=4&t=0&v=1.0&from=wxapp&c=entry&a=wxapp&do=setRiderLocation&state=we7sid-098391d0de0d5964eae11172f6db11af&sign=04006ecf408dd3698df1bbf68a0aadf2&address=%E6%B2%B3%E5%8D%97%E7%9C%81%E9%83%91%E5%B7%9E%E5%B8%82%E7%AE%A1%E5%9F%8E%E5%9B%9E%E6%97%8F%E5%8C%BA%E5%95%86%E9%83%BD%E8%B7%AF%E4%B8%8E%E4%B8%83%E9%87%8C%E6%B2%B3%E5%8D%97%E8%B7%AF%E4%BA%A4%E6%B1%87%E5%A4%84&lat=34.7458&lng=113.741051&m=make_rider 2020-05-14 13:05[RIDER CLIENT]rider uniacid: 4
[2020-05-14 13:05:34] trace  /app/index.php?i=4&t=0&v=1.0&from=wxapp&c=entry&a=wxapp&do=setRiderLocation&state=we7sid-098391d0de0d5964eae11172f6db11af&sign=04006ecf408dd3698df1bbf68a0aadf2&address=%E6%B2%B3%E5%8D%97%E7%9C%81%E9%83%91%E5%B7%9E%E5%B8%82%E7%AE%A1%E5%9F%8E%E5%9B%9E%E6%97%8F%E5%8C%BA%E5%95%86%E9%83%BD%E8%B7%AF%E4%B8%8E%E4%B8%83%E9%87%8C%E6%B2%B3%E5%8D%97%E8%B7%AF%E4%BA%A4%E6%B1%87%E5%A4%84&lat=34.7458&lng=113.741051&m=make_rider 2020-05-14 13:05[RIDER CLIENT] uniacid: 3
[2020-05-14 13:05:34] trace  /app/index.php?i=4&t=0&v=1.0&from=wxapp&c=entry&a=wxapp&do=getRiderOrder&state=we7sid-098391d0de0d5964eae11172f6db11af&sign=8b950671c68ed4b03a4c846b4db30b79&status=-1&m=make_rider 2020-05-14 13:05[RIDER CLIENT]rider uniacid: 4
[2020-05-14 13:05:34] trace  /app/index.php?i=4&t=0&v=1.0&from=wxapp&c=entry&a=wxapp&do=getRiderOrder&state=we7sid-098391d0de0d5964eae11172f6db11af&sign=8b950671c68ed4b03a4c846b4db30b79&status=-1&m=make_rider 2020-05-14 13:05[RIDER CLIENT] uniacid: 3
[2020-05-14 13:05:52] trace  /app/index.php?i=4&t=0&v=1.0&from=wxapp&c=entry&a=wxapp&do=rider_update_order&state=we7sid-098391d0de0d5964eae11172f6db11af&sign=8cd11b13bee4c0e0d83dcec24e75f2c3&id=201&goods_code=633996&goods_img=&end_img=%2Fuploads%2Fprogram%2F20200514%2F6365ebcd19dd0465.jpg&lat=34.744342719184026&lng=113.73950412326388&type=1&m=make_rider 2020-05-14 13:05[RIDER CLIENT]rider uniacid: 4
[2020-05-14 13:05:52] trace  /app/index.php?i=4&t=0&v=1.0&from=wxapp&c=entry&a=wxapp&do=rider_update_order&state=we7sid-098391d0de0d5964eae11172f6db11af&sign=8cd11b13bee4c0e0d83dcec24e75f2c3&id=201&goods_code=633996&goods_img=&end_img=%2Fuploads%2Fprogram%2F20200514%2F6365ebcd19dd0465.jpg&lat=34.744342719184026&lng=113.73950412326388&type=1&m=make_rider 2020-05-14 13:05[RIDER CLIENT] uniacid: 3
[2020-05-14 13:06:05] trace  /app/index.php?i=4&t=0&v=1.0&from=wxapp&c=entry&a=wxapp&do=rider_update_order&state=we7sid-098391d0de0d5964eae11172f6db11af&sign=0f9531b940a5185769f7bb6d9949b380&id=201&goods_code=633996&goods_img=&end_img=%2Fuploads%2Fprogram%2F20200514%2F6365ebcd19dd0465.jpg&lat=34.7449818250868&lng=113.73999213324653&type=1&m=make_rider 2020-05-14 13:06[RIDER CLIENT]rider uniacid: 4
[2020-05-14 13:06:05] trace  /app/index.php?i=4&t=0&v=1.0&from=wxapp&c=entry&a=wxapp&do=rider_update_order&state=we7sid-098391d0de0d5964eae11172f6db11af&sign=0f9531b940a5185769f7bb6d9949b380&id=201&goods_code=633996&goods_img=&end_img=%2Fuploads%2Fprogram%2F20200514%2F6365ebcd19dd0465.jpg&lat=34.7449818250868&lng=113.73999213324653&type=1&m=make_rider 2020-05-14 13:06[RIDER CLIENT] uniacid: 3
[2020-05-14 13:06:17] trace  /app/index.php?i=4&t=0&v=1.0&from=wxapp&c=entry&a=wxapp&do=setRiderLocation&state=we7sid-098391d0de0d5964eae11172f6db11af&sign=04006ecf408dd3698df1bbf68a0aadf2&address=%E6%B2%B3%E5%8D%97%E7%9C%81%E9%83%91%E5%B7%9E%E5%B8%82%E7%AE%A1%E5%9F%8E%E5%9B%9E%E6%97%8F%E5%8C%BA%E5%95%86%E9%83%BD%E8%B7%AF%E4%B8%8E%E4%B8%83%E9%87%8C%E6%B2%B3%E5%8D%97%E8%B7%AF%E4%BA%A4%E6%B1%87%E5%A4%84&lat=34.7458&lng=113.741051&m=make_rider 2020-05-14 13:06[RIDER CLIENT]rider uniacid: 4
[2020-05-14 13:06:17] trace  /app/index.php?i=4&t=0&v=1.0&from=wxapp&c=entry&a=wxapp&do=setRiderLocation&state=we7sid-098391d0de0d5964eae11172f6db11af&sign=04006ecf408dd3698df1bbf68a0aadf2&address=%E6%B2%B3%E5%8D%97%E7%9C%81%E9%83%91%E5%B7%9E%E5%B8%82%E7%AE%A1%E5%9F%8E%E5%9B%9E%E6%97%8F%E5%8C%BA%E5%95%86%E9%83%BD%E8%B7%AF%E4%B8%8E%E4%B8%83%E9%87%8C%E6%B2%B3%E5%8D%97%E8%B7%AF%E4%BA%A4%E6%B1%87%E5%A4%84&lat=34.7458&lng=113.741051&m=make_rider 2020-05-14 13:06[RIDER CLIENT] uniacid: 3
[2020-05-14 13:06:18] trace  /app/index.php?i=4&t=0&v=1.0&from=wxapp&c=entry&a=wxapp&do=setRiderLocation&state=we7sid-098391d0de0d5964eae11172f6db11af&sign=04006ecf408dd3698df1bbf68a0aadf2&address=%E6%B2%B3%E5%8D%97%E7%9C%81%E9%83%91%E5%B7%9E%E5%B8%82%E7%AE%A1%E5%9F%8E%E5%9B%9E%E6%97%8F%E5%8C%BA%E5%95%86%E9%83%BD%E8%B7%AF%E4%B8%8E%E4%B8%83%E9%87%8C%E6%B2%B3%E5%8D%97%E8%B7%AF%E4%BA%A4%E6%B1%87%E5%A4%84&lat=34.7458&lng=113.741051&m=make_rider 2020-05-14 13:06[RIDER CLIENT]rider uniacid: 4
[2020-05-14 13:06:18] trace  /app/index.php?i=4&t=0&v=1.0&from=wxapp&c=entry&a=wxapp&do=setRiderLocation&state=we7sid-098391d0de0d5964eae11172f6db11af&sign=04006ecf408dd3698df1bbf68a0aadf2&address=%E6%B2%B3%E5%8D%97%E7%9C%81%E9%83%91%E5%B7%9E%E5%B8%82%E7%AE%A1%E5%9F%8E%E5%9B%9E%E6%97%8F%E5%8C%BA%E5%95%86%E9%83%BD%E8%B7%AF%E4%B8%8E%E4%B8%83%E9%87%8C%E6%B2%B3%E5%8D%97%E8%B7%AF%E4%BA%A4%E6%B1%87%E5%A4%84&lat=34.7458&lng=113.741051&m=make_rider 2020-05-14 13:06[RIDER CLIENT] uniacid: 3
[2020-05-14 13:06:30] trace  /app/index.php?i=4&t=0&v=1.0&from=wxapp&c=entry&a=wxapp&do=riderIsAccept&state=we7sid-098391d0de0d5964eae11172f6db11af&sign=f89793f76e9c9cfe6614d0bcaf6708fd&type=-1&m=make_rider 2020-05-14 13:06[RIDER CLIENT]rider uniacid: 4
[2020-05-14 13:06:30] trace  /app/index.php?i=4&t=0&v=1.0&from=wxapp&c=entry&a=wxapp&do=riderIsAccept&state=we7sid-098391d0de0d5964eae11172f6db11af&sign=f89793f76e9c9cfe6614d0bcaf6708fd&type=-1&m=make_rider 2020-05-14 13:06[RIDER CLIENT] uniacid: 3
[2020-05-14 13:06:30] trace  /app/index.php?i=4&t=0&v=1.0&from=wxapp&c=entry&a=wxapp&do=setRiderLocation&state=we7sid-098391d0de0d5964eae11172f6db11af&sign=04006ecf408dd3698df1bbf68a0aadf2&address=%E6%B2%B3%E5%8D%97%E7%9C%81%E9%83%91%E5%B7%9E%E5%B8%82%E7%AE%A1%E5%9F%8E%E5%9B%9E%E6%97%8F%E5%8C%BA%E5%95%86%E9%83%BD%E8%B7%AF%E4%B8%8E%E4%B8%83%E9%87%8C%E6%B2%B3%E5%8D%97%E8%B7%AF%E4%BA%A4%E6%B1%87%E5%A4%84&lat=34.7458&lng=113.741051&m=make_rider 2020-05-14 13:06[RIDER CLIENT]rider uniacid: 4
[2020-05-14 13:06:30] trace  /app/index.php?i=4&t=0&v=1.0&from=wxapp&c=entry&a=wxapp&do=setRiderLocation&state=we7sid-098391d0de0d5964eae11172f6db11af&sign=04006ecf408dd3698df1bbf68a0aadf2&address=%E6%B2%B3%E5%8D%97%E7%9C%81%E9%83%91%E5%B7%9E%E5%B8%82%E7%AE%A1%E5%9F%8E%E5%9B%9E%E6%97%8F%E5%8C%BA%E5%95%86%E9%83%BD%E8%B7%AF%E4%B8%8E%E4%B8%83%E9%87%8C%E6%B2%B3%E5%8D%97%E8%B7%AF%E4%BA%A4%E6%B1%87%E5%A4%84&lat=34.7458&lng=113.741051&m=make_rider 2020-05-14 13:06[RIDER CLIENT] uniacid: 3
[2020-05-14 13:06:31] trace  /app/index.php?i=4&t=0&v=1.0&from=wxapp&c=entry&a=wxapp&do=getRiderOrder&state=we7sid-098391d0de0d5964eae11172f6db11af&sign=8b950671c68ed4b03a4c846b4db30b79&status=-1&m=make_rider 2020-05-14 13:06[RIDER CLIENT]rider uniacid: 4
[2020-05-14 13:06:31] trace  /app/index.php?i=4&t=0&v=1.0&from=wxapp&c=entry&a=wxapp&do=getRiderOrder&state=we7sid-098391d0de0d5964eae11172f6db11af&sign=8b950671c68ed4b03a4c846b4db30b79&status=-1&m=make_rider 2020-05-14 13:06[RIDER CLIENT] uniacid: 3
[2020-05-14 13:06:47] trace  /app/index.php?i=4&t=0&v=1.0&from=wxapp&c=entry&a=wxapp&do=resend_sms&state=we7sid-098391d0de0d5964eae11172f6db11af&sign=9b0e04234adbe6471128acb9f157487d&id=201&m=make_rider 2020-05-14 13:06[RIDER CLIENT]rider uniacid: 4
[2020-05-14 13:06:47] trace  /app/index.php?i=4&t=0&v=1.0&from=wxapp&c=entry&a=wxapp&do=resend_sms&state=we7sid-098391d0de0d5964eae11172f6db11af&sign=9b0e04234adbe6471128acb9f157487d&id=201&m=make_rider 2020-05-14 13:06[RIDER CLIENT] uniacid: 3
[2020-05-14 13:08:59] trace  /app/index.php?i=4&t=0&v=1.0&from=wxapp&c=entry&a=wxapp&do=riderIsAccept&state=we7sid-098391d0de0d5964eae11172f6db11af&sign=f89793f76e9c9cfe6614d0bcaf6708fd&type=-1&m=make_rider 2020-05-14 13:08[RIDER CLIENT]rider uniacid: 4
[2020-05-14 13:08:59] trace  /app/index.php?i=4&t=0&v=1.0&from=wxapp&c=entry&a=wxapp&do=riderIsAccept&state=we7sid-098391d0de0d5964eae11172f6db11af&sign=f89793f76e9c9cfe6614d0bcaf6708fd&type=-1&m=make_rider 2020-05-14 13:08[RIDER CLIENT] uniacid: 3
[2020-05-14 13:09:00] trace  /app/index.php?i=4&t=0&v=1.0&from=wxapp&c=entry&a=wxapp&do=setRiderLocation&state=we7sid-098391d0de0d5964eae11172f6db11af&sign=04006ecf408dd3698df1bbf68a0aadf2&address=%E6%B2%B3%E5%8D%97%E7%9C%81%E9%83%91%E5%B7%9E%E5%B8%82%E7%AE%A1%E5%9F%8E%E5%9B%9E%E6%97%8F%E5%8C%BA%E5%95%86%E9%83%BD%E8%B7%AF%E4%B8%8E%E4%B8%83%E9%87%8C%E6%B2%B3%E5%8D%97%E8%B7%AF%E4%BA%A4%E6%B1%87%E5%A4%84&lat=34.7458&lng=113.741051&m=make_rider 2020-05-14 13:09[RIDER CLIENT]rider uniacid: 4
[2020-05-14 13:09:00] trace  /app/index.php?i=4&t=0&v=1.0&from=wxapp&c=entry&a=wxapp&do=setRiderLocation&state=we7sid-098391d0de0d5964eae11172f6db11af&sign=04006ecf408dd3698df1bbf68a0aadf2&address=%E6%B2%B3%E5%8D%97%E7%9C%81%E9%83%91%E5%B7%9E%E5%B8%82%E7%AE%A1%E5%9F%8E%E5%9B%9E%E6%97%8F%E5%8C%BA%E5%95%86%E9%83%BD%E8%B7%AF%E4%B8%8E%E4%B8%83%E9%87%8C%E6%B2%B3%E5%8D%97%E8%B7%AF%E4%BA%A4%E6%B1%87%E5%A4%84&lat=34.7458&lng=113.741051&m=make_rider 2020-05-14 13:09[RIDER CLIENT] uniacid: 3
[2020-05-14 13:09:00] trace  /app/index.php?i=4&t=0&v=1.0&from=wxapp&c=entry&a=wxapp&do=getRiderOrder&state=we7sid-098391d0de0d5964eae11172f6db11af&sign=8b950671c68ed4b03a4c846b4db30b79&status=-1&m=make_rider 2020-05-14 13:09[RIDER CLIENT]rider uniacid: 4
[2020-05-14 13:09:00] trace  /app/index.php?i=4&t=0&v=1.0&from=wxapp&c=entry&a=wxapp&do=getRiderOrder&state=we7sid-098391d0de0d5964eae11172f6db11af&sign=8b950671c68ed4b03a4c846b4db30b79&status=-1&m=make_rider 2020-05-14 13:09[RIDER CLIENT] uniacid: 3
[2020-05-14 13:09:06] trace  /app/index.php?i=4&t=0&v=1.0&from=wxapp&c=entry&a=wxapp&do=rider_update_order&state=we7sid-098391d0de0d5964eae11172f6db11af&sign=abf4a53f0d4d8b954c67d9d4c2654b8c&id=201&goods_code=633996&goods_img=&end_img=%2Fuploads%2Fprogram%2F20200514%2F6365ebcd19dd0465.jpg&lat=34.74511827256944&lng=113.74016710069445&type=1&m=make_rider 2020-05-14 13:09[RIDER CLIENT]rider uniacid: 4
[2020-05-14 13:09:06] trace  /app/index.php?i=4&t=0&v=1.0&from=wxapp&c=entry&a=wxapp&do=rider_update_order&state=we7sid-098391d0de0d5964eae11172f6db11af&sign=abf4a53f0d4d8b954c67d9d4c2654b8c&id=201&goods_code=633996&goods_img=&end_img=%2Fuploads%2Fprogram%2F20200514%2F6365ebcd19dd0465.jpg&lat=34.74511827256944&lng=113.74016710069445&type=1&m=make_rider 2020-05-14 13:09[RIDER CLIENT] uniacid: 3
[2020-05-14 13:09:26] trace  /app/index.php?i=4&t=0&v=1.0&from=wxapp&c=entry&a=wxapp&do=rider_update_order&state=we7sid-098391d0de0d5964eae11172f6db11af&sign=97a9fd0f35550af2127bc46081055cd7&id=201&goods_code=842460&goods_img=&end_img=%2Fuploads%2Fprogram%2F20200514%2F6365ebcd19dd0465.jpg&lat=34.745144314236114&lng=113.74026340060765&type=1&m=make_rider 2020-05-14 13:09[RIDER CLIENT]rider uniacid: 4
[2020-05-14 13:09:26] trace  /app/index.php?i=4&t=0&v=1.0&from=wxapp&c=entry&a=wxapp&do=rider_update_order&state=we7sid-098391d0de0d5964eae11172f6db11af&sign=97a9fd0f35550af2127bc46081055cd7&id=201&goods_code=842460&goods_img=&end_img=%2Fuploads%2Fprogram%2F20200514%2F6365ebcd19dd0465.jpg&lat=34.745144314236114&lng=113.74026340060765&type=1&m=make_rider 2020-05-14 13:09[RIDER CLIENT] uniacid: 3
[2020-05-14 13:09:26] trace  /app/index.php?i=4&t=0&v=1.0&from=wxapp&c=entry&a=wxapp&do=rider_update_order&state=we7sid-098391d0de0d5964eae11172f6db11af&sign=97a9fd0f35550af2127bc46081055cd7&id=201&goods_code=842460&goods_img=&end_img=%2Fuploads%2Fprogram%2F20200514%2F6365ebcd19dd0465.jpg&lat=34.745144314236114&lng=113.74026340060765&type=1&m=make_rider 2020-05-14 13:09[sendTemplate] Error: 未设置骑手接单通知用户模板消息
[2020-05-14 13:09:26] trace  /app/index.php?i=4&t=0&v=1.0&from=wxapp&c=entry&a=wxapp&do=rider_update_order&state=we7sid-098391d0de0d5964eae11172f6db11af&sign=97a9fd0f35550af2127bc46081055cd7&id=201&goods_code=842460&goods_img=&end_img=%2Fuploads%2Fprogram%2F20200514%2F6365ebcd19dd0465.jpg&lat=34.745144314236114&lng=113.74026340060765&type=1&m=make_rider 2020-05-14 13:09[sendTemplate Rider] Error:invalid template_id hint: [QpCAKa00138653]
[2020-05-14 13:09:28] trace  /app/index.php?i=4&t=0&v=1.0&from=wxapp&c=entry&a=wxapp&do=getRiderOrder&state=we7sid-098391d0de0d5964eae11172f6db11af&sign=8b950671c68ed4b03a4c846b4db30b79&status=-1&m=make_rider 2020-05-14 13:09[RIDER CLIENT]rider uniacid: 4
[2020-05-14 13:09:28] trace  /app/index.php?i=4&t=0&v=1.0&from=wxapp&c=entry&a=wxapp&do=getRiderOrder&state=we7sid-098391d0de0d5964eae11172f6db11af&sign=8b950671c68ed4b03a4c846b4db30b79&status=-1&m=make_rider 2020-05-14 13:09[RIDER CLIENT] uniacid: 3
[2020-05-14 13:09:28] trace  /app/index.php?i=4&t=0&v=1.0&from=wxapp&c=entry&a=wxapp&do=riderIsAccept&state=we7sid-098391d0de0d5964eae11172f6db11af&sign=f89793f76e9c9cfe6614d0bcaf6708fd&type=-1&m=make_rider 2020-05-14 13:09[RIDER CLIENT]rider uniacid: 4
[2020-05-14 13:09:28] trace  /app/index.php?i=4&t=0&v=1.0&from=wxapp&c=entry&a=wxapp&do=riderIsAccept&state=we7sid-098391d0de0d5964eae11172f6db11af&sign=f89793f76e9c9cfe6614d0bcaf6708fd&type=-1&m=make_rider 2020-05-14 13:09[RIDER CLIENT] uniacid: 3
[2020-05-14 13:09:28] trace  /app/index.php?i=4&t=0&v=1.0&from=wxapp&c=entry&a=wxapp&do=setRiderLocation&state=we7sid-098391d0de0d5964eae11172f6db11af&sign=b893fab29f1676a3328b87e3e80b2fbc&address=&lat=34.745144314236114&lng=113.74026340060765&m=make_rider 2020-05-14 13:09[RIDER CLIENT]rider uniacid: 4
[2020-05-14 13:09:28] trace  /app/index.php?i=4&t=0&v=1.0&from=wxapp&c=entry&a=wxapp&do=setRiderLocation&state=we7sid-098391d0de0d5964eae11172f6db11af&sign=b893fab29f1676a3328b87e3e80b2fbc&address=&lat=34.745144314236114&lng=113.74026340060765&m=make_rider 2020-05-14 13:09[RIDER CLIENT] uniacid: 3
