[2020-05-01 17:32:12] trace  /app/index.php?i=4&t=0&v=1.0&from=wxapp&c=entry&a=wxapp&do=getRiderStatus&state=we7sid-f73f6a4aaa080410576ef562936ce114&sign=2fb09f6aa054a6461c6172fed0b90f4b&m=make_rider 2020-05-01 17:32[RIDER CLIENT]rider uniacid: 4
[2020-05-01 17:32:12] trace  /app/index.php?i=4&t=0&v=1.0&from=wxapp&c=entry&a=wxapp&do=getRiderStatus&state=we7sid-f73f6a4aaa080410576ef562936ce114&sign=2fb09f6aa054a6461c6172fed0b90f4b&m=make_rider 2020-05-01 17:32[RIDER CLIENT] uniacid: 3
[2020-05-01 17:32:24] trace  /app/index.php?i=4&t=0&v=1.0&from=wxapp&c=entry&a=wxapp&do=getSetting&state=we7sid-f73f6a4aaa080410576ef562936ce114&sign=6a45541d33e1c526c4d2a555e2736483&m=make_rider 2020-05-01 17:32[RIDER CLIENT]rider uniacid: 4
[2020-05-01 17:32:24] trace  /app/index.php?i=4&t=0&v=1.0&from=wxapp&c=entry&a=wxapp&do=getSetting&state=we7sid-f73f6a4aaa080410576ef562936ce114&sign=6a45541d33e1c526c4d2a555e2736483&m=make_rider 2020-05-01 17:32[RIDER CLIENT] uniacid: 3
[2020-05-01 17:32:24] trace  /app/index.php?i=4&t=0&v=1.0&from=wxapp&c=entry&a=wxapp&do=getRiderStatus&state=we7sid-f73f6a4aaa080410576ef562936ce114&sign=2fb09f6aa054a6461c6172fed0b90f4b&m=make_rider 2020-05-01 17:32[RIDER CLIENT]rider uniacid: 4
[2020-05-01 17:32:24] trace  /app/index.php?i=4&t=0&v=1.0&from=wxapp&c=entry&a=wxapp&do=getRiderStatus&state=we7sid-f73f6a4aaa080410576ef562936ce114&sign=2fb09f6aa054a6461c6172fed0b90f4b&m=make_rider 2020-05-01 17:32[RIDER CLIENT] uniacid: 3
[2020-05-01 17:32:36] trace  /app/index.php?i=4&t=0&v=1.0&from=wxapp&c=entry&a=wxapp&do=getRiderLogo&state=we7sid-f73f6a4aaa080410576ef562936ce114&sign=94fd0e9e6cfd89948d8178bd75be4069&m=make_rider 2020-05-01 17:32[RIDER CLIENT]rider uniacid: 4
[2020-05-01 17:32:36] trace  /app/index.php?i=4&t=0&v=1.0&from=wxapp&c=entry&a=wxapp&do=getRiderLogo&state=we7sid-f73f6a4aaa080410576ef562936ce114&sign=94fd0e9e6cfd89948d8178bd75be4069&m=make_rider 2020-05-01 17:32[RIDER CLIENT] uniacid: 3
[2020-05-01 17:32:36] trace  /app/index.php?i=4&t=0&v=1.0&from=wxapp&c=entry&a=wxapp&do=getSetting&state=we7sid-f73f6a4aaa080410576ef562936ce114&sign=6a45541d33e1c526c4d2a555e2736483&m=make_rider 2020-05-01 17:32[RIDER CLIENT]rider uniacid: 4
[2020-05-01 17:32:36] trace  /app/index.php?i=4&t=0&v=1.0&from=wxapp&c=entry&a=wxapp&do=getSetting&state=we7sid-f73f6a4aaa080410576ef562936ce114&sign=6a45541d33e1c526c4d2a555e2736483&m=make_rider 2020-05-01 17:32[RIDER CLIENT] uniacid: 3
[2020-05-01 17:33:27] trace  /app/index.php?i=4&t=0&v=1.0&from=wxapp&c=entry&a=wxapp&do=riderRegister&state=we7sid-f73f6a4aaa080410576ef562936ce114&sign=17b68d21864f9609f9d3fc701718624b&is_send=1&mobile=15136289598&m=make_rider 2020-05-01 17:33[RIDER CLIENT]rider uniacid: 4
[2020-05-01 17:33:27] trace  /app/index.php?i=4&t=0&v=1.0&from=wxapp&c=entry&a=wxapp&do=riderRegister&state=we7sid-f73f6a4aaa080410576ef562936ce114&sign=17b68d21864f9609f9d3fc701718624b&is_send=1&mobile=15136289598&m=make_rider 2020-05-01 17:33[RIDER CLIENT] uniacid: 3
[2020-05-01 17:49:53] trace  /app/index.php?i=4&t=0&v=1.0&from=wxapp&c=entry&a=wxapp&do=getSetting&state=we7sid-f73f6a4aaa080410576ef562936ce114&sign=6a45541d33e1c526c4d2a555e2736483&m=make_rider 2020-05-01 17:49[RIDER CLIENT]rider uniacid: 4
[2020-05-01 17:49:53] trace  /app/index.php?i=4&t=0&v=1.0&from=wxapp&c=entry&a=wxapp&do=getSetting&state=we7sid-f73f6a4aaa080410576ef562936ce114&sign=6a45541d33e1c526c4d2a555e2736483&m=make_rider 2020-05-01 17:49[RIDER CLIENT] uniacid: 3
[2020-05-01 17:49:54] trace  /app/index.php?i=4&t=0&v=1.0&from=wxapp&c=entry&a=wxapp&do=getRiderStatus&state=we7sid-f73f6a4aaa080410576ef562936ce114&sign=2fb09f6aa054a6461c6172fed0b90f4b&m=make_rider 2020-05-01 17:49[RIDER CLIENT]rider uniacid: 4
[2020-05-01 17:49:54] trace  /app/index.php?i=4&t=0&v=1.0&from=wxapp&c=entry&a=wxapp&do=getRiderStatus&state=we7sid-f73f6a4aaa080410576ef562936ce114&sign=2fb09f6aa054a6461c6172fed0b90f4b&m=make_rider 2020-05-01 17:49[RIDER CLIENT] uniacid: 3
[2020-05-01 17:49:55] trace  /app/index.php?i=4&t=0&v=1.0&from=wxapp&c=entry&a=wxapp&do=getRiderStatus&state=we7sid-f73f6a4aaa080410576ef562936ce114&sign=2fb09f6aa054a6461c6172fed0b90f4b&m=make_rider 2020-05-01 17:49[RIDER CLIENT]rider uniacid: 4
[2020-05-01 17:49:55] trace  /app/index.php?i=4&t=0&v=1.0&from=wxapp&c=entry&a=wxapp&do=getRiderStatus&state=we7sid-f73f6a4aaa080410576ef562936ce114&sign=2fb09f6aa054a6461c6172fed0b90f4b&m=make_rider 2020-05-01 17:49[RIDER CLIENT] uniacid: 3
[2020-05-01 17:52:00] trace  /app/index.php?i=4&t=0&v=1.0&from=wxapp&c=entry&a=wxapp&do=getRiderStatus&state=we7sid-3bb80ff9e413b43a974c769a23b391da&sign=7317c39565a999988ea07f8f3f3a17d1&m=make_rider 2020-05-01 17:52[RIDER CLIENT]rider uniacid: 4
[2020-05-01 17:52:00] trace  /app/index.php?i=4&t=0&v=1.0&from=wxapp&c=entry&a=wxapp&do=getRiderStatus&state=we7sid-1319e4e512592ccb70df729919b99e8a&sign=f5fe47b77148b643bc422e3db59c4c7b&m=make_rider 2020-05-01 17:52[RIDER CLIENT]rider uniacid: 4
[2020-05-01 17:52:00] trace  /app/index.php?i=4&t=0&v=1.0&from=wxapp&c=entry&a=wxapp&do=getRiderStatus&state=we7sid-3bb80ff9e413b43a974c769a23b391da&sign=7317c39565a999988ea07f8f3f3a17d1&m=make_rider 2020-05-01 17:52[RIDER CLIENT] uniacid: 3
[2020-05-01 17:52:00] trace  /app/index.php?i=4&t=0&v=1.0&from=wxapp&c=entry&a=wxapp&do=getRiderStatus&state=we7sid-1319e4e512592ccb70df729919b99e8a&sign=f5fe47b77148b643bc422e3db59c4c7b&m=make_rider 2020-05-01 17:52[RIDER CLIENT] uniacid: 3
[2020-05-01 17:52:04] trace  /app/index.php?i=4&t=0&v=1.0&from=wxapp&c=entry&a=wxapp&do=getSetting&state=we7sid-3bb80ff9e413b43a974c769a23b391da&sign=fecdc5a242031ecffb2892e351e65784&m=make_rider 2020-05-01 17:52[RIDER CLIENT]rider uniacid: 4
[2020-05-01 17:52:04] trace  /app/index.php?i=4&t=0&v=1.0&from=wxapp&c=entry&a=wxapp&do=getRiderLogo&state=we7sid-3bb80ff9e413b43a974c769a23b391da&sign=259b7dce548517b941a3caec76b663e4&m=make_rider 2020-05-01 17:52[RIDER CLIENT]rider uniacid: 4
[2020-05-01 17:52:04] trace  /app/index.php?i=4&t=0&v=1.0&from=wxapp&c=entry&a=wxapp&do=getSetting&state=we7sid-3bb80ff9e413b43a974c769a23b391da&sign=fecdc5a242031ecffb2892e351e65784&m=make_rider 2020-05-01 17:52[RIDER CLIENT] uniacid: 3
[2020-05-01 17:52:04] trace  /app/index.php?i=4&t=0&v=1.0&from=wxapp&c=entry&a=wxapp&do=getRiderLogo&state=we7sid-3bb80ff9e413b43a974c769a23b391da&sign=259b7dce548517b941a3caec76b663e4&m=make_rider 2020-05-01 17:52[RIDER CLIENT] uniacid: 3
[2020-05-01 17:52:07] trace  /app/index.php?i=4&t=0&v=1.0&from=wxapp&c=entry&a=wxapp&do=riderRegister&state=we7sid-3bb80ff9e413b43a974c769a23b391da&sign=9a0aaa620034f7adb636f8d41a169c1a&is_send=1&mobile=0&m=make_rider 2020-05-01 17:52[RIDER CLIENT]rider uniacid: 4
[2020-05-01 17:52:07] trace  /app/index.php?i=4&t=0&v=1.0&from=wxapp&c=entry&a=wxapp&do=setFormid&state=we7sid-3bb80ff9e413b43a974c769a23b391da&sign=f990303138464de3266b83a7bfcfb403&formId=the%20formId%20is%20a%20mock%20one&m=make_rider 2020-05-01 17:52[RIDER CLIENT]rider uniacid: 4
[2020-05-01 17:52:07] trace  /app/index.php?i=4&t=0&v=1.0&from=wxapp&c=entry&a=wxapp&do=riderRegister&state=we7sid-3bb80ff9e413b43a974c769a23b391da&sign=9a0aaa620034f7adb636f8d41a169c1a&is_send=1&mobile=0&m=make_rider 2020-05-01 17:52[RIDER CLIENT] uniacid: 3
[2020-05-01 17:52:07] trace  /app/index.php?i=4&t=0&v=1.0&from=wxapp&c=entry&a=wxapp&do=setFormid&state=we7sid-3bb80ff9e413b43a974c769a23b391da&sign=f990303138464de3266b83a7bfcfb403&formId=the%20formId%20is%20a%20mock%20one&m=make_rider 2020-05-01 17:52[RIDER CLIENT] uniacid: 3
[2020-05-01 17:52:09] trace  /app/index.php?i=4&t=0&v=1.0&from=wxapp&c=entry&a=wxapp&do=getRiderAgreement&state=we7sid-3bb80ff9e413b43a974c769a23b391da&sign=1c0a0d982c2feefeadd720d0d88438b5&type=rider_cooperate&m=make_rider 2020-05-01 17:52[RIDER CLIENT]rider uniacid: 4
[2020-05-01 17:52:09] trace  /app/index.php?i=4&t=0&v=1.0&from=wxapp&c=entry&a=wxapp&do=getRiderAgreement&state=we7sid-3bb80ff9e413b43a974c769a23b391da&sign=1c0a0d982c2feefeadd720d0d88438b5&type=rider_cooperate&m=make_rider 2020-05-01 17:52[RIDER CLIENT] uniacid: 3
[2020-05-01 17:52:15] trace  /app/index.php?i=4&t=0&v=1.0&from=wxapp&c=entry&a=wxapp&do=register_business&state=we7sid-3bb80ff9e413b43a974c769a23b391da&sign=82fae7d23b07e888ee2ff8aafb5c517d&m=make_rider 2020-05-01 17:52[RIDER CLIENT]rider uniacid: 4
[2020-05-01 17:52:15] trace  /app/index.php?i=4&t=0&v=1.0&from=wxapp&c=entry&a=wxapp&do=register_business&state=we7sid-3bb80ff9e413b43a974c769a23b391da&sign=82fae7d23b07e888ee2ff8aafb5c517d&m=make_rider 2020-05-01 17:52[RIDER CLIENT] uniacid: 3
[2020-05-01 17:52:15] trace  /app/index.php?i=4&t=0&v=1.0&from=wxapp&c=entry&a=wxapp&do=riderAuth&state=we7sid-3bb80ff9e413b43a974c769a23b391da&sign=572b3e4f5a37252915c122848e5b1582&riderinfo=1&m=make_rider 2020-05-01 17:52[RIDER CLIENT]rider uniacid: 4
[2020-05-01 17:52:15] trace  /app/index.php?i=4&t=0&v=1.0&from=wxapp&c=entry&a=wxapp&do=riderAuth&state=we7sid-3bb80ff9e413b43a974c769a23b391da&sign=572b3e4f5a37252915c122848e5b1582&riderinfo=1&m=make_rider 2020-05-01 17:52[RIDER CLIENT] uniacid: 3
[2020-05-01 17:52:20] trace  /app/index.php?i=4&t=0&v=1.0&from=wxapp&c=entry&a=wxapp&do=register_business&state=we7sid-3bb80ff9e413b43a974c769a23b391da&sign=82fae7d23b07e888ee2ff8aafb5c517d&m=make_rider 2020-05-01 17:52[RIDER CLIENT]rider uniacid: 4
[2020-05-01 17:52:20] trace  /app/index.php?i=4&t=0&v=1.0&from=wxapp&c=entry&a=wxapp&do=register_business&state=we7sid-3bb80ff9e413b43a974c769a23b391da&sign=82fae7d23b07e888ee2ff8aafb5c517d&m=make_rider 2020-05-01 17:52[RIDER CLIENT] uniacid: 3
[2020-05-01 17:52:20] trace  /app/index.php?i=4&t=0&v=1.0&from=wxapp&c=entry&a=wxapp&do=riderInfo&state=we7sid-3bb80ff9e413b43a974c769a23b391da&sign=a4d09a8e6ea78e52e2e323c5f48ea7f1&m=make_rider 2020-05-01 17:52[RIDER CLIENT]rider uniacid: 4
[2020-05-01 17:52:20] trace  /app/index.php?i=4&t=0&v=1.0&from=wxapp&c=entry&a=wxapp&do=riderInfo&state=we7sid-3bb80ff9e413b43a974c769a23b391da&sign=a4d09a8e6ea78e52e2e323c5f48ea7f1&m=make_rider 2020-05-01 17:52[RIDER CLIENT] uniacid: 3
[2020-05-01 17:52:39] trace  /app/index.php?i=4&t=0&v=1.0&from=wxapp&c=entry&a=wxapp&do=getRiderOrder&state=we7sid-3bb80ff9e413b43a974c769a23b391da&sign=8a844cda0cc307c726bb22b97b616506&status=2&page=1&m=make_rider 2020-05-01 17:52[RIDER CLIENT]rider uniacid: 4
[2020-05-01 17:52:39] trace  /app/index.php?i=4&t=0&v=1.0&from=wxapp&c=entry&a=wxapp&do=getRiderOrder&state=we7sid-3bb80ff9e413b43a974c769a23b391da&sign=8a844cda0cc307c726bb22b97b616506&status=2&page=1&m=make_rider 2020-05-01 17:52[RIDER CLIENT] uniacid: 3
[2020-05-01 17:52:49] trace  /app/index.php?i=4&t=0&v=1.0&from=wxapp&c=entry&a=wxapp&do=getRiderPoster&state=we7sid-3bb80ff9e413b43a974c769a23b391da&sign=8a572f792933b6d23b843a35d91d4f0c&m=make_rider 2020-05-01 17:52[RIDER CLIENT]rider uniacid: 4
[2020-05-01 17:52:49] trace  /app/index.php?i=4&t=0&v=1.0&from=wxapp&c=entry&a=wxapp&do=riderInviteLog&state=we7sid-3bb80ff9e413b43a974c769a23b391da&sign=930c8a96c75b524a3b6ee4f7701cc503&m=make_rider 2020-05-01 17:52[RIDER CLIENT]rider uniacid: 4
[2020-05-01 17:52:49] trace  /app/index.php?i=4&t=0&v=1.0&from=wxapp&c=entry&a=wxapp&do=getRiderPoster&state=we7sid-3bb80ff9e413b43a974c769a23b391da&sign=8a572f792933b6d23b843a35d91d4f0c&m=make_rider 2020-05-01 17:52[RIDER CLIENT] uniacid: 3
[2020-05-01 17:52:49] trace  /app/index.php?i=4&t=0&v=1.0&from=wxapp&c=entry&a=wxapp&do=riderInviteLog&state=we7sid-3bb80ff9e413b43a974c769a23b391da&sign=930c8a96c75b524a3b6ee4f7701cc503&m=make_rider 2020-05-01 17:52[RIDER CLIENT] uniacid: 3
[2020-05-01 17:52:54] trace  /app/index.php?i=4&t=0&v=1.0&from=wxapp&c=entry&a=wxapp&do=getTrainInfo&state=we7sid-3bb80ff9e413b43a974c769a23b391da&sign=00e019ce2518c3e2f2a322c034c2ac22&m=make_rider 2020-05-01 17:52[RIDER CLIENT]rider uniacid: 4
[2020-05-01 17:52:54] trace  /app/index.php?i=4&t=0&v=1.0&from=wxapp&c=entry&a=wxapp&do=getTrainInfo&state=we7sid-3bb80ff9e413b43a974c769a23b391da&sign=00e019ce2518c3e2f2a322c034c2ac22&m=make_rider 2020-05-01 17:52[RIDER CLIENT] uniacid: 3
[2020-05-01 17:53:04] trace  /app/index.php?i=4&t=0&v=1.0&from=wxapp&c=entry&a=wxapp&do=addriderdriver&state=we7sid-3bb80ff9e413b43a974c769a23b391da&sign=190a55dd87c31ded8dad012c930746b0&info=1&m=make_rider 2020-05-01 17:53[RIDER CLIENT]rider uniacid: 4
[2020-05-01 17:53:04] trace  /app/index.php?i=4&t=0&v=1.0&from=wxapp&c=entry&a=wxapp&do=addriderdriver&state=we7sid-3bb80ff9e413b43a974c769a23b391da&sign=190a55dd87c31ded8dad012c930746b0&info=1&m=make_rider 2020-05-01 17:53[RIDER CLIENT] uniacid: 3
[2020-05-01 17:53:10] trace  /app/index.php?i=4&t=0&v=1.0&from=wxapp&c=entry&a=wxapp&do=getRiderOrder&state=we7sid-3bb80ff9e413b43a974c769a23b391da&sign=5a53a09ff57c86d0dd9ca90a00a77c89&status=-1&m=make_rider 2020-05-01 17:53[RIDER CLIENT]rider uniacid: 4
[2020-05-01 17:53:10] trace  /app/index.php?i=4&t=0&v=1.0&from=wxapp&c=entry&a=wxapp&do=riderIsAccept&state=we7sid-3bb80ff9e413b43a974c769a23b391da&sign=1de152fc1a6eeec88cd02e0541a392a7&type=-1&m=make_rider 2020-05-01 17:53[RIDER CLIENT]rider uniacid: 4
[2020-05-01 17:53:10] trace  /app/index.php?i=4&t=0&v=1.0&from=wxapp&c=entry&a=wxapp&do=getRiderId&state=we7sid-3bb80ff9e413b43a974c769a23b391da&sign=ee49c2dd073d88f07aa7ce6c93033c6f&m=make_rider 2020-05-01 17:53[RIDER CLIENT]rider uniacid: 4
[2020-05-01 17:53:10] trace  /app/index.php?i=4&t=0&v=1.0&from=wxapp&c=entry&a=wxapp&do=getRiderOrder&state=we7sid-3bb80ff9e413b43a974c769a23b391da&sign=5a53a09ff57c86d0dd9ca90a00a77c89&status=-1&m=make_rider 2020-05-01 17:53[RIDER CLIENT] uniacid: 3
[2020-05-01 17:53:10] trace  /app/index.php?i=4&t=0&v=1.0&from=wxapp&c=entry&a=wxapp&do=riderIsAccept&state=we7sid-3bb80ff9e413b43a974c769a23b391da&sign=1de152fc1a6eeec88cd02e0541a392a7&type=-1&m=make_rider 2020-05-01 17:53[RIDER CLIENT] uniacid: 3
[2020-05-01 17:53:10] trace  /app/index.php?i=4&t=0&v=1.0&from=wxapp&c=entry&a=wxapp&do=getRiderId&state=we7sid-3bb80ff9e413b43a974c769a23b391da&sign=ee49c2dd073d88f07aa7ce6c93033c6f&m=make_rider 2020-05-01 17:53[RIDER CLIENT] uniacid: 3
[2020-05-01 17:53:10] trace  /app/index.php?i=4&t=0&v=1.0&from=wxapp&c=entry&a=wxapp&do=getRiderOrder&state=we7sid-3bb80ff9e413b43a974c769a23b391da&sign=5a53a09ff57c86d0dd9ca90a00a77c89&status=-1&m=make_rider 2020-05-01 17:53[RIDER CLIENT]rider uniacid: 4
[2020-05-01 17:53:10] trace  /app/index.php?i=4&t=0&v=1.0&from=wxapp&c=entry&a=wxapp&do=getRiderOrder&state=we7sid-3bb80ff9e413b43a974c769a23b391da&sign=5a53a09ff57c86d0dd9ca90a00a77c89&status=-1&m=make_rider 2020-05-01 17:53[RIDER CLIENT] uniacid: 3
[2020-05-01 17:53:19] trace  /app/index.php?i=4&t=0&v=1.0&from=wxapp&c=entry&a=wxapp&do=riderSanction&state=we7sid-3bb80ff9e413b43a974c769a23b391da&sign=89f6aae2222722bec0665521792511c7&page=1&appeal=1&m=make_rider 2020-05-01 17:53[RIDER CLIENT]rider uniacid: 4
[2020-05-01 17:53:19] trace  /app/index.php?i=4&t=0&v=1.0&from=wxapp&c=entry&a=wxapp&do=riderSanction&state=we7sid-3bb80ff9e413b43a974c769a23b391da&sign=89f6aae2222722bec0665521792511c7&page=1&appeal=1&m=make_rider 2020-05-01 17:53[RIDER CLIENT] uniacid: 3
[2020-05-01 17:53:24] trace  /app/index.php?i=4&t=0&v=1.0&from=wxapp&c=entry&a=wxapp&do=riderSanction&state=we7sid-3bb80ff9e413b43a974c769a23b391da&sign=4a8a5dc2ce0f5c767518b9e0a486c8db&page=1&type=0&m=make_rider 2020-05-01 17:53[RIDER CLIENT]rider uniacid: 4
[2020-05-01 17:53:24] trace  /app/index.php?i=4&t=0&v=1.0&from=wxapp&c=entry&a=wxapp&do=riderSanction&state=we7sid-3bb80ff9e413b43a974c769a23b391da&sign=4a8a5dc2ce0f5c767518b9e0a486c8db&page=1&type=0&m=make_rider 2020-05-01 17:53[RIDER CLIENT] uniacid: 3
[2020-05-01 17:53:30] trace  /app/index.php?i=4&t=0&v=1.0&from=wxapp&c=entry&a=wxapp&do=getTrainTime&state=we7sid-3bb80ff9e413b43a974c769a23b391da&sign=4325da9308e38335a112bc7c1cc7d83f&id=0&m=make_rider 2020-05-01 17:53[RIDER CLIENT]rider uniacid: 4
[2020-05-01 17:53:30] trace  /app/index.php?i=4&t=0&v=1.0&from=wxapp&c=entry&a=wxapp&do=getTrainTime&state=we7sid-3bb80ff9e413b43a974c769a23b391da&sign=4325da9308e38335a112bc7c1cc7d83f&id=0&m=make_rider 2020-05-01 17:53[RIDER CLIENT] uniacid: 3
[2020-05-01 17:53:48] trace  /app/index.php?i=4&t=0&v=1.0&from=wxapp&c=entry&a=wxapp&do=riderHandbookList&state=we7sid-3bb80ff9e413b43a974c769a23b391da&sign=6c0c2737b8f1f0254b226eec41e4bdaf&page=1&m=make_rider 2020-05-01 17:53[RIDER CLIENT]rider uniacid: 4
[2020-05-01 17:53:48] trace  /app/index.php?i=4&t=0&v=1.0&from=wxapp&c=entry&a=wxapp&do=riderHandbookList&state=we7sid-3bb80ff9e413b43a974c769a23b391da&sign=6c0c2737b8f1f0254b226eec41e4bdaf&page=1&m=make_rider 2020-05-01 17:53[RIDER CLIENT] uniacid: 3
[2020-05-01 17:53:58] trace  /app/index.php?i=4&t=0&v=1.0&from=wxapp&c=entry&a=wxapp&do=riderequipList&state=we7sid-3bb80ff9e413b43a974c769a23b391da&sign=06b6654116c9e350912edd7714bfb0fb&page=1&m=make_rider 2020-05-01 17:53[RIDER CLIENT]rider uniacid: 4
[2020-05-01 17:53:58] trace  /app/index.php?i=4&t=0&v=1.0&from=wxapp&c=entry&a=wxapp&do=riderequipList&state=we7sid-3bb80ff9e413b43a974c769a23b391da&sign=06b6654116c9e350912edd7714bfb0fb&page=1&m=make_rider 2020-05-01 17:53[RIDER CLIENT] uniacid: 3
[2020-05-01 17:54:03] trace  /app/index.php?i=4&t=0&v=1.0&from=wxapp&c=entry&a=wxapp&do=getTrainInfo&state=we7sid-3bb80ff9e413b43a974c769a23b391da&sign=00e019ce2518c3e2f2a322c034c2ac22&m=make_rider 2020-05-01 17:54[RIDER CLIENT]rider uniacid: 4
[2020-05-01 17:54:03] trace  /app/index.php?i=4&t=0&v=1.0&from=wxapp&c=entry&a=wxapp&do=getTrainInfo&state=we7sid-3bb80ff9e413b43a974c769a23b391da&sign=00e019ce2518c3e2f2a322c034c2ac22&m=make_rider 2020-05-01 17:54[RIDER CLIENT] uniacid: 3
[2020-05-01 17:54:08] trace  /app/index.php?i=4&t=0&v=1.0&from=wxapp&c=entry&a=wxapp&do=RiderWallet&state=we7sid-3bb80ff9e413b43a974c769a23b391da&sign=b44b44ad67e656358e0dc7aa68cbed40&m=make_rider 2020-05-01 17:54[RIDER CLIENT]rider uniacid: 4
[2020-05-01 17:54:08] trace  /app/index.php?i=4&t=0&v=1.0&from=wxapp&c=entry&a=wxapp&do=RiderWallet&state=we7sid-3bb80ff9e413b43a974c769a23b391da&sign=b44b44ad67e656358e0dc7aa68cbed40&m=make_rider 2020-05-01 17:54[RIDER CLIENT] uniacid: 3
[2020-05-01 17:54:14] trace  /app/index.php?i=4&t=0&v=1.0&from=wxapp&c=entry&a=wxapp&do=getRiderAgreement&state=we7sid-3bb80ff9e413b43a974c769a23b391da&sign=05fa714b00610516656f4b9dbde963f7&type=rider_service&m=make_rider 2020-05-01 17:54[RIDER CLIENT]rider uniacid: 4
[2020-05-01 17:54:14] trace  /app/index.php?i=4&t=0&v=1.0&from=wxapp&c=entry&a=wxapp&do=getRiderAgreement&state=we7sid-3bb80ff9e413b43a974c769a23b391da&sign=05fa714b00610516656f4b9dbde963f7&type=rider_service&m=make_rider 2020-05-01 17:54[RIDER CLIENT] uniacid: 3
[2020-05-01 17:54:19] trace  /app/index.php?i=4&t=0&v=1.0&from=wxapp&c=entry&a=wxapp&do=getRiderOrder&state=we7sid-3bb80ff9e413b43a974c769a23b391da&sign=7ec3aa806fb87196774277476ce114e1&status=0&page=1&time=&m=make_rider 2020-05-01 17:54[RIDER CLIENT]rider uniacid: 4
[2020-05-01 17:54:19] trace  /app/index.php?i=4&t=0&v=1.0&from=wxapp&c=entry&a=wxapp&do=getRiderOrder&state=we7sid-3bb80ff9e413b43a974c769a23b391da&sign=7ec3aa806fb87196774277476ce114e1&status=0&page=1&time=&m=make_rider 2020-05-01 17:54[RIDER CLIENT] uniacid: 3
[2020-05-01 17:54:24] trace  /app/index.php?i=4&t=0&v=1.0&from=wxapp&c=entry&a=wxapp&do=getRiderCode&state=we7sid-3bb80ff9e413b43a974c769a23b391da&sign=c7a340a3465f5693fff3313cf20e5edc&m=make_rider 2020-05-01 17:54[RIDER CLIENT]rider uniacid: 4
[2020-05-01 17:54:24] trace  /app/index.php?i=4&t=0&v=1.0&from=wxapp&c=entry&a=wxapp&do=getRiderCode&state=we7sid-3bb80ff9e413b43a974c769a23b391da&sign=c7a340a3465f5693fff3313cf20e5edc&m=make_rider 2020-05-01 17:54[RIDER CLIENT] uniacid: 3
[2020-05-01 17:54:30] trace  /app/index.php?i=4&t=0&v=1.0&from=wxapp&c=entry&a=wxapp&do=riderAcceptSetting&state=we7sid-3bb80ff9e413b43a974c769a23b391da&sign=abbc1c6595f8b73f74e16eb9717c73ee&shishi=-1&yuyue=-1&m=make_rider 2020-05-01 17:54[RIDER CLIENT]rider uniacid: 4
[2020-05-01 17:54:30] trace  /app/index.php?i=4&t=0&v=1.0&from=wxapp&c=entry&a=wxapp&do=riderAcceptSetting&state=we7sid-3bb80ff9e413b43a974c769a23b391da&sign=abbc1c6595f8b73f74e16eb9717c73ee&shishi=-1&yuyue=-1&m=make_rider 2020-05-01 17:54[RIDER CLIENT] uniacid: 3
[2020-05-01 17:54:35] trace  /app/index.php?i=4&t=0&v=1.0&from=wxapp&c=entry&a=wxapp&do=getRiderOrder&state=we7sid-3bb80ff9e413b43a974c769a23b391da&sign=b7725063018f28cccc1a5d589c06d7ce&status=5&page=1&m=make_rider 2020-05-01 17:54[RIDER CLIENT]rider uniacid: 4
[2020-05-01 17:54:35] trace  /app/index.php?i=4&t=0&v=1.0&from=wxapp&c=entry&a=wxapp&do=getRiderOrder&state=we7sid-3bb80ff9e413b43a974c769a23b391da&sign=b7725063018f28cccc1a5d589c06d7ce&status=5&page=1&m=make_rider 2020-05-01 17:54[RIDER CLIENT] uniacid: 3
[2020-05-01 17:54:40] trace  /app/index.php?i=4&t=0&v=1.0&from=wxapp&c=entry&a=wxapp&do=getTrain&state=we7sid-3bb80ff9e413b43a974c769a23b391da&sign=4babfea26bfafbbe58a82cac16dbdc11&city=undefined&m=make_rider 2020-05-01 17:54[RIDER CLIENT]rider uniacid: 4
[2020-05-01 17:54:40] trace  /app/index.php?i=4&t=0&v=1.0&from=wxapp&c=entry&a=wxapp&do=getTrain&state=we7sid-3bb80ff9e413b43a974c769a23b391da&sign=4babfea26bfafbbe58a82cac16dbdc11&city=undefined&m=make_rider 2020-05-01 17:54[RIDER CLIENT] uniacid: 3
[2020-05-01 17:54:50] trace  /app/index.php?i=4&t=0&v=1.0&from=wxapp&c=entry&a=wxapp&do=city&state=we7sid-3bb80ff9e413b43a974c769a23b391da&sign=9ca32d0508aaecba5805100162325c32&m=make_rider 2020-05-01 17:54[RIDER CLIENT]rider uniacid: 4
[2020-05-01 17:54:50] trace  /app/index.php?i=4&t=0&v=1.0&from=wxapp&c=entry&a=wxapp&do=city&state=we7sid-3bb80ff9e413b43a974c769a23b391da&sign=9ca32d0508aaecba5805100162325c32&m=make_rider 2020-05-01 17:54[RIDER CLIENT] uniacid: 3
[2020-05-01 17:54:50] trace  /app/index.php?i=4&t=0&v=1.0&from=wxapp&c=entry&a=wxapp&do=city&state=we7sid-3bb80ff9e413b43a974c769a23b391da&sign=9ca32d0508aaecba5805100162325c32&m=make_rider 2020-05-01 17:54[RIDER CLIENT]rider uniacid: 4
[2020-05-01 17:54:50] trace  /app/index.php?i=4&t=0&v=1.0&from=wxapp&c=entry&a=wxapp&do=city&state=we7sid-3bb80ff9e413b43a974c769a23b391da&sign=9ca32d0508aaecba5805100162325c32&m=make_rider 2020-05-01 17:54[RIDER CLIENT] uniacid: 3
[2020-05-01 17:54:55] trace  /app/index.php?i=4&t=0&v=1.0&from=wxapp&c=entry&a=wxapp&do=riderInfoDetail&state=we7sid-3bb80ff9e413b43a974c769a23b391da&sign=273c7fba53359dae2fb2c6e7eafe5fdf&m=make_rider 2020-05-01 17:54[RIDER CLIENT]rider uniacid: 4
[2020-05-01 17:54:55] trace  /app/index.php?i=4&t=0&v=1.0&from=wxapp&c=entry&a=wxapp&do=riderInfoDetail&state=we7sid-3bb80ff9e413b43a974c769a23b391da&sign=273c7fba53359dae2fb2c6e7eafe5fdf&m=make_rider 2020-05-01 17:54[RIDER CLIENT] uniacid: 3
[2020-05-01 17:55:01] trace  /app/index.php?i=4&t=0&v=1.0&from=wxapp&c=entry&a=wxapp&do=riderCashList&state=we7sid-3bb80ff9e413b43a974c769a23b391da&sign=17670ce43dab0294e1354740ba638a70&page=1&time=&m=make_rider 2020-05-01 17:55[RIDER CLIENT]rider uniacid: 4
[2020-05-01 17:55:01] trace  /app/index.php?i=4&t=0&v=1.0&from=wxapp&c=entry&a=wxapp&do=riderCashList&state=we7sid-3bb80ff9e413b43a974c769a23b391da&sign=17670ce43dab0294e1354740ba638a70&page=1&time=&m=make_rider 2020-05-01 17:55[RIDER CLIENT] uniacid: 3
[2020-05-01 17:55:10] trace  /app/index.php?i=4&t=0&v=1.0&from=wxapp&c=entry&a=wxapp&do=riderOrderCount&state=we7sid-3bb80ff9e413b43a974c769a23b391da&sign=d5708a5358dd77e172a5ab9b176cff6c&m=make_rider 2020-05-01 17:55[RIDER CLIENT]rider uniacid: 4
[2020-05-01 17:55:10] trace  /app/index.php?i=4&t=0&v=1.0&from=wxapp&c=entry&a=wxapp&do=riderOrderCount&state=we7sid-3bb80ff9e413b43a974c769a23b391da&sign=d5708a5358dd77e172a5ab9b176cff6c&m=make_rider 2020-05-01 17:55[RIDER CLIENT] uniacid: 3
[2020-05-01 17:55:16] trace  /app/index.php?i=4&t=0&v=1.0&from=wxapp&c=entry&a=wxapp&do=getRiderAgreement&state=we7sid-3bb80ff9e413b43a974c769a23b391da&sign=bcee93aad763905d8efa532b9f2000c3&type=rider_account&m=make_rider 2020-05-01 17:55[RIDER CLIENT]rider uniacid: 4
[2020-05-01 17:55:16] trace  /app/index.php?i=4&t=0&v=1.0&from=wxapp&c=entry&a=wxapp&do=getRiderAgreement&state=we7sid-3bb80ff9e413b43a974c769a23b391da&sign=bcee93aad763905d8efa532b9f2000c3&type=rider_account&m=make_rider 2020-05-01 17:55[RIDER CLIENT] uniacid: 3
[2020-05-01 17:55:21] trace  /app/index.php?i=4&t=0&v=1.0&from=wxapp&c=entry&a=wxapp&do=getRiderAgreement&state=we7sid-3bb80ff9e413b43a974c769a23b391da&sign=1c0a0d982c2feefeadd720d0d88438b5&type=rider_cooperate&m=make_rider 2020-05-01 17:55[RIDER CLIENT]rider uniacid: 4
[2020-05-01 17:55:21] trace  /app/index.php?i=4&t=0&v=1.0&from=wxapp&c=entry&a=wxapp&do=getRiderAgreement&state=we7sid-3bb80ff9e413b43a974c769a23b391da&sign=1c0a0d982c2feefeadd720d0d88438b5&type=rider_cooperate&m=make_rider 2020-05-01 17:55[RIDER CLIENT] uniacid: 3
[2020-05-01 17:55:26] trace  /app/index.php?i=4&t=0&v=1.0&from=wxapp&c=entry&a=wxapp&do=getRiderAgreement&state=we7sid-3bb80ff9e413b43a974c769a23b391da&sign=1e2bf7bc55b55e59d380b81009ef979e&type=rider_bean&m=make_rider 2020-05-01 17:55[RIDER CLIENT]rider uniacid: 4
[2020-05-01 17:55:26] trace  /app/index.php?i=4&t=0&v=1.0&from=wxapp&c=entry&a=wxapp&do=getRiderAgreement&state=we7sid-3bb80ff9e413b43a974c769a23b391da&sign=1e2bf7bc55b55e59d380b81009ef979e&type=rider_bean&m=make_rider 2020-05-01 17:55[RIDER CLIENT] uniacid: 3
[2020-05-01 17:55:32] trace  /app/index.php?i=4&t=0&v=1.0&from=wxapp&c=entry&a=wxapp&do=getRiderAgreement&state=we7sid-3bb80ff9e413b43a974c769a23b391da&sign=0f3d98665f16f414a6e67b7bf1cfb7b7&type=undefined&m=make_rider 2020-05-01 17:55[RIDER CLIENT]rider uniacid: 4
[2020-05-01 17:55:32] trace  /app/index.php?i=4&t=0&v=1.0&from=wxapp&c=entry&a=wxapp&do=getRiderAgreement&state=we7sid-3bb80ff9e413b43a974c769a23b391da&sign=0f3d98665f16f414a6e67b7bf1cfb7b7&type=undefined&m=make_rider 2020-05-01 17:55[RIDER CLIENT] uniacid: 3
[2020-05-01 17:55:37] trace  /app/index.php?i=4&t=0&v=1.0&from=wxapp&c=entry&a=wxapp&do=riderequipDetail&state=we7sid-3bb80ff9e413b43a974c769a23b391da&sign=361c4da06d509f0712627f8e76b4b2ac&id=undefined&m=make_rider 2020-05-01 17:55[RIDER CLIENT]rider uniacid: 4
[2020-05-01 17:55:37] trace  /app/index.php?i=4&t=0&v=1.0&from=wxapp&c=entry&a=wxapp&do=riderequipDetail&state=we7sid-3bb80ff9e413b43a974c769a23b391da&sign=361c4da06d509f0712627f8e76b4b2ac&id=undefined&m=make_rider 2020-05-01 17:55[RIDER CLIENT] uniacid: 3
[2020-05-01 17:55:42] trace  /app/index.php?i=4&t=0&v=1.0&from=wxapp&c=entry&a=wxapp&do=getUserCode&state=we7sid-3bb80ff9e413b43a974c769a23b391da&sign=6889787ff7a3cf02069b2a9c6e8ecada&m=make_rider 2020-05-01 17:55[RIDER CLIENT]rider uniacid: 4
[2020-05-01 17:55:42] trace  /app/index.php?i=4&t=0&v=1.0&from=wxapp&c=entry&a=wxapp&do=getUserCode&state=we7sid-3bb80ff9e413b43a974c769a23b391da&sign=6889787ff7a3cf02069b2a9c6e8ecada&m=make_rider 2020-05-01 17:55[RIDER CLIENT] uniacid: 3
[2020-05-01 17:55:47] trace  /app/index.php?i=4&t=0&v=1.0&from=wxapp&c=entry&a=wxapp&do=riderHandbookDetail&state=we7sid-3bb80ff9e413b43a974c769a23b391da&sign=2cc7d3db647fbdaefef620ddbf591bee&id=undefined&m=make_rider 2020-05-01 17:55[RIDER CLIENT]rider uniacid: 4
[2020-05-01 17:55:47] trace  /app/index.php?i=4&t=0&v=1.0&from=wxapp&c=entry&a=wxapp&do=riderHandbookDetail&state=we7sid-3bb80ff9e413b43a974c769a23b391da&sign=2cc7d3db647fbdaefef620ddbf591bee&id=undefined&m=make_rider 2020-05-01 17:55[RIDER CLIENT] uniacid: 3
[2020-05-01 17:55:53] trace  /app/index.php?i=4&t=0&v=1.0&from=wxapp&c=entry&a=wxapp&do=riderMessage&state=we7sid-3bb80ff9e413b43a974c769a23b391da&sign=edf6698ed95d554eaacca14adacdcb7f&page=1&type=undefined&m=make_rider 2020-05-01 17:55[RIDER CLIENT]rider uniacid: 4
[2020-05-01 17:55:53] trace  /app/index.php?i=4&t=0&v=1.0&from=wxapp&c=entry&a=wxapp&do=riderMessage&state=we7sid-3bb80ff9e413b43a974c769a23b391da&sign=edf6698ed95d554eaacca14adacdcb7f&page=1&type=undefined&m=make_rider 2020-05-01 17:55[RIDER CLIENT] uniacid: 3
[2020-05-01 19:14:05] trace  /app/index.php?i=4&t=0&v=1.0&from=wxapp&c=entry&a=wxapp&do=getSetting&state=we7sid-f73f6a4aaa080410576ef562936ce114&sign=6a45541d33e1c526c4d2a555e2736483&m=make_rider 2020-05-01 19:14[RIDER CLIENT]rider uniacid: 4
[2020-05-01 19:14:05] trace  /app/index.php?i=4&t=0&v=1.0&from=wxapp&c=entry&a=wxapp&do=getSetting&state=we7sid-f73f6a4aaa080410576ef562936ce114&sign=6a45541d33e1c526c4d2a555e2736483&m=make_rider 2020-05-01 19:14[RIDER CLIENT] uniacid: 3
[2020-05-01 19:14:05] trace  /app/index.php?i=4&t=0&v=1.0&from=wxapp&c=entry&a=wxapp&do=getRiderLogo&state=we7sid-f73f6a4aaa080410576ef562936ce114&sign=94fd0e9e6cfd89948d8178bd75be4069&m=make_rider 2020-05-01 19:14[RIDER CLIENT]rider uniacid: 4
[2020-05-01 19:14:05] trace  /app/index.php?i=4&t=0&v=1.0&from=wxapp&c=entry&a=wxapp&do=getRiderLogo&state=we7sid-f73f6a4aaa080410576ef562936ce114&sign=94fd0e9e6cfd89948d8178bd75be4069&m=make_rider 2020-05-01 19:14[RIDER CLIENT] uniacid: 3
[2020-05-01 19:14:07] trace  /app/index.php?i=4&t=0&v=1.0&from=wxapp&c=entry&a=wxapp&do=getRiderLogo&state=we7sid-bc8b3cd15f3ae5dd34c9877ce0b8a0dc&sign=46559a27038d1a7038646ea0b3b58af0&m=make_rider 2020-05-01 19:14[RIDER CLIENT]rider uniacid: 4
[2020-05-01 19:14:07] trace  /app/index.php?i=4&t=0&v=1.0&from=wxapp&c=entry&a=wxapp&do=getRiderLogo&state=we7sid-bc8b3cd15f3ae5dd34c9877ce0b8a0dc&sign=46559a27038d1a7038646ea0b3b58af0&m=make_rider 2020-05-01 19:14[RIDER CLIENT] uniacid: 3
[2020-05-01 19:14:09] trace  /app/index.php?i=4&t=0&v=1.0&from=wxapp&c=entry&a=wxapp&do=getSetting&state=we7sid-bc8b3cd15f3ae5dd34c9877ce0b8a0dc&sign=3bb832c41f0cd7e814259b19e5c15d9e&m=make_rider 2020-05-01 19:14[RIDER CLIENT]rider uniacid: 4
[2020-05-01 19:14:09] trace  /app/index.php?i=4&t=0&v=1.0&from=wxapp&c=entry&a=wxapp&do=getSetting&state=we7sid-bc8b3cd15f3ae5dd34c9877ce0b8a0dc&sign=3bb832c41f0cd7e814259b19e5c15d9e&m=make_rider 2020-05-01 19:14[RIDER CLIENT] uniacid: 3
[2020-05-01 20:48:46] trace  /app/index.php?i=4&t=0&v=1.0&from=wxapp&c=entry&a=wxapp&do=getRiderStatus&state=we7sid-4515e089f9d75b7b2d0b33eab350b549&sign=3254ef42dfc373d5ba5fe774dc72edbd&m=make_rider 2020-05-01 20:48[RIDER CLIENT]rider uniacid: 4
[2020-05-01 20:48:46] trace  /app/index.php?i=4&t=0&v=1.0&from=wxapp&c=entry&a=wxapp&do=getRiderStatus&state=we7sid-4515e089f9d75b7b2d0b33eab350b549&sign=3254ef42dfc373d5ba5fe774dc72edbd&m=make_rider 2020-05-01 20:48[RIDER CLIENT] uniacid: 3
[2020-05-01 20:48:52] trace  /app/index.php?i=4&t=0&v=1.0&from=wxapp&c=entry&a=wxapp&do=getRiderLogo&state=we7sid-4515e089f9d75b7b2d0b33eab350b549&sign=9a110b063f244ea79712bb91e11d83e0&m=make_rider 2020-05-01 20:48[RIDER CLIENT]rider uniacid: 4
[2020-05-01 20:48:52] trace  /app/index.php?i=4&t=0&v=1.0&from=wxapp&c=entry&a=wxapp&do=getRiderLogo&state=we7sid-4515e089f9d75b7b2d0b33eab350b549&sign=9a110b063f244ea79712bb91e11d83e0&m=make_rider 2020-05-01 20:48[RIDER CLIENT] uniacid: 3
[2020-05-01 20:48:52] trace  /app/index.php?i=4&t=0&v=1.0&from=wxapp&c=entry&a=wxapp&do=getSetting&state=we7sid-4515e089f9d75b7b2d0b33eab350b549&sign=b8221586e537c6226ca9a663df1198d8&m=make_rider 2020-05-01 20:48[RIDER CLIENT]rider uniacid: 4
[2020-05-01 20:48:52] trace  /app/index.php?i=4&t=0&v=1.0&from=wxapp&c=entry&a=wxapp&do=getSetting&state=we7sid-4515e089f9d75b7b2d0b33eab350b549&sign=b8221586e537c6226ca9a663df1198d8&m=make_rider 2020-05-01 20:48[RIDER CLIENT] uniacid: 3
[2020-05-01 20:55:34] trace  /app/index.php?i=4&t=0&v=1.0&from=wxapp&c=entry&a=wxapp&do=getRiderStatus&state=we7sid-e010cea579f1a4cdcb68b0ee802cfdf1&sign=40fcdd728df520c1a041d6db3a908520&m=make_rider 2020-05-01 20:55[RIDER CLIENT]rider uniacid: 4
[2020-05-01 20:55:34] trace  /app/index.php?i=4&t=0&v=1.0&from=wxapp&c=entry&a=wxapp&do=getRiderStatus&state=we7sid-e010cea579f1a4cdcb68b0ee802cfdf1&sign=40fcdd728df520c1a041d6db3a908520&m=make_rider 2020-05-01 20:55[RIDER CLIENT] uniacid: 3
[2020-05-01 20:55:35] trace  /app/index.php?i=4&t=0&v=1.0&from=wxapp&c=entry&a=wxapp&do=getSetting&state=we7sid-e010cea579f1a4cdcb68b0ee802cfdf1&sign=33955044be73ddea46cf909b345fae3b&m=make_rider 2020-05-01 20:55[RIDER CLIENT]rider uniacid: 4
[2020-05-01 20:55:35] trace  /app/index.php?i=4&t=0&v=1.0&from=wxapp&c=entry&a=wxapp&do=getSetting&state=we7sid-e010cea579f1a4cdcb68b0ee802cfdf1&sign=33955044be73ddea46cf909b345fae3b&m=make_rider 2020-05-01 20:55[RIDER CLIENT] uniacid: 3
[2020-05-01 20:55:35] trace  /app/index.php?i=4&t=0&v=1.0&from=wxapp&c=entry&a=wxapp&do=getRiderStatus&state=we7sid-e010cea579f1a4cdcb68b0ee802cfdf1&sign=40fcdd728df520c1a041d6db3a908520&m=make_rider 2020-05-01 20:55[RIDER CLIENT]rider uniacid: 4
[2020-05-01 20:55:35] trace  /app/index.php?i=4&t=0&v=1.0&from=wxapp&c=entry&a=wxapp&do=getRiderStatus&state=we7sid-e010cea579f1a4cdcb68b0ee802cfdf1&sign=40fcdd728df520c1a041d6db3a908520&m=make_rider 2020-05-01 20:55[RIDER CLIENT] uniacid: 3
[2020-05-01 20:55:39] trace  /app/index.php?i=4&t=0&v=1.0&from=wxapp&c=entry&a=wxapp&do=getRiderLogo&state=we7sid-e010cea579f1a4cdcb68b0ee802cfdf1&sign=057237bde1c59f97e326557c11dcf994&m=make_rider 2020-05-01 20:55[RIDER CLIENT]rider uniacid: 4
[2020-05-01 20:55:39] trace  /app/index.php?i=4&t=0&v=1.0&from=wxapp&c=entry&a=wxapp&do=getRiderLogo&state=we7sid-e010cea579f1a4cdcb68b0ee802cfdf1&sign=057237bde1c59f97e326557c11dcf994&m=make_rider 2020-05-01 20:55[RIDER CLIENT] uniacid: 3
[2020-05-01 20:55:39] trace  /app/index.php?i=4&t=0&v=1.0&from=wxapp&c=entry&a=wxapp&do=getSetting&state=we7sid-e010cea579f1a4cdcb68b0ee802cfdf1&sign=33955044be73ddea46cf909b345fae3b&m=make_rider 2020-05-01 20:55[RIDER CLIENT]rider uniacid: 4
[2020-05-01 20:55:39] trace  /app/index.php?i=4&t=0&v=1.0&from=wxapp&c=entry&a=wxapp&do=getSetting&state=we7sid-e010cea579f1a4cdcb68b0ee802cfdf1&sign=33955044be73ddea46cf909b345fae3b&m=make_rider 2020-05-01 20:55[RIDER CLIENT] uniacid: 3
[2020-05-01 20:55:56] trace  /app/index.php?i=4&t=0&v=1.0&from=wxapp&c=entry&a=wxapp&do=riderRegister&state=we7sid-e010cea579f1a4cdcb68b0ee802cfdf1&sign=115f0c5cd482c7ede0aba7e2821952d0&is_send=1&mobile=15136289598&m=make_rider 2020-05-01 20:55[RIDER CLIENT]rider uniacid: 4
[2020-05-01 20:55:56] trace  /app/index.php?i=4&t=0&v=1.0&from=wxapp&c=entry&a=wxapp&do=riderRegister&state=we7sid-e010cea579f1a4cdcb68b0ee802cfdf1&sign=115f0c5cd482c7ede0aba7e2821952d0&is_send=1&mobile=15136289598&m=make_rider 2020-05-01 20:55[RIDER CLIENT] uniacid: 3
[2020-05-01 20:55:56] trace  /app/index.php?i=4&t=0&v=1.0&from=wxapp&c=entry&a=wxapp&do=riderRegister&state=we7sid-e010cea579f1a4cdcb68b0ee802cfdf1&sign=115f0c5cd482c7ede0aba7e2821952d0&is_send=1&mobile=15136289598&m=make_rider 2020-05-01 20:55[sms Send] Error: {"Message":"\u6a21\u677f\u4e0d\u5408\u6cd5(\u4e0d\u5b58\u5728\u6216\u88ab\u62c9\u9ed1)","RequestId":"4CE6DB8B-0D4A-47DC-B09A-BE1FDC62B164","Code":"isv.SMS_TEMPLATE_ILLEGAL"}
