[2020-05-15 16:58:11] trace  /app/index.php?i=3&t=0&v=1.0&from=wxapp&c=entry&a=wxapp&do=pay&state=we7sid-9b35a32125e151c5ff849e05e5d6f38a&sign=53dcd823bfb6915809a17f5bd91c4814&id=202&pay_method=1&m=make_speed 2020-05-15 16:58[sendTemplate Rider] Error:invalid template_id hint: [RVOT.A0140d434]
[2020-05-15 16:58:11] trace  /app/index.php?i=3&t=0&v=1.0&from=wxapp&c=entry&a=wxapp&do=pay&state=we7sid-9b35a32125e151c5ff849e05e5d6f38a&sign=53dcd823bfb6915809a17f5bd91c4814&id=202&pay_method=1&m=make_speed 2020-05-15 16:58[sendTemplate Rider] Error: business_rider_id::::Array
[2020-05-15 16:58:11] trace  /app/index.php?i=3&t=0&v=1.0&from=wxapp&c=entry&a=wxapp&do=pay&state=we7sid-9b35a32125e151c5ff849e05e5d6f38a&sign=53dcd823bfb6915809a17f5bd91c4814&id=202&pay_method=1&m=make_speed 2020-05-15 16:58[sendTemplate Rider] Error:抢单模板消息未配置
[2020-05-15 16:58:35] trace  /app/index.php?i=4&t=0&v=1.0&from=wxapp&c=entry&a=wxapp&do=getRiderLogo&sign=12010add99c742ecba1945ff7b384afc&m=make_rider 2020-05-15 16:58[RIDER CLIENT]rider uniacid: 4
[2020-05-15 16:58:35] trace  /app/index.php?i=4&t=0&v=1.0&from=wxapp&c=entry&a=wxapp&do=getRiderLogo&sign=12010add99c742ecba1945ff7b384afc&m=make_rider 2020-05-15 16:58[RIDER CLIENT] uniacid: 3
[2020-05-15 16:58:35] trace  /app/index.php?i=4&t=0&v=1.0&from=wxapp&c=entry&a=wxapp&do=getSetting&sign=73cd213fce5669895efd1c7dc5c18744&m=make_rider 2020-05-15 16:58[RIDER CLIENT]rider uniacid: 4
[2020-05-15 16:58:35] trace  /app/index.php?i=4&t=0&v=1.0&from=wxapp&c=entry&a=wxapp&do=getSetting&sign=73cd213fce5669895efd1c7dc5c18744&m=make_rider 2020-05-15 16:58[RIDER CLIENT] uniacid: 3
[2020-05-15 16:58:35] trace  /app/index.php?i=4&t=0&v=1.0&from=wxapp&c=entry&a=wxapp&do=getRiderStatus&state=we7sid-9257de89f352f442bfcc28cfc7e284e5&sign=787d39725728a45c53fc4df268241227&m=make_rider 2020-05-15 16:58[RIDER CLIENT]rider uniacid: 4
[2020-05-15 16:58:35] trace  /app/index.php?i=4&t=0&v=1.0&from=wxapp&c=entry&a=wxapp&do=getRiderStatus&state=we7sid-9257de89f352f442bfcc28cfc7e284e5&sign=787d39725728a45c53fc4df268241227&m=make_rider 2020-05-15 16:58[RIDER CLIENT] uniacid: 3
[2020-05-15 16:58:36] trace  /app/index.php?i=4&t=0&v=1.0&from=wxapp&c=entry&a=wxapp&do=getRiderOrder&state=we7sid-9257de89f352f442bfcc28cfc7e284e5&sign=80e3e24b9dec8798a6b90e49fbe5463f&status=-1&m=make_rider 2020-05-15 16:58[RIDER CLIENT]rider uniacid: 4
[2020-05-15 16:58:36] trace  /app/index.php?i=4&t=0&v=1.0&from=wxapp&c=entry&a=wxapp&do=getRiderOrder&state=we7sid-9257de89f352f442bfcc28cfc7e284e5&sign=80e3e24b9dec8798a6b90e49fbe5463f&status=-1&m=make_rider 2020-05-15 16:58[RIDER CLIENT] uniacid: 3
[2020-05-15 16:58:36] trace  /app/index.php?i=4&t=0&v=1.0&from=wxapp&c=entry&a=wxapp&do=getRiderId&state=we7sid-9257de89f352f442bfcc28cfc7e284e5&sign=2066fddc37261d2c7649936bc440fa87&m=make_rider 2020-05-15 16:58[RIDER CLIENT]rider uniacid: 4
[2020-05-15 16:58:36] trace  /app/index.php?i=4&t=0&v=1.0&from=wxapp&c=entry&a=wxapp&do=getRiderId&state=we7sid-9257de89f352f442bfcc28cfc7e284e5&sign=2066fddc37261d2c7649936bc440fa87&m=make_rider 2020-05-15 16:58[RIDER CLIENT] uniacid: 3
[2020-05-15 16:58:36] trace  /app/index.php?i=4&t=0&v=1.0&from=wxapp&c=entry&a=wxapp&do=riderIsAccept&state=we7sid-9257de89f352f442bfcc28cfc7e284e5&sign=04db2cb648d93105c465e51757e670dd&type=-1&m=make_rider 2020-05-15 16:58[RIDER CLIENT]rider uniacid: 4
[2020-05-15 16:58:36] trace  /app/index.php?i=4&t=0&v=1.0&from=wxapp&c=entry&a=wxapp&do=riderIsAccept&state=we7sid-9257de89f352f442bfcc28cfc7e284e5&sign=04db2cb648d93105c465e51757e670dd&type=-1&m=make_rider 2020-05-15 16:58[RIDER CLIENT] uniacid: 3
[2020-05-15 16:58:36] trace  /app/index.php?i=4&t=0&v=1.0&from=wxapp&c=entry&a=wxapp&do=getSetting&state=we7sid-9257de89f352f442bfcc28cfc7e284e5&sign=451dac87e4f89250d9782cb9e0f001e0&m=make_rider 2020-05-15 16:58[RIDER CLIENT]rider uniacid: 4
[2020-05-15 16:58:36] trace  /app/index.php?i=4&t=0&v=1.0&from=wxapp&c=entry&a=wxapp&do=getSetting&state=we7sid-9257de89f352f442bfcc28cfc7e284e5&sign=451dac87e4f89250d9782cb9e0f001e0&m=make_rider 2020-05-15 16:58[RIDER CLIENT] uniacid: 3
[2020-05-15 16:58:36] trace  /app/index.php?i=4&t=0&v=1.0&from=wxapp&c=entry&a=wxapp&do=getRiderStatus&state=we7sid-9257de89f352f442bfcc28cfc7e284e5&sign=787d39725728a45c53fc4df268241227&m=make_rider 2020-05-15 16:58[RIDER CLIENT]rider uniacid: 4
[2020-05-15 16:58:36] trace  /app/index.php?i=4&t=0&v=1.0&from=wxapp&c=entry&a=wxapp&do=getRiderStatus&state=we7sid-9257de89f352f442bfcc28cfc7e284e5&sign=787d39725728a45c53fc4df268241227&m=make_rider 2020-05-15 16:58[RIDER CLIENT] uniacid: 3
[2020-05-15 16:58:37] trace  /app/index.php?i=4&t=0&v=1.0&from=wxapp&c=entry&a=wxapp&do=getRiderOrder&state=we7sid-9257de89f352f442bfcc28cfc7e284e5&sign=80e3e24b9dec8798a6b90e49fbe5463f&status=-1&m=make_rider 2020-05-15 16:58[RIDER CLIENT]rider uniacid: 4
[2020-05-15 16:58:37] trace  /app/index.php?i=4&t=0&v=1.0&from=wxapp&c=entry&a=wxapp&do=getRiderOrder&state=we7sid-9257de89f352f442bfcc28cfc7e284e5&sign=80e3e24b9dec8798a6b90e49fbe5463f&status=-1&m=make_rider 2020-05-15 16:58[RIDER CLIENT] uniacid: 3
[2020-05-15 16:58:38] trace  /app/index.php?i=4&t=0&v=1.0&from=wxapp&c=entry&a=wxapp&do=setRiderLocation&state=we7sid-9257de89f352f442bfcc28cfc7e284e5&sign=097238bdfaecf3ee8acd63f6495475cd&address=%E6%B2%B3%E5%8D%97%E7%9C%81%E9%83%91%E5%B7%9E%E5%B8%82%E4%B8%AD%E7%89%9F%E5%8E%BF%E4%B8%87%E4%B8%89%E5%85%AC%E8%B7%AF&lat=34.730003&lng=113.918427&m=make_rider 2020-05-15 16:58[RIDER CLIENT]rider uniacid: 4
[2020-05-15 16:58:38] trace  /app/index.php?i=4&t=0&v=1.0&from=wxapp&c=entry&a=wxapp&do=setRiderLocation&state=we7sid-9257de89f352f442bfcc28cfc7e284e5&sign=097238bdfaecf3ee8acd63f6495475cd&address=%E6%B2%B3%E5%8D%97%E7%9C%81%E9%83%91%E5%B7%9E%E5%B8%82%E4%B8%AD%E7%89%9F%E5%8E%BF%E4%B8%87%E4%B8%89%E5%85%AC%E8%B7%AF&lat=34.730003&lng=113.918427&m=make_rider 2020-05-15 16:58[RIDER CLIENT] uniacid: 3
[2020-05-15 17:00:38] trace  /app/index.php?i=4&t=0&v=1.0&from=wxapp&c=entry&a=wxapp&do=riderIsAccept&state=we7sid-9257de89f352f442bfcc28cfc7e284e5&sign=04db2cb648d93105c465e51757e670dd&type=-1&m=make_rider 2020-05-15 17:00[RIDER CLIENT]rider uniacid: 4
[2020-05-15 17:00:38] trace  /app/index.php?i=4&t=0&v=1.0&from=wxapp&c=entry&a=wxapp&do=riderIsAccept&state=we7sid-9257de89f352f442bfcc28cfc7e284e5&sign=04db2cb648d93105c465e51757e670dd&type=-1&m=make_rider 2020-05-15 17:00[RIDER CLIENT] uniacid: 3
[2020-05-15 17:00:39] trace  /app/index.php?i=4&t=0&v=1.0&from=wxapp&c=entry&a=wxapp&do=setRiderLocation&state=we7sid-9257de89f352f442bfcc28cfc7e284e5&sign=097238bdfaecf3ee8acd63f6495475cd&address=%E6%B2%B3%E5%8D%97%E7%9C%81%E9%83%91%E5%B7%9E%E5%B8%82%E4%B8%AD%E7%89%9F%E5%8E%BF%E4%B8%87%E4%B8%89%E5%85%AC%E8%B7%AF&lat=34.730003&lng=113.918427&m=make_rider 2020-05-15 17:00[RIDER CLIENT]rider uniacid: 4
[2020-05-15 17:00:39] trace  /app/index.php?i=4&t=0&v=1.0&from=wxapp&c=entry&a=wxapp&do=setRiderLocation&state=we7sid-9257de89f352f442bfcc28cfc7e284e5&sign=097238bdfaecf3ee8acd63f6495475cd&address=%E6%B2%B3%E5%8D%97%E7%9C%81%E9%83%91%E5%B7%9E%E5%B8%82%E4%B8%AD%E7%89%9F%E5%8E%BF%E4%B8%87%E4%B8%89%E5%85%AC%E8%B7%AF&lat=34.730003&lng=113.918427&m=make_rider 2020-05-15 17:00[RIDER CLIENT] uniacid: 3
[2020-05-15 17:00:39] trace  /app/index.php?i=4&t=0&v=1.0&from=wxapp&c=entry&a=wxapp&do=getRiderOrder&state=we7sid-9257de89f352f442bfcc28cfc7e284e5&sign=80e3e24b9dec8798a6b90e49fbe5463f&status=-1&m=make_rider 2020-05-15 17:00[RIDER CLIENT]rider uniacid: 4
[2020-05-15 17:00:39] trace  /app/index.php?i=4&t=0&v=1.0&from=wxapp&c=entry&a=wxapp&do=getRiderOrder&state=we7sid-9257de89f352f442bfcc28cfc7e284e5&sign=80e3e24b9dec8798a6b90e49fbe5463f&status=-1&m=make_rider 2020-05-15 17:00[RIDER CLIENT] uniacid: 3
[2020-05-15 17:00:41] trace  /app/index.php?i=4&t=0&v=1.0&from=wxapp&c=entry&a=wxapp&do=getRiderOrder&state=we7sid-9257de89f352f442bfcc28cfc7e284e5&sign=8f9835e42624f8947ac535764f1008ab&status=2&page=1&m=make_rider 2020-05-15 17:00[RIDER CLIENT]rider uniacid: 4
[2020-05-15 17:00:41] trace  /app/index.php?i=4&t=0&v=1.0&from=wxapp&c=entry&a=wxapp&do=getRiderOrder&state=we7sid-9257de89f352f442bfcc28cfc7e284e5&sign=8f9835e42624f8947ac535764f1008ab&status=2&page=1&m=make_rider 2020-05-15 17:00[RIDER CLIENT] uniacid: 3
[2020-05-15 17:01:38] trace  /app/index.php?i=4&t=0&v=1.0&from=wxapp&c=entry&a=wxapp&do=acceptOrder&state=we7sid-9257de89f352f442bfcc28cfc7e284e5&sign=4c55ff0a0bda62c0200af39b2f3f87c2&order_id=202&m=make_rider 2020-05-15 17:01[RIDER CLIENT]rider uniacid: 4
[2020-05-15 17:01:38] trace  /app/index.php?i=4&t=0&v=1.0&from=wxapp&c=entry&a=wxapp&do=acceptOrder&state=we7sid-9257de89f352f442bfcc28cfc7e284e5&sign=4c55ff0a0bda62c0200af39b2f3f87c2&order_id=202&m=make_rider 2020-05-15 17:01[RIDER CLIENT] uniacid: 3
[2020-05-15 17:01:38] trace  /app/index.php?i=4&t=0&v=1.0&from=wxapp&c=entry&a=wxapp&do=acceptOrder&state=we7sid-9257de89f352f442bfcc28cfc7e284e5&sign=4c55ff0a0bda62c0200af39b2f3f87c2&order_id=202&m=make_rider 2020-05-15 17:01[sendTemplate] Error: 未设置骑手接单通知用户模板消息
[2020-05-15 17:01:38] trace  /app/index.php?i=4&t=0&v=1.0&from=wxapp&c=entry&a=wxapp&do=acceptOrder&state=we7sid-9257de89f352f442bfcc28cfc7e284e5&sign=4c55ff0a0bda62c0200af39b2f3f87c2&order_id=202&m=make_rider 2020-05-15 17:01[sendTemplate Rider] Error:invalid template_id hint: [EpRb703484104]
[2020-05-15 17:01:39] trace  /app/index.php?i=4&t=0&v=1.0&from=wxapp&c=entry&a=wxapp&do=getRiderOrder&state=we7sid-9257de89f352f442bfcc28cfc7e284e5&sign=a2c44f55e76774aa64878f1df4e8b7ac&status=3&page=1&m=make_rider 2020-05-15 17:01[RIDER CLIENT]rider uniacid: 4
[2020-05-15 17:01:39] trace  /app/index.php?i=4&t=0&v=1.0&from=wxapp&c=entry&a=wxapp&do=getRiderOrder&state=we7sid-9257de89f352f442bfcc28cfc7e284e5&sign=a2c44f55e76774aa64878f1df4e8b7ac&status=3&page=1&m=make_rider 2020-05-15 17:01[RIDER CLIENT] uniacid: 3
[2020-05-15 17:01:40] trace  /app/index.php?i=4&t=0&v=1.0&from=wxapp&c=entry&a=wxapp&do=setRiderLocation&state=we7sid-9257de89f352f442bfcc28cfc7e284e5&sign=9b708f214d5af6baccd0f23d603fdebe&address=&lat=34.73061469184028&lng=113.91884087456597&m=make_rider 2020-05-15 17:01[RIDER CLIENT]rider uniacid: 4
[2020-05-15 17:01:40] trace  /app/index.php?i=4&t=0&v=1.0&from=wxapp&c=entry&a=wxapp&do=setRiderLocation&state=we7sid-9257de89f352f442bfcc28cfc7e284e5&sign=9b708f214d5af6baccd0f23d603fdebe&address=&lat=34.73061469184028&lng=113.91884087456597&m=make_rider 2020-05-15 17:01[RIDER CLIENT] uniacid: 3
[2020-05-15 17:04:02] trace  /app/index.php?i=4&t=0&v=1.0&from=wxapp&c=entry&a=wxapp&do=uploadImage&m=make_rider& 2020-05-15 17:04[RIDER CLIENT]rider uniacid: 4
[2020-05-15 17:04:02] trace  /app/index.php?i=4&t=0&v=1.0&from=wxapp&c=entry&a=wxapp&do=uploadImage&m=make_rider& 2020-05-15 17:04[RIDER CLIENT] uniacid: 3
[2020-05-15 17:04:53] trace  /app/index.php?i=4&t=0&v=1.0&from=wxapp&c=entry&a=wxapp&do=uploadImage&m=make_rider& 2020-05-15 17:04[RIDER CLIENT]rider uniacid: 4
[2020-05-15 17:04:53] trace  /app/index.php?i=4&t=0&v=1.0&from=wxapp&c=entry&a=wxapp&do=uploadImage&m=make_rider& 2020-05-15 17:04[RIDER CLIENT] uniacid: 3
[2020-05-15 17:05:21] trace  /app/index.php?i=4&t=0&v=1.0&from=wxapp&c=entry&a=wxapp&do=rider_update_order&state=we7sid-9257de89f352f442bfcc28cfc7e284e5&sign=e9ce700c0b37fcabfd99846f23b732be&id=202&goods_code=696932&goods_img=%2Fuploads%2Fprogram%2F20200515%2F3535ebe5b35d6c20.jpg&end_img=&lat=34.73052870008681&lng=113.91892686631944&type=0&m=make_rider 2020-05-15 17:05[RIDER CLIENT]rider uniacid: 4
[2020-05-15 17:05:21] trace  /app/index.php?i=4&t=0&v=1.0&from=wxapp&c=entry&a=wxapp&do=rider_update_order&state=we7sid-9257de89f352f442bfcc28cfc7e284e5&sign=e9ce700c0b37fcabfd99846f23b732be&id=202&goods_code=696932&goods_img=%2Fuploads%2Fprogram%2F20200515%2F3535ebe5b35d6c20.jpg&end_img=&lat=34.73052870008681&lng=113.91892686631944&type=0&m=make_rider 2020-05-15 17:05[RIDER CLIENT] uniacid: 3
[2020-05-15 17:05:22] trace  /app/index.php?i=4&t=0&v=1.0&from=wxapp&c=entry&a=wxapp&do=getRiderOrder&state=we7sid-9257de89f352f442bfcc28cfc7e284e5&sign=6a17e7a15932359fceafe67686da383d&status=4&page=1&m=make_rider 2020-05-15 17:05[RIDER CLIENT]rider uniacid: 4
[2020-05-15 17:05:22] trace  /app/index.php?i=4&t=0&v=1.0&from=wxapp&c=entry&a=wxapp&do=getRiderOrder&state=we7sid-9257de89f352f442bfcc28cfc7e284e5&sign=6a17e7a15932359fceafe67686da383d&status=4&page=1&m=make_rider 2020-05-15 17:05[RIDER CLIENT] uniacid: 3
[2020-05-15 17:05:22] trace  /app/index.php?i=4&t=0&v=1.0&from=wxapp&c=entry&a=wxapp&do=setRiderLocation&state=we7sid-9257de89f352f442bfcc28cfc7e284e5&sign=a9c70be3de340d5256fa7196b8e5cf97&address=&lat=34.73052870008681&lng=113.91892686631944&m=make_rider 2020-05-15 17:05[RIDER CLIENT]rider uniacid: 4
[2020-05-15 17:05:22] trace  /app/index.php?i=4&t=0&v=1.0&from=wxapp&c=entry&a=wxapp&do=setRiderLocation&state=we7sid-9257de89f352f442bfcc28cfc7e284e5&sign=a9c70be3de340d5256fa7196b8e5cf97&address=&lat=34.73052870008681&lng=113.91892686631944&m=make_rider 2020-05-15 17:05[RIDER CLIENT] uniacid: 3
[2020-05-15 17:06:53] trace  /app/index.php?i=4&t=0&v=1.0&from=wxapp&c=entry&a=wxapp&do=uploadImage&m=make_rider& 2020-05-15 17:06[RIDER CLIENT]rider uniacid: 4
[2020-05-15 17:06:53] trace  /app/index.php?i=4&t=0&v=1.0&from=wxapp&c=entry&a=wxapp&do=uploadImage&m=make_rider& 2020-05-15 17:06[RIDER CLIENT] uniacid: 3
[2020-05-15 18:05:06] trace  /app/index.php?i=4&t=0&v=1.0&from=wxapp&c=entry&a=wxapp&do=riderIsAccept&state=we7sid-9257de89f352f442bfcc28cfc7e284e5&sign=04db2cb648d93105c465e51757e670dd&type=-1&m=make_rider 2020-05-15 18:05[RIDER CLIENT]rider uniacid: 4
[2020-05-15 18:05:06] trace  /app/index.php?i=4&t=0&v=1.0&from=wxapp&c=entry&a=wxapp&do=riderIsAccept&state=we7sid-9257de89f352f442bfcc28cfc7e284e5&sign=04db2cb648d93105c465e51757e670dd&type=-1&m=make_rider 2020-05-15 18:05[RIDER CLIENT] uniacid: 3
[2020-05-15 18:05:07] trace  /app/index.php?i=4&t=0&v=1.0&from=wxapp&c=entry&a=wxapp&do=getRiderOrder&state=we7sid-9257de89f352f442bfcc28cfc7e284e5&sign=80e3e24b9dec8798a6b90e49fbe5463f&status=-1&m=make_rider 2020-05-15 18:05[RIDER CLIENT]rider uniacid: 4
[2020-05-15 18:05:07] trace  /app/index.php?i=4&t=0&v=1.0&from=wxapp&c=entry&a=wxapp&do=getRiderOrder&state=we7sid-9257de89f352f442bfcc28cfc7e284e5&sign=80e3e24b9dec8798a6b90e49fbe5463f&status=-1&m=make_rider 2020-05-15 18:05[RIDER CLIENT] uniacid: 3
[2020-05-15 18:05:08] trace  /app/index.php?i=4&t=0&v=1.0&from=wxapp&c=entry&a=wxapp&do=setRiderLocation&state=we7sid-9257de89f352f442bfcc28cfc7e284e5&sign=097238bdfaecf3ee8acd63f6495475cd&address=%E6%B2%B3%E5%8D%97%E7%9C%81%E9%83%91%E5%B7%9E%E5%B8%82%E4%B8%AD%E7%89%9F%E5%8E%BF%E4%B8%87%E4%B8%89%E5%85%AC%E8%B7%AF&lat=34.730003&lng=113.918427&m=make_rider 2020-05-15 18:05[RIDER CLIENT]rider uniacid: 4
[2020-05-15 18:05:08] trace  /app/index.php?i=4&t=0&v=1.0&from=wxapp&c=entry&a=wxapp&do=setRiderLocation&state=we7sid-9257de89f352f442bfcc28cfc7e284e5&sign=097238bdfaecf3ee8acd63f6495475cd&address=%E6%B2%B3%E5%8D%97%E7%9C%81%E9%83%91%E5%B7%9E%E5%B8%82%E4%B8%AD%E7%89%9F%E5%8E%BF%E4%B8%87%E4%B8%89%E5%85%AC%E8%B7%AF&lat=34.730003&lng=113.918427&m=make_rider 2020-05-15 18:05[RIDER CLIENT] uniacid: 3
[2020-05-15 18:05:10] trace  /app/index.php?i=4&t=0&v=1.0&from=wxapp&c=entry&a=wxapp&do=getSetting&state=we7sid-9257de89f352f442bfcc28cfc7e284e5&sign=451dac87e4f89250d9782cb9e0f001e0&m=make_rider 2020-05-15 18:05[RIDER CLIENT]rider uniacid: 4
[2020-05-15 18:05:10] trace  /app/index.php?i=4&t=0&v=1.0&from=wxapp&c=entry&a=wxapp&do=getSetting&state=we7sid-9257de89f352f442bfcc28cfc7e284e5&sign=451dac87e4f89250d9782cb9e0f001e0&m=make_rider 2020-05-15 18:05[RIDER CLIENT] uniacid: 3
[2020-05-15 18:05:10] trace  /app/index.php?i=4&t=0&v=1.0&from=wxapp&c=entry&a=wxapp&do=riderIsAccept&state=we7sid-9257de89f352f442bfcc28cfc7e284e5&sign=04db2cb648d93105c465e51757e670dd&type=-1&m=make_rider 2020-05-15 18:05[RIDER CLIENT]rider uniacid: 4
[2020-05-15 18:05:10] trace  /app/index.php?i=4&t=0&v=1.0&from=wxapp&c=entry&a=wxapp&do=riderIsAccept&state=we7sid-9257de89f352f442bfcc28cfc7e284e5&sign=04db2cb648d93105c465e51757e670dd&type=-1&m=make_rider 2020-05-15 18:05[RIDER CLIENT] uniacid: 3
[2020-05-15 18:05:11] trace  /app/index.php?i=4&t=0&v=1.0&from=wxapp&c=entry&a=wxapp&do=getRiderOrder&state=we7sid-9257de89f352f442bfcc28cfc7e284e5&sign=80e3e24b9dec8798a6b90e49fbe5463f&status=-1&m=make_rider 2020-05-15 18:05[RIDER CLIENT]rider uniacid: 4
[2020-05-15 18:05:11] trace  /app/index.php?i=4&t=0&v=1.0&from=wxapp&c=entry&a=wxapp&do=getRiderOrder&state=we7sid-9257de89f352f442bfcc28cfc7e284e5&sign=80e3e24b9dec8798a6b90e49fbe5463f&status=-1&m=make_rider 2020-05-15 18:05[RIDER CLIENT] uniacid: 3
[2020-05-15 18:05:18] trace  /app/index.php?i=4&t=0&v=1.0&from=wxapp&c=entry&a=wxapp&do=setRiderLocation&state=we7sid-9257de89f352f442bfcc28cfc7e284e5&sign=097238bdfaecf3ee8acd63f6495475cd&address=%E6%B2%B3%E5%8D%97%E7%9C%81%E9%83%91%E5%B7%9E%E5%B8%82%E4%B8%AD%E7%89%9F%E5%8E%BF%E4%B8%87%E4%B8%89%E5%85%AC%E8%B7%AF&lat=34.730003&lng=113.918427&m=make_rider 2020-05-15 18:05[RIDER CLIENT]rider uniacid: 4
[2020-05-15 18:05:18] trace  /app/index.php?i=4&t=0&v=1.0&from=wxapp&c=entry&a=wxapp&do=setRiderLocation&state=we7sid-9257de89f352f442bfcc28cfc7e284e5&sign=097238bdfaecf3ee8acd63f6495475cd&address=%E6%B2%B3%E5%8D%97%E7%9C%81%E9%83%91%E5%B7%9E%E5%B8%82%E4%B8%AD%E7%89%9F%E5%8E%BF%E4%B8%87%E4%B8%89%E5%85%AC%E8%B7%AF&lat=34.730003&lng=113.918427&m=make_rider 2020-05-15 18:05[RIDER CLIENT] uniacid: 3
[2020-05-15 18:05:23] trace  /app/index.php?i=4&t=0&v=1.0&from=wxapp&c=entry&a=wxapp&do=getSetting&state=we7sid-9257de89f352f442bfcc28cfc7e284e5&sign=451dac87e4f89250d9782cb9e0f001e0&m=make_rider 2020-05-15 18:05[RIDER CLIENT]rider uniacid: 4
[2020-05-15 18:05:23] trace  /app/index.php?i=4&t=0&v=1.0&from=wxapp&c=entry&a=wxapp&do=getSetting&state=we7sid-9257de89f352f442bfcc28cfc7e284e5&sign=451dac87e4f89250d9782cb9e0f001e0&m=make_rider 2020-05-15 18:05[RIDER CLIENT] uniacid: 3
[2020-05-15 18:05:23] trace  /app/index.php?i=4&t=0&v=1.0&from=wxapp&c=entry&a=wxapp&do=riderIsAccept&state=we7sid-9257de89f352f442bfcc28cfc7e284e5&sign=04db2cb648d93105c465e51757e670dd&type=-1&m=make_rider 2020-05-15 18:05[RIDER CLIENT]rider uniacid: 4
[2020-05-15 18:05:23] trace  /app/index.php?i=4&t=0&v=1.0&from=wxapp&c=entry&a=wxapp&do=riderIsAccept&state=we7sid-9257de89f352f442bfcc28cfc7e284e5&sign=04db2cb648d93105c465e51757e670dd&type=-1&m=make_rider 2020-05-15 18:05[RIDER CLIENT] uniacid: 3
[2020-05-15 18:05:25] trace  /app/index.php?i=4&t=0&v=1.0&from=wxapp&c=entry&a=wxapp&do=getRiderOrder&state=we7sid-9257de89f352f442bfcc28cfc7e284e5&sign=80e3e24b9dec8798a6b90e49fbe5463f&status=-1&m=make_rider 2020-05-15 18:05[RIDER CLIENT]rider uniacid: 4
[2020-05-15 18:05:25] trace  /app/index.php?i=4&t=0&v=1.0&from=wxapp&c=entry&a=wxapp&do=getRiderOrder&state=we7sid-9257de89f352f442bfcc28cfc7e284e5&sign=80e3e24b9dec8798a6b90e49fbe5463f&status=-1&m=make_rider 2020-05-15 18:05[RIDER CLIENT] uniacid: 3
[2020-05-15 18:05:35] trace  /app/index.php?i=4&t=0&v=1.0&from=wxapp&c=entry&a=wxapp&do=getSetting&state=we7sid-9257de89f352f442bfcc28cfc7e284e5&sign=451dac87e4f89250d9782cb9e0f001e0&m=make_rider 2020-05-15 18:05[RIDER CLIENT]rider uniacid: 4
[2020-05-15 18:05:35] trace  /app/index.php?i=4&t=0&v=1.0&from=wxapp&c=entry&a=wxapp&do=getSetting&state=we7sid-9257de89f352f442bfcc28cfc7e284e5&sign=451dac87e4f89250d9782cb9e0f001e0&m=make_rider 2020-05-15 18:05[RIDER CLIENT] uniacid: 3
[2020-05-15 18:05:35] trace  /app/index.php?i=4&t=0&v=1.0&from=wxapp&c=entry&a=wxapp&do=riderIsAccept&state=we7sid-9257de89f352f442bfcc28cfc7e284e5&sign=04db2cb648d93105c465e51757e670dd&type=-1&m=make_rider 2020-05-15 18:05[RIDER CLIENT]rider uniacid: 4
[2020-05-15 18:05:35] trace  /app/index.php?i=4&t=0&v=1.0&from=wxapp&c=entry&a=wxapp&do=riderIsAccept&state=we7sid-9257de89f352f442bfcc28cfc7e284e5&sign=04db2cb648d93105c465e51757e670dd&type=-1&m=make_rider 2020-05-15 18:05[RIDER CLIENT] uniacid: 3
[2020-05-15 18:05:36] trace  /app/index.php?i=4&t=0&v=1.0&from=wxapp&c=entry&a=wxapp&do=getRiderOrder&state=we7sid-9257de89f352f442bfcc28cfc7e284e5&sign=80e3e24b9dec8798a6b90e49fbe5463f&status=-1&m=make_rider 2020-05-15 18:05[RIDER CLIENT]rider uniacid: 4
[2020-05-15 18:05:36] trace  /app/index.php?i=4&t=0&v=1.0&from=wxapp&c=entry&a=wxapp&do=getRiderOrder&state=we7sid-9257de89f352f442bfcc28cfc7e284e5&sign=80e3e24b9dec8798a6b90e49fbe5463f&status=-1&m=make_rider 2020-05-15 18:05[RIDER CLIENT] uniacid: 3
