[2020-05-22 08:50:56] trace  /app/index.php?i=4&t=0&v=1.0&from=wxapp&c=entry&a=wxapp&do=getSetting&sign=73cd213fce5669895efd1c7dc5c18744&m=make_rider 2020-05-22 08:50[RIDER CLIENT]rider uniacid: 4
[2020-05-22 08:50:56] trace  /app/index.php?i=4&t=0&v=1.0&from=wxapp&c=entry&a=wxapp&do=getRiderLogo&sign=12010add99c742ecba1945ff7b384afc&m=make_rider 2020-05-22 08:50[RIDER CLIENT]rider uniacid: 4
[2020-05-22 08:50:56] trace  /app/index.php?i=4&t=0&v=1.0&from=wxapp&c=entry&a=wxapp&do=getRiderLogo&sign=12010add99c742ecba1945ff7b384afc&m=make_rider 2020-05-22 08:50[RIDER CLIENT] uniacid: 3
[2020-05-22 08:50:56] trace  /app/index.php?i=4&t=0&v=1.0&from=wxapp&c=entry&a=wxapp&do=getSetting&sign=73cd213fce5669895efd1c7dc5c18744&m=make_rider 2020-05-22 08:50[RIDER CLIENT] uniacid: 3
[2020-05-22 08:50:57] trace  /app/index.php?i=4&t=0&v=1.0&from=wxapp&c=entry&a=wxapp&do=getRiderStatus&state=we7sid-0661b8f2d5223911a3f9173bbf14bdae&sign=377115fed4f01945511bc210cc744ce0&m=make_rider 2020-05-22 08:50[RIDER CLIENT]rider uniacid: 4
[2020-05-22 08:50:57] trace  /app/index.php?i=4&t=0&v=1.0&from=wxapp&c=entry&a=wxapp&do=getRiderStatus&state=we7sid-0661b8f2d5223911a3f9173bbf14bdae&sign=377115fed4f01945511bc210cc744ce0&m=make_rider 2020-05-22 08:50[RIDER CLIENT] uniacid: 3
[2020-05-22 08:50:57] trace  /app/index.php?i=4&t=0&v=1.0&from=wxapp&c=entry&a=wxapp&do=getRiderStatus&state=we7sid-0661b8f2d5223911a3f9173bbf14bdae&sign=377115fed4f01945511bc210cc744ce0&m=make_rider 2020-05-22 08:50[RIDER CLIENT]rider uniacid: 4
[2020-05-22 08:50:57] trace  /app/index.php?i=4&t=0&v=1.0&from=wxapp&c=entry&a=wxapp&do=getRiderStatus&state=we7sid-0661b8f2d5223911a3f9173bbf14bdae&sign=377115fed4f01945511bc210cc744ce0&m=make_rider 2020-05-22 08:50[RIDER CLIENT] uniacid: 3
[2020-05-22 08:50:57] trace  /app/index.php?i=4&t=0&v=1.0&from=wxapp&c=entry&a=wxapp&do=getSetting&state=we7sid-0661b8f2d5223911a3f9173bbf14bdae&sign=a14ae57dbbd4491d5c928ccecf95fb6e&m=make_rider 2020-05-22 08:50[RIDER CLIENT]rider uniacid: 4
[2020-05-22 08:50:57] trace  /app/index.php?i=4&t=0&v=1.0&from=wxapp&c=entry&a=wxapp&do=getSetting&state=we7sid-0661b8f2d5223911a3f9173bbf14bdae&sign=a14ae57dbbd4491d5c928ccecf95fb6e&m=make_rider 2020-05-22 08:50[RIDER CLIENT] uniacid: 3
[2020-05-22 08:50:58] trace  /app/index.php?i=4&t=0&v=1.0&from=wxapp&c=entry&a=wxapp&do=getRiderStatus&state=we7sid-0661b8f2d5223911a3f9173bbf14bdae&sign=377115fed4f01945511bc210cc744ce0&m=make_rider 2020-05-22 08:50[RIDER CLIENT]rider uniacid: 4
[2020-05-22 08:50:58] trace  /app/index.php?i=4&t=0&v=1.0&from=wxapp&c=entry&a=wxapp&do=getRiderStatus&state=we7sid-0661b8f2d5223911a3f9173bbf14bdae&sign=377115fed4f01945511bc210cc744ce0&m=make_rider 2020-05-22 08:50[RIDER CLIENT] uniacid: 3
[2020-05-22 08:51:00] trace  /app/index.php?i=4&t=0&v=1.0&from=wxapp&c=entry&a=wxapp&do=getRiderLogo&state=we7sid-0661b8f2d5223911a3f9173bbf14bdae&sign=afed1dce61b142cf35b3601c1276d35f&m=make_rider 2020-05-22 08:51[RIDER CLIENT]rider uniacid: 4
[2020-05-22 08:51:00] trace  /app/index.php?i=4&t=0&v=1.0&from=wxapp&c=entry&a=wxapp&do=getRiderLogo&state=we7sid-0661b8f2d5223911a3f9173bbf14bdae&sign=afed1dce61b142cf35b3601c1276d35f&m=make_rider 2020-05-22 08:51[RIDER CLIENT] uniacid: 3
[2020-05-22 08:51:00] trace  /app/index.php?i=4&t=0&v=1.0&from=wxapp&c=entry&a=wxapp&do=getSetting&state=we7sid-0661b8f2d5223911a3f9173bbf14bdae&sign=a14ae57dbbd4491d5c928ccecf95fb6e&m=make_rider 2020-05-22 08:51[RIDER CLIENT]rider uniacid: 4
[2020-05-22 08:51:00] trace  /app/index.php?i=4&t=0&v=1.0&from=wxapp&c=entry&a=wxapp&do=getSetting&state=we7sid-0661b8f2d5223911a3f9173bbf14bdae&sign=a14ae57dbbd4491d5c928ccecf95fb6e&m=make_rider 2020-05-22 08:51[RIDER CLIENT] uniacid: 3
[2020-05-22 08:51:04] trace  /app/index.php?i=4&t=0&v=1.0&from=wxapp&c=entry&a=wxapp&do=getRiderAgreement&state=we7sid-0661b8f2d5223911a3f9173bbf14bdae&sign=8b629eef34dd72adc9f1b3149e0d26c3&type=rider_cooperate&m=make_rider 2020-05-22 08:51[RIDER CLIENT]rider uniacid: 4
[2020-05-22 08:51:04] trace  /app/index.php?i=4&t=0&v=1.0&from=wxapp&c=entry&a=wxapp&do=getRiderAgreement&state=we7sid-0661b8f2d5223911a3f9173bbf14bdae&sign=8b629eef34dd72adc9f1b3149e0d26c3&type=rider_cooperate&m=make_rider 2020-05-22 08:51[RIDER CLIENT] uniacid: 3
[2020-05-22 10:31:32] trace  /app/index.php?i=4&t=0&v=1.0&from=wxapp&c=entry&a=wxapp&do=getRiderStatus&state=we7sid-cab03e1d92cc1f572fed2f5bad341390&sign=6e5bba5b7f308241a0ae4f05971d9867&m=make_rider 2020-05-22 10:31[RIDER CLIENT]rider uniacid: 4
[2020-05-22 10:31:32] trace  /app/index.php?i=4&t=0&v=1.0&from=wxapp&c=entry&a=wxapp&do=getRiderStatus&state=we7sid-cab03e1d92cc1f572fed2f5bad341390&sign=6e5bba5b7f308241a0ae4f05971d9867&m=make_rider 2020-05-22 10:31[RIDER CLIENT] uniacid: 3
[2020-05-22 10:31:32] trace  /app/index.php?i=4&t=0&v=1.0&from=wxapp&c=entry&a=wxapp&do=getSetting&state=we7sid-cab03e1d92cc1f572fed2f5bad341390&sign=08c2798e0d13236a12840eb579e910ae&m=make_rider 2020-05-22 10:31[RIDER CLIENT]rider uniacid: 4
[2020-05-22 10:31:32] trace  /app/index.php?i=4&t=0&v=1.0&from=wxapp&c=entry&a=wxapp&do=getSetting&state=we7sid-cab03e1d92cc1f572fed2f5bad341390&sign=08c2798e0d13236a12840eb579e910ae&m=make_rider 2020-05-22 10:31[RIDER CLIENT] uniacid: 3
[2020-05-22 10:31:32] trace  /app/index.php?i=4&t=0&v=1.0&from=wxapp&c=entry&a=wxapp&do=getRiderStatus&state=we7sid-cab03e1d92cc1f572fed2f5bad341390&sign=6e5bba5b7f308241a0ae4f05971d9867&m=make_rider 2020-05-22 10:31[RIDER CLIENT]rider uniacid: 4
[2020-05-22 10:31:32] trace  /app/index.php?i=4&t=0&v=1.0&from=wxapp&c=entry&a=wxapp&do=getRiderStatus&state=we7sid-cab03e1d92cc1f572fed2f5bad341390&sign=6e5bba5b7f308241a0ae4f05971d9867&m=make_rider 2020-05-22 10:31[RIDER CLIENT] uniacid: 3
[2020-05-22 11:05:04] trace  /app/index.php?i=4&t=0&v=1.0&from=wxapp&c=entry&a=wxapp&do=getRiderStatus&state=we7sid-1b2f54e4040378780210c86350e199d2&sign=0b5317da15fe1bb168f17f41965cc2d7&m=make_rider 2020-05-22 11:05[RIDER CLIENT]rider uniacid: 4
[2020-05-22 11:05:04] trace  /app/index.php?i=4&t=0&v=1.0&from=wxapp&c=entry&a=wxapp&do=getRiderStatus&state=we7sid-1b2f54e4040378780210c86350e199d2&sign=0b5317da15fe1bb168f17f41965cc2d7&m=make_rider 2020-05-22 11:05[RIDER CLIENT] uniacid: 3
[2020-05-22 11:05:04] trace  /app/index.php?i=4&t=0&v=1.0&from=wxapp&c=entry&a=wxapp&do=getSetting&state=we7sid-1b2f54e4040378780210c86350e199d2&sign=80327b7b1963badbe01675a4fef8bdf2&m=make_rider 2020-05-22 11:05[RIDER CLIENT]rider uniacid: 4
[2020-05-22 11:05:04] trace  /app/index.php?i=4&t=0&v=1.0&from=wxapp&c=entry&a=wxapp&do=getSetting&state=we7sid-1b2f54e4040378780210c86350e199d2&sign=80327b7b1963badbe01675a4fef8bdf2&m=make_rider 2020-05-22 11:05[RIDER CLIENT] uniacid: 3
[2020-05-22 11:05:04] trace  /app/index.php?i=4&t=0&v=1.0&from=wxapp&c=entry&a=wxapp&do=getRiderStatus&state=we7sid-1b2f54e4040378780210c86350e199d2&sign=0b5317da15fe1bb168f17f41965cc2d7&m=make_rider 2020-05-22 11:05[RIDER CLIENT]rider uniacid: 4
[2020-05-22 11:05:04] trace  /app/index.php?i=4&t=0&v=1.0&from=wxapp&c=entry&a=wxapp&do=getRiderStatus&state=we7sid-1b2f54e4040378780210c86350e199d2&sign=0b5317da15fe1bb168f17f41965cc2d7&m=make_rider 2020-05-22 11:05[RIDER CLIENT] uniacid: 3
[2020-05-22 12:54:56] trace  /app/index.php?i=4&t=0&v=1.0&from=wxapp&c=entry&a=wxapp&do=getRiderStatus&state=we7sid-6a7ee5be2453b698f2525d67a508c29d&sign=46674dda0f90f7ec1d6d032f059ef37a&m=make_rider 2020-05-22 12:54[RIDER CLIENT]rider uniacid: 4
[2020-05-22 12:54:56] trace  /app/index.php?i=4&t=0&v=1.0&from=wxapp&c=entry&a=wxapp&do=getRiderStatus&state=we7sid-6a7ee5be2453b698f2525d67a508c29d&sign=46674dda0f90f7ec1d6d032f059ef37a&m=make_rider 2020-05-22 12:54[RIDER CLIENT] uniacid: 3
[2020-05-22 12:54:57] trace  /app/index.php?i=4&t=0&v=1.0&from=wxapp&c=entry&a=wxapp&do=getSetting&state=we7sid-6a7ee5be2453b698f2525d67a508c29d&sign=22cd890429bd568c8fbd23ce57837589&m=make_rider 2020-05-22 12:54[RIDER CLIENT]rider uniacid: 4
[2020-05-22 12:54:57] trace  /app/index.php?i=4&t=0&v=1.0&from=wxapp&c=entry&a=wxapp&do=getSetting&state=we7sid-6a7ee5be2453b698f2525d67a508c29d&sign=22cd890429bd568c8fbd23ce57837589&m=make_rider 2020-05-22 12:54[RIDER CLIENT] uniacid: 3
[2020-05-22 12:54:57] trace  /app/index.php?i=4&t=0&v=1.0&from=wxapp&c=entry&a=wxapp&do=getRiderStatus&state=we7sid-6a7ee5be2453b698f2525d67a508c29d&sign=46674dda0f90f7ec1d6d032f059ef37a&m=make_rider 2020-05-22 12:54[RIDER CLIENT]rider uniacid: 4
[2020-05-22 12:54:57] trace  /app/index.php?i=4&t=0&v=1.0&from=wxapp&c=entry&a=wxapp&do=getRiderStatus&state=we7sid-6a7ee5be2453b698f2525d67a508c29d&sign=46674dda0f90f7ec1d6d032f059ef37a&m=make_rider 2020-05-22 12:54[RIDER CLIENT] uniacid: 3
[2020-05-22 12:54:57] trace  /app/index.php?i=4&t=0&v=1.0&from=wxapp&c=entry&a=wxapp&do=getRiderOrder&state=we7sid-6a7ee5be2453b698f2525d67a508c29d&sign=d052b6e8888601adc24610c47fb7521d&status=-1&m=make_rider 2020-05-22 12:54[RIDER CLIENT]rider uniacid: 4
[2020-05-22 12:54:57] trace  /app/index.php?i=4&t=0&v=1.0&from=wxapp&c=entry&a=wxapp&do=riderIsAccept&state=we7sid-6a7ee5be2453b698f2525d67a508c29d&sign=4ee9a42b4cde08c7e55605baa596950c&type=-1&m=make_rider 2020-05-22 12:54[RIDER CLIENT]rider uniacid: 4
[2020-05-22 12:54:57] trace  /app/index.php?i=4&t=0&v=1.0&from=wxapp&c=entry&a=wxapp&do=getRiderOrder&state=we7sid-6a7ee5be2453b698f2525d67a508c29d&sign=d052b6e8888601adc24610c47fb7521d&status=-1&m=make_rider 2020-05-22 12:54[RIDER CLIENT] uniacid: 3
[2020-05-22 12:54:57] trace  /app/index.php?i=4&t=0&v=1.0&from=wxapp&c=entry&a=wxapp&do=riderIsAccept&state=we7sid-6a7ee5be2453b698f2525d67a508c29d&sign=4ee9a42b4cde08c7e55605baa596950c&type=-1&m=make_rider 2020-05-22 12:54[RIDER CLIENT] uniacid: 3
[2020-05-22 12:54:57] trace  /app/index.php?i=4&t=0&v=1.0&from=wxapp&c=entry&a=wxapp&do=getRiderId&state=we7sid-6a7ee5be2453b698f2525d67a508c29d&sign=2900ec12b376f171e8dd2e5d6dfd6e3b&m=make_rider 2020-05-22 12:54[RIDER CLIENT]rider uniacid: 4
[2020-05-22 12:54:57] trace  /app/index.php?i=4&t=0&v=1.0&from=wxapp&c=entry&a=wxapp&do=getRiderId&state=we7sid-6a7ee5be2453b698f2525d67a508c29d&sign=2900ec12b376f171e8dd2e5d6dfd6e3b&m=make_rider 2020-05-22 12:54[RIDER CLIENT] uniacid: 3
[2020-05-22 12:54:58] trace  /app/index.php?i=4&t=0&v=1.0&from=wxapp&c=entry&a=wxapp&do=getRiderOrder&state=we7sid-6a7ee5be2453b698f2525d67a508c29d&sign=d052b6e8888601adc24610c47fb7521d&status=-1&m=make_rider 2020-05-22 12:54[RIDER CLIENT]rider uniacid: 4
[2020-05-22 12:54:58] trace  /app/index.php?i=4&t=0&v=1.0&from=wxapp&c=entry&a=wxapp&do=getRiderOrder&state=we7sid-6a7ee5be2453b698f2525d67a508c29d&sign=d052b6e8888601adc24610c47fb7521d&status=-1&m=make_rider 2020-05-22 12:54[RIDER CLIENT] uniacid: 3
[2020-05-22 12:55:00] trace  /app/index.php?i=4&t=0&v=1.0&from=wxapp&c=entry&a=wxapp&do=setRiderLocation&state=we7sid-6a7ee5be2453b698f2525d67a508c29d&sign=7301b1ff8b8e5f2dd252e59d3661d79e&address=%E6%B2%B3%E5%8D%97%E7%9C%81%E9%83%91%E5%B7%9E%E5%B8%82%E4%B8%AD%E7%89%9F%E5%8E%BF%E5%95%86%E9%83%BD%E8%B7%AF350%E5%8F%B7&lat=34.726772&lng=113.912422&m=make_rider 2020-05-22 12:55[RIDER CLIENT]rider uniacid: 4
[2020-05-22 12:55:00] trace  /app/index.php?i=4&t=0&v=1.0&from=wxapp&c=entry&a=wxapp&do=setRiderLocation&state=we7sid-6a7ee5be2453b698f2525d67a508c29d&sign=7301b1ff8b8e5f2dd252e59d3661d79e&address=%E6%B2%B3%E5%8D%97%E7%9C%81%E9%83%91%E5%B7%9E%E5%B8%82%E4%B8%AD%E7%89%9F%E5%8E%BF%E5%95%86%E9%83%BD%E8%B7%AF350%E5%8F%B7&lat=34.726772&lng=113.912422&m=make_rider 2020-05-22 12:55[RIDER CLIENT] uniacid: 3
[2020-05-22 12:55:10] trace  /app/index.php?i=4&t=0&v=1.0&from=wxapp&c=entry&a=wxapp&do=riderIsAccept&state=we7sid-6a7ee5be2453b698f2525d67a508c29d&sign=4ee9a42b4cde08c7e55605baa596950c&type=-1&m=make_rider 2020-05-22 12:55[RIDER CLIENT]rider uniacid: 4
[2020-05-22 12:55:10] trace  /app/index.php?i=4&t=0&v=1.0&from=wxapp&c=entry&a=wxapp&do=riderIsAccept&state=we7sid-6a7ee5be2453b698f2525d67a508c29d&sign=4ee9a42b4cde08c7e55605baa596950c&type=-1&m=make_rider 2020-05-22 12:55[RIDER CLIENT] uniacid: 3
[2020-05-22 12:55:11] trace  /app/index.php?i=4&t=0&v=1.0&from=wxapp&c=entry&a=wxapp&do=setRiderLocation&state=we7sid-6a7ee5be2453b698f2525d67a508c29d&sign=0ce1fab3dc1c9b2f9f378d58ad70b818&address=%E6%B2%B3%E5%8D%97%E7%9C%81%E9%83%91%E5%B7%9E%E5%B8%82%E4%B8%AD%E7%89%9F%E5%8E%BF&lat=34.729794&lng=113.911377&m=make_rider 2020-05-22 12:55[RIDER CLIENT]rider uniacid: 4
[2020-05-22 12:55:11] trace  /app/index.php?i=4&t=0&v=1.0&from=wxapp&c=entry&a=wxapp&do=setRiderLocation&state=we7sid-6a7ee5be2453b698f2525d67a508c29d&sign=0ce1fab3dc1c9b2f9f378d58ad70b818&address=%E6%B2%B3%E5%8D%97%E7%9C%81%E9%83%91%E5%B7%9E%E5%B8%82%E4%B8%AD%E7%89%9F%E5%8E%BF&lat=34.729794&lng=113.911377&m=make_rider 2020-05-22 12:55[RIDER CLIENT] uniacid: 3
[2020-05-22 12:55:11] trace  /app/index.php?i=4&t=0&v=1.0&from=wxapp&c=entry&a=wxapp&do=getRiderOrder&state=we7sid-6a7ee5be2453b698f2525d67a508c29d&sign=d052b6e8888601adc24610c47fb7521d&status=-1&m=make_rider 2020-05-22 12:55[RIDER CLIENT]rider uniacid: 4
[2020-05-22 12:55:11] trace  /app/index.php?i=4&t=0&v=1.0&from=wxapp&c=entry&a=wxapp&do=getRiderOrder&state=we7sid-6a7ee5be2453b698f2525d67a508c29d&sign=d052b6e8888601adc24610c47fb7521d&status=-1&m=make_rider 2020-05-22 12:55[RIDER CLIENT] uniacid: 3
[2020-05-22 12:55:20] trace  /app/index.php?i=4&t=0&v=1.0&from=wxapp&c=entry&a=wxapp&do=getRiderOrder&state=we7sid-6a7ee5be2453b698f2525d67a508c29d&sign=1b3ef62410daa7d5d9efd0d1f5338655&status=2&page=1&m=make_rider 2020-05-22 12:55[RIDER CLIENT]rider uniacid: 4
[2020-05-22 12:55:20] trace  /app/index.php?i=4&t=0&v=1.0&from=wxapp&c=entry&a=wxapp&do=getRiderOrder&state=we7sid-6a7ee5be2453b698f2525d67a508c29d&sign=1b3ef62410daa7d5d9efd0d1f5338655&status=2&page=1&m=make_rider 2020-05-22 12:55[RIDER CLIENT] uniacid: 3
[2020-05-22 12:55:23] trace  /app/index.php?i=4&t=0&v=1.0&from=wxapp&c=entry&a=wxapp&do=riderIsAccept&state=we7sid-6a7ee5be2453b698f2525d67a508c29d&sign=4ee9a42b4cde08c7e55605baa596950c&type=-1&m=make_rider 2020-05-22 12:55[RIDER CLIENT]rider uniacid: 4
[2020-05-22 12:55:23] trace  /app/index.php?i=4&t=0&v=1.0&from=wxapp&c=entry&a=wxapp&do=riderIsAccept&state=we7sid-6a7ee5be2453b698f2525d67a508c29d&sign=4ee9a42b4cde08c7e55605baa596950c&type=-1&m=make_rider 2020-05-22 12:55[RIDER CLIENT] uniacid: 3
[2020-05-22 12:55:23] trace  /app/index.php?i=4&t=0&v=1.0&from=wxapp&c=entry&a=wxapp&do=setRiderLocation&state=we7sid-6a7ee5be2453b698f2525d67a508c29d&sign=0ce1fab3dc1c9b2f9f378d58ad70b818&address=%E6%B2%B3%E5%8D%97%E7%9C%81%E9%83%91%E5%B7%9E%E5%B8%82%E4%B8%AD%E7%89%9F%E5%8E%BF&lat=34.729794&lng=113.911377&m=make_rider 2020-05-22 12:55[RIDER CLIENT]rider uniacid: 4
[2020-05-22 12:55:23] trace  /app/index.php?i=4&t=0&v=1.0&from=wxapp&c=entry&a=wxapp&do=setRiderLocation&state=we7sid-6a7ee5be2453b698f2525d67a508c29d&sign=0ce1fab3dc1c9b2f9f378d58ad70b818&address=%E6%B2%B3%E5%8D%97%E7%9C%81%E9%83%91%E5%B7%9E%E5%B8%82%E4%B8%AD%E7%89%9F%E5%8E%BF&lat=34.729794&lng=113.911377&m=make_rider 2020-05-22 12:55[RIDER CLIENT] uniacid: 3
[2020-05-22 12:55:24] trace  /app/index.php?i=4&t=0&v=1.0&from=wxapp&c=entry&a=wxapp&do=getRiderOrder&state=we7sid-6a7ee5be2453b698f2525d67a508c29d&sign=d052b6e8888601adc24610c47fb7521d&status=-1&m=make_rider 2020-05-22 12:55[RIDER CLIENT]rider uniacid: 4
[2020-05-22 12:55:24] trace  /app/index.php?i=4&t=0&v=1.0&from=wxapp&c=entry&a=wxapp&do=getRiderOrder&state=we7sid-6a7ee5be2453b698f2525d67a508c29d&sign=d052b6e8888601adc24610c47fb7521d&status=-1&m=make_rider 2020-05-22 12:55[RIDER CLIENT] uniacid: 3
