[2020-05-23 14:39:51] trace  /app/index.php?i=4&t=0&v=1.0&from=wxapp&c=entry&a=wxapp&do=getRiderStatus&state=we7sid-f635a6064fb6f417084dbca10d1b4648&sign=69a859d270e5c6b0554845f3156693ad&m=make_rider 2020-05-23 14:39[RIDER CLIENT]rider uniacid: 4
[2020-05-23 14:39:51] trace  /app/index.php?i=4&t=0&v=1.0&from=wxapp&c=entry&a=wxapp&do=getSetting&state=we7sid-f635a6064fb6f417084dbca10d1b4648&sign=b0cc2eb9bfe33d3cadc44239fa3e1a9c&m=make_rider 2020-05-23 14:39[RIDER CLIENT]rider uniacid: 4
[2020-05-23 14:39:51] trace  /app/index.php?i=4&t=0&v=1.0&from=wxapp&c=entry&a=wxapp&do=getRiderStatus&state=we7sid-f635a6064fb6f417084dbca10d1b4648&sign=69a859d270e5c6b0554845f3156693ad&m=make_rider 2020-05-23 14:39[RIDER CLIENT]rider uniacid: 4
[2020-05-23 14:39:51] trace  /app/index.php?i=4&t=0&v=1.0&from=wxapp&c=entry&a=wxapp&do=getSetting&state=we7sid-f635a6064fb6f417084dbca10d1b4648&sign=b0cc2eb9bfe33d3cadc44239fa3e1a9c&m=make_rider 2020-05-23 14:39[RIDER CLIENT] uniacid: 3
[2020-05-23 14:39:51] trace  /app/index.php?i=4&t=0&v=1.0&from=wxapp&c=entry&a=wxapp&do=getRiderStatus&state=we7sid-f635a6064fb6f417084dbca10d1b4648&sign=69a859d270e5c6b0554845f3156693ad&m=make_rider 2020-05-23 14:39[RIDER CLIENT] uniacid: 3
[2020-05-23 14:39:51] trace  /app/index.php?i=4&t=0&v=1.0&from=wxapp&c=entry&a=wxapp&do=getRiderStatus&state=we7sid-f635a6064fb6f417084dbca10d1b4648&sign=69a859d270e5c6b0554845f3156693ad&m=make_rider 2020-05-23 14:39[RIDER CLIENT] uniacid: 3
[2020-05-23 22:28:23] trace  /app/index.php?i=4&t=0&v=1.0&from=wxapp&c=entry&a=wxapp&do=getSetting&state=we7sid-cf776e6a105c99eb0cdf2a971bb40dd3&sign=9c7b05ed97e17bc59896fddc800c54bb&m=make_rider 2020-05-23 22:28[RIDER CLIENT]rider uniacid: 4
[2020-05-23 22:28:23] trace  /app/index.php?i=4&t=0&v=1.0&from=wxapp&c=entry&a=wxapp&do=getSetting&state=we7sid-cf776e6a105c99eb0cdf2a971bb40dd3&sign=9c7b05ed97e17bc59896fddc800c54bb&m=make_rider 2020-05-23 22:28[RIDER CLIENT] uniacid: 3
[2020-05-23 22:28:23] trace  /app/index.php?i=4&t=0&v=1.0&from=wxapp&c=entry&a=wxapp&do=getRiderStatus&state=we7sid-cf776e6a105c99eb0cdf2a971bb40dd3&sign=d46092faf8d211b1ce8d9fcd6d51b925&m=make_rider 2020-05-23 22:28[RIDER CLIENT]rider uniacid: 4
[2020-05-23 22:28:23] trace  /app/index.php?i=4&t=0&v=1.0&from=wxapp&c=entry&a=wxapp&do=getRiderStatus&state=we7sid-cf776e6a105c99eb0cdf2a971bb40dd3&sign=d46092faf8d211b1ce8d9fcd6d51b925&m=make_rider 2020-05-23 22:28[RIDER CLIENT] uniacid: 3
[2020-05-23 22:28:24] trace  /app/index.php?i=4&t=0&v=1.0&from=wxapp&c=entry&a=wxapp&do=getRiderStatus&state=we7sid-cf776e6a105c99eb0cdf2a971bb40dd3&sign=d46092faf8d211b1ce8d9fcd6d51b925&m=make_rider 2020-05-23 22:28[RIDER CLIENT]rider uniacid: 4
[2020-05-23 22:28:24] trace  /app/index.php?i=4&t=0&v=1.0&from=wxapp&c=entry&a=wxapp&do=getRiderStatus&state=we7sid-cf776e6a105c99eb0cdf2a971bb40dd3&sign=d46092faf8d211b1ce8d9fcd6d51b925&m=make_rider 2020-05-23 22:28[RIDER CLIENT] uniacid: 3
[2020-05-23 22:28:24] trace  /app/index.php?i=4&t=0&v=1.0&from=wxapp&c=entry&a=wxapp&do=getRiderId&state=we7sid-cf776e6a105c99eb0cdf2a971bb40dd3&sign=e601d43a3e9e8ea68f9946cb0f078a28&m=make_rider 2020-05-23 22:28[RIDER CLIENT]rider uniacid: 4
[2020-05-23 22:28:24] trace  /app/index.php?i=4&t=0&v=1.0&from=wxapp&c=entry&a=wxapp&do=getRiderId&state=we7sid-cf776e6a105c99eb0cdf2a971bb40dd3&sign=e601d43a3e9e8ea68f9946cb0f078a28&m=make_rider 2020-05-23 22:28[RIDER CLIENT] uniacid: 3
[2020-05-23 22:28:24] trace  /app/index.php?i=4&t=0&v=1.0&from=wxapp&c=entry&a=wxapp&do=getRiderOrder&state=we7sid-cf776e6a105c99eb0cdf2a971bb40dd3&sign=bfa9971a7148c4dd08a7c2eef108a671&status=-1&m=make_rider 2020-05-23 22:28[RIDER CLIENT]rider uniacid: 4
[2020-05-23 22:28:24] trace  /app/index.php?i=4&t=0&v=1.0&from=wxapp&c=entry&a=wxapp&do=getRiderOrder&state=we7sid-cf776e6a105c99eb0cdf2a971bb40dd3&sign=bfa9971a7148c4dd08a7c2eef108a671&status=-1&m=make_rider 2020-05-23 22:28[RIDER CLIENT] uniacid: 3
[2020-05-23 22:28:24] trace  /app/index.php?i=4&t=0&v=1.0&from=wxapp&c=entry&a=wxapp&do=riderIsAccept&state=we7sid-cf776e6a105c99eb0cdf2a971bb40dd3&sign=d10d3902e0be679679976da0d0347060&type=-1&m=make_rider 2020-05-23 22:28[RIDER CLIENT]rider uniacid: 4
[2020-05-23 22:28:24] trace  /app/index.php?i=4&t=0&v=1.0&from=wxapp&c=entry&a=wxapp&do=riderIsAccept&state=we7sid-cf776e6a105c99eb0cdf2a971bb40dd3&sign=d10d3902e0be679679976da0d0347060&type=-1&m=make_rider 2020-05-23 22:28[RIDER CLIENT] uniacid: 3
[2020-05-23 22:28:25] trace  /app/index.php?i=4&t=0&v=1.0&from=wxapp&c=entry&a=wxapp&do=getRiderOrder&state=we7sid-cf776e6a105c99eb0cdf2a971bb40dd3&sign=bfa9971a7148c4dd08a7c2eef108a671&status=-1&m=make_rider 2020-05-23 22:28[RIDER CLIENT]rider uniacid: 4
[2020-05-23 22:28:25] trace  /app/index.php?i=4&t=0&v=1.0&from=wxapp&c=entry&a=wxapp&do=getRiderOrder&state=we7sid-cf776e6a105c99eb0cdf2a971bb40dd3&sign=bfa9971a7148c4dd08a7c2eef108a671&status=-1&m=make_rider 2020-05-23 22:28[RIDER CLIENT] uniacid: 3
[2020-05-23 22:28:27] trace  /app/index.php?i=4&t=0&v=1.0&from=wxapp&c=entry&a=wxapp&do=setRiderLocation&state=we7sid-cf776e6a105c99eb0cdf2a971bb40dd3&sign=325d490073bc6a8d64e327f78b69bfa0&address=%E6%B2%B3%E5%8D%97%E7%9C%81%E9%83%91%E5%B7%9E%E5%B8%82%E4%B8%AD%E7%89%9F%E5%8E%BF%E9%99%87%E6%B5%B7%E8%B7%AF&lat=34.71524&lng=114.02195&m=make_rider 2020-05-23 22:28[RIDER CLIENT]rider uniacid: 4
[2020-05-23 22:28:27] trace  /app/index.php?i=4&t=0&v=1.0&from=wxapp&c=entry&a=wxapp&do=setRiderLocation&state=we7sid-cf776e6a105c99eb0cdf2a971bb40dd3&sign=325d490073bc6a8d64e327f78b69bfa0&address=%E6%B2%B3%E5%8D%97%E7%9C%81%E9%83%91%E5%B7%9E%E5%B8%82%E4%B8%AD%E7%89%9F%E5%8E%BF%E9%99%87%E6%B5%B7%E8%B7%AF&lat=34.71524&lng=114.02195&m=make_rider 2020-05-23 22:28[RIDER CLIENT] uniacid: 3
[2020-05-23 22:28:41] trace  /app/index.php?i=4&t=0&v=1.0&from=wxapp&c=entry&a=wxapp&do=riderIsAccept&state=we7sid-cf776e6a105c99eb0cdf2a971bb40dd3&sign=d10d3902e0be679679976da0d0347060&type=-1&m=make_rider 2020-05-23 22:28[RIDER CLIENT]rider uniacid: 4
[2020-05-23 22:28:41] trace  /app/index.php?i=4&t=0&v=1.0&from=wxapp&c=entry&a=wxapp&do=riderIsAccept&state=we7sid-cf776e6a105c99eb0cdf2a971bb40dd3&sign=d10d3902e0be679679976da0d0347060&type=-1&m=make_rider 2020-05-23 22:28[RIDER CLIENT] uniacid: 3
[2020-05-23 22:28:42] trace  /app/index.php?i=4&t=0&v=1.0&from=wxapp&c=entry&a=wxapp&do=getRiderOrder&state=we7sid-cf776e6a105c99eb0cdf2a971bb40dd3&sign=bfa9971a7148c4dd08a7c2eef108a671&status=-1&m=make_rider 2020-05-23 22:28[RIDER CLIENT]rider uniacid: 4
[2020-05-23 22:28:42] trace  /app/index.php?i=4&t=0&v=1.0&from=wxapp&c=entry&a=wxapp&do=getRiderOrder&state=we7sid-cf776e6a105c99eb0cdf2a971bb40dd3&sign=bfa9971a7148c4dd08a7c2eef108a671&status=-1&m=make_rider 2020-05-23 22:28[RIDER CLIENT] uniacid: 3
[2020-05-23 22:28:42] trace  /app/index.php?i=4&t=0&v=1.0&from=wxapp&c=entry&a=wxapp&do=setRiderLocation&state=we7sid-cf776e6a105c99eb0cdf2a971bb40dd3&sign=325d490073bc6a8d64e327f78b69bfa0&address=%E6%B2%B3%E5%8D%97%E7%9C%81%E9%83%91%E5%B7%9E%E5%B8%82%E4%B8%AD%E7%89%9F%E5%8E%BF%E9%99%87%E6%B5%B7%E8%B7%AF&lat=34.71524&lng=114.02195&m=make_rider 2020-05-23 22:28[RIDER CLIENT]rider uniacid: 4
[2020-05-23 22:28:42] trace  /app/index.php?i=4&t=0&v=1.0&from=wxapp&c=entry&a=wxapp&do=setRiderLocation&state=we7sid-cf776e6a105c99eb0cdf2a971bb40dd3&sign=325d490073bc6a8d64e327f78b69bfa0&address=%E6%B2%B3%E5%8D%97%E7%9C%81%E9%83%91%E5%B7%9E%E5%B8%82%E4%B8%AD%E7%89%9F%E5%8E%BF%E9%99%87%E6%B5%B7%E8%B7%AF&lat=34.71524&lng=114.02195&m=make_rider 2020-05-23 22:28[RIDER CLIENT] uniacid: 3
[2020-05-23 22:28:51] trace  /app/index.php?i=4&t=0&v=1.0&from=wxapp&c=entry&a=wxapp&do=getRiderOrder&state=we7sid-cf776e6a105c99eb0cdf2a971bb40dd3&sign=0a557596ec2b0f18d342c1c9c787c98f&status=2&page=1&m=make_rider 2020-05-23 22:28[RIDER CLIENT]rider uniacid: 4
[2020-05-23 22:28:51] trace  /app/index.php?i=4&t=0&v=1.0&from=wxapp&c=entry&a=wxapp&do=getRiderOrder&state=we7sid-cf776e6a105c99eb0cdf2a971bb40dd3&sign=0a557596ec2b0f18d342c1c9c787c98f&status=2&page=1&m=make_rider 2020-05-23 22:28[RIDER CLIENT] uniacid: 3
[2020-05-23 22:29:16] trace  /app/index.php?i=4&t=0&v=1.0&from=wxapp&c=entry&a=wxapp&do=riderIsAccept&state=we7sid-cf776e6a105c99eb0cdf2a971bb40dd3&sign=d10d3902e0be679679976da0d0347060&type=-1&m=make_rider 2020-05-23 22:29[RIDER CLIENT]rider uniacid: 4
[2020-05-23 22:29:16] trace  /app/index.php?i=4&t=0&v=1.0&from=wxapp&c=entry&a=wxapp&do=riderIsAccept&state=we7sid-cf776e6a105c99eb0cdf2a971bb40dd3&sign=d10d3902e0be679679976da0d0347060&type=-1&m=make_rider 2020-05-23 22:29[RIDER CLIENT] uniacid: 3
[2020-05-23 22:29:17] trace  /app/index.php?i=4&t=0&v=1.0&from=wxapp&c=entry&a=wxapp&do=getRiderOrder&state=we7sid-cf776e6a105c99eb0cdf2a971bb40dd3&sign=bfa9971a7148c4dd08a7c2eef108a671&status=-1&m=make_rider 2020-05-23 22:29[RIDER CLIENT]rider uniacid: 4
[2020-05-23 22:29:17] trace  /app/index.php?i=4&t=0&v=1.0&from=wxapp&c=entry&a=wxapp&do=getRiderOrder&state=we7sid-cf776e6a105c99eb0cdf2a971bb40dd3&sign=bfa9971a7148c4dd08a7c2eef108a671&status=-1&m=make_rider 2020-05-23 22:29[RIDER CLIENT] uniacid: 3
[2020-05-23 22:29:18] trace  /app/index.php?i=4&t=0&v=1.0&from=wxapp&c=entry&a=wxapp&do=setRiderLocation&state=we7sid-cf776e6a105c99eb0cdf2a971bb40dd3&sign=325d490073bc6a8d64e327f78b69bfa0&address=%E6%B2%B3%E5%8D%97%E7%9C%81%E9%83%91%E5%B7%9E%E5%B8%82%E4%B8%AD%E7%89%9F%E5%8E%BF%E9%99%87%E6%B5%B7%E8%B7%AF&lat=34.71524&lng=114.02195&m=make_rider 2020-05-23 22:29[RIDER CLIENT]rider uniacid: 4
[2020-05-23 22:29:18] trace  /app/index.php?i=4&t=0&v=1.0&from=wxapp&c=entry&a=wxapp&do=setRiderLocation&state=we7sid-cf776e6a105c99eb0cdf2a971bb40dd3&sign=325d490073bc6a8d64e327f78b69bfa0&address=%E6%B2%B3%E5%8D%97%E7%9C%81%E9%83%91%E5%B7%9E%E5%B8%82%E4%B8%AD%E7%89%9F%E5%8E%BF%E9%99%87%E6%B5%B7%E8%B7%AF&lat=34.71524&lng=114.02195&m=make_rider 2020-05-23 22:29[RIDER CLIENT] uniacid: 3
