[2020-05-07 07:07:45] trace  /app/index.php?i=4&t=0&v=1.0&from=wxapp&c=entry&a=wxapp&do=getRiderStatus&state=we7sid-c950846d6ccbae71d5d52b8cf4b10b8b&sign=4cafb587dd24249aefd6b244897f63e4&m=make_rider 2020-05-07 07:07[RIDER CLIENT]rider uniacid: 4
[2020-05-07 07:07:45] trace  /app/index.php?i=4&t=0&v=1.0&from=wxapp&c=entry&a=wxapp&do=getRiderStatus&state=we7sid-c950846d6ccbae71d5d52b8cf4b10b8b&sign=4cafb587dd24249aefd6b244897f63e4&m=make_rider 2020-05-07 07:07[RIDER CLIENT] uniacid: 3
[2020-05-07 07:07:45] trace  /app/index.php?i=4&t=0&v=1.0&from=wxapp&c=entry&a=wxapp&do=getSetting&state=we7sid-c950846d6ccbae71d5d52b8cf4b10b8b&sign=b79be9a07dda9a7d4cba26e8a5433e98&m=make_rider 2020-05-07 07:07[RIDER CLIENT]rider uniacid: 4
[2020-05-07 07:07:45] trace  /app/index.php?i=4&t=0&v=1.0&from=wxapp&c=entry&a=wxapp&do=getSetting&state=we7sid-c950846d6ccbae71d5d52b8cf4b10b8b&sign=b79be9a07dda9a7d4cba26e8a5433e98&m=make_rider 2020-05-07 07:07[RIDER CLIENT] uniacid: 3
[2020-05-07 07:07:46] trace  /app/index.php?i=4&t=0&v=1.0&from=wxapp&c=entry&a=wxapp&do=getRiderStatus&state=we7sid-c950846d6ccbae71d5d52b8cf4b10b8b&sign=4cafb587dd24249aefd6b244897f63e4&m=make_rider 2020-05-07 07:07[RIDER CLIENT]rider uniacid: 4
[2020-05-07 07:07:46] trace  /app/index.php?i=4&t=0&v=1.0&from=wxapp&c=entry&a=wxapp&do=getRiderStatus&state=we7sid-c950846d6ccbae71d5d52b8cf4b10b8b&sign=4cafb587dd24249aefd6b244897f63e4&m=make_rider 2020-05-07 07:07[RIDER CLIENT] uniacid: 3
[2020-05-07 07:07:51] trace  /app/index.php?i=4&t=0&v=1.0&from=wxapp&c=entry&a=wxapp&do=getRiderOrder&state=we7sid-c950846d6ccbae71d5d52b8cf4b10b8b&sign=7105370f77eaa8631ce03a3942de2e41&status=-1&m=make_rider 2020-05-07 07:07[RIDER CLIENT]rider uniacid: 4
[2020-05-07 07:07:51] trace  /app/index.php?i=4&t=0&v=1.0&from=wxapp&c=entry&a=wxapp&do=getRiderOrder&state=we7sid-c950846d6ccbae71d5d52b8cf4b10b8b&sign=7105370f77eaa8631ce03a3942de2e41&status=-1&m=make_rider 2020-05-07 07:07[RIDER CLIENT] uniacid: 3
[2020-05-07 07:07:52] trace  /app/index.php?i=4&t=0&v=1.0&from=wxapp&c=entry&a=wxapp&do=getRiderId&state=we7sid-c950846d6ccbae71d5d52b8cf4b10b8b&sign=7bb330d34ae12bb97500dc414c63ae3d&m=make_rider 2020-05-07 07:07[RIDER CLIENT]rider uniacid: 4
[2020-05-07 07:07:52] trace  /app/index.php?i=4&t=0&v=1.0&from=wxapp&c=entry&a=wxapp&do=getRiderId&state=we7sid-c950846d6ccbae71d5d52b8cf4b10b8b&sign=7bb330d34ae12bb97500dc414c63ae3d&m=make_rider 2020-05-07 07:07[RIDER CLIENT] uniacid: 3
[2020-05-07 07:07:52] trace  /app/index.php?i=4&t=0&v=1.0&from=wxapp&c=entry&a=wxapp&do=riderIsAccept&state=we7sid-c950846d6ccbae71d5d52b8cf4b10b8b&sign=3179fd872a5ed5a57c94598811d1011e&type=-1&m=make_rider 2020-05-07 07:07[RIDER CLIENT]rider uniacid: 4
[2020-05-07 07:07:52] trace  /app/index.php?i=4&t=0&v=1.0&from=wxapp&c=entry&a=wxapp&do=riderIsAccept&state=we7sid-c950846d6ccbae71d5d52b8cf4b10b8b&sign=3179fd872a5ed5a57c94598811d1011e&type=-1&m=make_rider 2020-05-07 07:07[RIDER CLIENT] uniacid: 3
[2020-05-07 07:07:53] trace  /app/index.php?i=4&t=0&v=1.0&from=wxapp&c=entry&a=wxapp&do=getRiderOrder&state=we7sid-c950846d6ccbae71d5d52b8cf4b10b8b&sign=7105370f77eaa8631ce03a3942de2e41&status=-1&m=make_rider 2020-05-07 07:07[RIDER CLIENT]rider uniacid: 4
[2020-05-07 07:07:53] trace  /app/index.php?i=4&t=0&v=1.0&from=wxapp&c=entry&a=wxapp&do=getRiderOrder&state=we7sid-c950846d6ccbae71d5d52b8cf4b10b8b&sign=7105370f77eaa8631ce03a3942de2e41&status=-1&m=make_rider 2020-05-07 07:07[RIDER CLIENT] uniacid: 3
[2020-05-07 07:07:53] trace  /app/index.php?i=4&t=0&v=1.0&from=wxapp&c=entry&a=wxapp&do=setRiderLocation&state=we7sid-c950846d6ccbae71d5d52b8cf4b10b8b&sign=2bae58747d9dda9af762779d8f643c9a&address=%E6%B2%B3%E5%8D%97%E7%9C%81%E9%83%91%E5%B7%9E%E5%B8%82%E9%87%91%E6%B0%B4%E5%8C%BA%E4%B8%9C%E9%A3%8E%E8%B7%AF16%E5%8F%B7&lat=34.800411&lng=113.660561&m=make_rider 2020-05-07 07:07[RIDER CLIENT]rider uniacid: 4
[2020-05-07 07:07:53] trace  /app/index.php?i=4&t=0&v=1.0&from=wxapp&c=entry&a=wxapp&do=setRiderLocation&state=we7sid-c950846d6ccbae71d5d52b8cf4b10b8b&sign=2bae58747d9dda9af762779d8f643c9a&address=%E6%B2%B3%E5%8D%97%E7%9C%81%E9%83%91%E5%B7%9E%E5%B8%82%E9%87%91%E6%B0%B4%E5%8C%BA%E4%B8%9C%E9%A3%8E%E8%B7%AF16%E5%8F%B7&lat=34.800411&lng=113.660561&m=make_rider 2020-05-07 07:07[RIDER CLIENT] uniacid: 3
[2020-05-07 07:10:01] trace  /app/index.php?i=4&t=0&v=1.0&from=wxapp&c=entry&a=wxapp&do=getSetting&state=we7sid-c950846d6ccbae71d5d52b8cf4b10b8b&sign=b79be9a07dda9a7d4cba26e8a5433e98&m=make_rider 2020-05-07 07:10[RIDER CLIENT]rider uniacid: 4
[2020-05-07 07:10:01] trace  /app/index.php?i=4&t=0&v=1.0&from=wxapp&c=entry&a=wxapp&do=getSetting&state=we7sid-c950846d6ccbae71d5d52b8cf4b10b8b&sign=b79be9a07dda9a7d4cba26e8a5433e98&m=make_rider 2020-05-07 07:10[RIDER CLIENT] uniacid: 3
[2020-05-07 07:10:01] trace  /app/index.php?i=4&t=0&v=1.0&from=wxapp&c=entry&a=wxapp&do=getRiderStatus&state=we7sid-c950846d6ccbae71d5d52b8cf4b10b8b&sign=4cafb587dd24249aefd6b244897f63e4&m=make_rider 2020-05-07 07:10[RIDER CLIENT]rider uniacid: 4
[2020-05-07 07:10:01] trace  /app/index.php?i=4&t=0&v=1.0&from=wxapp&c=entry&a=wxapp&do=getRiderStatus&state=we7sid-c950846d6ccbae71d5d52b8cf4b10b8b&sign=4cafb587dd24249aefd6b244897f63e4&m=make_rider 2020-05-07 07:10[RIDER CLIENT] uniacid: 3
[2020-05-07 07:10:01] trace  /app/index.php?i=4&t=0&v=1.0&from=wxapp&c=entry&a=wxapp&do=getRiderStatus&state=we7sid-c950846d6ccbae71d5d52b8cf4b10b8b&sign=4cafb587dd24249aefd6b244897f63e4&m=make_rider 2020-05-07 07:10[RIDER CLIENT]rider uniacid: 4
[2020-05-07 07:10:01] trace  /app/index.php?i=4&t=0&v=1.0&from=wxapp&c=entry&a=wxapp&do=getRiderStatus&state=we7sid-c950846d6ccbae71d5d52b8cf4b10b8b&sign=4cafb587dd24249aefd6b244897f63e4&m=make_rider 2020-05-07 07:10[RIDER CLIENT] uniacid: 3
[2020-05-07 07:10:09] trace  /app/index.php?i=4&t=0&v=1.0&from=wxapp&c=entry&a=wxapp&do=getRiderOrder&state=we7sid-c950846d6ccbae71d5d52b8cf4b10b8b&sign=7105370f77eaa8631ce03a3942de2e41&status=-1&m=make_rider 2020-05-07 07:10[RIDER CLIENT]rider uniacid: 4
[2020-05-07 07:10:09] trace  /app/index.php?i=4&t=0&v=1.0&from=wxapp&c=entry&a=wxapp&do=getRiderOrder&state=we7sid-c950846d6ccbae71d5d52b8cf4b10b8b&sign=7105370f77eaa8631ce03a3942de2e41&status=-1&m=make_rider 2020-05-07 07:10[RIDER CLIENT] uniacid: 3
[2020-05-07 07:10:09] trace  /app/index.php?i=4&t=0&v=1.0&from=wxapp&c=entry&a=wxapp&do=getRiderId&state=we7sid-c950846d6ccbae71d5d52b8cf4b10b8b&sign=7bb330d34ae12bb97500dc414c63ae3d&m=make_rider 2020-05-07 07:10[RIDER CLIENT]rider uniacid: 4
[2020-05-07 07:10:09] trace  /app/index.php?i=4&t=0&v=1.0&from=wxapp&c=entry&a=wxapp&do=getRiderId&state=we7sid-c950846d6ccbae71d5d52b8cf4b10b8b&sign=7bb330d34ae12bb97500dc414c63ae3d&m=make_rider 2020-05-07 07:10[RIDER CLIENT] uniacid: 3
[2020-05-07 07:10:10] trace  /app/index.php?i=4&t=0&v=1.0&from=wxapp&c=entry&a=wxapp&do=riderIsAccept&state=we7sid-c950846d6ccbae71d5d52b8cf4b10b8b&sign=3179fd872a5ed5a57c94598811d1011e&type=-1&m=make_rider 2020-05-07 07:10[RIDER CLIENT]rider uniacid: 4
[2020-05-07 07:10:10] trace  /app/index.php?i=4&t=0&v=1.0&from=wxapp&c=entry&a=wxapp&do=riderIsAccept&state=we7sid-c950846d6ccbae71d5d52b8cf4b10b8b&sign=3179fd872a5ed5a57c94598811d1011e&type=-1&m=make_rider 2020-05-07 07:10[RIDER CLIENT] uniacid: 3
[2020-05-07 07:10:11] trace  /app/index.php?i=4&t=0&v=1.0&from=wxapp&c=entry&a=wxapp&do=getRiderOrder&state=we7sid-c950846d6ccbae71d5d52b8cf4b10b8b&sign=7105370f77eaa8631ce03a3942de2e41&status=-1&m=make_rider 2020-05-07 07:10[RIDER CLIENT]rider uniacid: 4
[2020-05-07 07:10:11] trace  /app/index.php?i=4&t=0&v=1.0&from=wxapp&c=entry&a=wxapp&do=getRiderOrder&state=we7sid-c950846d6ccbae71d5d52b8cf4b10b8b&sign=7105370f77eaa8631ce03a3942de2e41&status=-1&m=make_rider 2020-05-07 07:10[RIDER CLIENT] uniacid: 3
[2020-05-07 07:10:12] trace  /app/index.php?i=4&t=0&v=1.0&from=wxapp&c=entry&a=wxapp&do=setRiderLocation&state=we7sid-c950846d6ccbae71d5d52b8cf4b10b8b&sign=2bae58747d9dda9af762779d8f643c9a&address=%E6%B2%B3%E5%8D%97%E7%9C%81%E9%83%91%E5%B7%9E%E5%B8%82%E9%87%91%E6%B0%B4%E5%8C%BA%E4%B8%9C%E9%A3%8E%E8%B7%AF16%E5%8F%B7&lat=34.800411&lng=113.660561&m=make_rider 2020-05-07 07:10[RIDER CLIENT]rider uniacid: 4
[2020-05-07 07:10:12] trace  /app/index.php?i=4&t=0&v=1.0&from=wxapp&c=entry&a=wxapp&do=setRiderLocation&state=we7sid-c950846d6ccbae71d5d52b8cf4b10b8b&sign=2bae58747d9dda9af762779d8f643c9a&address=%E6%B2%B3%E5%8D%97%E7%9C%81%E9%83%91%E5%B7%9E%E5%B8%82%E9%87%91%E6%B0%B4%E5%8C%BA%E4%B8%9C%E9%A3%8E%E8%B7%AF16%E5%8F%B7&lat=34.800411&lng=113.660561&m=make_rider 2020-05-07 07:10[RIDER CLIENT] uniacid: 3
[2020-05-07 07:11:27] trace  /app/index.php?i=4&t=0&v=1.0&from=wxapp&c=entry&a=wxapp&do=getSetting&state=we7sid-c950846d6ccbae71d5d52b8cf4b10b8b&sign=b79be9a07dda9a7d4cba26e8a5433e98&m=make_rider 2020-05-07 07:11[RIDER CLIENT]rider uniacid: 4
[2020-05-07 07:11:27] trace  /app/index.php?i=4&t=0&v=1.0&from=wxapp&c=entry&a=wxapp&do=getSetting&state=we7sid-c950846d6ccbae71d5d52b8cf4b10b8b&sign=b79be9a07dda9a7d4cba26e8a5433e98&m=make_rider 2020-05-07 07:11[RIDER CLIENT] uniacid: 3
[2020-05-07 07:11:28] trace  /app/index.php?i=4&t=0&v=1.0&from=wxapp&c=entry&a=wxapp&do=getRiderStatus&state=we7sid-c950846d6ccbae71d5d52b8cf4b10b8b&sign=4cafb587dd24249aefd6b244897f63e4&m=make_rider 2020-05-07 07:11[RIDER CLIENT]rider uniacid: 4
[2020-05-07 07:11:28] trace  /app/index.php?i=4&t=0&v=1.0&from=wxapp&c=entry&a=wxapp&do=getRiderStatus&state=we7sid-c950846d6ccbae71d5d52b8cf4b10b8b&sign=4cafb587dd24249aefd6b244897f63e4&m=make_rider 2020-05-07 07:11[RIDER CLIENT] uniacid: 3
[2020-05-07 07:11:28] trace  /app/index.php?i=4&t=0&v=1.0&from=wxapp&c=entry&a=wxapp&do=getRiderStatus&state=we7sid-c950846d6ccbae71d5d52b8cf4b10b8b&sign=4cafb587dd24249aefd6b244897f63e4&m=make_rider 2020-05-07 07:11[RIDER CLIENT]rider uniacid: 4
[2020-05-07 07:11:28] trace  /app/index.php?i=4&t=0&v=1.0&from=wxapp&c=entry&a=wxapp&do=getRiderStatus&state=we7sid-c950846d6ccbae71d5d52b8cf4b10b8b&sign=4cafb587dd24249aefd6b244897f63e4&m=make_rider 2020-05-07 07:11[RIDER CLIENT] uniacid: 3
[2020-05-07 07:11:33] trace  /app/index.php?i=4&t=0&v=1.0&from=wxapp&c=entry&a=wxapp&do=getRiderOrder&state=we7sid-c950846d6ccbae71d5d52b8cf4b10b8b&sign=7105370f77eaa8631ce03a3942de2e41&status=-1&m=make_rider 2020-05-07 07:11[RIDER CLIENT]rider uniacid: 4
[2020-05-07 07:11:33] trace  /app/index.php?i=4&t=0&v=1.0&from=wxapp&c=entry&a=wxapp&do=getRiderOrder&state=we7sid-c950846d6ccbae71d5d52b8cf4b10b8b&sign=7105370f77eaa8631ce03a3942de2e41&status=-1&m=make_rider 2020-05-07 07:11[RIDER CLIENT] uniacid: 3
[2020-05-07 07:11:34] trace  /app/index.php?i=4&t=0&v=1.0&from=wxapp&c=entry&a=wxapp&do=getRiderId&state=we7sid-c950846d6ccbae71d5d52b8cf4b10b8b&sign=7bb330d34ae12bb97500dc414c63ae3d&m=make_rider 2020-05-07 07:11[RIDER CLIENT]rider uniacid: 4
[2020-05-07 07:11:34] trace  /app/index.php?i=4&t=0&v=1.0&from=wxapp&c=entry&a=wxapp&do=getRiderId&state=we7sid-c950846d6ccbae71d5d52b8cf4b10b8b&sign=7bb330d34ae12bb97500dc414c63ae3d&m=make_rider 2020-05-07 07:11[RIDER CLIENT] uniacid: 3
[2020-05-07 07:11:35] trace  /app/index.php?i=4&t=0&v=1.0&from=wxapp&c=entry&a=wxapp&do=riderIsAccept&state=we7sid-c950846d6ccbae71d5d52b8cf4b10b8b&sign=3179fd872a5ed5a57c94598811d1011e&type=-1&m=make_rider 2020-05-07 07:11[RIDER CLIENT]rider uniacid: 4
[2020-05-07 07:11:35] trace  /app/index.php?i=4&t=0&v=1.0&from=wxapp&c=entry&a=wxapp&do=riderIsAccept&state=we7sid-c950846d6ccbae71d5d52b8cf4b10b8b&sign=3179fd872a5ed5a57c94598811d1011e&type=-1&m=make_rider 2020-05-07 07:11[RIDER CLIENT] uniacid: 3
[2020-05-07 07:11:36] trace  /app/index.php?i=4&t=0&v=1.0&from=wxapp&c=entry&a=wxapp&do=getRiderOrder&state=we7sid-c950846d6ccbae71d5d52b8cf4b10b8b&sign=7105370f77eaa8631ce03a3942de2e41&status=-1&m=make_rider 2020-05-07 07:11[RIDER CLIENT]rider uniacid: 4
[2020-05-07 07:11:36] trace  /app/index.php?i=4&t=0&v=1.0&from=wxapp&c=entry&a=wxapp&do=getRiderOrder&state=we7sid-c950846d6ccbae71d5d52b8cf4b10b8b&sign=7105370f77eaa8631ce03a3942de2e41&status=-1&m=make_rider 2020-05-07 07:11[RIDER CLIENT] uniacid: 3
[2020-05-07 07:11:37] trace  /app/index.php?i=4&t=0&v=1.0&from=wxapp&c=entry&a=wxapp&do=setRiderLocation&state=we7sid-c950846d6ccbae71d5d52b8cf4b10b8b&sign=2bae58747d9dda9af762779d8f643c9a&address=%E6%B2%B3%E5%8D%97%E7%9C%81%E9%83%91%E5%B7%9E%E5%B8%82%E9%87%91%E6%B0%B4%E5%8C%BA%E4%B8%9C%E9%A3%8E%E8%B7%AF16%E5%8F%B7&lat=34.800411&lng=113.660561&m=make_rider 2020-05-07 07:11[RIDER CLIENT]rider uniacid: 4
[2020-05-07 07:11:37] trace  /app/index.php?i=4&t=0&v=1.0&from=wxapp&c=entry&a=wxapp&do=setRiderLocation&state=we7sid-c950846d6ccbae71d5d52b8cf4b10b8b&sign=2bae58747d9dda9af762779d8f643c9a&address=%E6%B2%B3%E5%8D%97%E7%9C%81%E9%83%91%E5%B7%9E%E5%B8%82%E9%87%91%E6%B0%B4%E5%8C%BA%E4%B8%9C%E9%A3%8E%E8%B7%AF16%E5%8F%B7&lat=34.800411&lng=113.660561&m=make_rider 2020-05-07 07:11[RIDER CLIENT] uniacid: 3
[2020-05-07 23:01:43] trace  /app/index.php?i=3&t=0&v=1.0&from=wxapp&c=entry&a=wxapp&do=pay&state=we7sid-914c7faf2cda276386ccbb943a3f5565&sign=faeefd3d07343ca54d81eff9f147f62f&id=185&pay_method=1&m=make_speed 2020-05-07 23:01[sendTemplate Rider] Error:invalid template_id hint: [lMu_Ea07334119]
[2020-05-07 23:01:43] trace  /app/index.php?i=3&t=0&v=1.0&from=wxapp&c=entry&a=wxapp&do=pay&state=we7sid-914c7faf2cda276386ccbb943a3f5565&sign=faeefd3d07343ca54d81eff9f147f62f&id=185&pay_method=1&m=make_speed 2020-05-07 23:01[sendTemplate Rider] Error: business_rider_id::::Array
[2020-05-07 23:01:43] trace  /app/index.php?i=3&t=0&v=1.0&from=wxapp&c=entry&a=wxapp&do=pay&state=we7sid-914c7faf2cda276386ccbb943a3f5565&sign=faeefd3d07343ca54d81eff9f147f62f&id=185&pay_method=1&m=make_speed 2020-05-07 23:01[sendTemplate Rider] Error:抢单模板消息未配置
