[2020-05-18 06:34:48] trace  /app/index.php?i=4&t=0&v=1.0&from=wxapp&c=entry&a=wxapp&do=getSetting&state=we7sid-895de2777a09d2e6bbf8713fe709525a&sign=32d35b6dadb506610f3124f2af496d67&m=make_rider 2020-05-18 06:34[RIDER CLIENT]rider uniacid: 4
[2020-05-18 06:34:48] trace  /app/index.php?i=4&t=0&v=1.0&from=wxapp&c=entry&a=wxapp&do=getRiderLogo&state=we7sid-895de2777a09d2e6bbf8713fe709525a&sign=bf4101ae25ef5d53b086527e22a59faa&m=make_rider 2020-05-18 06:34[RIDER CLIENT]rider uniacid: 4
[2020-05-18 06:34:48] trace  /app/index.php?i=4&t=0&v=1.0&from=wxapp&c=entry&a=wxapp&do=getSetting&state=we7sid-895de2777a09d2e6bbf8713fe709525a&sign=32d35b6dadb506610f3124f2af496d67&m=make_rider 2020-05-18 06:34[RIDER CLIENT] uniacid: 3
[2020-05-18 06:34:48] trace  /app/index.php?i=4&t=0&v=1.0&from=wxapp&c=entry&a=wxapp&do=getRiderLogo&state=we7sid-895de2777a09d2e6bbf8713fe709525a&sign=bf4101ae25ef5d53b086527e22a59faa&m=make_rider 2020-05-18 06:34[RIDER CLIENT] uniacid: 3
[2020-05-18 06:34:48] trace  /app/index.php?i=4&t=0&v=1.0&from=wxapp&c=entry&a=wxapp&do=getRiderStatus&state=we7sid-895de2777a09d2e6bbf8713fe709525a&sign=b84944dafad2db9c72a0410baeb13c90&m=make_rider 2020-05-18 06:34[RIDER CLIENT]rider uniacid: 4
[2020-05-18 06:34:48] trace  /app/index.php?i=4&t=0&v=1.0&from=wxapp&c=entry&a=wxapp&do=getRiderStatus&state=we7sid-895de2777a09d2e6bbf8713fe709525a&sign=b84944dafad2db9c72a0410baeb13c90&m=make_rider 2020-05-18 06:34[RIDER CLIENT] uniacid: 3
[2020-05-18 06:34:49] trace  /app/index.php?i=4&t=0&v=1.0&from=wxapp&c=entry&a=wxapp&do=getSetting&state=we7sid-895de2777a09d2e6bbf8713fe709525a&sign=32d35b6dadb506610f3124f2af496d67&m=make_rider 2020-05-18 06:34[RIDER CLIENT]rider uniacid: 4
[2020-05-18 06:34:49] trace  /app/index.php?i=4&t=0&v=1.0&from=wxapp&c=entry&a=wxapp&do=getSetting&state=we7sid-895de2777a09d2e6bbf8713fe709525a&sign=32d35b6dadb506610f3124f2af496d67&m=make_rider 2020-05-18 06:34[RIDER CLIENT] uniacid: 3
[2020-05-18 06:34:49] trace  /app/index.php?i=4&t=0&v=1.0&from=wxapp&c=entry&a=wxapp&do=getRiderStatus&state=we7sid-895de2777a09d2e6bbf8713fe709525a&sign=b84944dafad2db9c72a0410baeb13c90&m=make_rider 2020-05-18 06:34[RIDER CLIENT]rider uniacid: 4
[2020-05-18 06:34:49] trace  /app/index.php?i=4&t=0&v=1.0&from=wxapp&c=entry&a=wxapp&do=getRiderStatus&state=we7sid-895de2777a09d2e6bbf8713fe709525a&sign=b84944dafad2db9c72a0410baeb13c90&m=make_rider 2020-05-18 06:34[RIDER CLIENT] uniacid: 3
[2020-05-18 06:34:49] trace  /app/index.php?i=4&t=0&v=1.0&from=wxapp&c=entry&a=wxapp&do=getRiderOrder&state=we7sid-895de2777a09d2e6bbf8713fe709525a&sign=17cbdf8f72087266bda1e0458b0e95ca&status=-1&m=make_rider 2020-05-18 06:34[RIDER CLIENT]rider uniacid: 4
[2020-05-18 06:34:49] trace  /app/index.php?i=4&t=0&v=1.0&from=wxapp&c=entry&a=wxapp&do=getRiderId&state=we7sid-895de2777a09d2e6bbf8713fe709525a&sign=f93ade900ec46dbdb7c8b2365e7eb29d&m=make_rider 2020-05-18 06:34[RIDER CLIENT]rider uniacid: 4
[2020-05-18 06:34:49] trace  /app/index.php?i=4&t=0&v=1.0&from=wxapp&c=entry&a=wxapp&do=getRiderId&state=we7sid-895de2777a09d2e6bbf8713fe709525a&sign=f93ade900ec46dbdb7c8b2365e7eb29d&m=make_rider 2020-05-18 06:34[RIDER CLIENT] uniacid: 3
[2020-05-18 06:34:49] trace  /app/index.php?i=4&t=0&v=1.0&from=wxapp&c=entry&a=wxapp&do=getRiderOrder&state=we7sid-895de2777a09d2e6bbf8713fe709525a&sign=17cbdf8f72087266bda1e0458b0e95ca&status=-1&m=make_rider 2020-05-18 06:34[RIDER CLIENT] uniacid: 3
[2020-05-18 06:34:49] trace  /app/index.php?i=4&t=0&v=1.0&from=wxapp&c=entry&a=wxapp&do=riderIsAccept&state=we7sid-895de2777a09d2e6bbf8713fe709525a&sign=44aed40b57ae14ee54facb24f415ebe0&type=-1&m=make_rider 2020-05-18 06:34[RIDER CLIENT]rider uniacid: 4
[2020-05-18 06:34:49] trace  /app/index.php?i=4&t=0&v=1.0&from=wxapp&c=entry&a=wxapp&do=riderIsAccept&state=we7sid-895de2777a09d2e6bbf8713fe709525a&sign=44aed40b57ae14ee54facb24f415ebe0&type=-1&m=make_rider 2020-05-18 06:34[RIDER CLIENT] uniacid: 3
[2020-05-18 06:34:50] trace  /app/index.php?i=4&t=0&v=1.0&from=wxapp&c=entry&a=wxapp&do=getRiderOrder&state=we7sid-895de2777a09d2e6bbf8713fe709525a&sign=17cbdf8f72087266bda1e0458b0e95ca&status=-1&m=make_rider 2020-05-18 06:34[RIDER CLIENT]rider uniacid: 4
[2020-05-18 06:34:50] trace  /app/index.php?i=4&t=0&v=1.0&from=wxapp&c=entry&a=wxapp&do=getRiderOrder&state=we7sid-895de2777a09d2e6bbf8713fe709525a&sign=17cbdf8f72087266bda1e0458b0e95ca&status=-1&m=make_rider 2020-05-18 06:34[RIDER CLIENT] uniacid: 3
[2020-05-18 06:34:51] trace  /app/index.php?i=4&t=0&v=1.0&from=wxapp&c=entry&a=wxapp&do=getRiderOrder&state=we7sid-895de2777a09d2e6bbf8713fe709525a&sign=17cbdf8f72087266bda1e0458b0e95ca&status=-1&m=make_rider 2020-05-18 06:34[RIDER CLIENT]rider uniacid: 4
[2020-05-18 06:34:51] trace  /app/index.php?i=4&t=0&v=1.0&from=wxapp&c=entry&a=wxapp&do=getRiderOrder&state=we7sid-895de2777a09d2e6bbf8713fe709525a&sign=17cbdf8f72087266bda1e0458b0e95ca&status=-1&m=make_rider 2020-05-18 06:34[RIDER CLIENT] uniacid: 3
[2020-05-18 06:34:51] trace  /app/index.php?i=4&t=0&v=1.0&from=wxapp&c=entry&a=wxapp&do=getRiderId&state=we7sid-895de2777a09d2e6bbf8713fe709525a&sign=f93ade900ec46dbdb7c8b2365e7eb29d&m=make_rider 2020-05-18 06:34[RIDER CLIENT]rider uniacid: 4
[2020-05-18 06:34:51] trace  /app/index.php?i=4&t=0&v=1.0&from=wxapp&c=entry&a=wxapp&do=riderIsAccept&state=we7sid-895de2777a09d2e6bbf8713fe709525a&sign=44aed40b57ae14ee54facb24f415ebe0&type=-1&m=make_rider 2020-05-18 06:34[RIDER CLIENT]rider uniacid: 4
[2020-05-18 06:34:51] trace  /app/index.php?i=4&t=0&v=1.0&from=wxapp&c=entry&a=wxapp&do=getRiderId&state=we7sid-895de2777a09d2e6bbf8713fe709525a&sign=f93ade900ec46dbdb7c8b2365e7eb29d&m=make_rider 2020-05-18 06:34[RIDER CLIENT] uniacid: 3
[2020-05-18 06:34:51] trace  /app/index.php?i=4&t=0&v=1.0&from=wxapp&c=entry&a=wxapp&do=riderIsAccept&state=we7sid-895de2777a09d2e6bbf8713fe709525a&sign=44aed40b57ae14ee54facb24f415ebe0&type=-1&m=make_rider 2020-05-18 06:34[RIDER CLIENT] uniacid: 3
[2020-05-18 06:34:51] trace  /app/index.php?i=4&t=0&v=1.0&from=wxapp&c=entry&a=wxapp&do=setRiderLocation&state=we7sid-895de2777a09d2e6bbf8713fe709525a&sign=353e8073c7da5ac680e7a058bbec3b01&address=%E6%B2%B3%E5%8D%97%E7%9C%81%E9%83%91%E5%B7%9E%E5%B8%82%E4%B8%AD%E7%89%9F%E5%8E%BF%E4%B8%87%E4%B8%89%E5%85%AC%E8%B7%AF&lat=34.730003&lng=113.918427&m=make_rider 2020-05-18 06:34[RIDER CLIENT]rider uniacid: 4
[2020-05-18 06:34:51] trace  /app/index.php?i=4&t=0&v=1.0&from=wxapp&c=entry&a=wxapp&do=setRiderLocation&state=we7sid-895de2777a09d2e6bbf8713fe709525a&sign=353e8073c7da5ac680e7a058bbec3b01&address=%E6%B2%B3%E5%8D%97%E7%9C%81%E9%83%91%E5%B7%9E%E5%B8%82%E4%B8%AD%E7%89%9F%E5%8E%BF%E4%B8%87%E4%B8%89%E5%85%AC%E8%B7%AF&lat=34.730003&lng=113.918427&m=make_rider 2020-05-18 06:34[RIDER CLIENT] uniacid: 3
[2020-05-18 06:34:51] trace  /app/index.php?i=4&t=0&v=1.0&from=wxapp&c=entry&a=wxapp&do=setRiderLocation&state=we7sid-895de2777a09d2e6bbf8713fe709525a&sign=353e8073c7da5ac680e7a058bbec3b01&address=%E6%B2%B3%E5%8D%97%E7%9C%81%E9%83%91%E5%B7%9E%E5%B8%82%E4%B8%AD%E7%89%9F%E5%8E%BF%E4%B8%87%E4%B8%89%E5%85%AC%E8%B7%AF&lat=34.730003&lng=113.918427&m=make_rider 2020-05-18 06:34[RIDER CLIENT]rider uniacid: 4
[2020-05-18 06:34:51] trace  /app/index.php?i=4&t=0&v=1.0&from=wxapp&c=entry&a=wxapp&do=setRiderLocation&state=we7sid-895de2777a09d2e6bbf8713fe709525a&sign=353e8073c7da5ac680e7a058bbec3b01&address=%E6%B2%B3%E5%8D%97%E7%9C%81%E9%83%91%E5%B7%9E%E5%B8%82%E4%B8%AD%E7%89%9F%E5%8E%BF%E4%B8%87%E4%B8%89%E5%85%AC%E8%B7%AF&lat=34.730003&lng=113.918427&m=make_rider 2020-05-18 06:34[RIDER CLIENT] uniacid: 3
[2020-05-18 06:34:52] trace  /app/index.php?i=4&t=0&v=1.0&from=wxapp&c=entry&a=wxapp&do=getRiderOrder&state=we7sid-895de2777a09d2e6bbf8713fe709525a&sign=17cbdf8f72087266bda1e0458b0e95ca&status=-1&m=make_rider 2020-05-18 06:34[RIDER CLIENT]rider uniacid: 4
[2020-05-18 06:34:52] trace  /app/index.php?i=4&t=0&v=1.0&from=wxapp&c=entry&a=wxapp&do=getRiderOrder&state=we7sid-895de2777a09d2e6bbf8713fe709525a&sign=17cbdf8f72087266bda1e0458b0e95ca&status=-1&m=make_rider 2020-05-18 06:34[RIDER CLIENT] uniacid: 3
[2020-05-18 06:35:01] trace  /app/index.php?i=4&t=0&v=1.0&from=wxapp&c=entry&a=wxapp&do=riderIsAccept&state=we7sid-895de2777a09d2e6bbf8713fe709525a&sign=44aed40b57ae14ee54facb24f415ebe0&type=-1&m=make_rider 2020-05-18 06:35[RIDER CLIENT]rider uniacid: 4
[2020-05-18 06:35:01] trace  /app/index.php?i=4&t=0&v=1.0&from=wxapp&c=entry&a=wxapp&do=riderIsAccept&state=we7sid-895de2777a09d2e6bbf8713fe709525a&sign=44aed40b57ae14ee54facb24f415ebe0&type=-1&m=make_rider 2020-05-18 06:35[RIDER CLIENT] uniacid: 3
[2020-05-18 06:35:02] trace  /app/index.php?i=4&t=0&v=1.0&from=wxapp&c=entry&a=wxapp&do=setRiderLocation&state=we7sid-895de2777a09d2e6bbf8713fe709525a&sign=353e8073c7da5ac680e7a058bbec3b01&address=%E6%B2%B3%E5%8D%97%E7%9C%81%E9%83%91%E5%B7%9E%E5%B8%82%E4%B8%AD%E7%89%9F%E5%8E%BF%E4%B8%87%E4%B8%89%E5%85%AC%E8%B7%AF&lat=34.730003&lng=113.918427&m=make_rider 2020-05-18 06:35[RIDER CLIENT]rider uniacid: 4
[2020-05-18 06:35:02] trace  /app/index.php?i=4&t=0&v=1.0&from=wxapp&c=entry&a=wxapp&do=setRiderLocation&state=we7sid-895de2777a09d2e6bbf8713fe709525a&sign=353e8073c7da5ac680e7a058bbec3b01&address=%E6%B2%B3%E5%8D%97%E7%9C%81%E9%83%91%E5%B7%9E%E5%B8%82%E4%B8%AD%E7%89%9F%E5%8E%BF%E4%B8%87%E4%B8%89%E5%85%AC%E8%B7%AF&lat=34.730003&lng=113.918427&m=make_rider 2020-05-18 06:35[RIDER CLIENT] uniacid: 3
[2020-05-18 06:35:02] trace  /app/index.php?i=4&t=0&v=1.0&from=wxapp&c=entry&a=wxapp&do=getRiderOrder&state=we7sid-895de2777a09d2e6bbf8713fe709525a&sign=17cbdf8f72087266bda1e0458b0e95ca&status=-1&m=make_rider 2020-05-18 06:35[RIDER CLIENT]rider uniacid: 4
[2020-05-18 06:35:02] trace  /app/index.php?i=4&t=0&v=1.0&from=wxapp&c=entry&a=wxapp&do=getRiderOrder&state=we7sid-895de2777a09d2e6bbf8713fe709525a&sign=17cbdf8f72087266bda1e0458b0e95ca&status=-1&m=make_rider 2020-05-18 06:35[RIDER CLIENT] uniacid: 3
[2020-05-18 06:35:15] trace  /app/index.php?i=4&t=0&v=1.0&from=wxapp&c=entry&a=wxapp&do=riderIsAccept&state=we7sid-895de2777a09d2e6bbf8713fe709525a&sign=44aed40b57ae14ee54facb24f415ebe0&type=-1&m=make_rider 2020-05-18 06:35[RIDER CLIENT]rider uniacid: 4
[2020-05-18 06:35:15] trace  /app/index.php?i=4&t=0&v=1.0&from=wxapp&c=entry&a=wxapp&do=riderIsAccept&state=we7sid-895de2777a09d2e6bbf8713fe709525a&sign=44aed40b57ae14ee54facb24f415ebe0&type=-1&m=make_rider 2020-05-18 06:35[RIDER CLIENT] uniacid: 3
[2020-05-18 06:35:16] trace  /app/index.php?i=4&t=0&v=1.0&from=wxapp&c=entry&a=wxapp&do=setRiderLocation&state=we7sid-895de2777a09d2e6bbf8713fe709525a&sign=353e8073c7da5ac680e7a058bbec3b01&address=%E6%B2%B3%E5%8D%97%E7%9C%81%E9%83%91%E5%B7%9E%E5%B8%82%E4%B8%AD%E7%89%9F%E5%8E%BF%E4%B8%87%E4%B8%89%E5%85%AC%E8%B7%AF&lat=34.730003&lng=113.918427&m=make_rider 2020-05-18 06:35[RIDER CLIENT]rider uniacid: 4
[2020-05-18 06:35:16] trace  /app/index.php?i=4&t=0&v=1.0&from=wxapp&c=entry&a=wxapp&do=setRiderLocation&state=we7sid-895de2777a09d2e6bbf8713fe709525a&sign=353e8073c7da5ac680e7a058bbec3b01&address=%E6%B2%B3%E5%8D%97%E7%9C%81%E9%83%91%E5%B7%9E%E5%B8%82%E4%B8%AD%E7%89%9F%E5%8E%BF%E4%B8%87%E4%B8%89%E5%85%AC%E8%B7%AF&lat=34.730003&lng=113.918427&m=make_rider 2020-05-18 06:35[RIDER CLIENT] uniacid: 3
[2020-05-18 06:35:16] trace  /app/index.php?i=4&t=0&v=1.0&from=wxapp&c=entry&a=wxapp&do=getRiderOrder&state=we7sid-895de2777a09d2e6bbf8713fe709525a&sign=17cbdf8f72087266bda1e0458b0e95ca&status=-1&m=make_rider 2020-05-18 06:35[RIDER CLIENT]rider uniacid: 4
[2020-05-18 06:35:16] trace  /app/index.php?i=4&t=0&v=1.0&from=wxapp&c=entry&a=wxapp&do=getRiderOrder&state=we7sid-895de2777a09d2e6bbf8713fe709525a&sign=17cbdf8f72087266bda1e0458b0e95ca&status=-1&m=make_rider 2020-05-18 06:35[RIDER CLIENT] uniacid: 3
[2020-05-18 22:48:51] trace  /app/index.php?i=4&t=0&v=1.0&from=wxapp&c=entry&a=wxapp&do=getRiderStatus&state=we7sid-fffaeb45d22bd61bd651614b0f7e1c73&sign=a97f5c76af690f9f5d72284cc740a241&m=make_rider 2020-05-18 22:48[RIDER CLIENT]rider uniacid: 4
[2020-05-18 22:48:51] trace  /app/index.php?i=4&t=0&v=1.0&from=wxapp&c=entry&a=wxapp&do=getSetting&state=we7sid-fffaeb45d22bd61bd651614b0f7e1c73&sign=158f48e8a91a8119b21950278f5d6673&m=make_rider 2020-05-18 22:48[RIDER CLIENT]rider uniacid: 4
[2020-05-18 22:48:51] trace  /app/index.php?i=4&t=0&v=1.0&from=wxapp&c=entry&a=wxapp&do=getRiderStatus&state=we7sid-fffaeb45d22bd61bd651614b0f7e1c73&sign=a97f5c76af690f9f5d72284cc740a241&m=make_rider 2020-05-18 22:48[RIDER CLIENT] uniacid: 3
[2020-05-18 22:48:51] trace  /app/index.php?i=4&t=0&v=1.0&from=wxapp&c=entry&a=wxapp&do=getSetting&state=we7sid-fffaeb45d22bd61bd651614b0f7e1c73&sign=158f48e8a91a8119b21950278f5d6673&m=make_rider 2020-05-18 22:48[RIDER CLIENT] uniacid: 3
[2020-05-18 22:48:52] trace  /app/index.php?i=4&t=0&v=1.0&from=wxapp&c=entry&a=wxapp&do=getRiderStatus&state=we7sid-fffaeb45d22bd61bd651614b0f7e1c73&sign=a97f5c76af690f9f5d72284cc740a241&m=make_rider 2020-05-18 22:48[RIDER CLIENT]rider uniacid: 4
[2020-05-18 22:48:52] trace  /app/index.php?i=4&t=0&v=1.0&from=wxapp&c=entry&a=wxapp&do=getRiderStatus&state=we7sid-fffaeb45d22bd61bd651614b0f7e1c73&sign=a97f5c76af690f9f5d72284cc740a241&m=make_rider 2020-05-18 22:48[RIDER CLIENT] uniacid: 3
[2020-05-18 22:48:52] trace  /app/index.php?i=4&t=0&v=1.0&from=wxapp&c=entry&a=wxapp&do=getRiderId&state=we7sid-fffaeb45d22bd61bd651614b0f7e1c73&sign=dd6a6f021128b2b4907e57ccee51b165&m=make_rider 2020-05-18 22:48[RIDER CLIENT]rider uniacid: 4
[2020-05-18 22:48:52] trace  /app/index.php?i=4&t=0&v=1.0&from=wxapp&c=entry&a=wxapp&do=getRiderId&state=we7sid-fffaeb45d22bd61bd651614b0f7e1c73&sign=dd6a6f021128b2b4907e57ccee51b165&m=make_rider 2020-05-18 22:48[RIDER CLIENT] uniacid: 3
[2020-05-18 22:48:52] trace  /app/index.php?i=4&t=0&v=1.0&from=wxapp&c=entry&a=wxapp&do=getRiderOrder&state=we7sid-fffaeb45d22bd61bd651614b0f7e1c73&sign=046c357e72e5106b2249a2280b679ef9&status=-1&m=make_rider 2020-05-18 22:48[RIDER CLIENT]rider uniacid: 4
[2020-05-18 22:48:52] trace  /app/index.php?i=4&t=0&v=1.0&from=wxapp&c=entry&a=wxapp&do=riderIsAccept&state=we7sid-fffaeb45d22bd61bd651614b0f7e1c73&sign=811a8c63e08e1f135d95d1495dde0d59&type=-1&m=make_rider 2020-05-18 22:48[RIDER CLIENT]rider uniacid: 4
[2020-05-18 22:48:52] trace  /app/index.php?i=4&t=0&v=1.0&from=wxapp&c=entry&a=wxapp&do=getRiderOrder&state=we7sid-fffaeb45d22bd61bd651614b0f7e1c73&sign=046c357e72e5106b2249a2280b679ef9&status=-1&m=make_rider 2020-05-18 22:48[RIDER CLIENT] uniacid: 3
[2020-05-18 22:48:52] trace  /app/index.php?i=4&t=0&v=1.0&from=wxapp&c=entry&a=wxapp&do=riderIsAccept&state=we7sid-fffaeb45d22bd61bd651614b0f7e1c73&sign=811a8c63e08e1f135d95d1495dde0d59&type=-1&m=make_rider 2020-05-18 22:48[RIDER CLIENT] uniacid: 3
[2020-05-18 22:48:53] trace  /app/index.php?i=4&t=0&v=1.0&from=wxapp&c=entry&a=wxapp&do=getRiderOrder&state=we7sid-fffaeb45d22bd61bd651614b0f7e1c73&sign=046c357e72e5106b2249a2280b679ef9&status=-1&m=make_rider 2020-05-18 22:48[RIDER CLIENT]rider uniacid: 4
[2020-05-18 22:48:53] trace  /app/index.php?i=4&t=0&v=1.0&from=wxapp&c=entry&a=wxapp&do=getRiderOrder&state=we7sid-fffaeb45d22bd61bd651614b0f7e1c73&sign=046c357e72e5106b2249a2280b679ef9&status=-1&m=make_rider 2020-05-18 22:48[RIDER CLIENT] uniacid: 3
[2020-05-18 22:48:55] trace  /app/index.php?i=4&t=0&v=1.0&from=wxapp&c=entry&a=wxapp&do=setRiderLocation&state=we7sid-fffaeb45d22bd61bd651614b0f7e1c73&sign=7fc48c40473682dce2853f9a996ac56f&address=%E6%B2%B3%E5%8D%97%E7%9C%81%E9%83%91%E5%B7%9E%E5%B8%82%E4%B8%AD%E7%89%9F%E5%8E%BF%E4%B8%87%E4%B8%89%E5%85%AC%E8%B7%AF&lat=34.730282&lng=113.921082&m=make_rider 2020-05-18 22:48[RIDER CLIENT]rider uniacid: 4
[2020-05-18 22:48:55] trace  /app/index.php?i=4&t=0&v=1.0&from=wxapp&c=entry&a=wxapp&do=setRiderLocation&state=we7sid-fffaeb45d22bd61bd651614b0f7e1c73&sign=7fc48c40473682dce2853f9a996ac56f&address=%E6%B2%B3%E5%8D%97%E7%9C%81%E9%83%91%E5%B7%9E%E5%B8%82%E4%B8%AD%E7%89%9F%E5%8E%BF%E4%B8%87%E4%B8%89%E5%85%AC%E8%B7%AF&lat=34.730282&lng=113.921082&m=make_rider 2020-05-18 22:48[RIDER CLIENT] uniacid: 3
[2020-05-18 22:49:01] trace  /app/index.php?i=4&t=0&v=1.0&from=wxapp&c=entry&a=wxapp&do=riderIsAccept&state=we7sid-fffaeb45d22bd61bd651614b0f7e1c73&sign=811a8c63e08e1f135d95d1495dde0d59&type=-1&m=make_rider 2020-05-18 22:49[RIDER CLIENT]rider uniacid: 4
[2020-05-18 22:49:01] trace  /app/index.php?i=4&t=0&v=1.0&from=wxapp&c=entry&a=wxapp&do=riderIsAccept&state=we7sid-fffaeb45d22bd61bd651614b0f7e1c73&sign=811a8c63e08e1f135d95d1495dde0d59&type=-1&m=make_rider 2020-05-18 22:49[RIDER CLIENT] uniacid: 3
[2020-05-18 22:49:02] trace  /app/index.php?i=4&t=0&v=1.0&from=wxapp&c=entry&a=wxapp&do=setRiderLocation&state=we7sid-fffaeb45d22bd61bd651614b0f7e1c73&sign=a517a74dc9ec8e172a25601055c16898&address=%E6%B2%B3%E5%8D%97%E7%9C%81%E9%83%91%E5%B7%9E%E5%B8%82%E4%B8%AD%E7%89%9F%E5%8E%BF%E4%B8%87%E4%B8%89%E5%85%AC%E8%B7%AF&lat=34.72982&lng=113.918228&m=make_rider 2020-05-18 22:49[RIDER CLIENT]rider uniacid: 4
[2020-05-18 22:49:02] trace  /app/index.php?i=4&t=0&v=1.0&from=wxapp&c=entry&a=wxapp&do=setRiderLocation&state=we7sid-fffaeb45d22bd61bd651614b0f7e1c73&sign=a517a74dc9ec8e172a25601055c16898&address=%E6%B2%B3%E5%8D%97%E7%9C%81%E9%83%91%E5%B7%9E%E5%B8%82%E4%B8%AD%E7%89%9F%E5%8E%BF%E4%B8%87%E4%B8%89%E5%85%AC%E8%B7%AF&lat=34.72982&lng=113.918228&m=make_rider 2020-05-18 22:49[RIDER CLIENT] uniacid: 3
[2020-05-18 22:49:02] trace  /app/index.php?i=4&t=0&v=1.0&from=wxapp&c=entry&a=wxapp&do=getRiderOrder&state=we7sid-fffaeb45d22bd61bd651614b0f7e1c73&sign=046c357e72e5106b2249a2280b679ef9&status=-1&m=make_rider 2020-05-18 22:49[RIDER CLIENT]rider uniacid: 4
[2020-05-18 22:49:02] trace  /app/index.php?i=4&t=0&v=1.0&from=wxapp&c=entry&a=wxapp&do=getRiderOrder&state=we7sid-fffaeb45d22bd61bd651614b0f7e1c73&sign=046c357e72e5106b2249a2280b679ef9&status=-1&m=make_rider 2020-05-18 22:49[RIDER CLIENT] uniacid: 3
[2020-05-18 22:49:05] trace  /app/index.php?i=4&t=0&v=1.0&from=wxapp&c=entry&a=wxapp&do=getSetting&state=we7sid-fffaeb45d22bd61bd651614b0f7e1c73&sign=158f48e8a91a8119b21950278f5d6673&m=make_rider 2020-05-18 22:49[RIDER CLIENT]rider uniacid: 4
[2020-05-18 22:49:05] trace  /app/index.php?i=4&t=0&v=1.0&from=wxapp&c=entry&a=wxapp&do=getSetting&state=we7sid-fffaeb45d22bd61bd651614b0f7e1c73&sign=158f48e8a91a8119b21950278f5d6673&m=make_rider 2020-05-18 22:49[RIDER CLIENT] uniacid: 3
[2020-05-18 22:49:06] trace  /app/index.php?i=4&t=0&v=1.0&from=wxapp&c=entry&a=wxapp&do=riderIsAccept&state=we7sid-fffaeb45d22bd61bd651614b0f7e1c73&sign=811a8c63e08e1f135d95d1495dde0d59&type=-1&m=make_rider 2020-05-18 22:49[RIDER CLIENT]rider uniacid: 4
[2020-05-18 22:49:06] trace  /app/index.php?i=4&t=0&v=1.0&from=wxapp&c=entry&a=wxapp&do=riderIsAccept&state=we7sid-fffaeb45d22bd61bd651614b0f7e1c73&sign=811a8c63e08e1f135d95d1495dde0d59&type=-1&m=make_rider 2020-05-18 22:49[RIDER CLIENT] uniacid: 3
[2020-05-18 22:49:07] trace  /app/index.php?i=4&t=0&v=1.0&from=wxapp&c=entry&a=wxapp&do=getRiderOrder&state=we7sid-fffaeb45d22bd61bd651614b0f7e1c73&sign=046c357e72e5106b2249a2280b679ef9&status=-1&m=make_rider 2020-05-18 22:49[RIDER CLIENT]rider uniacid: 4
[2020-05-18 22:49:07] trace  /app/index.php?i=4&t=0&v=1.0&from=wxapp&c=entry&a=wxapp&do=getRiderOrder&state=we7sid-fffaeb45d22bd61bd651614b0f7e1c73&sign=046c357e72e5106b2249a2280b679ef9&status=-1&m=make_rider 2020-05-18 22:49[RIDER CLIENT] uniacid: 3
[2020-05-18 22:49:07] trace  /app/index.php?i=4&t=0&v=1.0&from=wxapp&c=entry&a=wxapp&do=riderInfo&state=we7sid-fffaeb45d22bd61bd651614b0f7e1c73&sign=2ead161a21504b302f61fac54f9717aa&m=make_rider 2020-05-18 22:49[RIDER CLIENT]rider uniacid: 4
[2020-05-18 22:49:07] trace  /app/index.php?i=4&t=0&v=1.0&from=wxapp&c=entry&a=wxapp&do=register_business&state=we7sid-fffaeb45d22bd61bd651614b0f7e1c73&sign=f8b124715bccd958106d8c613fb8b51c&m=make_rider 2020-05-18 22:49[RIDER CLIENT]rider uniacid: 4
[2020-05-18 22:49:07] trace  /app/index.php?i=4&t=0&v=1.0&from=wxapp&c=entry&a=wxapp&do=register_business&state=we7sid-fffaeb45d22bd61bd651614b0f7e1c73&sign=f8b124715bccd958106d8c613fb8b51c&m=make_rider 2020-05-18 22:49[RIDER CLIENT] uniacid: 3
[2020-05-18 22:49:07] trace  /app/index.php?i=4&t=0&v=1.0&from=wxapp&c=entry&a=wxapp&do=riderInfo&state=we7sid-fffaeb45d22bd61bd651614b0f7e1c73&sign=2ead161a21504b302f61fac54f9717aa&m=make_rider 2020-05-18 22:49[RIDER CLIENT] uniacid: 3
[2020-05-18 22:49:17] trace  /app/index.php?i=4&t=0&v=1.0&from=wxapp&c=entry&a=wxapp&do=riderIsAccept&state=we7sid-fffaeb45d22bd61bd651614b0f7e1c73&sign=811a8c63e08e1f135d95d1495dde0d59&type=-1&m=make_rider 2020-05-18 22:49[RIDER CLIENT]rider uniacid: 4
[2020-05-18 22:49:17] trace  /app/index.php?i=4&t=0&v=1.0&from=wxapp&c=entry&a=wxapp&do=riderIsAccept&state=we7sid-fffaeb45d22bd61bd651614b0f7e1c73&sign=811a8c63e08e1f135d95d1495dde0d59&type=-1&m=make_rider 2020-05-18 22:49[RIDER CLIENT] uniacid: 3
[2020-05-18 22:49:17] trace  /app/index.php?i=4&t=0&v=1.0&from=wxapp&c=entry&a=wxapp&do=setRiderLocation&state=we7sid-fffaeb45d22bd61bd651614b0f7e1c73&sign=7fc48c40473682dce2853f9a996ac56f&address=%E6%B2%B3%E5%8D%97%E7%9C%81%E9%83%91%E5%B7%9E%E5%B8%82%E4%B8%AD%E7%89%9F%E5%8E%BF%E4%B8%87%E4%B8%89%E5%85%AC%E8%B7%AF&lat=34.730282&lng=113.921082&m=make_rider 2020-05-18 22:49[RIDER CLIENT]rider uniacid: 4
[2020-05-18 22:49:17] trace  /app/index.php?i=4&t=0&v=1.0&from=wxapp&c=entry&a=wxapp&do=setRiderLocation&state=we7sid-fffaeb45d22bd61bd651614b0f7e1c73&sign=7fc48c40473682dce2853f9a996ac56f&address=%E6%B2%B3%E5%8D%97%E7%9C%81%E9%83%91%E5%B7%9E%E5%B8%82%E4%B8%AD%E7%89%9F%E5%8E%BF%E4%B8%87%E4%B8%89%E5%85%AC%E8%B7%AF&lat=34.730282&lng=113.921082&m=make_rider 2020-05-18 22:49[RIDER CLIENT] uniacid: 3
[2020-05-18 22:49:18] trace  /app/index.php?i=4&t=0&v=1.0&from=wxapp&c=entry&a=wxapp&do=getRiderOrder&state=we7sid-fffaeb45d22bd61bd651614b0f7e1c73&sign=046c357e72e5106b2249a2280b679ef9&status=-1&m=make_rider 2020-05-18 22:49[RIDER CLIENT]rider uniacid: 4
[2020-05-18 22:49:18] trace  /app/index.php?i=4&t=0&v=1.0&from=wxapp&c=entry&a=wxapp&do=getRiderOrder&state=we7sid-fffaeb45d22bd61bd651614b0f7e1c73&sign=046c357e72e5106b2249a2280b679ef9&status=-1&m=make_rider 2020-05-18 22:49[RIDER CLIENT] uniacid: 3
[2020-05-18 22:49:19] trace  /app/index.php?i=4&t=0&v=1.0&from=wxapp&c=entry&a=wxapp&do=getRiderStatus&state=we7sid-fffaeb45d22bd61bd651614b0f7e1c73&sign=a97f5c76af690f9f5d72284cc740a241&m=make_rider 2020-05-18 22:49[RIDER CLIENT]rider uniacid: 4
[2020-05-18 22:49:19] trace  /app/index.php?i=4&t=0&v=1.0&from=wxapp&c=entry&a=wxapp&do=getRiderStatus&state=we7sid-fffaeb45d22bd61bd651614b0f7e1c73&sign=a97f5c76af690f9f5d72284cc740a241&m=make_rider 2020-05-18 22:49[RIDER CLIENT] uniacid: 3
[2020-05-18 22:49:19] trace  /app/index.php?i=4&t=0&v=1.0&from=wxapp&c=entry&a=wxapp&do=getRiderOrder&state=we7sid-fffaeb45d22bd61bd651614b0f7e1c73&sign=046c357e72e5106b2249a2280b679ef9&status=-1&m=make_rider 2020-05-18 22:49[RIDER CLIENT]rider uniacid: 4
[2020-05-18 22:49:19] trace  /app/index.php?i=4&t=0&v=1.0&from=wxapp&c=entry&a=wxapp&do=getRiderOrder&state=we7sid-fffaeb45d22bd61bd651614b0f7e1c73&sign=046c357e72e5106b2249a2280b679ef9&status=-1&m=make_rider 2020-05-18 22:49[RIDER CLIENT] uniacid: 3
[2020-05-18 22:49:19] trace  /app/index.php?i=4&t=0&v=1.0&from=wxapp&c=entry&a=wxapp&do=riderIsAccept&state=we7sid-fffaeb45d22bd61bd651614b0f7e1c73&sign=811a8c63e08e1f135d95d1495dde0d59&type=-1&m=make_rider 2020-05-18 22:49[RIDER CLIENT]rider uniacid: 4
[2020-05-18 22:49:19] trace  /app/index.php?i=4&t=0&v=1.0&from=wxapp&c=entry&a=wxapp&do=riderIsAccept&state=we7sid-fffaeb45d22bd61bd651614b0f7e1c73&sign=811a8c63e08e1f135d95d1495dde0d59&type=-1&m=make_rider 2020-05-18 22:49[RIDER CLIENT] uniacid: 3
[2020-05-18 22:49:19] trace  /app/index.php?i=4&t=0&v=1.0&from=wxapp&c=entry&a=wxapp&do=getRiderId&state=we7sid-fffaeb45d22bd61bd651614b0f7e1c73&sign=dd6a6f021128b2b4907e57ccee51b165&m=make_rider 2020-05-18 22:49[RIDER CLIENT]rider uniacid: 4
[2020-05-18 22:49:19] trace  /app/index.php?i=4&t=0&v=1.0&from=wxapp&c=entry&a=wxapp&do=getRiderId&state=we7sid-fffaeb45d22bd61bd651614b0f7e1c73&sign=dd6a6f021128b2b4907e57ccee51b165&m=make_rider 2020-05-18 22:49[RIDER CLIENT] uniacid: 3
[2020-05-18 22:49:20] trace  /app/index.php?i=4&t=0&v=1.0&from=wxapp&c=entry&a=wxapp&do=setRiderLocation&state=we7sid-fffaeb45d22bd61bd651614b0f7e1c73&sign=7fc48c40473682dce2853f9a996ac56f&address=%E6%B2%B3%E5%8D%97%E7%9C%81%E9%83%91%E5%B7%9E%E5%B8%82%E4%B8%AD%E7%89%9F%E5%8E%BF%E4%B8%87%E4%B8%89%E5%85%AC%E8%B7%AF&lat=34.730282&lng=113.921082&m=make_rider 2020-05-18 22:49[RIDER CLIENT]rider uniacid: 4
[2020-05-18 22:49:20] trace  /app/index.php?i=4&t=0&v=1.0&from=wxapp&c=entry&a=wxapp&do=setRiderLocation&state=we7sid-fffaeb45d22bd61bd651614b0f7e1c73&sign=7fc48c40473682dce2853f9a996ac56f&address=%E6%B2%B3%E5%8D%97%E7%9C%81%E9%83%91%E5%B7%9E%E5%B8%82%E4%B8%AD%E7%89%9F%E5%8E%BF%E4%B8%87%E4%B8%89%E5%85%AC%E8%B7%AF&lat=34.730282&lng=113.921082&m=make_rider 2020-05-18 22:49[RIDER CLIENT] uniacid: 3
[2020-05-18 22:49:20] trace  /app/index.php?i=4&t=0&v=1.0&from=wxapp&c=entry&a=wxapp&do=getRiderOrder&state=we7sid-fffaeb45d22bd61bd651614b0f7e1c73&sign=046c357e72e5106b2249a2280b679ef9&status=-1&m=make_rider 2020-05-18 22:49[RIDER CLIENT]rider uniacid: 4
[2020-05-18 22:49:20] trace  /app/index.php?i=4&t=0&v=1.0&from=wxapp&c=entry&a=wxapp&do=getRiderOrder&state=we7sid-fffaeb45d22bd61bd651614b0f7e1c73&sign=046c357e72e5106b2249a2280b679ef9&status=-1&m=make_rider 2020-05-18 22:49[RIDER CLIENT] uniacid: 3
[2020-05-18 22:49:26] trace  /app/index.php?i=4&t=0&v=1.0&from=wxapp&c=entry&a=wxapp&do=riderOrderCount&state=we7sid-fffaeb45d22bd61bd651614b0f7e1c73&sign=54c5e3aff30d96c5404074ed2effc707&m=make_rider 2020-05-18 22:49[RIDER CLIENT]rider uniacid: 4
[2020-05-18 22:49:26] trace  /app/index.php?i=4&t=0&v=1.0&from=wxapp&c=entry&a=wxapp&do=riderOrderCount&state=we7sid-fffaeb45d22bd61bd651614b0f7e1c73&sign=54c5e3aff30d96c5404074ed2effc707&m=make_rider 2020-05-18 22:49[RIDER CLIENT] uniacid: 3
[2020-05-18 22:49:28] trace  /app/index.php?i=4&t=0&v=1.0&from=wxapp&c=entry&a=wxapp&do=riderIsAccept&state=we7sid-fffaeb45d22bd61bd651614b0f7e1c73&sign=811a8c63e08e1f135d95d1495dde0d59&type=-1&m=make_rider 2020-05-18 22:49[RIDER CLIENT]rider uniacid: 4
[2020-05-18 22:49:28] trace  /app/index.php?i=4&t=0&v=1.0&from=wxapp&c=entry&a=wxapp&do=riderIsAccept&state=we7sid-fffaeb45d22bd61bd651614b0f7e1c73&sign=811a8c63e08e1f135d95d1495dde0d59&type=-1&m=make_rider 2020-05-18 22:49[RIDER CLIENT] uniacid: 3
[2020-05-18 22:49:29] trace  /app/index.php?i=4&t=0&v=1.0&from=wxapp&c=entry&a=wxapp&do=setRiderLocation&state=we7sid-fffaeb45d22bd61bd651614b0f7e1c73&sign=a517a74dc9ec8e172a25601055c16898&address=%E6%B2%B3%E5%8D%97%E7%9C%81%E9%83%91%E5%B7%9E%E5%B8%82%E4%B8%AD%E7%89%9F%E5%8E%BF%E4%B8%87%E4%B8%89%E5%85%AC%E8%B7%AF&lat=34.72982&lng=113.918228&m=make_rider 2020-05-18 22:49[RIDER CLIENT]rider uniacid: 4
[2020-05-18 22:49:29] trace  /app/index.php?i=4&t=0&v=1.0&from=wxapp&c=entry&a=wxapp&do=setRiderLocation&state=we7sid-fffaeb45d22bd61bd651614b0f7e1c73&sign=a517a74dc9ec8e172a25601055c16898&address=%E6%B2%B3%E5%8D%97%E7%9C%81%E9%83%91%E5%B7%9E%E5%B8%82%E4%B8%AD%E7%89%9F%E5%8E%BF%E4%B8%87%E4%B8%89%E5%85%AC%E8%B7%AF&lat=34.72982&lng=113.918228&m=make_rider 2020-05-18 22:49[RIDER CLIENT] uniacid: 3
[2020-05-18 22:49:29] trace  /app/index.php?i=4&t=0&v=1.0&from=wxapp&c=entry&a=wxapp&do=getRiderOrder&state=we7sid-fffaeb45d22bd61bd651614b0f7e1c73&sign=046c357e72e5106b2249a2280b679ef9&status=-1&m=make_rider 2020-05-18 22:49[RIDER CLIENT]rider uniacid: 4
[2020-05-18 22:49:29] trace  /app/index.php?i=4&t=0&v=1.0&from=wxapp&c=entry&a=wxapp&do=getRiderOrder&state=we7sid-fffaeb45d22bd61bd651614b0f7e1c73&sign=046c357e72e5106b2249a2280b679ef9&status=-1&m=make_rider 2020-05-18 22:49[RIDER CLIENT] uniacid: 3
[2020-05-18 22:49:36] trace  /app/index.php?i=4&t=0&v=1.0&from=wxapp&c=entry&a=wxapp&do=riderIsAccept&state=we7sid-fffaeb45d22bd61bd651614b0f7e1c73&sign=811a8c63e08e1f135d95d1495dde0d59&type=-1&m=make_rider 2020-05-18 22:49[RIDER CLIENT]rider uniacid: 4
[2020-05-18 22:49:36] trace  /app/index.php?i=4&t=0&v=1.0&from=wxapp&c=entry&a=wxapp&do=riderIsAccept&state=we7sid-fffaeb45d22bd61bd651614b0f7e1c73&sign=811a8c63e08e1f135d95d1495dde0d59&type=-1&m=make_rider 2020-05-18 22:49[RIDER CLIENT] uniacid: 3
[2020-05-18 22:49:37] trace  /app/index.php?i=4&t=0&v=1.0&from=wxapp&c=entry&a=wxapp&do=setRiderLocation&state=we7sid-fffaeb45d22bd61bd651614b0f7e1c73&sign=a517a74dc9ec8e172a25601055c16898&address=%E6%B2%B3%E5%8D%97%E7%9C%81%E9%83%91%E5%B7%9E%E5%B8%82%E4%B8%AD%E7%89%9F%E5%8E%BF%E4%B8%87%E4%B8%89%E5%85%AC%E8%B7%AF&lat=34.72982&lng=113.918228&m=make_rider 2020-05-18 22:49[RIDER CLIENT]rider uniacid: 4
[2020-05-18 22:49:37] trace  /app/index.php?i=4&t=0&v=1.0&from=wxapp&c=entry&a=wxapp&do=setRiderLocation&state=we7sid-fffaeb45d22bd61bd651614b0f7e1c73&sign=a517a74dc9ec8e172a25601055c16898&address=%E6%B2%B3%E5%8D%97%E7%9C%81%E9%83%91%E5%B7%9E%E5%B8%82%E4%B8%AD%E7%89%9F%E5%8E%BF%E4%B8%87%E4%B8%89%E5%85%AC%E8%B7%AF&lat=34.72982&lng=113.918228&m=make_rider 2020-05-18 22:49[RIDER CLIENT] uniacid: 3
[2020-05-18 22:49:37] trace  /app/index.php?i=4&t=0&v=1.0&from=wxapp&c=entry&a=wxapp&do=getRiderOrder&state=we7sid-fffaeb45d22bd61bd651614b0f7e1c73&sign=046c357e72e5106b2249a2280b679ef9&status=-1&m=make_rider 2020-05-18 22:49[RIDER CLIENT]rider uniacid: 4
[2020-05-18 22:49:37] trace  /app/index.php?i=4&t=0&v=1.0&from=wxapp&c=entry&a=wxapp&do=getRiderOrder&state=we7sid-fffaeb45d22bd61bd651614b0f7e1c73&sign=046c357e72e5106b2249a2280b679ef9&status=-1&m=make_rider 2020-05-18 22:49[RIDER CLIENT] uniacid: 3
[2020-05-18 22:49:43] trace  /app/index.php?i=4&t=0&v=1.0&from=wxapp&c=entry&a=wxapp&do=register_business&state=we7sid-fffaeb45d22bd61bd651614b0f7e1c73&sign=f8b124715bccd958106d8c613fb8b51c&m=make_rider 2020-05-18 22:49[RIDER CLIENT]rider uniacid: 4
[2020-05-18 22:49:43] trace  /app/index.php?i=4&t=0&v=1.0&from=wxapp&c=entry&a=wxapp&do=riderInfo&state=we7sid-fffaeb45d22bd61bd651614b0f7e1c73&sign=2ead161a21504b302f61fac54f9717aa&m=make_rider 2020-05-18 22:49[RIDER CLIENT]rider uniacid: 4
[2020-05-18 22:49:43] trace  /app/index.php?i=4&t=0&v=1.0&from=wxapp&c=entry&a=wxapp&do=register_business&state=we7sid-fffaeb45d22bd61bd651614b0f7e1c73&sign=f8b124715bccd958106d8c613fb8b51c&m=make_rider 2020-05-18 22:49[RIDER CLIENT] uniacid: 3
[2020-05-18 22:49:43] trace  /app/index.php?i=4&t=0&v=1.0&from=wxapp&c=entry&a=wxapp&do=riderInfo&state=we7sid-fffaeb45d22bd61bd651614b0f7e1c73&sign=2ead161a21504b302f61fac54f9717aa&m=make_rider 2020-05-18 22:49[RIDER CLIENT] uniacid: 3
[2020-05-18 22:49:48] trace  /app/index.php?i=4&t=0&v=1.0&from=wxapp&c=entry&a=wxapp&do=updateRiderInfo&state=we7sid-fffaeb45d22bd61bd651614b0f7e1c73&sign=9bdf3c17eeccf460c1567ec24400f69d&nickName=%E5%85%B6%E5%AE%9E%E6%88%91%E5%BE%88%E4%B9%96&avatarUrl=https%3A%2F%2Fwx.qlogo.cn%2Fmmopen%2Fvi_32%2FHpiaTkheFqb0VGcIex69TZODbSplTS8SU7kM9lXhmISribGXk18LJrZF16IvbDgegOV5ZiaPlgaiaick4Wibs4NVjEZA%2F132&sex=1&m=make_rider 2020-05-18 22:49[RIDER CLIENT]rider uniacid: 4
[2020-05-18 22:49:48] trace  /app/index.php?i=4&t=0&v=1.0&from=wxapp&c=entry&a=wxapp&do=updateRiderInfo&state=we7sid-fffaeb45d22bd61bd651614b0f7e1c73&sign=9bdf3c17eeccf460c1567ec24400f69d&nickName=%E5%85%B6%E5%AE%9E%E6%88%91%E5%BE%88%E4%B9%96&avatarUrl=https%3A%2F%2Fwx.qlogo.cn%2Fmmopen%2Fvi_32%2FHpiaTkheFqb0VGcIex69TZODbSplTS8SU7kM9lXhmISribGXk18LJrZF16IvbDgegOV5ZiaPlgaiaick4Wibs4NVjEZA%2F132&sex=1&m=make_rider 2020-05-18 22:49[RIDER CLIENT] uniacid: 3
[2020-05-18 22:49:50] trace  /app/index.php?i=4&t=0&v=1.0&from=wxapp&c=entry&a=wxapp&do=riderInfoDetail&state=we7sid-fffaeb45d22bd61bd651614b0f7e1c73&sign=fe4d055dbececaca2b2d772890e97e1c&m=make_rider 2020-05-18 22:49[RIDER CLIENT]rider uniacid: 4
[2020-05-18 22:49:50] trace  /app/index.php?i=4&t=0&v=1.0&from=wxapp&c=entry&a=wxapp&do=riderInfoDetail&state=we7sid-fffaeb45d22bd61bd651614b0f7e1c73&sign=fe4d055dbececaca2b2d772890e97e1c&m=make_rider 2020-05-18 22:49[RIDER CLIENT] uniacid: 3
[2020-05-18 22:49:53] trace  /app/index.php?i=4&t=0&v=1.0&from=wxapp&c=entry&a=wxapp&do=riderInfo&state=we7sid-fffaeb45d22bd61bd651614b0f7e1c73&sign=2ead161a21504b302f61fac54f9717aa&m=make_rider 2020-05-18 22:49[RIDER CLIENT]rider uniacid: 4
[2020-05-18 22:49:53] trace  /app/index.php?i=4&t=0&v=1.0&from=wxapp&c=entry&a=wxapp&do=riderInfo&state=we7sid-fffaeb45d22bd61bd651614b0f7e1c73&sign=2ead161a21504b302f61fac54f9717aa&m=make_rider 2020-05-18 22:49[RIDER CLIENT] uniacid: 3
[2020-05-18 22:49:56] trace  /app/index.php?i=4&t=0&v=1.0&from=wxapp&c=entry&a=wxapp&do=getRiderOrder&state=we7sid-fffaeb45d22bd61bd651614b0f7e1c73&sign=60c115fa76efff29e42f52234c1b9e0d&status=0&page=1&time=&m=make_rider 2020-05-18 22:49[RIDER CLIENT]rider uniacid: 4
[2020-05-18 22:49:56] trace  /app/index.php?i=4&t=0&v=1.0&from=wxapp&c=entry&a=wxapp&do=getRiderOrder&state=we7sid-fffaeb45d22bd61bd651614b0f7e1c73&sign=60c115fa76efff29e42f52234c1b9e0d&status=0&page=1&time=&m=make_rider 2020-05-18 22:49[RIDER CLIENT] uniacid: 3
[2020-05-18 22:49:58] trace  /app/index.php?i=4&t=0&v=1.0&from=wxapp&c=entry&a=wxapp&do=riderInfo&state=we7sid-fffaeb45d22bd61bd651614b0f7e1c73&sign=2ead161a21504b302f61fac54f9717aa&m=make_rider 2020-05-18 22:49[RIDER CLIENT]rider uniacid: 4
[2020-05-18 22:49:58] trace  /app/index.php?i=4&t=0&v=1.0&from=wxapp&c=entry&a=wxapp&do=riderInfo&state=we7sid-fffaeb45d22bd61bd651614b0f7e1c73&sign=2ead161a21504b302f61fac54f9717aa&m=make_rider 2020-05-18 22:49[RIDER CLIENT] uniacid: 3
