[2020-05-16 03:19:15] trace  /app/index.php?i=4&t=0&v=1.0&from=wxapp&c=entry&a=wxapp&do=getRiderStatus&state=we7sid-7a00385c7d4a2074655da781938aa5d9&sign=2ee0db7c3121d29c8338930ce5641a28&m=make_rider 2020-05-16 03:19[RIDER CLIENT]rider uniacid: 4
[2020-05-16 03:19:15] trace  /app/index.php?i=4&t=0&v=1.0&from=wxapp&c=entry&a=wxapp&do=getRiderStatus&state=we7sid-7a00385c7d4a2074655da781938aa5d9&sign=2ee0db7c3121d29c8338930ce5641a28&m=make_rider 2020-05-16 03:19[RIDER CLIENT]rider uniacid: 4
[2020-05-16 03:19:15] trace  /app/index.php?i=4&t=0&v=1.0&from=wxapp&c=entry&a=wxapp&do=getRiderStatus&state=we7sid-7a00385c7d4a2074655da781938aa5d9&sign=2ee0db7c3121d29c8338930ce5641a28&m=make_rider 2020-05-16 03:19[RIDER CLIENT] uniacid: 3
[2020-05-16 03:19:15] trace  /app/index.php?i=4&t=0&v=1.0&from=wxapp&c=entry&a=wxapp&do=getRiderStatus&state=we7sid-7a00385c7d4a2074655da781938aa5d9&sign=2ee0db7c3121d29c8338930ce5641a28&m=make_rider 2020-05-16 03:19[RIDER CLIENT] uniacid: 3
[2020-05-16 03:19:15] trace  /app/index.php?i=4&t=0&v=1.0&from=wxapp&c=entry&a=wxapp&do=getSetting&state=we7sid-7a00385c7d4a2074655da781938aa5d9&sign=ad23f7a02636d7a0c5bdc9dbadeebd16&m=make_rider 2020-05-16 03:19[RIDER CLIENT]rider uniacid: 4
[2020-05-16 03:19:15] trace  /app/index.php?i=4&t=0&v=1.0&from=wxapp&c=entry&a=wxapp&do=getSetting&state=we7sid-7a00385c7d4a2074655da781938aa5d9&sign=ad23f7a02636d7a0c5bdc9dbadeebd16&m=make_rider 2020-05-16 03:19[RIDER CLIENT] uniacid: 3
[2020-05-16 08:12:01] trace  /app/index.php?i=4&t=0&v=1.0&from=wxapp&c=entry&a=wxapp&do=getRiderLogo&state=we7sid-f116482116870359df720cb9a6f55c2e&sign=54da5c39eb696496b92538ce422f8ce7&m=make_rider 2020-05-16 08:12[RIDER CLIENT]rider uniacid: 4
[2020-05-16 08:12:01] trace  /app/index.php?i=4&t=0&v=1.0&from=wxapp&c=entry&a=wxapp&do=getSetting&state=we7sid-f116482116870359df720cb9a6f55c2e&sign=ee921a18d5c703828aded599c0436ecf&m=make_rider 2020-05-16 08:12[RIDER CLIENT]rider uniacid: 4
[2020-05-16 08:12:01] trace  /app/index.php?i=4&t=0&v=1.0&from=wxapp&c=entry&a=wxapp&do=getSetting&state=we7sid-f116482116870359df720cb9a6f55c2e&sign=ee921a18d5c703828aded599c0436ecf&m=make_rider 2020-05-16 08:12[RIDER CLIENT] uniacid: 3
[2020-05-16 08:12:01] trace  /app/index.php?i=4&t=0&v=1.0&from=wxapp&c=entry&a=wxapp&do=getRiderLogo&state=we7sid-f116482116870359df720cb9a6f55c2e&sign=54da5c39eb696496b92538ce422f8ce7&m=make_rider 2020-05-16 08:12[RIDER CLIENT] uniacid: 3
[2020-05-16 08:12:59] trace  /app/index.php?i=4&t=0&v=1.0&from=wxapp&c=entry&a=wxapp&do=riderLogin&state=we7sid-f116482116870359df720cb9a6f55c2e&sign=4fe7de4545390ed2137ba2fed2195898&is_send=1&mobile=13017661007&m=make_rider 2020-05-16 08:12[RIDER CLIENT]rider uniacid: 4
[2020-05-16 08:12:59] trace  /app/index.php?i=4&t=0&v=1.0&from=wxapp&c=entry&a=wxapp&do=riderLogin&state=we7sid-f116482116870359df720cb9a6f55c2e&sign=4fe7de4545390ed2137ba2fed2195898&is_send=1&mobile=13017661007&m=make_rider 2020-05-16 08:12[RIDER CLIENT] uniacid: 3
[2020-05-16 08:13:02] trace  /app/index.php?i=4&t=0&v=1.0&from=wxapp&c=entry&a=wxapp&do=getRiderStatus&state=we7sid-84813d491e69602c00eb295da95a2009&sign=60c4e8ec5989e9db35531010fcb99da2&m=make_rider 2020-05-16 08:13[RIDER CLIENT]rider uniacid: 4
[2020-05-16 08:13:02] trace  /app/index.php?i=4&t=0&v=1.0&from=wxapp&c=entry&a=wxapp&do=getRiderStatus&state=we7sid-84813d491e69602c00eb295da95a2009&sign=60c4e8ec5989e9db35531010fcb99da2&m=make_rider 2020-05-16 08:13[RIDER CLIENT] uniacid: 3
[2020-05-16 08:13:03] trace  /app/index.php?i=4&t=0&v=1.0&from=wxapp&c=entry&a=wxapp&do=getSetting&state=we7sid-84813d491e69602c00eb295da95a2009&sign=12ab2ef637d0b7f228cc3dfca145b466&m=make_rider 2020-05-16 08:13[RIDER CLIENT]rider uniacid: 4
[2020-05-16 08:13:03] trace  /app/index.php?i=4&t=0&v=1.0&from=wxapp&c=entry&a=wxapp&do=getSetting&state=we7sid-84813d491e69602c00eb295da95a2009&sign=12ab2ef637d0b7f228cc3dfca145b466&m=make_rider 2020-05-16 08:13[RIDER CLIENT] uniacid: 3
[2020-05-16 08:13:03] trace  /app/index.php?i=4&t=0&v=1.0&from=wxapp&c=entry&a=wxapp&do=getRiderStatus&state=we7sid-84813d491e69602c00eb295da95a2009&sign=60c4e8ec5989e9db35531010fcb99da2&m=make_rider 2020-05-16 08:13[RIDER CLIENT]rider uniacid: 4
[2020-05-16 08:13:03] trace  /app/index.php?i=4&t=0&v=1.0&from=wxapp&c=entry&a=wxapp&do=getRiderStatus&state=we7sid-84813d491e69602c00eb295da95a2009&sign=60c4e8ec5989e9db35531010fcb99da2&m=make_rider 2020-05-16 08:13[RIDER CLIENT] uniacid: 3
[2020-05-16 08:13:03] trace  /app/index.php?i=4&t=0&v=1.0&from=wxapp&c=entry&a=wxapp&do=getRiderOrder&state=we7sid-84813d491e69602c00eb295da95a2009&sign=714f92d34a33a7d0ecb3c45106bc0e64&status=-1&m=make_rider 2020-05-16 08:13[RIDER CLIENT]rider uniacid: 4
[2020-05-16 08:13:03] trace  /app/index.php?i=4&t=0&v=1.0&from=wxapp&c=entry&a=wxapp&do=getRiderOrder&state=we7sid-84813d491e69602c00eb295da95a2009&sign=714f92d34a33a7d0ecb3c45106bc0e64&status=-1&m=make_rider 2020-05-16 08:13[RIDER CLIENT] uniacid: 3
[2020-05-16 08:13:03] trace  /app/index.php?i=4&t=0&v=1.0&from=wxapp&c=entry&a=wxapp&do=getRiderId&state=we7sid-84813d491e69602c00eb295da95a2009&sign=4d18b73b36d0cfcb83401116754d1138&m=make_rider 2020-05-16 08:13[RIDER CLIENT]rider uniacid: 4
[2020-05-16 08:13:03] trace  /app/index.php?i=4&t=0&v=1.0&from=wxapp&c=entry&a=wxapp&do=getRiderId&state=we7sid-84813d491e69602c00eb295da95a2009&sign=4d18b73b36d0cfcb83401116754d1138&m=make_rider 2020-05-16 08:13[RIDER CLIENT] uniacid: 3
[2020-05-16 08:13:03] trace  /app/index.php?i=4&t=0&v=1.0&from=wxapp&c=entry&a=wxapp&do=riderIsAccept&state=we7sid-84813d491e69602c00eb295da95a2009&sign=9bce56589ffee400edadf0699653b16c&type=-1&m=make_rider 2020-05-16 08:13[RIDER CLIENT]rider uniacid: 4
[2020-05-16 08:13:03] trace  /app/index.php?i=4&t=0&v=1.0&from=wxapp&c=entry&a=wxapp&do=riderIsAccept&state=we7sid-84813d491e69602c00eb295da95a2009&sign=9bce56589ffee400edadf0699653b16c&type=-1&m=make_rider 2020-05-16 08:13[RIDER CLIENT] uniacid: 3
[2020-05-16 08:13:04] trace  /app/index.php?i=4&t=0&v=1.0&from=wxapp&c=entry&a=wxapp&do=getRiderOrder&state=we7sid-84813d491e69602c00eb295da95a2009&sign=714f92d34a33a7d0ecb3c45106bc0e64&status=-1&m=make_rider 2020-05-16 08:13[RIDER CLIENT]rider uniacid: 4
[2020-05-16 08:13:04] trace  /app/index.php?i=4&t=0&v=1.0&from=wxapp&c=entry&a=wxapp&do=getRiderOrder&state=we7sid-84813d491e69602c00eb295da95a2009&sign=714f92d34a33a7d0ecb3c45106bc0e64&status=-1&m=make_rider 2020-05-16 08:13[RIDER CLIENT] uniacid: 3
[2020-05-16 08:13:08] trace  /app/index.php?i=4&t=0&v=1.0&from=wxapp&c=entry&a=wxapp&do=setRiderLocation&state=we7sid-84813d491e69602c00eb295da95a2009&sign=672a000deb481a96c2a2b329a2adbf43&address=%E6%B2%B3%E5%8D%97%E7%9C%81%E9%83%91%E5%B7%9E%E5%B8%82%E4%B8%AD%E7%89%9F%E5%8E%BF%E4%B8%87%E4%B8%89%E5%85%AC%E8%B7%AF&lat=34.732243&lng=113.91687&m=make_rider 2020-05-16 08:13[RIDER CLIENT]rider uniacid: 4
[2020-05-16 08:13:08] trace  /app/index.php?i=4&t=0&v=1.0&from=wxapp&c=entry&a=wxapp&do=setRiderLocation&state=we7sid-84813d491e69602c00eb295da95a2009&sign=672a000deb481a96c2a2b329a2adbf43&address=%E6%B2%B3%E5%8D%97%E7%9C%81%E9%83%91%E5%B7%9E%E5%B8%82%E4%B8%AD%E7%89%9F%E5%8E%BF%E4%B8%87%E4%B8%89%E5%85%AC%E8%B7%AF&lat=34.732243&lng=113.91687&m=make_rider 2020-05-16 08:13[RIDER CLIENT] uniacid: 3
[2020-05-16 08:13:10] trace  /app/index.php?i=4&t=0&v=1.0&from=wxapp&c=entry&a=wxapp&do=riderIsAccept&state=we7sid-84813d491e69602c00eb295da95a2009&sign=9bce56589ffee400edadf0699653b16c&type=-1&m=make_rider 2020-05-16 08:13[RIDER CLIENT]rider uniacid: 4
[2020-05-16 08:13:10] trace  /app/index.php?i=4&t=0&v=1.0&from=wxapp&c=entry&a=wxapp&do=riderIsAccept&state=we7sid-84813d491e69602c00eb295da95a2009&sign=9bce56589ffee400edadf0699653b16c&type=-1&m=make_rider 2020-05-16 08:13[RIDER CLIENT] uniacid: 3
[2020-05-16 08:13:10] trace  /app/index.php?i=4&t=0&v=1.0&from=wxapp&c=entry&a=wxapp&do=setRiderLocation&state=we7sid-84813d491e69602c00eb295da95a2009&sign=672a000deb481a96c2a2b329a2adbf43&address=%E6%B2%B3%E5%8D%97%E7%9C%81%E9%83%91%E5%B7%9E%E5%B8%82%E4%B8%AD%E7%89%9F%E5%8E%BF%E4%B8%87%E4%B8%89%E5%85%AC%E8%B7%AF&lat=34.732243&lng=113.91687&m=make_rider 2020-05-16 08:13[RIDER CLIENT]rider uniacid: 4
[2020-05-16 08:13:10] trace  /app/index.php?i=4&t=0&v=1.0&from=wxapp&c=entry&a=wxapp&do=setRiderLocation&state=we7sid-84813d491e69602c00eb295da95a2009&sign=672a000deb481a96c2a2b329a2adbf43&address=%E6%B2%B3%E5%8D%97%E7%9C%81%E9%83%91%E5%B7%9E%E5%B8%82%E4%B8%AD%E7%89%9F%E5%8E%BF%E4%B8%87%E4%B8%89%E5%85%AC%E8%B7%AF&lat=34.732243&lng=113.91687&m=make_rider 2020-05-16 08:13[RIDER CLIENT] uniacid: 3
[2020-05-16 08:13:11] trace  /app/index.php?i=4&t=0&v=1.0&from=wxapp&c=entry&a=wxapp&do=getRiderOrder&state=we7sid-84813d491e69602c00eb295da95a2009&sign=714f92d34a33a7d0ecb3c45106bc0e64&status=-1&m=make_rider 2020-05-16 08:13[RIDER CLIENT]rider uniacid: 4
[2020-05-16 08:13:11] trace  /app/index.php?i=4&t=0&v=1.0&from=wxapp&c=entry&a=wxapp&do=getRiderOrder&state=we7sid-84813d491e69602c00eb295da95a2009&sign=714f92d34a33a7d0ecb3c45106bc0e64&status=-1&m=make_rider 2020-05-16 08:13[RIDER CLIENT] uniacid: 3
[2020-05-16 08:13:11] trace  /app/index.php?i=4&t=0&v=1.0&from=wxapp&c=entry&a=wxapp&do=setFormid&state=we7sid-f116482116870359df720cb9a6f55c2e&sign=2414692548c2603461eff41e9d5b42d1&formId=a01bc5707a524f0e988fbeed460e9265&m=make_rider 2020-05-16 08:13[RIDER CLIENT]rider uniacid: 4
[2020-05-16 08:13:11] trace  /app/index.php?i=4&t=0&v=1.0&from=wxapp&c=entry&a=wxapp&do=setFormid&state=we7sid-f116482116870359df720cb9a6f55c2e&sign=2414692548c2603461eff41e9d5b42d1&formId=a01bc5707a524f0e988fbeed460e9265&m=make_rider 2020-05-16 08:13[RIDER CLIENT] uniacid: 3
[2020-05-16 08:13:11] trace  /app/index.php?i=4&t=0&v=1.0&from=wxapp&c=entry&a=wxapp&do=riderLogin&state=we7sid-f116482116870359df720cb9a6f55c2e&sign=4fe7de4545390ed2137ba2fed2195898&is_send=1&mobile=13017661007&m=make_rider 2020-05-16 08:13[RIDER CLIENT]rider uniacid: 4
[2020-05-16 08:13:11] trace  /app/index.php?i=4&t=0&v=1.0&from=wxapp&c=entry&a=wxapp&do=riderLogin&state=we7sid-f116482116870359df720cb9a6f55c2e&sign=4fe7de4545390ed2137ba2fed2195898&is_send=1&mobile=13017661007&m=make_rider 2020-05-16 08:13[RIDER CLIENT] uniacid: 3
[2020-05-16 08:13:14] trace  /app/index.php?i=4&t=0&v=1.0&from=wxapp&c=entry&a=wxapp&do=setFormid&state=we7sid-f116482116870359df720cb9a6f55c2e&sign=6ca41fd68882ae489b3e4a9798215e51&formId=9e1da65f9c85440fb7ad7687a7bb7624&m=make_rider 2020-05-16 08:13[RIDER CLIENT]rider uniacid: 4
[2020-05-16 08:13:14] trace  /app/index.php?i=4&t=0&v=1.0&from=wxapp&c=entry&a=wxapp&do=setFormid&state=we7sid-f116482116870359df720cb9a6f55c2e&sign=6ca41fd68882ae489b3e4a9798215e51&formId=9e1da65f9c85440fb7ad7687a7bb7624&m=make_rider 2020-05-16 08:13[RIDER CLIENT] uniacid: 3
[2020-05-16 08:13:14] trace  /app/index.php?i=4&t=0&v=1.0&from=wxapp&c=entry&a=wxapp&do=riderLogin&state=we7sid-f116482116870359df720cb9a6f55c2e&sign=22170182b33c2dca4a95c02190b1ec17&mobile=13017661007&smscode=2759&m=make_rider 2020-05-16 08:13[RIDER CLIENT]rider uniacid: 4
[2020-05-16 08:13:14] trace  /app/index.php?i=4&t=0&v=1.0&from=wxapp&c=entry&a=wxapp&do=riderLogin&state=we7sid-f116482116870359df720cb9a6f55c2e&sign=22170182b33c2dca4a95c02190b1ec17&mobile=13017661007&smscode=2759&m=make_rider 2020-05-16 08:13[RIDER CLIENT] uniacid: 3
[2020-05-16 08:13:14] trace  /app/index.php?i=4&t=0&v=1.0&from=wxapp&c=entry&a=wxapp&do=getRiderOrder&state=we7sid-f116482116870359df720cb9a6f55c2e&sign=35037aad5ad8d33610bb24b2e61c98ad&status=-1&m=make_rider 2020-05-16 08:13[RIDER CLIENT]rider uniacid: 4
[2020-05-16 08:13:14] trace  /app/index.php?i=4&t=0&v=1.0&from=wxapp&c=entry&a=wxapp&do=getRiderOrder&state=we7sid-f116482116870359df720cb9a6f55c2e&sign=35037aad5ad8d33610bb24b2e61c98ad&status=-1&m=make_rider 2020-05-16 08:13[RIDER CLIENT] uniacid: 3
[2020-05-16 08:13:14] trace  /app/index.php?i=4&t=0&v=1.0&from=wxapp&c=entry&a=wxapp&do=getRiderId&state=we7sid-f116482116870359df720cb9a6f55c2e&sign=e9326bdecd9f28275d48f78b55f6a723&m=make_rider 2020-05-16 08:13[RIDER CLIENT]rider uniacid: 4
[2020-05-16 08:13:14] trace  /app/index.php?i=4&t=0&v=1.0&from=wxapp&c=entry&a=wxapp&do=getRiderId&state=we7sid-f116482116870359df720cb9a6f55c2e&sign=e9326bdecd9f28275d48f78b55f6a723&m=make_rider 2020-05-16 08:13[RIDER CLIENT] uniacid: 3
[2020-05-16 08:13:15] trace  /app/index.php?i=4&t=0&v=1.0&from=wxapp&c=entry&a=wxapp&do=riderIsAccept&state=we7sid-f116482116870359df720cb9a6f55c2e&sign=b5cb84e84a90c5cefaa1b486108fbe46&type=-1&m=make_rider 2020-05-16 08:13[RIDER CLIENT]rider uniacid: 4
[2020-05-16 08:13:15] trace  /app/index.php?i=4&t=0&v=1.0&from=wxapp&c=entry&a=wxapp&do=riderIsAccept&state=we7sid-f116482116870359df720cb9a6f55c2e&sign=b5cb84e84a90c5cefaa1b486108fbe46&type=-1&m=make_rider 2020-05-16 08:13[RIDER CLIENT] uniacid: 3
[2020-05-16 08:13:15] trace  /app/index.php?i=4&t=0&v=1.0&from=wxapp&c=entry&a=wxapp&do=getRiderOrder&state=we7sid-84813d491e69602c00eb295da95a2009&sign=63d59c16522fda54d9621870eaaa9467&status=2&page=1&m=make_rider 2020-05-16 08:13[RIDER CLIENT]rider uniacid: 4
[2020-05-16 08:13:15] trace  /app/index.php?i=4&t=0&v=1.0&from=wxapp&c=entry&a=wxapp&do=getRiderOrder&state=we7sid-84813d491e69602c00eb295da95a2009&sign=63d59c16522fda54d9621870eaaa9467&status=2&page=1&m=make_rider 2020-05-16 08:13[RIDER CLIENT] uniacid: 3
[2020-05-16 08:13:16] trace  /app/index.php?i=4&t=0&v=1.0&from=wxapp&c=entry&a=wxapp&do=getRiderOrder&state=we7sid-f116482116870359df720cb9a6f55c2e&sign=35037aad5ad8d33610bb24b2e61c98ad&status=-1&m=make_rider 2020-05-16 08:13[RIDER CLIENT]rider uniacid: 4
[2020-05-16 08:13:16] trace  /app/index.php?i=4&t=0&v=1.0&from=wxapp&c=entry&a=wxapp&do=getRiderOrder&state=we7sid-f116482116870359df720cb9a6f55c2e&sign=35037aad5ad8d33610bb24b2e61c98ad&status=-1&m=make_rider 2020-05-16 08:13[RIDER CLIENT] uniacid: 3
[2020-05-16 08:13:17] trace  /app/index.php?i=4&t=0&v=1.0&from=wxapp&c=entry&a=wxapp&do=riderIsAccept&state=we7sid-84813d491e69602c00eb295da95a2009&sign=9bce56589ffee400edadf0699653b16c&type=-1&m=make_rider 2020-05-16 08:13[RIDER CLIENT]rider uniacid: 4
[2020-05-16 08:13:17] trace  /app/index.php?i=4&t=0&v=1.0&from=wxapp&c=entry&a=wxapp&do=riderIsAccept&state=we7sid-84813d491e69602c00eb295da95a2009&sign=9bce56589ffee400edadf0699653b16c&type=-1&m=make_rider 2020-05-16 08:13[RIDER CLIENT] uniacid: 3
[2020-05-16 08:13:17] trace  /app/index.php?i=4&t=0&v=1.0&from=wxapp&c=entry&a=wxapp&do=setRiderLocation&state=we7sid-84813d491e69602c00eb295da95a2009&sign=672a000deb481a96c2a2b329a2adbf43&address=%E6%B2%B3%E5%8D%97%E7%9C%81%E9%83%91%E5%B7%9E%E5%B8%82%E4%B8%AD%E7%89%9F%E5%8E%BF%E4%B8%87%E4%B8%89%E5%85%AC%E8%B7%AF&lat=34.732243&lng=113.91687&m=make_rider 2020-05-16 08:13[RIDER CLIENT]rider uniacid: 4
[2020-05-16 08:13:17] trace  /app/index.php?i=4&t=0&v=1.0&from=wxapp&c=entry&a=wxapp&do=setRiderLocation&state=we7sid-84813d491e69602c00eb295da95a2009&sign=672a000deb481a96c2a2b329a2adbf43&address=%E6%B2%B3%E5%8D%97%E7%9C%81%E9%83%91%E5%B7%9E%E5%B8%82%E4%B8%AD%E7%89%9F%E5%8E%BF%E4%B8%87%E4%B8%89%E5%85%AC%E8%B7%AF&lat=34.732243&lng=113.91687&m=make_rider 2020-05-16 08:13[RIDER CLIENT] uniacid: 3
[2020-05-16 08:13:18] trace  /app/index.php?i=4&t=0&v=1.0&from=wxapp&c=entry&a=wxapp&do=getRiderOrder&state=we7sid-84813d491e69602c00eb295da95a2009&sign=714f92d34a33a7d0ecb3c45106bc0e64&status=-1&m=make_rider 2020-05-16 08:13[RIDER CLIENT]rider uniacid: 4
[2020-05-16 08:13:18] trace  /app/index.php?i=4&t=0&v=1.0&from=wxapp&c=entry&a=wxapp&do=getRiderOrder&state=we7sid-84813d491e69602c00eb295da95a2009&sign=714f92d34a33a7d0ecb3c45106bc0e64&status=-1&m=make_rider 2020-05-16 08:13[RIDER CLIENT] uniacid: 3
[2020-05-16 08:13:18] trace  /app/index.php?i=4&t=0&v=1.0&from=wxapp&c=entry&a=wxapp&do=getRiderOrder&state=we7sid-f116482116870359df720cb9a6f55c2e&sign=8afe9538153b4d5446156fbf8feb42a6&status=2&page=1&m=make_rider 2020-05-16 08:13[RIDER CLIENT]rider uniacid: 4
[2020-05-16 08:13:18] trace  /app/index.php?i=4&t=0&v=1.0&from=wxapp&c=entry&a=wxapp&do=getRiderOrder&state=we7sid-f116482116870359df720cb9a6f55c2e&sign=8afe9538153b4d5446156fbf8feb42a6&status=2&page=1&m=make_rider 2020-05-16 08:13[RIDER CLIENT] uniacid: 3
[2020-05-16 08:13:18] trace  /app/index.php?i=4&t=0&v=1.0&from=wxapp&c=entry&a=wxapp&do=getSetting&state=we7sid-f116482116870359df720cb9a6f55c2e&sign=ee921a18d5c703828aded599c0436ecf&m=make_rider 2020-05-16 08:13[RIDER CLIENT]rider uniacid: 4
[2020-05-16 08:13:18] trace  /app/index.php?i=4&t=0&v=1.0&from=wxapp&c=entry&a=wxapp&do=getSetting&state=we7sid-f116482116870359df720cb9a6f55c2e&sign=ee921a18d5c703828aded599c0436ecf&m=make_rider 2020-05-16 08:13[RIDER CLIENT] uniacid: 3
[2020-05-16 08:13:18] trace  /app/index.php?i=4&t=0&v=1.0&from=wxapp&c=entry&a=wxapp&do=getRiderStatus&state=we7sid-f116482116870359df720cb9a6f55c2e&sign=fcc633db87c3066a834bcf0bf91c0a25&m=make_rider 2020-05-16 08:13[RIDER CLIENT]rider uniacid: 4
[2020-05-16 08:13:18] trace  /app/index.php?i=4&t=0&v=1.0&from=wxapp&c=entry&a=wxapp&do=getRiderStatus&state=we7sid-f116482116870359df720cb9a6f55c2e&sign=fcc633db87c3066a834bcf0bf91c0a25&m=make_rider 2020-05-16 08:13[RIDER CLIENT] uniacid: 3
[2020-05-16 08:13:20] trace  /app/index.php?i=4&t=0&v=1.0&from=wxapp&c=entry&a=wxapp&do=getRiderOrder&state=we7sid-f116482116870359df720cb9a6f55c2e&sign=35037aad5ad8d33610bb24b2e61c98ad&status=-1&m=make_rider 2020-05-16 08:13[RIDER CLIENT]rider uniacid: 4
[2020-05-16 08:13:20] trace  /app/index.php?i=4&t=0&v=1.0&from=wxapp&c=entry&a=wxapp&do=getRiderOrder&state=we7sid-f116482116870359df720cb9a6f55c2e&sign=35037aad5ad8d33610bb24b2e61c98ad&status=-1&m=make_rider 2020-05-16 08:13[RIDER CLIENT] uniacid: 3
[2020-05-16 08:13:20] trace  /app/index.php?i=4&t=0&v=1.0&from=wxapp&c=entry&a=wxapp&do=getRiderId&state=we7sid-f116482116870359df720cb9a6f55c2e&sign=e9326bdecd9f28275d48f78b55f6a723&m=make_rider 2020-05-16 08:13[RIDER CLIENT]rider uniacid: 4
[2020-05-16 08:13:20] trace  /app/index.php?i=4&t=0&v=1.0&from=wxapp&c=entry&a=wxapp&do=getRiderId&state=we7sid-f116482116870359df720cb9a6f55c2e&sign=e9326bdecd9f28275d48f78b55f6a723&m=make_rider 2020-05-16 08:13[RIDER CLIENT] uniacid: 3
[2020-05-16 08:13:20] trace  /app/index.php?i=4&t=0&v=1.0&from=wxapp&c=entry&a=wxapp&do=riderIsAccept&state=we7sid-f116482116870359df720cb9a6f55c2e&sign=b5cb84e84a90c5cefaa1b486108fbe46&type=-1&m=make_rider 2020-05-16 08:13[RIDER CLIENT]rider uniacid: 4
[2020-05-16 08:13:20] trace  /app/index.php?i=4&t=0&v=1.0&from=wxapp&c=entry&a=wxapp&do=riderIsAccept&state=we7sid-f116482116870359df720cb9a6f55c2e&sign=b5cb84e84a90c5cefaa1b486108fbe46&type=-1&m=make_rider 2020-05-16 08:13[RIDER CLIENT] uniacid: 3
[2020-05-16 08:13:21] trace  /app/index.php?i=4&t=0&v=1.0&from=wxapp&c=entry&a=wxapp&do=getRiderOrder&state=we7sid-f116482116870359df720cb9a6f55c2e&sign=35037aad5ad8d33610bb24b2e61c98ad&status=-1&m=make_rider 2020-05-16 08:13[RIDER CLIENT]rider uniacid: 4
[2020-05-16 08:13:21] trace  /app/index.php?i=4&t=0&v=1.0&from=wxapp&c=entry&a=wxapp&do=getRiderOrder&state=we7sid-f116482116870359df720cb9a6f55c2e&sign=35037aad5ad8d33610bb24b2e61c98ad&status=-1&m=make_rider 2020-05-16 08:13[RIDER CLIENT] uniacid: 3
[2020-05-16 08:13:22] trace  /app/index.php?i=4&t=0&v=1.0&from=wxapp&c=entry&a=wxapp&do=riderAcceptSetting&state=we7sid-84813d491e69602c00eb295da95a2009&sign=e4683b8e6521534455abc75b13c8f409&shishi=-1&yuyue=-1&m=make_rider 2020-05-16 08:13[RIDER CLIENT]rider uniacid: 4
[2020-05-16 08:13:22] trace  /app/index.php?i=4&t=0&v=1.0&from=wxapp&c=entry&a=wxapp&do=riderAcceptSetting&state=we7sid-84813d491e69602c00eb295da95a2009&sign=e4683b8e6521534455abc75b13c8f409&shishi=-1&yuyue=-1&m=make_rider 2020-05-16 08:13[RIDER CLIENT] uniacid: 3
[2020-05-16 08:13:25] trace  /app/index.php?i=4&t=0&v=1.0&from=wxapp&c=entry&a=wxapp&do=riderIsAccept&state=we7sid-84813d491e69602c00eb295da95a2009&sign=9bce56589ffee400edadf0699653b16c&type=-1&m=make_rider 2020-05-16 08:13[RIDER CLIENT]rider uniacid: 4
[2020-05-16 08:13:25] trace  /app/index.php?i=4&t=0&v=1.0&from=wxapp&c=entry&a=wxapp&do=riderIsAccept&state=we7sid-84813d491e69602c00eb295da95a2009&sign=9bce56589ffee400edadf0699653b16c&type=-1&m=make_rider 2020-05-16 08:13[RIDER CLIENT] uniacid: 3
[2020-05-16 08:13:26] trace  /app/index.php?i=4&t=0&v=1.0&from=wxapp&c=entry&a=wxapp&do=setRiderLocation&state=we7sid-84813d491e69602c00eb295da95a2009&sign=672a000deb481a96c2a2b329a2adbf43&address=%E6%B2%B3%E5%8D%97%E7%9C%81%E9%83%91%E5%B7%9E%E5%B8%82%E4%B8%AD%E7%89%9F%E5%8E%BF%E4%B8%87%E4%B8%89%E5%85%AC%E8%B7%AF&lat=34.732243&lng=113.91687&m=make_rider 2020-05-16 08:13[RIDER CLIENT]rider uniacid: 4
[2020-05-16 08:13:26] trace  /app/index.php?i=4&t=0&v=1.0&from=wxapp&c=entry&a=wxapp&do=setRiderLocation&state=we7sid-84813d491e69602c00eb295da95a2009&sign=672a000deb481a96c2a2b329a2adbf43&address=%E6%B2%B3%E5%8D%97%E7%9C%81%E9%83%91%E5%B7%9E%E5%B8%82%E4%B8%AD%E7%89%9F%E5%8E%BF%E4%B8%87%E4%B8%89%E5%85%AC%E8%B7%AF&lat=34.732243&lng=113.91687&m=make_rider 2020-05-16 08:13[RIDER CLIENT] uniacid: 3
[2020-05-16 08:13:26] trace  /app/index.php?i=4&t=0&v=1.0&from=wxapp&c=entry&a=wxapp&do=getRiderOrder&state=we7sid-84813d491e69602c00eb295da95a2009&sign=714f92d34a33a7d0ecb3c45106bc0e64&status=-1&m=make_rider 2020-05-16 08:13[RIDER CLIENT]rider uniacid: 4
[2020-05-16 08:13:26] trace  /app/index.php?i=4&t=0&v=1.0&from=wxapp&c=entry&a=wxapp&do=getRiderOrder&state=we7sid-84813d491e69602c00eb295da95a2009&sign=714f92d34a33a7d0ecb3c45106bc0e64&status=-1&m=make_rider 2020-05-16 08:13[RIDER CLIENT] uniacid: 3
[2020-05-16 08:14:24] trace  /app/index.php?i=4&t=0&v=1.0&from=wxapp&c=entry&a=wxapp&do=riderIsAccept&state=we7sid-84813d491e69602c00eb295da95a2009&sign=9bce56589ffee400edadf0699653b16c&type=-1&m=make_rider 2020-05-16 08:14[RIDER CLIENT]rider uniacid: 4
[2020-05-16 08:14:24] trace  /app/index.php?i=4&t=0&v=1.0&from=wxapp&c=entry&a=wxapp&do=riderIsAccept&state=we7sid-84813d491e69602c00eb295da95a2009&sign=9bce56589ffee400edadf0699653b16c&type=-1&m=make_rider 2020-05-16 08:14[RIDER CLIENT] uniacid: 3
[2020-05-16 08:14:25] trace  /app/index.php?i=4&t=0&v=1.0&from=wxapp&c=entry&a=wxapp&do=getRiderOrder&state=we7sid-84813d491e69602c00eb295da95a2009&sign=714f92d34a33a7d0ecb3c45106bc0e64&status=-1&m=make_rider 2020-05-16 08:14[RIDER CLIENT]rider uniacid: 4
[2020-05-16 08:14:25] trace  /app/index.php?i=4&t=0&v=1.0&from=wxapp&c=entry&a=wxapp&do=getRiderOrder&state=we7sid-84813d491e69602c00eb295da95a2009&sign=714f92d34a33a7d0ecb3c45106bc0e64&status=-1&m=make_rider 2020-05-16 08:14[RIDER CLIENT] uniacid: 3
[2020-05-16 08:14:29] trace  /app/index.php?i=4&t=0&v=1.0&from=wxapp&c=entry&a=wxapp&do=setRiderLocation&state=we7sid-84813d491e69602c00eb295da95a2009&sign=672a000deb481a96c2a2b329a2adbf43&address=%E6%B2%B3%E5%8D%97%E7%9C%81%E9%83%91%E5%B7%9E%E5%B8%82%E4%B8%AD%E7%89%9F%E5%8E%BF%E4%B8%87%E4%B8%89%E5%85%AC%E8%B7%AF&lat=34.732243&lng=113.91687&m=make_rider 2020-05-16 08:14[RIDER CLIENT]rider uniacid: 4
[2020-05-16 08:14:29] trace  /app/index.php?i=4&t=0&v=1.0&from=wxapp&c=entry&a=wxapp&do=setRiderLocation&state=we7sid-84813d491e69602c00eb295da95a2009&sign=672a000deb481a96c2a2b329a2adbf43&address=%E6%B2%B3%E5%8D%97%E7%9C%81%E9%83%91%E5%B7%9E%E5%B8%82%E4%B8%AD%E7%89%9F%E5%8E%BF%E4%B8%87%E4%B8%89%E5%85%AC%E8%B7%AF&lat=34.732243&lng=113.91687&m=make_rider 2020-05-16 08:14[RIDER CLIENT] uniacid: 3
[2020-05-16 08:14:53] trace  /app/index.php?i=4&t=0&v=1.0&from=wxapp&c=entry&a=wxapp&do=setRiderLocation&state=we7sid-84813d491e69602c00eb295da95a2009&sign=672a000deb481a96c2a2b329a2adbf43&address=%E6%B2%B3%E5%8D%97%E7%9C%81%E9%83%91%E5%B7%9E%E5%B8%82%E4%B8%AD%E7%89%9F%E5%8E%BF%E4%B8%87%E4%B8%89%E5%85%AC%E8%B7%AF&lat=34.732243&lng=113.91687&m=make_rider 2020-05-16 08:14[RIDER CLIENT]rider uniacid: 4
[2020-05-16 08:14:53] trace  /app/index.php?i=4&t=0&v=1.0&from=wxapp&c=entry&a=wxapp&do=setRiderLocation&state=we7sid-84813d491e69602c00eb295da95a2009&sign=672a000deb481a96c2a2b329a2adbf43&address=%E6%B2%B3%E5%8D%97%E7%9C%81%E9%83%91%E5%B7%9E%E5%B8%82%E4%B8%AD%E7%89%9F%E5%8E%BF%E4%B8%87%E4%B8%89%E5%85%AC%E8%B7%AF&lat=34.732243&lng=113.91687&m=make_rider 2020-05-16 08:14[RIDER CLIENT] uniacid: 3
[2020-05-16 08:15:00] trace  /app/index.php?i=4&t=0&v=1.0&from=wxapp&c=entry&a=wxapp&do=setRiderLocation&state=we7sid-84813d491e69602c00eb295da95a2009&sign=672a000deb481a96c2a2b329a2adbf43&address=%E6%B2%B3%E5%8D%97%E7%9C%81%E9%83%91%E5%B7%9E%E5%B8%82%E4%B8%AD%E7%89%9F%E5%8E%BF%E4%B8%87%E4%B8%89%E5%85%AC%E8%B7%AF&lat=34.732243&lng=113.91687&m=make_rider 2020-05-16 08:15[RIDER CLIENT]rider uniacid: 4
[2020-05-16 08:15:00] trace  /app/index.php?i=4&t=0&v=1.0&from=wxapp&c=entry&a=wxapp&do=setRiderLocation&state=we7sid-84813d491e69602c00eb295da95a2009&sign=672a000deb481a96c2a2b329a2adbf43&address=%E6%B2%B3%E5%8D%97%E7%9C%81%E9%83%91%E5%B7%9E%E5%B8%82%E4%B8%AD%E7%89%9F%E5%8E%BF%E4%B8%87%E4%B8%89%E5%85%AC%E8%B7%AF&lat=34.732243&lng=113.91687&m=make_rider 2020-05-16 08:15[RIDER CLIENT] uniacid: 3
[2020-05-16 08:15:49] trace  /app/index.php?i=4&t=0&v=1.0&from=wxapp&c=entry&a=wxapp&do=getSetting&state=we7sid-fb750851af627f0ad6b8bce8f9bb177c&sign=f4efaaf4d0596f2337d6551e27360b55&m=make_rider 2020-05-16 08:15[RIDER CLIENT]rider uniacid: 4
[2020-05-16 08:15:49] trace  /app/index.php?i=4&t=0&v=1.0&from=wxapp&c=entry&a=wxapp&do=getSetting&state=we7sid-fb750851af627f0ad6b8bce8f9bb177c&sign=f4efaaf4d0596f2337d6551e27360b55&m=make_rider 2020-05-16 08:15[RIDER CLIENT] uniacid: 3
[2020-05-16 08:15:49] trace  /app/index.php?i=4&t=0&v=1.0&from=wxapp&c=entry&a=wxapp&do=getRiderStatus&state=we7sid-fb750851af627f0ad6b8bce8f9bb177c&sign=ef6454d143788bd946ff6152c2f17d95&m=make_rider 2020-05-16 08:15[RIDER CLIENT]rider uniacid: 4
[2020-05-16 08:15:49] trace  /app/index.php?i=4&t=0&v=1.0&from=wxapp&c=entry&a=wxapp&do=getRiderStatus&state=we7sid-fb750851af627f0ad6b8bce8f9bb177c&sign=ef6454d143788bd946ff6152c2f17d95&m=make_rider 2020-05-16 08:15[RIDER CLIENT] uniacid: 3
[2020-05-16 08:15:49] trace  /app/index.php?i=4&t=0&v=1.0&from=wxapp&c=entry&a=wxapp&do=getRiderStatus&state=we7sid-fb750851af627f0ad6b8bce8f9bb177c&sign=ef6454d143788bd946ff6152c2f17d95&m=make_rider 2020-05-16 08:15[RIDER CLIENT]rider uniacid: 4
[2020-05-16 08:15:49] trace  /app/index.php?i=4&t=0&v=1.0&from=wxapp&c=entry&a=wxapp&do=getRiderStatus&state=we7sid-fb750851af627f0ad6b8bce8f9bb177c&sign=ef6454d143788bd946ff6152c2f17d95&m=make_rider 2020-05-16 08:15[RIDER CLIENT] uniacid: 3
[2020-05-16 08:15:50] trace  /app/index.php?i=4&t=0&v=1.0&from=wxapp&c=entry&a=wxapp&do=getRiderOrder&state=we7sid-fb750851af627f0ad6b8bce8f9bb177c&sign=c9756dc7c0f8ae74de4760456f1c95d7&status=-1&m=make_rider 2020-05-16 08:15[RIDER CLIENT]rider uniacid: 4
[2020-05-16 08:15:50] trace  /app/index.php?i=4&t=0&v=1.0&from=wxapp&c=entry&a=wxapp&do=getRiderOrder&state=we7sid-fb750851af627f0ad6b8bce8f9bb177c&sign=c9756dc7c0f8ae74de4760456f1c95d7&status=-1&m=make_rider 2020-05-16 08:15[RIDER CLIENT] uniacid: 3
[2020-05-16 08:15:50] trace  /app/index.php?i=4&t=0&v=1.0&from=wxapp&c=entry&a=wxapp&do=getRiderId&state=we7sid-fb750851af627f0ad6b8bce8f9bb177c&sign=9b002144cfc2da507250770be1ce6434&m=make_rider 2020-05-16 08:15[RIDER CLIENT]rider uniacid: 4
[2020-05-16 08:15:50] trace  /app/index.php?i=4&t=0&v=1.0&from=wxapp&c=entry&a=wxapp&do=getRiderId&state=we7sid-fb750851af627f0ad6b8bce8f9bb177c&sign=9b002144cfc2da507250770be1ce6434&m=make_rider 2020-05-16 08:15[RIDER CLIENT] uniacid: 3
[2020-05-16 08:15:50] trace  /app/index.php?i=4&t=0&v=1.0&from=wxapp&c=entry&a=wxapp&do=riderIsAccept&state=we7sid-fb750851af627f0ad6b8bce8f9bb177c&sign=4d15517740d0a75b5c271eb6ff6cb038&type=-1&m=make_rider 2020-05-16 08:15[RIDER CLIENT]rider uniacid: 4
[2020-05-16 08:15:50] trace  /app/index.php?i=4&t=0&v=1.0&from=wxapp&c=entry&a=wxapp&do=riderIsAccept&state=we7sid-fb750851af627f0ad6b8bce8f9bb177c&sign=4d15517740d0a75b5c271eb6ff6cb038&type=-1&m=make_rider 2020-05-16 08:15[RIDER CLIENT] uniacid: 3
[2020-05-16 08:15:51] trace  /app/index.php?i=4&t=0&v=1.0&from=wxapp&c=entry&a=wxapp&do=getRiderOrder&state=we7sid-fb750851af627f0ad6b8bce8f9bb177c&sign=c9756dc7c0f8ae74de4760456f1c95d7&status=-1&m=make_rider 2020-05-16 08:15[RIDER CLIENT]rider uniacid: 4
[2020-05-16 08:15:51] trace  /app/index.php?i=4&t=0&v=1.0&from=wxapp&c=entry&a=wxapp&do=getRiderOrder&state=we7sid-fb750851af627f0ad6b8bce8f9bb177c&sign=c9756dc7c0f8ae74de4760456f1c95d7&status=-1&m=make_rider 2020-05-16 08:15[RIDER CLIENT] uniacid: 3
[2020-05-16 08:15:55] trace  /app/index.php?i=4&t=0&v=1.0&from=wxapp&c=entry&a=wxapp&do=setRiderLocation&state=we7sid-fb750851af627f0ad6b8bce8f9bb177c&sign=c13def9d44a35e5c05461e878ec52f2b&address=%E6%B2%B3%E5%8D%97%E7%9C%81%E9%83%91%E5%B7%9E%E5%B8%82%E4%B8%AD%E7%89%9F%E5%8E%BF%E4%B8%87%E4%B8%89%E5%85%AC%E8%B7%AF&lat=34.732243&lng=113.91687&m=make_rider 2020-05-16 08:15[RIDER CLIENT]rider uniacid: 4
[2020-05-16 08:15:55] trace  /app/index.php?i=4&t=0&v=1.0&from=wxapp&c=entry&a=wxapp&do=setRiderLocation&state=we7sid-fb750851af627f0ad6b8bce8f9bb177c&sign=c13def9d44a35e5c05461e878ec52f2b&address=%E6%B2%B3%E5%8D%97%E7%9C%81%E9%83%91%E5%B7%9E%E5%B8%82%E4%B8%AD%E7%89%9F%E5%8E%BF%E4%B8%87%E4%B8%89%E5%85%AC%E8%B7%AF&lat=34.732243&lng=113.91687&m=make_rider 2020-05-16 08:15[RIDER CLIENT] uniacid: 3
[2020-05-16 08:16:05] trace  /app/index.php?i=4&t=0&v=1.0&from=wxapp&c=entry&a=wxapp&do=setRiderLocation&state=we7sid-fb750851af627f0ad6b8bce8f9bb177c&sign=c13def9d44a35e5c05461e878ec52f2b&address=%E6%B2%B3%E5%8D%97%E7%9C%81%E9%83%91%E5%B7%9E%E5%B8%82%E4%B8%AD%E7%89%9F%E5%8E%BF%E4%B8%87%E4%B8%89%E5%85%AC%E8%B7%AF&lat=34.732243&lng=113.91687&m=make_rider 2020-05-16 08:16[RIDER CLIENT]rider uniacid: 4
[2020-05-16 08:16:05] trace  /app/index.php?i=4&t=0&v=1.0&from=wxapp&c=entry&a=wxapp&do=setRiderLocation&state=we7sid-fb750851af627f0ad6b8bce8f9bb177c&sign=c13def9d44a35e5c05461e878ec52f2b&address=%E6%B2%B3%E5%8D%97%E7%9C%81%E9%83%91%E5%B7%9E%E5%B8%82%E4%B8%AD%E7%89%9F%E5%8E%BF%E4%B8%87%E4%B8%89%E5%85%AC%E8%B7%AF&lat=34.732243&lng=113.91687&m=make_rider 2020-05-16 08:16[RIDER CLIENT] uniacid: 3
[2020-05-16 08:16:17] trace  /app/index.php?i=4&t=0&v=1.0&from=wxapp&c=entry&a=wxapp&do=getRiderOrder&state=we7sid-fb750851af627f0ad6b8bce8f9bb177c&sign=c054eeeb4690c852aacacd0b0a7c60c6&status=2&page=1&m=make_rider 2020-05-16 08:16[RIDER CLIENT]rider uniacid: 4
[2020-05-16 08:16:17] trace  /app/index.php?i=4&t=0&v=1.0&from=wxapp&c=entry&a=wxapp&do=getRiderOrder&state=we7sid-fb750851af627f0ad6b8bce8f9bb177c&sign=c054eeeb4690c852aacacd0b0a7c60c6&status=2&page=1&m=make_rider 2020-05-16 08:16[RIDER CLIENT] uniacid: 3
[2020-05-16 08:16:21] trace  /app/index.php?i=4&t=0&v=1.0&from=wxapp&c=entry&a=wxapp&do=riderIsAccept&state=we7sid-fb750851af627f0ad6b8bce8f9bb177c&sign=4d15517740d0a75b5c271eb6ff6cb038&type=-1&m=make_rider 2020-05-16 08:16[RIDER CLIENT]rider uniacid: 4
[2020-05-16 08:16:21] trace  /app/index.php?i=4&t=0&v=1.0&from=wxapp&c=entry&a=wxapp&do=riderIsAccept&state=we7sid-fb750851af627f0ad6b8bce8f9bb177c&sign=4d15517740d0a75b5c271eb6ff6cb038&type=-1&m=make_rider 2020-05-16 08:16[RIDER CLIENT] uniacid: 3
[2020-05-16 08:16:22] trace  /app/index.php?i=4&t=0&v=1.0&from=wxapp&c=entry&a=wxapp&do=getRiderOrder&state=we7sid-fb750851af627f0ad6b8bce8f9bb177c&sign=c9756dc7c0f8ae74de4760456f1c95d7&status=-1&m=make_rider 2020-05-16 08:16[RIDER CLIENT]rider uniacid: 4
[2020-05-16 08:16:22] trace  /app/index.php?i=4&t=0&v=1.0&from=wxapp&c=entry&a=wxapp&do=getRiderOrder&state=we7sid-fb750851af627f0ad6b8bce8f9bb177c&sign=c9756dc7c0f8ae74de4760456f1c95d7&status=-1&m=make_rider 2020-05-16 08:16[RIDER CLIENT] uniacid: 3
[2020-05-16 08:16:22] trace  /app/index.php?i=4&t=0&v=1.0&from=wxapp&c=entry&a=wxapp&do=setRiderLocation&state=we7sid-fb750851af627f0ad6b8bce8f9bb177c&sign=c13def9d44a35e5c05461e878ec52f2b&address=%E6%B2%B3%E5%8D%97%E7%9C%81%E9%83%91%E5%B7%9E%E5%B8%82%E4%B8%AD%E7%89%9F%E5%8E%BF%E4%B8%87%E4%B8%89%E5%85%AC%E8%B7%AF&lat=34.732243&lng=113.91687&m=make_rider 2020-05-16 08:16[RIDER CLIENT]rider uniacid: 4
[2020-05-16 08:16:22] trace  /app/index.php?i=4&t=0&v=1.0&from=wxapp&c=entry&a=wxapp&do=setRiderLocation&state=we7sid-fb750851af627f0ad6b8bce8f9bb177c&sign=c13def9d44a35e5c05461e878ec52f2b&address=%E6%B2%B3%E5%8D%97%E7%9C%81%E9%83%91%E5%B7%9E%E5%B8%82%E4%B8%AD%E7%89%9F%E5%8E%BF%E4%B8%87%E4%B8%89%E5%85%AC%E8%B7%AF&lat=34.732243&lng=113.91687&m=make_rider 2020-05-16 08:16[RIDER CLIENT] uniacid: 3
[2020-05-16 08:27:58] trace  /app/index.php?i=4&t=0&v=1.0&from=wxapp&c=entry&a=wxapp&do=riderIsAccept&state=we7sid-84813d491e69602c00eb295da95a2009&sign=9bce56589ffee400edadf0699653b16c&type=-1&m=make_rider 2020-05-16 08:27[RIDER CLIENT]rider uniacid: 4
[2020-05-16 08:27:58] trace  /app/index.php?i=4&t=0&v=1.0&from=wxapp&c=entry&a=wxapp&do=riderIsAccept&state=we7sid-84813d491e69602c00eb295da95a2009&sign=9bce56589ffee400edadf0699653b16c&type=-1&m=make_rider 2020-05-16 08:27[RIDER CLIENT] uniacid: 3
[2020-05-16 08:27:59] trace  /app/index.php?i=4&t=0&v=1.0&from=wxapp&c=entry&a=wxapp&do=getRiderOrder&state=we7sid-84813d491e69602c00eb295da95a2009&sign=714f92d34a33a7d0ecb3c45106bc0e64&status=-1&m=make_rider 2020-05-16 08:27[RIDER CLIENT]rider uniacid: 4
[2020-05-16 08:27:59] trace  /app/index.php?i=4&t=0&v=1.0&from=wxapp&c=entry&a=wxapp&do=getRiderOrder&state=we7sid-84813d491e69602c00eb295da95a2009&sign=714f92d34a33a7d0ecb3c45106bc0e64&status=-1&m=make_rider 2020-05-16 08:27[RIDER CLIENT] uniacid: 3
[2020-05-16 08:27:59] trace  /app/index.php?i=4&t=0&v=1.0&from=wxapp&c=entry&a=wxapp&do=setRiderLocation&state=we7sid-84813d491e69602c00eb295da95a2009&sign=672a000deb481a96c2a2b329a2adbf43&address=%E6%B2%B3%E5%8D%97%E7%9C%81%E9%83%91%E5%B7%9E%E5%B8%82%E4%B8%AD%E7%89%9F%E5%8E%BF%E4%B8%87%E4%B8%89%E5%85%AC%E8%B7%AF&lat=34.732243&lng=113.91687&m=make_rider 2020-05-16 08:28[RIDER CLIENT]rider uniacid: 4
[2020-05-16 08:27:59] trace  /app/index.php?i=4&t=0&v=1.0&from=wxapp&c=entry&a=wxapp&do=setRiderLocation&state=we7sid-84813d491e69602c00eb295da95a2009&sign=672a000deb481a96c2a2b329a2adbf43&address=%E6%B2%B3%E5%8D%97%E7%9C%81%E9%83%91%E5%B7%9E%E5%B8%82%E4%B8%AD%E7%89%9F%E5%8E%BF%E4%B8%87%E4%B8%89%E5%85%AC%E8%B7%AF&lat=34.732243&lng=113.91687&m=make_rider 2020-05-16 08:28[RIDER CLIENT] uniacid: 3
[2020-05-16 08:28:00] trace  /app/index.php?i=4&t=0&v=1.0&from=wxapp&c=entry&a=wxapp&do=getRiderOrder&state=we7sid-84813d491e69602c00eb295da95a2009&sign=63d59c16522fda54d9621870eaaa9467&status=2&page=1&m=make_rider 2020-05-16 08:28[RIDER CLIENT]rider uniacid: 4
[2020-05-16 08:28:00] trace  /app/index.php?i=4&t=0&v=1.0&from=wxapp&c=entry&a=wxapp&do=getRiderOrder&state=we7sid-84813d491e69602c00eb295da95a2009&sign=63d59c16522fda54d9621870eaaa9467&status=2&page=1&m=make_rider 2020-05-16 08:28[RIDER CLIENT] uniacid: 3
[2020-05-16 08:28:01] trace  /app/index.php?i=4&t=0&v=1.0&from=wxapp&c=entry&a=wxapp&do=riderIsAccept&state=we7sid-84813d491e69602c00eb295da95a2009&sign=9bce56589ffee400edadf0699653b16c&type=-1&m=make_rider 2020-05-16 08:28[RIDER CLIENT]rider uniacid: 4
[2020-05-16 08:28:01] trace  /app/index.php?i=4&t=0&v=1.0&from=wxapp&c=entry&a=wxapp&do=riderIsAccept&state=we7sid-84813d491e69602c00eb295da95a2009&sign=9bce56589ffee400edadf0699653b16c&type=-1&m=make_rider 2020-05-16 08:28[RIDER CLIENT] uniacid: 3
[2020-05-16 08:28:02] trace  /app/index.php?i=4&t=0&v=1.0&from=wxapp&c=entry&a=wxapp&do=setRiderLocation&state=we7sid-84813d491e69602c00eb295da95a2009&sign=672a000deb481a96c2a2b329a2adbf43&address=%E6%B2%B3%E5%8D%97%E7%9C%81%E9%83%91%E5%B7%9E%E5%B8%82%E4%B8%AD%E7%89%9F%E5%8E%BF%E4%B8%87%E4%B8%89%E5%85%AC%E8%B7%AF&lat=34.732243&lng=113.91687&m=make_rider 2020-05-16 08:28[RIDER CLIENT]rider uniacid: 4
[2020-05-16 08:28:02] trace  /app/index.php?i=4&t=0&v=1.0&from=wxapp&c=entry&a=wxapp&do=setRiderLocation&state=we7sid-84813d491e69602c00eb295da95a2009&sign=672a000deb481a96c2a2b329a2adbf43&address=%E6%B2%B3%E5%8D%97%E7%9C%81%E9%83%91%E5%B7%9E%E5%B8%82%E4%B8%AD%E7%89%9F%E5%8E%BF%E4%B8%87%E4%B8%89%E5%85%AC%E8%B7%AF&lat=34.732243&lng=113.91687&m=make_rider 2020-05-16 08:28[RIDER CLIENT] uniacid: 3
[2020-05-16 08:28:02] trace  /app/index.php?i=4&t=0&v=1.0&from=wxapp&c=entry&a=wxapp&do=getRiderOrder&state=we7sid-84813d491e69602c00eb295da95a2009&sign=c6b272e8d96dc78704fe208509ac02bf&status=2&m=make_rider 2020-05-16 08:28[RIDER CLIENT]rider uniacid: 4
[2020-05-16 08:28:02] trace  /app/index.php?i=4&t=0&v=1.0&from=wxapp&c=entry&a=wxapp&do=getRiderOrder&state=we7sid-84813d491e69602c00eb295da95a2009&sign=c6b272e8d96dc78704fe208509ac02bf&status=2&m=make_rider 2020-05-16 08:28[RIDER CLIENT] uniacid: 3
[2020-05-16 08:28:02] trace  /app/index.php?i=4&t=0&v=1.0&from=wxapp&c=entry&a=wxapp&do=getRiderOrder&state=we7sid-84813d491e69602c00eb295da95a2009&sign=714f92d34a33a7d0ecb3c45106bc0e64&status=-1&m=make_rider 2020-05-16 08:28[RIDER CLIENT]rider uniacid: 4
[2020-05-16 08:28:02] trace  /app/index.php?i=4&t=0&v=1.0&from=wxapp&c=entry&a=wxapp&do=getRiderOrder&state=we7sid-84813d491e69602c00eb295da95a2009&sign=714f92d34a33a7d0ecb3c45106bc0e64&status=-1&m=make_rider 2020-05-16 08:28[RIDER CLIENT] uniacid: 3
[2020-05-16 08:28:40] trace  /app/index.php?i=4&t=0&v=1.0&from=wxapp&c=entry&a=wxapp&do=riderIsAccept&state=we7sid-84813d491e69602c00eb295da95a2009&sign=9bce56589ffee400edadf0699653b16c&type=-1&m=make_rider 2020-05-16 08:28[RIDER CLIENT]rider uniacid: 4
[2020-05-16 08:28:40] trace  /app/index.php?i=4&t=0&v=1.0&from=wxapp&c=entry&a=wxapp&do=riderIsAccept&state=we7sid-84813d491e69602c00eb295da95a2009&sign=9bce56589ffee400edadf0699653b16c&type=-1&m=make_rider 2020-05-16 08:28[RIDER CLIENT] uniacid: 3
[2020-05-16 08:28:41] trace  /app/index.php?i=4&t=0&v=1.0&from=wxapp&c=entry&a=wxapp&do=getRiderOrder&state=we7sid-84813d491e69602c00eb295da95a2009&sign=714f92d34a33a7d0ecb3c45106bc0e64&status=-1&m=make_rider 2020-05-16 08:28[RIDER CLIENT]rider uniacid: 4
[2020-05-16 08:28:41] trace  /app/index.php?i=4&t=0&v=1.0&from=wxapp&c=entry&a=wxapp&do=getRiderOrder&state=we7sid-84813d491e69602c00eb295da95a2009&sign=714f92d34a33a7d0ecb3c45106bc0e64&status=-1&m=make_rider 2020-05-16 08:28[RIDER CLIENT] uniacid: 3
[2020-05-16 08:28:41] trace  /app/index.php?i=4&t=0&v=1.0&from=wxapp&c=entry&a=wxapp&do=riderAcceptSetting&state=we7sid-84813d491e69602c00eb295da95a2009&sign=e4683b8e6521534455abc75b13c8f409&shishi=-1&yuyue=-1&m=make_rider 2020-05-16 08:28[RIDER CLIENT]rider uniacid: 4
[2020-05-16 08:28:41] trace  /app/index.php?i=4&t=0&v=1.0&from=wxapp&c=entry&a=wxapp&do=riderAcceptSetting&state=we7sid-84813d491e69602c00eb295da95a2009&sign=e4683b8e6521534455abc75b13c8f409&shishi=-1&yuyue=-1&m=make_rider 2020-05-16 08:28[RIDER CLIENT] uniacid: 3
[2020-05-16 08:28:43] trace  /app/index.php?i=4&t=0&v=1.0&from=wxapp&c=entry&a=wxapp&do=setRiderLocation&state=we7sid-84813d491e69602c00eb295da95a2009&sign=672a000deb481a96c2a2b329a2adbf43&address=%E6%B2%B3%E5%8D%97%E7%9C%81%E9%83%91%E5%B7%9E%E5%B8%82%E4%B8%AD%E7%89%9F%E5%8E%BF%E4%B8%87%E4%B8%89%E5%85%AC%E8%B7%AF&lat=34.732243&lng=113.91687&m=make_rider 2020-05-16 08:28[RIDER CLIENT]rider uniacid: 4
[2020-05-16 08:28:43] trace  /app/index.php?i=4&t=0&v=1.0&from=wxapp&c=entry&a=wxapp&do=setRiderLocation&state=we7sid-84813d491e69602c00eb295da95a2009&sign=672a000deb481a96c2a2b329a2adbf43&address=%E6%B2%B3%E5%8D%97%E7%9C%81%E9%83%91%E5%B7%9E%E5%B8%82%E4%B8%AD%E7%89%9F%E5%8E%BF%E4%B8%87%E4%B8%89%E5%85%AC%E8%B7%AF&lat=34.732243&lng=113.91687&m=make_rider 2020-05-16 08:28[RIDER CLIENT] uniacid: 3
[2020-05-16 08:28:55] trace  /app/index.php?i=4&t=0&v=1.0&from=wxapp&c=entry&a=wxapp&do=riderIsAccept&state=we7sid-84813d491e69602c00eb295da95a2009&sign=9bce56589ffee400edadf0699653b16c&type=-1&m=make_rider 2020-05-16 08:28[RIDER CLIENT]rider uniacid: 4
[2020-05-16 08:28:55] trace  /app/index.php?i=4&t=0&v=1.0&from=wxapp&c=entry&a=wxapp&do=riderIsAccept&state=we7sid-84813d491e69602c00eb295da95a2009&sign=9bce56589ffee400edadf0699653b16c&type=-1&m=make_rider 2020-05-16 08:28[RIDER CLIENT] uniacid: 3
[2020-05-16 08:28:55] trace  /app/index.php?i=4&t=0&v=1.0&from=wxapp&c=entry&a=wxapp&do=setRiderLocation&state=we7sid-84813d491e69602c00eb295da95a2009&sign=672a000deb481a96c2a2b329a2adbf43&address=%E6%B2%B3%E5%8D%97%E7%9C%81%E9%83%91%E5%B7%9E%E5%B8%82%E4%B8%AD%E7%89%9F%E5%8E%BF%E4%B8%87%E4%B8%89%E5%85%AC%E8%B7%AF&lat=34.732243&lng=113.91687&m=make_rider 2020-05-16 08:28[RIDER CLIENT]rider uniacid: 4
[2020-05-16 08:28:55] trace  /app/index.php?i=4&t=0&v=1.0&from=wxapp&c=entry&a=wxapp&do=setRiderLocation&state=we7sid-84813d491e69602c00eb295da95a2009&sign=672a000deb481a96c2a2b329a2adbf43&address=%E6%B2%B3%E5%8D%97%E7%9C%81%E9%83%91%E5%B7%9E%E5%B8%82%E4%B8%AD%E7%89%9F%E5%8E%BF%E4%B8%87%E4%B8%89%E5%85%AC%E8%B7%AF&lat=34.732243&lng=113.91687&m=make_rider 2020-05-16 08:28[RIDER CLIENT] uniacid: 3
[2020-05-16 08:28:56] trace  /app/index.php?i=4&t=0&v=1.0&from=wxapp&c=entry&a=wxapp&do=getRiderOrder&state=we7sid-84813d491e69602c00eb295da95a2009&sign=714f92d34a33a7d0ecb3c45106bc0e64&status=-1&m=make_rider 2020-05-16 08:28[RIDER CLIENT]rider uniacid: 4
[2020-05-16 08:28:56] trace  /app/index.php?i=4&t=0&v=1.0&from=wxapp&c=entry&a=wxapp&do=getRiderOrder&state=we7sid-84813d491e69602c00eb295da95a2009&sign=714f92d34a33a7d0ecb3c45106bc0e64&status=-1&m=make_rider 2020-05-16 08:28[RIDER CLIENT] uniacid: 3
[2020-05-16 08:28:56] trace  /app/index.php?i=4&t=0&v=1.0&from=wxapp&c=entry&a=wxapp&do=getRiderOrder&state=we7sid-84813d491e69602c00eb295da95a2009&sign=799b7f38791fdb1bf31fcb5accd57a75&status=5&page=1&m=make_rider 2020-05-16 08:28[RIDER CLIENT]rider uniacid: 4
[2020-05-16 08:28:56] trace  /app/index.php?i=4&t=0&v=1.0&from=wxapp&c=entry&a=wxapp&do=getRiderOrder&state=we7sid-84813d491e69602c00eb295da95a2009&sign=799b7f38791fdb1bf31fcb5accd57a75&status=5&page=1&m=make_rider 2020-05-16 08:28[RIDER CLIENT] uniacid: 3
[2020-05-16 08:29:00] trace  /app/index.php?i=4&t=0&v=1.0&from=wxapp&c=entry&a=wxapp&do=riderIsAccept&state=we7sid-84813d491e69602c00eb295da95a2009&sign=9bce56589ffee400edadf0699653b16c&type=-1&m=make_rider 2020-05-16 08:29[RIDER CLIENT]rider uniacid: 4
[2020-05-16 08:29:00] trace  /app/index.php?i=4&t=0&v=1.0&from=wxapp&c=entry&a=wxapp&do=riderIsAccept&state=we7sid-84813d491e69602c00eb295da95a2009&sign=9bce56589ffee400edadf0699653b16c&type=-1&m=make_rider 2020-05-16 08:29[RIDER CLIENT] uniacid: 3
[2020-05-16 08:29:01] trace  /app/index.php?i=4&t=0&v=1.0&from=wxapp&c=entry&a=wxapp&do=setRiderLocation&state=we7sid-84813d491e69602c00eb295da95a2009&sign=672a000deb481a96c2a2b329a2adbf43&address=%E6%B2%B3%E5%8D%97%E7%9C%81%E9%83%91%E5%B7%9E%E5%B8%82%E4%B8%AD%E7%89%9F%E5%8E%BF%E4%B8%87%E4%B8%89%E5%85%AC%E8%B7%AF&lat=34.732243&lng=113.91687&m=make_rider 2020-05-16 08:29[RIDER CLIENT]rider uniacid: 4
[2020-05-16 08:29:01] trace  /app/index.php?i=4&t=0&v=1.0&from=wxapp&c=entry&a=wxapp&do=setRiderLocation&state=we7sid-84813d491e69602c00eb295da95a2009&sign=672a000deb481a96c2a2b329a2adbf43&address=%E6%B2%B3%E5%8D%97%E7%9C%81%E9%83%91%E5%B7%9E%E5%B8%82%E4%B8%AD%E7%89%9F%E5%8E%BF%E4%B8%87%E4%B8%89%E5%85%AC%E8%B7%AF&lat=34.732243&lng=113.91687&m=make_rider 2020-05-16 08:29[RIDER CLIENT] uniacid: 3
[2020-05-16 08:29:01] trace  /app/index.php?i=4&t=0&v=1.0&from=wxapp&c=entry&a=wxapp&do=getRiderOrder&state=we7sid-84813d491e69602c00eb295da95a2009&sign=714f92d34a33a7d0ecb3c45106bc0e64&status=-1&m=make_rider 2020-05-16 08:29[RIDER CLIENT]rider uniacid: 4
[2020-05-16 08:29:01] trace  /app/index.php?i=4&t=0&v=1.0&from=wxapp&c=entry&a=wxapp&do=getRiderOrder&state=we7sid-84813d491e69602c00eb295da95a2009&sign=714f92d34a33a7d0ecb3c45106bc0e64&status=-1&m=make_rider 2020-05-16 08:29[RIDER CLIENT] uniacid: 3
