[2020-05-09 08:41:16] trace  /app/index.php?i=4&t=0&v=1.0&from=wxapp&c=entry&a=wxapp&do=getSetting&state=we7sid-f1793e7f804dcbfc59244814b7c5809e&sign=d90ac9c3b9c62aa7cfb38d33cbc052e8&m=make_rider 2020-05-09 08:41[RIDER CLIENT]rider uniacid: 4
[2020-05-09 08:41:16] trace  /app/index.php?i=4&t=0&v=1.0&from=wxapp&c=entry&a=wxapp&do=getSetting&state=we7sid-f1793e7f804dcbfc59244814b7c5809e&sign=d90ac9c3b9c62aa7cfb38d33cbc052e8&m=make_rider 2020-05-09 08:41[RIDER CLIENT] uniacid: 3
[2020-05-09 08:41:17] trace  /app/index.php?i=4&t=0&v=1.0&from=wxapp&c=entry&a=wxapp&do=getRiderStatus&state=we7sid-f1793e7f804dcbfc59244814b7c5809e&sign=79212fc55eb712a6b6e6856693b00e3f&m=make_rider 2020-05-09 08:41[RIDER CLIENT]rider uniacid: 4
[2020-05-09 08:41:17] trace  /app/index.php?i=4&t=0&v=1.0&from=wxapp&c=entry&a=wxapp&do=getRiderStatus&state=we7sid-f1793e7f804dcbfc59244814b7c5809e&sign=79212fc55eb712a6b6e6856693b00e3f&m=make_rider 2020-05-09 08:41[RIDER CLIENT] uniacid: 3
[2020-05-09 08:41:17] trace  /app/index.php?i=4&t=0&v=1.0&from=wxapp&c=entry&a=wxapp&do=getRiderStatus&state=we7sid-f1793e7f804dcbfc59244814b7c5809e&sign=79212fc55eb712a6b6e6856693b00e3f&m=make_rider 2020-05-09 08:41[RIDER CLIENT]rider uniacid: 4
[2020-05-09 08:41:17] trace  /app/index.php?i=4&t=0&v=1.0&from=wxapp&c=entry&a=wxapp&do=getRiderStatus&state=we7sid-f1793e7f804dcbfc59244814b7c5809e&sign=79212fc55eb712a6b6e6856693b00e3f&m=make_rider 2020-05-09 08:41[RIDER CLIENT] uniacid: 3
[2020-05-09 08:41:22] trace  /app/index.php?i=4&t=0&v=1.0&from=wxapp&c=entry&a=wxapp&do=getRiderLogo&state=we7sid-f1793e7f804dcbfc59244814b7c5809e&sign=73149fb83fc2458369c1e682d0f8bf91&m=make_rider 2020-05-09 08:41[RIDER CLIENT]rider uniacid: 4
[2020-05-09 08:41:22] trace  /app/index.php?i=4&t=0&v=1.0&from=wxapp&c=entry&a=wxapp&do=getRiderLogo&state=we7sid-f1793e7f804dcbfc59244814b7c5809e&sign=73149fb83fc2458369c1e682d0f8bf91&m=make_rider 2020-05-09 08:41[RIDER CLIENT] uniacid: 3
[2020-05-09 08:41:22] trace  /app/index.php?i=4&t=0&v=1.0&from=wxapp&c=entry&a=wxapp&do=getSetting&state=we7sid-f1793e7f804dcbfc59244814b7c5809e&sign=d90ac9c3b9c62aa7cfb38d33cbc052e8&m=make_rider 2020-05-09 08:41[RIDER CLIENT]rider uniacid: 4
[2020-05-09 08:41:22] trace  /app/index.php?i=4&t=0&v=1.0&from=wxapp&c=entry&a=wxapp&do=getSetting&state=we7sid-f1793e7f804dcbfc59244814b7c5809e&sign=d90ac9c3b9c62aa7cfb38d33cbc052e8&m=make_rider 2020-05-09 08:41[RIDER CLIENT] uniacid: 3
[2020-05-09 08:42:06] trace  /app/index.php?i=4&t=0&v=1.0&from=wxapp&c=entry&a=wxapp&do=riderRegister&state=we7sid-f1793e7f804dcbfc59244814b7c5809e&sign=92546901c1dc65ceb884ba9cecb993c1&is_send=1&mobile=15517821785&m=make_rider 2020-05-09 08:42[RIDER CLIENT]rider uniacid: 4
[2020-05-09 08:42:06] trace  /app/index.php?i=4&t=0&v=1.0&from=wxapp&c=entry&a=wxapp&do=riderRegister&state=we7sid-f1793e7f804dcbfc59244814b7c5809e&sign=92546901c1dc65ceb884ba9cecb993c1&is_send=1&mobile=15517821785&m=make_rider 2020-05-09 08:42[RIDER CLIENT] uniacid: 3
[2020-05-09 08:42:18] trace  /app/index.php?i=4&t=0&v=1.0&from=wxapp&c=entry&a=wxapp&do=setFormid&state=we7sid-f1793e7f804dcbfc59244814b7c5809e&sign=8a9ba6cf56d6944282f41746b8c70f5d&formId=193b187c78ac4d14a07ccdffafc65fd9&m=make_rider 2020-05-09 08:42[RIDER CLIENT]rider uniacid: 4
[2020-05-09 08:42:18] trace  /app/index.php?i=4&t=0&v=1.0&from=wxapp&c=entry&a=wxapp&do=setFormid&state=we7sid-f1793e7f804dcbfc59244814b7c5809e&sign=8a9ba6cf56d6944282f41746b8c70f5d&formId=193b187c78ac4d14a07ccdffafc65fd9&m=make_rider 2020-05-09 08:42[RIDER CLIENT] uniacid: 3
[2020-05-09 08:42:19] trace  /app/index.php?i=4&t=0&v=1.0&from=wxapp&c=entry&a=wxapp&do=riderRegister&state=we7sid-f1793e7f804dcbfc59244814b7c5809e&sign=82cd420750a82f48204a25467f604b11&mobile=15517821785&username=%E5%AE%8B%E4%BB%95%E8%88%AA&smscode=2250&invite_code=&recommend_id=&m=make_rider 2020-05-09 08:42[RIDER CLIENT]rider uniacid: 4
[2020-05-09 08:42:19] trace  /app/index.php?i=4&t=0&v=1.0&from=wxapp&c=entry&a=wxapp&do=riderRegister&state=we7sid-f1793e7f804dcbfc59244814b7c5809e&sign=82cd420750a82f48204a25467f604b11&mobile=15517821785&username=%E5%AE%8B%E4%BB%95%E8%88%AA&smscode=2250&invite_code=&recommend_id=&m=make_rider 2020-05-09 08:42[RIDER CLIENT] uniacid: 3
[2020-05-09 08:42:19] trace  /app/index.php?i=4&t=0&v=1.0&from=wxapp&c=entry&a=wxapp&do=register_business&state=we7sid-f1793e7f804dcbfc59244814b7c5809e&sign=79692cc6ea339cd6a597d8363e4e5352&m=make_rider 2020-05-09 08:42[RIDER CLIENT]rider uniacid: 4
[2020-05-09 08:42:19] trace  /app/index.php?i=4&t=0&v=1.0&from=wxapp&c=entry&a=wxapp&do=register_business&state=we7sid-f1793e7f804dcbfc59244814b7c5809e&sign=79692cc6ea339cd6a597d8363e4e5352&m=make_rider 2020-05-09 08:42[RIDER CLIENT] uniacid: 3
[2020-05-09 08:42:19] trace  /app/index.php?i=4&t=0&v=1.0&from=wxapp&c=entry&a=wxapp&do=riderAuth&state=we7sid-f1793e7f804dcbfc59244814b7c5809e&sign=99de4f755912906c4fa58441ce21d905&riderinfo=1&m=make_rider 2020-05-09 08:42[RIDER CLIENT]rider uniacid: 4
[2020-05-09 08:42:19] trace  /app/index.php?i=4&t=0&v=1.0&from=wxapp&c=entry&a=wxapp&do=riderAuth&state=we7sid-f1793e7f804dcbfc59244814b7c5809e&sign=99de4f755912906c4fa58441ce21d905&riderinfo=1&m=make_rider 2020-05-09 08:42[RIDER CLIENT] uniacid: 3
[2020-05-09 08:44:00] trace  /app/index.php?i=4&t=0&v=1.0&from=wxapp&c=entry&a=wxapp&do=uploadImage&m=make_rider& user=test; 
2020-05-09 08:44[RIDER CLIENT]rider uniacid: 4
[2020-05-09 08:44:00] trace  /app/index.php?i=4&t=0&v=1.0&from=wxapp&c=entry&a=wxapp&do=uploadImage&m=make_rider& user=test; 
2020-05-09 08:44[RIDER CLIENT] uniacid: 3
[2020-05-09 08:44:22] trace  /app/index.php?i=4&t=0&v=1.0&from=wxapp&c=entry&a=wxapp&do=uploadImage&m=make_rider& user=test; 
2020-05-09 08:44[RIDER CLIENT]rider uniacid: 4
[2020-05-09 08:44:22] trace  /app/index.php?i=4&t=0&v=1.0&from=wxapp&c=entry&a=wxapp&do=uploadImage&m=make_rider& user=test; 
2020-05-09 08:44[RIDER CLIENT] uniacid: 3
[2020-05-09 08:44:40] trace  /app/index.php?i=4&t=0&v=1.0&from=wxapp&c=entry&a=wxapp&do=uploadImage&m=make_rider& user=test; 
2020-05-09 08:44[RIDER CLIENT]rider uniacid: 4
[2020-05-09 08:44:40] trace  /app/index.php?i=4&t=0&v=1.0&from=wxapp&c=entry&a=wxapp&do=uploadImage&m=make_rider& user=test; 
2020-05-09 08:44[RIDER CLIENT] uniacid: 3
[2020-05-09 08:44:48] trace  /app/index.php?i=4&t=0&v=1.0&from=wxapp&c=entry&a=wxapp&do=uploadImage&m=make_rider& user=test; 
2020-05-09 08:44[RIDER CLIENT]rider uniacid: 4
[2020-05-09 08:44:48] trace  /app/index.php?i=4&t=0&v=1.0&from=wxapp&c=entry&a=wxapp&do=uploadImage&m=make_rider& user=test; 
2020-05-09 08:44[RIDER CLIENT] uniacid: 3
[2020-05-09 08:45:16] trace  /app/index.php?i=4&t=0&v=1.0&from=wxapp&c=entry&a=wxapp&do=riderAuth&state=we7sid-f1793e7f804dcbfc59244814b7c5809e&sign=cca370eb0063b26835abd4eaf7fd0ef5&name=%E5%AE%8B%E4%BB%95%E8%88%AA&sex=1&idcard=410223199308042550&address_detail=%E6%B2%B3%E5%8D%97%E7%9C%81%E5%B0%89%E6%B0%8F%E5%8E%BF%E5%BC%A0%E5%B8%82%E9%95%87%E8%BE%B9%E5%B2%97%E6%9D%91%E5%85%AD%E7%BB%84&upload_photos=%2Fuploads%2Fprogram%2F20200509%2F5755eb5fcd0ab01b.jpg%2C%2Fuploads%2Fprogram%2F20200509%2F7955eb5fce648e52.jpg%2C%2Fuploads%2Fprogram%2F20200509%2F6205eb5fcf9396bd.jpg%2C%2Fuploads%2Fprogram%2F20200509%2F9635eb5fd010e45f.jpg&m=make_rider 2020-05-09 08:45[RIDER CLIENT]rider uniacid: 4
[2020-05-09 08:45:16] trace  /app/index.php?i=4&t=0&v=1.0&from=wxapp&c=entry&a=wxapp&do=riderAuth&state=we7sid-f1793e7f804dcbfc59244814b7c5809e&sign=cca370eb0063b26835abd4eaf7fd0ef5&name=%E5%AE%8B%E4%BB%95%E8%88%AA&sex=1&idcard=410223199308042550&address_detail=%E6%B2%B3%E5%8D%97%E7%9C%81%E5%B0%89%E6%B0%8F%E5%8E%BF%E5%BC%A0%E5%B8%82%E9%95%87%E8%BE%B9%E5%B2%97%E6%9D%91%E5%85%AD%E7%BB%84&upload_photos=%2Fuploads%2Fprogram%2F20200509%2F5755eb5fcd0ab01b.jpg%2C%2Fuploads%2Fprogram%2F20200509%2F7955eb5fce648e52.jpg%2C%2Fuploads%2Fprogram%2F20200509%2F6205eb5fcf9396bd.jpg%2C%2Fuploads%2Fprogram%2F20200509%2F9635eb5fd010e45f.jpg&m=make_rider 2020-05-09 08:45[RIDER CLIENT] uniacid: 3
[2020-05-09 08:45:33] trace  /app/index.php?i=4&t=0&v=1.0&from=wxapp&c=entry&a=wxapp&do=uploadImage&m=make_rider& user=test; 
2020-05-09 08:45[RIDER CLIENT]rider uniacid: 4
[2020-05-09 08:45:33] trace  /app/index.php?i=4&t=0&v=1.0&from=wxapp&c=entry&a=wxapp&do=uploadImage&m=make_rider& user=test; 
2020-05-09 08:45[RIDER CLIENT] uniacid: 3
[2020-05-09 08:45:38] trace  /app/index.php?i=4&t=0&v=1.0&from=wxapp&c=entry&a=wxapp&do=uploadImage&m=make_rider& user=test; 
2020-05-09 08:45[RIDER CLIENT]rider uniacid: 4
[2020-05-09 08:45:38] trace  /app/index.php?i=4&t=0&v=1.0&from=wxapp&c=entry&a=wxapp&do=uploadImage&m=make_rider& user=test; 
2020-05-09 08:45[RIDER CLIENT] uniacid: 3
[2020-05-09 08:47:37] trace  /app/index.php?i=4&t=0&v=1.0&from=wxapp&c=entry&a=wxapp&do=getRiderStatus&state=we7sid-833afc6c09eeda0dc1c1491f25bf0279&sign=3a6d1370bad36ec09985bed0deccdfb9&m=make_rider 2020-05-09 08:47[RIDER CLIENT]rider uniacid: 4
[2020-05-09 08:47:37] trace  /app/index.php?i=4&t=0&v=1.0&from=wxapp&c=entry&a=wxapp&do=getRiderStatus&state=we7sid-833afc6c09eeda0dc1c1491f25bf0279&sign=3a6d1370bad36ec09985bed0deccdfb9&m=make_rider 2020-05-09 08:47[RIDER CLIENT] uniacid: 3
[2020-05-09 08:47:37] trace  /app/index.php?i=4&t=0&v=1.0&from=wxapp&c=entry&a=wxapp&do=getRiderId&state=we7sid-833afc6c09eeda0dc1c1491f25bf0279&sign=82d34fce3f9b8eadfa759b34004f7a39&m=make_rider 2020-05-09 08:47[RIDER CLIENT]rider uniacid: 4
[2020-05-09 08:47:37] trace  /app/index.php?i=4&t=0&v=1.0&from=wxapp&c=entry&a=wxapp&do=getRiderOrder&state=we7sid-833afc6c09eeda0dc1c1491f25bf0279&sign=69fe384b15ef792d43a1e6809aa29b29&status=-1&m=make_rider 2020-05-09 08:47[RIDER CLIENT]rider uniacid: 4
[2020-05-09 08:47:37] trace  /app/index.php?i=4&t=0&v=1.0&from=wxapp&c=entry&a=wxapp&do=getRiderOrder&state=we7sid-833afc6c09eeda0dc1c1491f25bf0279&sign=69fe384b15ef792d43a1e6809aa29b29&status=-1&m=make_rider 2020-05-09 08:47[RIDER CLIENT] uniacid: 3
[2020-05-09 08:47:37] trace  /app/index.php?i=4&t=0&v=1.0&from=wxapp&c=entry&a=wxapp&do=getRiderId&state=we7sid-833afc6c09eeda0dc1c1491f25bf0279&sign=82d34fce3f9b8eadfa759b34004f7a39&m=make_rider 2020-05-09 08:47[RIDER CLIENT] uniacid: 3
[2020-05-09 08:47:37] trace  /app/index.php?i=4&t=0&v=1.0&from=wxapp&c=entry&a=wxapp&do=getRiderStatus&state=we7sid-833afc6c09eeda0dc1c1491f25bf0279&sign=3a6d1370bad36ec09985bed0deccdfb9&m=make_rider 2020-05-09 08:47[RIDER CLIENT]rider uniacid: 4
[2020-05-09 08:47:37] trace  /app/index.php?i=4&t=0&v=1.0&from=wxapp&c=entry&a=wxapp&do=riderIsAccept&state=we7sid-833afc6c09eeda0dc1c1491f25bf0279&sign=4f896a5d251f37980fa67b7c6c82d747&type=-1&m=make_rider 2020-05-09 08:47[RIDER CLIENT]rider uniacid: 4
[2020-05-09 08:47:37] trace  /app/index.php?i=4&t=0&v=1.0&from=wxapp&c=entry&a=wxapp&do=getSetting&state=we7sid-833afc6c09eeda0dc1c1491f25bf0279&sign=535412a5604591198e91c16fd4c0bbc2&m=make_rider 2020-05-09 08:47[RIDER CLIENT]rider uniacid: 4
[2020-05-09 08:47:37] trace  /app/index.php?i=4&t=0&v=1.0&from=wxapp&c=entry&a=wxapp&do=getRiderStatus&state=we7sid-833afc6c09eeda0dc1c1491f25bf0279&sign=3a6d1370bad36ec09985bed0deccdfb9&m=make_rider 2020-05-09 08:47[RIDER CLIENT] uniacid: 3
[2020-05-09 08:47:37] trace  /app/index.php?i=4&t=0&v=1.0&from=wxapp&c=entry&a=wxapp&do=riderIsAccept&state=we7sid-833afc6c09eeda0dc1c1491f25bf0279&sign=4f896a5d251f37980fa67b7c6c82d747&type=-1&m=make_rider 2020-05-09 08:47[RIDER CLIENT] uniacid: 3
[2020-05-09 08:47:37] trace  /app/index.php?i=4&t=0&v=1.0&from=wxapp&c=entry&a=wxapp&do=getSetting&state=we7sid-833afc6c09eeda0dc1c1491f25bf0279&sign=535412a5604591198e91c16fd4c0bbc2&m=make_rider 2020-05-09 08:47[RIDER CLIENT] uniacid: 3
[2020-05-09 08:47:38] trace  /app/index.php?i=4&t=0&v=1.0&from=wxapp&c=entry&a=wxapp&do=getRiderOrder&state=we7sid-833afc6c09eeda0dc1c1491f25bf0279&sign=69fe384b15ef792d43a1e6809aa29b29&status=-1&m=make_rider 2020-05-09 08:47[RIDER CLIENT]rider uniacid: 4
[2020-05-09 08:47:38] trace  /app/index.php?i=4&t=0&v=1.0&from=wxapp&c=entry&a=wxapp&do=getRiderOrder&state=we7sid-833afc6c09eeda0dc1c1491f25bf0279&sign=69fe384b15ef792d43a1e6809aa29b29&status=-1&m=make_rider 2020-05-09 08:47[RIDER CLIENT] uniacid: 3
[2020-05-09 08:47:39] trace  /app/index.php?i=4&t=0&v=1.0&from=wxapp&c=entry&a=wxapp&do=setRiderLocation&state=we7sid-833afc6c09eeda0dc1c1491f25bf0279&sign=3c2337b7e72ec276574d23b55d51c40a&address=%E6%B2%B3%E5%8D%97%E7%9C%81%E9%83%91%E5%B7%9E%E5%B8%82%E4%B8%AD%E7%89%9F%E5%8E%BF%E4%B8%87%E4%B8%89%E5%85%AC%E8%B7%AF&lat=34.730003&lng=113.918427&m=make_rider 2020-05-09 08:47[RIDER CLIENT]rider uniacid: 4
[2020-05-09 08:47:39] trace  /app/index.php?i=4&t=0&v=1.0&from=wxapp&c=entry&a=wxapp&do=setRiderLocation&state=we7sid-833afc6c09eeda0dc1c1491f25bf0279&sign=3c2337b7e72ec276574d23b55d51c40a&address=%E6%B2%B3%E5%8D%97%E7%9C%81%E9%83%91%E5%B7%9E%E5%B8%82%E4%B8%AD%E7%89%9F%E5%8E%BF%E4%B8%87%E4%B8%89%E5%85%AC%E8%B7%AF&lat=34.730003&lng=113.918427&m=make_rider 2020-05-09 08:47[RIDER CLIENT] uniacid: 3
[2020-05-09 08:47:43] trace  /app/index.php?i=4&t=0&v=1.0&from=wxapp&c=entry&a=wxapp&do=riderInfo&state=we7sid-833afc6c09eeda0dc1c1491f25bf0279&sign=b3ab21b84d7224f506446c5e6ffc1e6c&m=make_rider 2020-05-09 08:47[RIDER CLIENT]rider uniacid: 4
[2020-05-09 08:47:43] trace  /app/index.php?i=4&t=0&v=1.0&from=wxapp&c=entry&a=wxapp&do=register_business&state=we7sid-833afc6c09eeda0dc1c1491f25bf0279&sign=667c880640d9cd8be801e894d9baffeb&m=make_rider 2020-05-09 08:47[RIDER CLIENT]rider uniacid: 4
[2020-05-09 08:47:43] trace  /app/index.php?i=4&t=0&v=1.0&from=wxapp&c=entry&a=wxapp&do=riderInfo&state=we7sid-833afc6c09eeda0dc1c1491f25bf0279&sign=b3ab21b84d7224f506446c5e6ffc1e6c&m=make_rider 2020-05-09 08:47[RIDER CLIENT] uniacid: 3
[2020-05-09 08:47:43] trace  /app/index.php?i=4&t=0&v=1.0&from=wxapp&c=entry&a=wxapp&do=register_business&state=we7sid-833afc6c09eeda0dc1c1491f25bf0279&sign=667c880640d9cd8be801e894d9baffeb&m=make_rider 2020-05-09 08:47[RIDER CLIENT] uniacid: 3
[2020-05-09 08:47:46] trace  /app/index.php?i=4&t=0&v=1.0&from=wxapp&c=entry&a=wxapp&do=riderInfoDetail&state=we7sid-833afc6c09eeda0dc1c1491f25bf0279&sign=86ddb46e672af8dbe5a5f30cd3796059&m=make_rider 2020-05-09 08:47[RIDER CLIENT]rider uniacid: 4
[2020-05-09 08:47:46] trace  /app/index.php?i=4&t=0&v=1.0&from=wxapp&c=entry&a=wxapp&do=riderInfoDetail&state=we7sid-833afc6c09eeda0dc1c1491f25bf0279&sign=86ddb46e672af8dbe5a5f30cd3796059&m=make_rider 2020-05-09 08:47[RIDER CLIENT] uniacid: 3
[2020-05-09 08:47:50] trace  /app/index.php?i=4&t=0&v=1.0&from=wxapp&c=entry&a=wxapp&do=riderInfo&state=we7sid-833afc6c09eeda0dc1c1491f25bf0279&sign=b3ab21b84d7224f506446c5e6ffc1e6c&m=make_rider 2020-05-09 08:47[RIDER CLIENT]rider uniacid: 4
[2020-05-09 08:47:50] trace  /app/index.php?i=4&t=0&v=1.0&from=wxapp&c=entry&a=wxapp&do=riderInfo&state=we7sid-833afc6c09eeda0dc1c1491f25bf0279&sign=b3ab21b84d7224f506446c5e6ffc1e6c&m=make_rider 2020-05-09 08:47[RIDER CLIENT] uniacid: 3
[2020-05-09 08:48:41] trace  /app/index.php?i=4&t=0&v=1.0&from=wxapp&c=entry&a=wxapp&do=riderIsAccept&state=we7sid-833afc6c09eeda0dc1c1491f25bf0279&sign=4f896a5d251f37980fa67b7c6c82d747&type=-1&m=make_rider 2020-05-09 08:48[RIDER CLIENT]rider uniacid: 4
[2020-05-09 08:48:41] trace  /app/index.php?i=4&t=0&v=1.0&from=wxapp&c=entry&a=wxapp&do=riderIsAccept&state=we7sid-833afc6c09eeda0dc1c1491f25bf0279&sign=4f896a5d251f37980fa67b7c6c82d747&type=-1&m=make_rider 2020-05-09 08:48[RIDER CLIENT] uniacid: 3
[2020-05-09 08:48:42] trace  /app/index.php?i=4&t=0&v=1.0&from=wxapp&c=entry&a=wxapp&do=setRiderLocation&state=we7sid-833afc6c09eeda0dc1c1491f25bf0279&sign=3c2337b7e72ec276574d23b55d51c40a&address=%E6%B2%B3%E5%8D%97%E7%9C%81%E9%83%91%E5%B7%9E%E5%B8%82%E4%B8%AD%E7%89%9F%E5%8E%BF%E4%B8%87%E4%B8%89%E5%85%AC%E8%B7%AF&lat=34.730003&lng=113.918427&m=make_rider 2020-05-09 08:48[RIDER CLIENT]rider uniacid: 4
[2020-05-09 08:48:42] trace  /app/index.php?i=4&t=0&v=1.0&from=wxapp&c=entry&a=wxapp&do=setRiderLocation&state=we7sid-833afc6c09eeda0dc1c1491f25bf0279&sign=3c2337b7e72ec276574d23b55d51c40a&address=%E6%B2%B3%E5%8D%97%E7%9C%81%E9%83%91%E5%B7%9E%E5%B8%82%E4%B8%AD%E7%89%9F%E5%8E%BF%E4%B8%87%E4%B8%89%E5%85%AC%E8%B7%AF&lat=34.730003&lng=113.918427&m=make_rider 2020-05-09 08:48[RIDER CLIENT] uniacid: 3
[2020-05-09 08:48:42] trace  /app/index.php?i=4&t=0&v=1.0&from=wxapp&c=entry&a=wxapp&do=getRiderOrder&state=we7sid-833afc6c09eeda0dc1c1491f25bf0279&sign=69fe384b15ef792d43a1e6809aa29b29&status=-1&m=make_rider 2020-05-09 08:48[RIDER CLIENT]rider uniacid: 4
[2020-05-09 08:48:42] trace  /app/index.php?i=4&t=0&v=1.0&from=wxapp&c=entry&a=wxapp&do=getRiderOrder&state=we7sid-833afc6c09eeda0dc1c1491f25bf0279&sign=69fe384b15ef792d43a1e6809aa29b29&status=-1&m=make_rider 2020-05-09 08:48[RIDER CLIENT] uniacid: 3
[2020-05-09 08:48:52] trace  /app/index.php?i=4&t=0&v=1.0&from=wxapp&c=entry&a=wxapp&do=setFormid&state=we7sid-f1793e7f804dcbfc59244814b7c5809e&sign=68b337b8e3bd008aaee78bff1509682a&formId=bf27ba254a934509bde32c37a1157e02&m=make_rider 2020-05-09 08:48[RIDER CLIENT]rider uniacid: 4
[2020-05-09 08:48:52] trace  /app/index.php?i=4&t=0&v=1.0&from=wxapp&c=entry&a=wxapp&do=setFormid&state=we7sid-f1793e7f804dcbfc59244814b7c5809e&sign=68b337b8e3bd008aaee78bff1509682a&formId=bf27ba254a934509bde32c37a1157e02&m=make_rider 2020-05-09 08:48[RIDER CLIENT] uniacid: 3
[2020-05-09 08:48:52] trace  /app/index.php?i=4&t=0&v=1.0&from=wxapp&c=entry&a=wxapp&do=riderLogin&state=we7sid-f1793e7f804dcbfc59244814b7c5809e&sign=e098b5c9e9a5e380633516142a3ac314&mobile=15517821785&smscode=2250&m=make_rider 2020-05-09 08:48[RIDER CLIENT]rider uniacid: 4
[2020-05-09 08:48:52] trace  /app/index.php?i=4&t=0&v=1.0&from=wxapp&c=entry&a=wxapp&do=riderLogin&state=we7sid-f1793e7f804dcbfc59244814b7c5809e&sign=e098b5c9e9a5e380633516142a3ac314&mobile=15517821785&smscode=2250&m=make_rider 2020-05-09 08:48[RIDER CLIENT] uniacid: 3
[2020-05-09 08:48:56] trace  /app/index.php?i=4&t=0&v=1.0&from=wxapp&c=entry&a=wxapp&do=riderLogin&state=we7sid-f1793e7f804dcbfc59244814b7c5809e&sign=5fcbc44107e981d34ad2f0d85d6bbb2c&is_send=1&mobile=15517821785&m=make_rider 2020-05-09 08:48[RIDER CLIENT]rider uniacid: 4
[2020-05-09 08:48:56] trace  /app/index.php?i=4&t=0&v=1.0&from=wxapp&c=entry&a=wxapp&do=riderLogin&state=we7sid-f1793e7f804dcbfc59244814b7c5809e&sign=5fcbc44107e981d34ad2f0d85d6bbb2c&is_send=1&mobile=15517821785&m=make_rider 2020-05-09 08:48[RIDER CLIENT] uniacid: 3
[2020-05-09 08:49:06] trace  /app/index.php?i=4&t=0&v=1.0&from=wxapp&c=entry&a=wxapp&do=riderLogin&state=we7sid-f1793e7f804dcbfc59244814b7c5809e&sign=c188a3361ab69e09d58d321c0364cb6f&mobile=15517821785&smscode=3046&m=make_rider 2020-05-09 08:49[RIDER CLIENT]rider uniacid: 4
[2020-05-09 08:49:06] trace  /app/index.php?i=4&t=0&v=1.0&from=wxapp&c=entry&a=wxapp&do=setFormid&state=we7sid-f1793e7f804dcbfc59244814b7c5809e&sign=7c98b28f1ab69d32b09a545acdc5d3fa&formId=c7bb6945c07740739a24cad9bbf80a6a&m=make_rider 2020-05-09 08:49[RIDER CLIENT]rider uniacid: 4
[2020-05-09 08:49:06] trace  /app/index.php?i=4&t=0&v=1.0&from=wxapp&c=entry&a=wxapp&do=setFormid&state=we7sid-f1793e7f804dcbfc59244814b7c5809e&sign=7c98b28f1ab69d32b09a545acdc5d3fa&formId=c7bb6945c07740739a24cad9bbf80a6a&m=make_rider 2020-05-09 08:49[RIDER CLIENT] uniacid: 3
[2020-05-09 08:49:06] trace  /app/index.php?i=4&t=0&v=1.0&from=wxapp&c=entry&a=wxapp&do=riderLogin&state=we7sid-f1793e7f804dcbfc59244814b7c5809e&sign=c188a3361ab69e09d58d321c0364cb6f&mobile=15517821785&smscode=3046&m=make_rider 2020-05-09 08:49[RIDER CLIENT] uniacid: 3
[2020-05-09 08:49:07] trace  /app/index.php?i=4&t=0&v=1.0&from=wxapp&c=entry&a=wxapp&do=getRiderOrder&state=we7sid-f1793e7f804dcbfc59244814b7c5809e&sign=590eaa22fc7958c5a3772ebf0b7b5d3c&status=-1&m=make_rider 2020-05-09 08:49[RIDER CLIENT]rider uniacid: 4
[2020-05-09 08:49:07] trace  /app/index.php?i=4&t=0&v=1.0&from=wxapp&c=entry&a=wxapp&do=getRiderId&state=we7sid-f1793e7f804dcbfc59244814b7c5809e&sign=edd84d09cce53de3a920abdb51e071bb&m=make_rider 2020-05-09 08:49[RIDER CLIENT]rider uniacid: 4
[2020-05-09 08:49:07] trace  /app/index.php?i=4&t=0&v=1.0&from=wxapp&c=entry&a=wxapp&do=getRiderOrder&state=we7sid-f1793e7f804dcbfc59244814b7c5809e&sign=590eaa22fc7958c5a3772ebf0b7b5d3c&status=-1&m=make_rider 2020-05-09 08:49[RIDER CLIENT] uniacid: 3
[2020-05-09 08:49:07] trace  /app/index.php?i=4&t=0&v=1.0&from=wxapp&c=entry&a=wxapp&do=getRiderId&state=we7sid-f1793e7f804dcbfc59244814b7c5809e&sign=edd84d09cce53de3a920abdb51e071bb&m=make_rider 2020-05-09 08:49[RIDER CLIENT] uniacid: 3
[2020-05-09 08:49:07] trace  /app/index.php?i=4&t=0&v=1.0&from=wxapp&c=entry&a=wxapp&do=riderIsAccept&state=we7sid-f1793e7f804dcbfc59244814b7c5809e&sign=88358dd791e674d028c177c46ccf3f3d&type=-1&m=make_rider 2020-05-09 08:49[RIDER CLIENT]rider uniacid: 4
[2020-05-09 08:49:07] trace  /app/index.php?i=4&t=0&v=1.0&from=wxapp&c=entry&a=wxapp&do=riderIsAccept&state=we7sid-f1793e7f804dcbfc59244814b7c5809e&sign=88358dd791e674d028c177c46ccf3f3d&type=-1&m=make_rider 2020-05-09 08:49[RIDER CLIENT] uniacid: 3
[2020-05-09 08:49:08] trace  /app/index.php?i=4&t=0&v=1.0&from=wxapp&c=entry&a=wxapp&do=getRiderOrder&state=we7sid-f1793e7f804dcbfc59244814b7c5809e&sign=590eaa22fc7958c5a3772ebf0b7b5d3c&status=-1&m=make_rider 2020-05-09 08:49[RIDER CLIENT]rider uniacid: 4
[2020-05-09 08:49:08] trace  /app/index.php?i=4&t=0&v=1.0&from=wxapp&c=entry&a=wxapp&do=getRiderOrder&state=we7sid-f1793e7f804dcbfc59244814b7c5809e&sign=590eaa22fc7958c5a3772ebf0b7b5d3c&status=-1&m=make_rider 2020-05-09 08:49[RIDER CLIENT] uniacid: 3
[2020-05-09 08:49:15] trace  /app/index.php?i=4&t=0&v=1.0&from=wxapp&c=entry&a=wxapp&do=riderIsAccept&state=we7sid-f1793e7f804dcbfc59244814b7c5809e&sign=88358dd791e674d028c177c46ccf3f3d&type=-1&m=make_rider 2020-05-09 08:49[RIDER CLIENT]rider uniacid: 4
[2020-05-09 08:49:15] trace  /app/index.php?i=4&t=0&v=1.0&from=wxapp&c=entry&a=wxapp&do=riderIsAccept&state=we7sid-f1793e7f804dcbfc59244814b7c5809e&sign=88358dd791e674d028c177c46ccf3f3d&type=-1&m=make_rider 2020-05-09 08:49[RIDER CLIENT] uniacid: 3
[2020-05-09 08:49:16] trace  /app/index.php?i=4&t=0&v=1.0&from=wxapp&c=entry&a=wxapp&do=getRiderOrder&state=we7sid-f1793e7f804dcbfc59244814b7c5809e&sign=590eaa22fc7958c5a3772ebf0b7b5d3c&status=-1&m=make_rider 2020-05-09 08:49[RIDER CLIENT]rider uniacid: 4
[2020-05-09 08:49:16] trace  /app/index.php?i=4&t=0&v=1.0&from=wxapp&c=entry&a=wxapp&do=getRiderOrder&state=we7sid-f1793e7f804dcbfc59244814b7c5809e&sign=590eaa22fc7958c5a3772ebf0b7b5d3c&status=-1&m=make_rider 2020-05-09 08:49[RIDER CLIENT] uniacid: 3
[2020-05-09 08:49:17] trace  /app/index.php?i=4&t=0&v=1.0&from=wxapp&c=entry&a=wxapp&do=setRiderLocation&state=we7sid-f1793e7f804dcbfc59244814b7c5809e&sign=dae2caf369725a53d3013cb355fdb0b8&address=%E6%B2%B3%E5%8D%97%E7%9C%81%E9%83%91%E5%B7%9E%E5%B8%82%E4%B8%AD%E7%89%9F%E5%8E%BF%E4%B8%87%E4%B8%89%E5%85%AC%E8%B7%AF&lat=34.730297&lng=113.92028&m=make_rider 2020-05-09 08:49[RIDER CLIENT]rider uniacid: 4
[2020-05-09 08:49:17] trace  /app/index.php?i=4&t=0&v=1.0&from=wxapp&c=entry&a=wxapp&do=setRiderLocation&state=we7sid-f1793e7f804dcbfc59244814b7c5809e&sign=dae2caf369725a53d3013cb355fdb0b8&address=%E6%B2%B3%E5%8D%97%E7%9C%81%E9%83%91%E5%B7%9E%E5%B8%82%E4%B8%AD%E7%89%9F%E5%8E%BF%E4%B8%87%E4%B8%89%E5%85%AC%E8%B7%AF&lat=34.730297&lng=113.92028&m=make_rider 2020-05-09 08:49[RIDER CLIENT] uniacid: 3
[2020-05-09 08:49:17] trace  /app/index.php?i=4&t=0&v=1.0&from=wxapp&c=entry&a=wxapp&do=setRiderLocation&state=we7sid-f1793e7f804dcbfc59244814b7c5809e&sign=dae2caf369725a53d3013cb355fdb0b8&address=%E6%B2%B3%E5%8D%97%E7%9C%81%E9%83%91%E5%B7%9E%E5%B8%82%E4%B8%AD%E7%89%9F%E5%8E%BF%E4%B8%87%E4%B8%89%E5%85%AC%E8%B7%AF&lat=34.730297&lng=113.92028&m=make_rider 2020-05-09 08:49[RIDER CLIENT]rider uniacid: 4
[2020-05-09 08:49:17] trace  /app/index.php?i=4&t=0&v=1.0&from=wxapp&c=entry&a=wxapp&do=setRiderLocation&state=we7sid-f1793e7f804dcbfc59244814b7c5809e&sign=dae2caf369725a53d3013cb355fdb0b8&address=%E6%B2%B3%E5%8D%97%E7%9C%81%E9%83%91%E5%B7%9E%E5%B8%82%E4%B8%AD%E7%89%9F%E5%8E%BF%E4%B8%87%E4%B8%89%E5%85%AC%E8%B7%AF&lat=34.730297&lng=113.92028&m=make_rider 2020-05-09 08:49[RIDER CLIENT] uniacid: 3
[2020-05-09 08:49:40] trace  /app/index.php?i=3&t=0&v=1.0&from=wxapp&c=entry&a=wxapp&do=pay&state=we7sid-785f44bf7fdd6fe0f13aafe670d134f4&sign=5c931d14b4cb2ce40faa53fcf9537e67&id=186&pay_method=1&m=make_speed 2020-05-09 08:49[sendTemplate Rider] Error:invalid template_id hint: [InoWQA04144963]
[2020-05-09 08:49:40] trace  /app/index.php?i=3&t=0&v=1.0&from=wxapp&c=entry&a=wxapp&do=pay&state=we7sid-785f44bf7fdd6fe0f13aafe670d134f4&sign=5c931d14b4cb2ce40faa53fcf9537e67&id=186&pay_method=1&m=make_speed 2020-05-09 08:49[sendTemplate Rider] Error: business_rider_id::::Array
[2020-05-09 08:49:40] trace  /app/index.php?i=3&t=0&v=1.0&from=wxapp&c=entry&a=wxapp&do=pay&state=we7sid-785f44bf7fdd6fe0f13aafe670d134f4&sign=5c931d14b4cb2ce40faa53fcf9537e67&id=186&pay_method=1&m=make_speed 2020-05-09 08:49[sendTemplate Rider] Error:抢单模板消息未配置
[2020-05-09 08:49:48] trace  /app/index.php?i=4&t=0&v=1.0&from=wxapp&c=entry&a=wxapp&do=getRiderOrder&state=we7sid-f1793e7f804dcbfc59244814b7c5809e&sign=7f0c1b2d6e991c645add28c40d9b9eac&status=2&page=1&m=make_rider 2020-05-09 08:49[RIDER CLIENT]rider uniacid: 4
[2020-05-09 08:49:48] trace  /app/index.php?i=4&t=0&v=1.0&from=wxapp&c=entry&a=wxapp&do=getRiderOrder&state=we7sid-f1793e7f804dcbfc59244814b7c5809e&sign=7f0c1b2d6e991c645add28c40d9b9eac&status=2&page=1&m=make_rider 2020-05-09 08:49[RIDER CLIENT] uniacid: 3
[2020-05-09 08:50:14] trace  /app/index.php?i=4&t=0&v=1.0&from=wxapp&c=entry&a=wxapp&do=updateRiderInfo&state=we7sid-f1793e7f804dcbfc59244814b7c5809e&sign=d663f9c6e952ce714a36d380cc6880e7&nickName=%E7%88%B1%E9%80%92%E5%B0%94&avatarUrl=https%3A%2F%2Fwx.qlogo.cn%2Fmmopen%2Fvi_32%2FBXpaYKp5XrDl1ppZQa2vB36hictC8Z9a2YF8BMibAibF0I5nFUWcyHUzfZb1OmwbteutO6NCxXYHh7T44VJs8sPog%2F132&sex=0&m=make_rider 2020-05-09 08:50[RIDER CLIENT]rider uniacid: 4
[2020-05-09 08:50:14] trace  /app/index.php?i=4&t=0&v=1.0&from=wxapp&c=entry&a=wxapp&do=updateRiderInfo&state=we7sid-f1793e7f804dcbfc59244814b7c5809e&sign=d663f9c6e952ce714a36d380cc6880e7&nickName=%E7%88%B1%E9%80%92%E5%B0%94&avatarUrl=https%3A%2F%2Fwx.qlogo.cn%2Fmmopen%2Fvi_32%2FBXpaYKp5XrDl1ppZQa2vB36hictC8Z9a2YF8BMibAibF0I5nFUWcyHUzfZb1OmwbteutO6NCxXYHh7T44VJs8sPog%2F132&sex=0&m=make_rider 2020-05-09 08:50[RIDER CLIENT] uniacid: 3
[2020-05-09 08:50:16] trace  /app/index.php?i=4&t=0&v=1.0&from=wxapp&c=entry&a=wxapp&do=acceptOrder&state=we7sid-f1793e7f804dcbfc59244814b7c5809e&sign=30a29dd253a5aecd101decd6ad12cfdd&order_id=186&m=make_rider 2020-05-09 08:50[RIDER CLIENT]rider uniacid: 4
[2020-05-09 08:50:16] trace  /app/index.php?i=4&t=0&v=1.0&from=wxapp&c=entry&a=wxapp&do=acceptOrder&state=we7sid-f1793e7f804dcbfc59244814b7c5809e&sign=30a29dd253a5aecd101decd6ad12cfdd&order_id=186&m=make_rider 2020-05-09 08:50[RIDER CLIENT] uniacid: 3
[2020-05-09 08:50:16] trace  /app/index.php?i=4&t=0&v=1.0&from=wxapp&c=entry&a=wxapp&do=acceptOrder&state=we7sid-f1793e7f804dcbfc59244814b7c5809e&sign=30a29dd253a5aecd101decd6ad12cfdd&order_id=186&m=make_rider 2020-05-09 08:50[sendTemplate] Error: 未设置骑手接单通知用户模板消息
[2020-05-09 08:50:16] trace  /app/index.php?i=4&t=0&v=1.0&from=wxapp&c=entry&a=wxapp&do=acceptOrder&state=we7sid-f1793e7f804dcbfc59244814b7c5809e&sign=30a29dd253a5aecd101decd6ad12cfdd&order_id=186&m=make_rider 2020-05-09 08:50[sendTemplate Rider] Error:invalid template_id hint: [NqlHZa04503945]
[2020-05-09 08:50:17] trace  /app/index.php?i=4&t=0&v=1.0&from=wxapp&c=entry&a=wxapp&do=getRiderOrder&state=we7sid-f1793e7f804dcbfc59244814b7c5809e&sign=f4b7c26dc16aec385c3cc10f0fb5a2f7&status=3&page=1&m=make_rider 2020-05-09 08:50[RIDER CLIENT]rider uniacid: 4
[2020-05-09 08:50:17] trace  /app/index.php?i=4&t=0&v=1.0&from=wxapp&c=entry&a=wxapp&do=getRiderOrder&state=we7sid-f1793e7f804dcbfc59244814b7c5809e&sign=f4b7c26dc16aec385c3cc10f0fb5a2f7&status=3&page=1&m=make_rider 2020-05-09 08:50[RIDER CLIENT] uniacid: 3
[2020-05-09 08:50:17] trace  /app/index.php?i=4&t=0&v=1.0&from=wxapp&c=entry&a=wxapp&do=setRiderLocation&state=we7sid-f1793e7f804dcbfc59244814b7c5809e&sign=3801e861c9cb35ddb0eeb471f9f3a532&address=&lat=34.730701768663195&lng=113.91888997395833&m=make_rider 2020-05-09 08:50[RIDER CLIENT]rider uniacid: 4
[2020-05-09 08:50:17] trace  /app/index.php?i=4&t=0&v=1.0&from=wxapp&c=entry&a=wxapp&do=setRiderLocation&state=we7sid-f1793e7f804dcbfc59244814b7c5809e&sign=3801e861c9cb35ddb0eeb471f9f3a532&address=&lat=34.730701768663195&lng=113.91888997395833&m=make_rider 2020-05-09 08:50[RIDER CLIENT] uniacid: 3
[2020-05-09 08:50:28] trace  /app/index.php?i=4&t=0&v=1.0&from=wxapp&c=entry&a=wxapp&do=riderIsAccept&state=we7sid-f1793e7f804dcbfc59244814b7c5809e&sign=88358dd791e674d028c177c46ccf3f3d&type=-1&m=make_rider 2020-05-09 08:50[RIDER CLIENT]rider uniacid: 4
[2020-05-09 08:50:28] trace  /app/index.php?i=4&t=0&v=1.0&from=wxapp&c=entry&a=wxapp&do=riderIsAccept&state=we7sid-f1793e7f804dcbfc59244814b7c5809e&sign=88358dd791e674d028c177c46ccf3f3d&type=-1&m=make_rider 2020-05-09 08:50[RIDER CLIENT] uniacid: 3
[2020-05-09 08:50:28] trace  /app/index.php?i=4&t=0&v=1.0&from=wxapp&c=entry&a=wxapp&do=setRiderLocation&state=we7sid-f1793e7f804dcbfc59244814b7c5809e&sign=5bf420d20d930c499f26d6021e8cacb2&address=%E6%B2%B3%E5%8D%97%E7%9C%81%E9%83%91%E5%B7%9E%E5%B8%82%E4%B8%AD%E7%89%9F%E5%8E%BF%E4%B8%87%E4%B8%89%E5%85%AC%E8%B7%AF&lat=34.730003&lng=113.918427&m=make_rider 2020-05-09 08:50[RIDER CLIENT]rider uniacid: 4
[2020-05-09 08:50:28] trace  /app/index.php?i=4&t=0&v=1.0&from=wxapp&c=entry&a=wxapp&do=setRiderLocation&state=we7sid-f1793e7f804dcbfc59244814b7c5809e&sign=5bf420d20d930c499f26d6021e8cacb2&address=%E6%B2%B3%E5%8D%97%E7%9C%81%E9%83%91%E5%B7%9E%E5%B8%82%E4%B8%AD%E7%89%9F%E5%8E%BF%E4%B8%87%E4%B8%89%E5%85%AC%E8%B7%AF&lat=34.730003&lng=113.918427&m=make_rider 2020-05-09 08:50[RIDER CLIENT] uniacid: 3
[2020-05-09 08:50:29] trace  /app/index.php?i=4&t=0&v=1.0&from=wxapp&c=entry&a=wxapp&do=getRiderOrder&state=we7sid-f1793e7f804dcbfc59244814b7c5809e&sign=590eaa22fc7958c5a3772ebf0b7b5d3c&status=-1&m=make_rider 2020-05-09 08:50[RIDER CLIENT]rider uniacid: 4
[2020-05-09 08:50:29] trace  /app/index.php?i=4&t=0&v=1.0&from=wxapp&c=entry&a=wxapp&do=getRiderOrder&state=we7sid-f1793e7f804dcbfc59244814b7c5809e&sign=590eaa22fc7958c5a3772ebf0b7b5d3c&status=-1&m=make_rider 2020-05-09 08:50[RIDER CLIENT] uniacid: 3
[2020-05-09 08:50:39] trace  /app/index.php?i=4&t=0&v=1.0&from=wxapp&c=entry&a=wxapp&do=riderIsAccept&state=we7sid-f1793e7f804dcbfc59244814b7c5809e&sign=88358dd791e674d028c177c46ccf3f3d&type=-1&m=make_rider 2020-05-09 08:50[RIDER CLIENT]rider uniacid: 4
[2020-05-09 08:50:39] trace  /app/index.php?i=4&t=0&v=1.0&from=wxapp&c=entry&a=wxapp&do=riderIsAccept&state=we7sid-f1793e7f804dcbfc59244814b7c5809e&sign=88358dd791e674d028c177c46ccf3f3d&type=-1&m=make_rider 2020-05-09 08:50[RIDER CLIENT] uniacid: 3
[2020-05-09 08:50:39] trace  /app/index.php?i=4&t=0&v=1.0&from=wxapp&c=entry&a=wxapp&do=setRiderLocation&state=we7sid-f1793e7f804dcbfc59244814b7c5809e&sign=5bf420d20d930c499f26d6021e8cacb2&address=%E6%B2%B3%E5%8D%97%E7%9C%81%E9%83%91%E5%B7%9E%E5%B8%82%E4%B8%AD%E7%89%9F%E5%8E%BF%E4%B8%87%E4%B8%89%E5%85%AC%E8%B7%AF&lat=34.730003&lng=113.918427&m=make_rider 2020-05-09 08:50[RIDER CLIENT]rider uniacid: 4
[2020-05-09 08:50:39] trace  /app/index.php?i=4&t=0&v=1.0&from=wxapp&c=entry&a=wxapp&do=setRiderLocation&state=we7sid-f1793e7f804dcbfc59244814b7c5809e&sign=5bf420d20d930c499f26d6021e8cacb2&address=%E6%B2%B3%E5%8D%97%E7%9C%81%E9%83%91%E5%B7%9E%E5%B8%82%E4%B8%AD%E7%89%9F%E5%8E%BF%E4%B8%87%E4%B8%89%E5%85%AC%E8%B7%AF&lat=34.730003&lng=113.918427&m=make_rider 2020-05-09 08:50[RIDER CLIENT] uniacid: 3
[2020-05-09 08:50:40] trace  /app/index.php?i=4&t=0&v=1.0&from=wxapp&c=entry&a=wxapp&do=getRiderOrder&state=we7sid-f1793e7f804dcbfc59244814b7c5809e&sign=590eaa22fc7958c5a3772ebf0b7b5d3c&status=-1&m=make_rider 2020-05-09 08:50[RIDER CLIENT]rider uniacid: 4
[2020-05-09 08:50:40] trace  /app/index.php?i=4&t=0&v=1.0&from=wxapp&c=entry&a=wxapp&do=getRiderOrder&state=we7sid-f1793e7f804dcbfc59244814b7c5809e&sign=590eaa22fc7958c5a3772ebf0b7b5d3c&status=-1&m=make_rider 2020-05-09 08:50[RIDER CLIENT] uniacid: 3
[2020-05-09 08:51:08] trace  /app/index.php?i=4&t=0&v=1.0&from=wxapp&c=entry&a=wxapp&do=rider_update_order&state=we7sid-f1793e7f804dcbfc59244814b7c5809e&sign=d9751360ddc43e96b512e2535d1f23de&id=186&goods_code=&goods_img=&end_img=&lat=34.73070258246528&lng=113.91881890190972&type=0&m=make_rider 2020-05-09 08:51[RIDER CLIENT]rider uniacid: 4
[2020-05-09 08:51:08] trace  /app/index.php?i=4&t=0&v=1.0&from=wxapp&c=entry&a=wxapp&do=rider_update_order&state=we7sid-f1793e7f804dcbfc59244814b7c5809e&sign=d9751360ddc43e96b512e2535d1f23de&id=186&goods_code=&goods_img=&end_img=&lat=34.73070258246528&lng=113.91881890190972&type=0&m=make_rider 2020-05-09 08:51[RIDER CLIENT] uniacid: 3
[2020-05-09 08:51:14] trace  /app/index.php?i=4&t=0&v=1.0&from=wxapp&c=entry&a=wxapp&do=riderIsAccept&state=we7sid-f1793e7f804dcbfc59244814b7c5809e&sign=88358dd791e674d028c177c46ccf3f3d&type=-1&m=make_rider 2020-05-09 08:51[RIDER CLIENT]rider uniacid: 4
[2020-05-09 08:51:14] trace  /app/index.php?i=4&t=0&v=1.0&from=wxapp&c=entry&a=wxapp&do=riderIsAccept&state=we7sid-f1793e7f804dcbfc59244814b7c5809e&sign=88358dd791e674d028c177c46ccf3f3d&type=-1&m=make_rider 2020-05-09 08:51[RIDER CLIENT] uniacid: 3
[2020-05-09 08:51:16] trace  /app/index.php?i=4&t=0&v=1.0&from=wxapp&c=entry&a=wxapp&do=getRiderOrder&state=we7sid-f1793e7f804dcbfc59244814b7c5809e&sign=590eaa22fc7958c5a3772ebf0b7b5d3c&status=-1&m=make_rider 2020-05-09 08:51[RIDER CLIENT]rider uniacid: 4
[2020-05-09 08:51:16] trace  /app/index.php?i=4&t=0&v=1.0&from=wxapp&c=entry&a=wxapp&do=getRiderOrder&state=we7sid-f1793e7f804dcbfc59244814b7c5809e&sign=590eaa22fc7958c5a3772ebf0b7b5d3c&status=-1&m=make_rider 2020-05-09 08:51[RIDER CLIENT] uniacid: 3
[2020-05-09 08:51:16] trace  /app/index.php?i=4&t=0&v=1.0&from=wxapp&c=entry&a=wxapp&do=setRiderLocation&state=we7sid-f1793e7f804dcbfc59244814b7c5809e&sign=5bf420d20d930c499f26d6021e8cacb2&address=%E6%B2%B3%E5%8D%97%E7%9C%81%E9%83%91%E5%B7%9E%E5%B8%82%E4%B8%AD%E7%89%9F%E5%8E%BF%E4%B8%87%E4%B8%89%E5%85%AC%E8%B7%AF&lat=34.730003&lng=113.918427&m=make_rider 2020-05-09 08:51[RIDER CLIENT]rider uniacid: 4
[2020-05-09 08:51:16] trace  /app/index.php?i=4&t=0&v=1.0&from=wxapp&c=entry&a=wxapp&do=setRiderLocation&state=we7sid-f1793e7f804dcbfc59244814b7c5809e&sign=5bf420d20d930c499f26d6021e8cacb2&address=%E6%B2%B3%E5%8D%97%E7%9C%81%E9%83%91%E5%B7%9E%E5%B8%82%E4%B8%AD%E7%89%9F%E5%8E%BF%E4%B8%87%E4%B8%89%E5%85%AC%E8%B7%AF&lat=34.730003&lng=113.918427&m=make_rider 2020-05-09 08:51[RIDER CLIENT] uniacid: 3
[2020-05-09 08:51:21] trace  /app/index.php?i=4&t=0&v=1.0&from=wxapp&c=entry&a=wxapp&do=uploadImage&m=make_rider& 2020-05-09 08:51[RIDER CLIENT]rider uniacid: 4
[2020-05-09 08:51:21] trace  /app/index.php?i=4&t=0&v=1.0&from=wxapp&c=entry&a=wxapp&do=uploadImage&m=make_rider& 2020-05-09 08:51[RIDER CLIENT] uniacid: 3
[2020-05-09 08:51:52] trace  /app/index.php?i=4&t=0&v=1.0&from=wxapp&c=entry&a=wxapp&do=rider_update_order&state=we7sid-f1793e7f804dcbfc59244814b7c5809e&sign=70be3369c5a303fd4eff95c26ed59bd9&id=186&goods_code=547493&goods_img=%2Fuploads%2Fprogram%2F20200509%2F6555eb5fe8a218f6.jpg&end_img=&lat=34.73070258246528&lng=113.91881890190972&type=0&m=make_rider 2020-05-09 08:51[RIDER CLIENT]rider uniacid: 4
[2020-05-09 08:51:52] trace  /app/index.php?i=4&t=0&v=1.0&from=wxapp&c=entry&a=wxapp&do=rider_update_order&state=we7sid-f1793e7f804dcbfc59244814b7c5809e&sign=70be3369c5a303fd4eff95c26ed59bd9&id=186&goods_code=547493&goods_img=%2Fuploads%2Fprogram%2F20200509%2F6555eb5fe8a218f6.jpg&end_img=&lat=34.73070258246528&lng=113.91881890190972&type=0&m=make_rider 2020-05-09 08:51[RIDER CLIENT] uniacid: 3
[2020-05-09 08:51:53] trace  /app/index.php?i=4&t=0&v=1.0&from=wxapp&c=entry&a=wxapp&do=getRiderOrder&state=we7sid-f1793e7f804dcbfc59244814b7c5809e&sign=590eaa22fc7958c5a3772ebf0b7b5d3c&status=-1&m=make_rider 2020-05-09 08:51[RIDER CLIENT]rider uniacid: 4
[2020-05-09 08:51:53] trace  /app/index.php?i=4&t=0&v=1.0&from=wxapp&c=entry&a=wxapp&do=riderIsAccept&state=we7sid-f1793e7f804dcbfc59244814b7c5809e&sign=88358dd791e674d028c177c46ccf3f3d&type=-1&m=make_rider 2020-05-09 08:51[RIDER CLIENT]rider uniacid: 4
[2020-05-09 08:51:53] trace  /app/index.php?i=4&t=0&v=1.0&from=wxapp&c=entry&a=wxapp&do=getRiderOrder&state=we7sid-f1793e7f804dcbfc59244814b7c5809e&sign=590eaa22fc7958c5a3772ebf0b7b5d3c&status=-1&m=make_rider 2020-05-09 08:51[RIDER CLIENT] uniacid: 3
[2020-05-09 08:51:53] trace  /app/index.php?i=4&t=0&v=1.0&from=wxapp&c=entry&a=wxapp&do=riderIsAccept&state=we7sid-f1793e7f804dcbfc59244814b7c5809e&sign=88358dd791e674d028c177c46ccf3f3d&type=-1&m=make_rider 2020-05-09 08:51[RIDER CLIENT] uniacid: 3
[2020-05-09 08:51:53] trace  /app/index.php?i=4&t=0&v=1.0&from=wxapp&c=entry&a=wxapp&do=setRiderLocation&state=we7sid-f1793e7f804dcbfc59244814b7c5809e&sign=2aa005469b79750dc80b2cb79d12fd59&address=&lat=34.73067572699653&lng=113.91882405598959&m=make_rider 2020-05-09 08:51[RIDER CLIENT]rider uniacid: 4
[2020-05-09 08:51:53] trace  /app/index.php?i=4&t=0&v=1.0&from=wxapp&c=entry&a=wxapp&do=setRiderLocation&state=we7sid-f1793e7f804dcbfc59244814b7c5809e&sign=2aa005469b79750dc80b2cb79d12fd59&address=&lat=34.73067572699653&lng=113.91882405598959&m=make_rider 2020-05-09 08:51[RIDER CLIENT] uniacid: 3
[2020-05-09 08:52:11] trace  /app/index.php?i=4&t=0&v=1.0&from=wxapp&c=entry&a=wxapp&do=riderIsAccept&state=we7sid-f1793e7f804dcbfc59244814b7c5809e&sign=88358dd791e674d028c177c46ccf3f3d&type=-1&m=make_rider 2020-05-09 08:52[RIDER CLIENT]rider uniacid: 4
[2020-05-09 08:52:11] trace  /app/index.php?i=4&t=0&v=1.0&from=wxapp&c=entry&a=wxapp&do=riderIsAccept&state=we7sid-f1793e7f804dcbfc59244814b7c5809e&sign=88358dd791e674d028c177c46ccf3f3d&type=-1&m=make_rider 2020-05-09 08:52[RIDER CLIENT] uniacid: 3
[2020-05-09 08:52:11] trace  /app/index.php?i=4&t=0&v=1.0&from=wxapp&c=entry&a=wxapp&do=setRiderLocation&state=we7sid-f1793e7f804dcbfc59244814b7c5809e&sign=5bf420d20d930c499f26d6021e8cacb2&address=%E6%B2%B3%E5%8D%97%E7%9C%81%E9%83%91%E5%B7%9E%E5%B8%82%E4%B8%AD%E7%89%9F%E5%8E%BF%E4%B8%87%E4%B8%89%E5%85%AC%E8%B7%AF&lat=34.730003&lng=113.918427&m=make_rider 2020-05-09 08:52[RIDER CLIENT]rider uniacid: 4
[2020-05-09 08:52:11] trace  /app/index.php?i=4&t=0&v=1.0&from=wxapp&c=entry&a=wxapp&do=setRiderLocation&state=we7sid-f1793e7f804dcbfc59244814b7c5809e&sign=5bf420d20d930c499f26d6021e8cacb2&address=%E6%B2%B3%E5%8D%97%E7%9C%81%E9%83%91%E5%B7%9E%E5%B8%82%E4%B8%AD%E7%89%9F%E5%8E%BF%E4%B8%87%E4%B8%89%E5%85%AC%E8%B7%AF&lat=34.730003&lng=113.918427&m=make_rider 2020-05-09 08:52[RIDER CLIENT] uniacid: 3
[2020-05-09 08:52:12] trace  /app/index.php?i=4&t=0&v=1.0&from=wxapp&c=entry&a=wxapp&do=getRiderOrder&state=we7sid-f1793e7f804dcbfc59244814b7c5809e&sign=590eaa22fc7958c5a3772ebf0b7b5d3c&status=-1&m=make_rider 2020-05-09 08:52[RIDER CLIENT]rider uniacid: 4
[2020-05-09 08:52:12] trace  /app/index.php?i=4&t=0&v=1.0&from=wxapp&c=entry&a=wxapp&do=getRiderOrder&state=we7sid-f1793e7f804dcbfc59244814b7c5809e&sign=590eaa22fc7958c5a3772ebf0b7b5d3c&status=-1&m=make_rider 2020-05-09 08:52[RIDER CLIENT] uniacid: 3
[2020-05-09 08:52:45] trace  /app/index.php?i=4&t=0&v=1.0&from=wxapp&c=entry&a=wxapp&do=rider_update_order&state=we7sid-f1793e7f804dcbfc59244814b7c5809e&sign=31265496127da32fb6247346adffb4bf&id=186&goods_code=268493&goods_img=&end_img=&lat=34.73069173177083&lng=113.91884385850695&type=1&m=make_rider 2020-05-09 08:52[RIDER CLIENT]rider uniacid: 4
[2020-05-09 08:52:45] trace  /app/index.php?i=4&t=0&v=1.0&from=wxapp&c=entry&a=wxapp&do=rider_update_order&state=we7sid-f1793e7f804dcbfc59244814b7c5809e&sign=31265496127da32fb6247346adffb4bf&id=186&goods_code=268493&goods_img=&end_img=&lat=34.73069173177083&lng=113.91884385850695&type=1&m=make_rider 2020-05-09 08:52[RIDER CLIENT] uniacid: 3
[2020-05-09 08:52:50] trace  /app/index.php?i=4&t=0&v=1.0&from=wxapp&c=entry&a=wxapp&do=riderIsAccept&state=we7sid-f1793e7f804dcbfc59244814b7c5809e&sign=88358dd791e674d028c177c46ccf3f3d&type=-1&m=make_rider 2020-05-09 08:52[RIDER CLIENT]rider uniacid: 4
[2020-05-09 08:52:50] trace  /app/index.php?i=4&t=0&v=1.0&from=wxapp&c=entry&a=wxapp&do=riderIsAccept&state=we7sid-f1793e7f804dcbfc59244814b7c5809e&sign=88358dd791e674d028c177c46ccf3f3d&type=-1&m=make_rider 2020-05-09 08:52[RIDER CLIENT] uniacid: 3
[2020-05-09 08:52:51] trace  /app/index.php?i=4&t=0&v=1.0&from=wxapp&c=entry&a=wxapp&do=setRiderLocation&state=we7sid-f1793e7f804dcbfc59244814b7c5809e&sign=5bf420d20d930c499f26d6021e8cacb2&address=%E6%B2%B3%E5%8D%97%E7%9C%81%E9%83%91%E5%B7%9E%E5%B8%82%E4%B8%AD%E7%89%9F%E5%8E%BF%E4%B8%87%E4%B8%89%E5%85%AC%E8%B7%AF&lat=34.730003&lng=113.918427&m=make_rider 2020-05-09 08:52[RIDER CLIENT]rider uniacid: 4
[2020-05-09 08:52:51] trace  /app/index.php?i=4&t=0&v=1.0&from=wxapp&c=entry&a=wxapp&do=setRiderLocation&state=we7sid-f1793e7f804dcbfc59244814b7c5809e&sign=5bf420d20d930c499f26d6021e8cacb2&address=%E6%B2%B3%E5%8D%97%E7%9C%81%E9%83%91%E5%B7%9E%E5%B8%82%E4%B8%AD%E7%89%9F%E5%8E%BF%E4%B8%87%E4%B8%89%E5%85%AC%E8%B7%AF&lat=34.730003&lng=113.918427&m=make_rider 2020-05-09 08:52[RIDER CLIENT] uniacid: 3
[2020-05-09 08:52:51] trace  /app/index.php?i=4&t=0&v=1.0&from=wxapp&c=entry&a=wxapp&do=getRiderOrder&state=we7sid-f1793e7f804dcbfc59244814b7c5809e&sign=590eaa22fc7958c5a3772ebf0b7b5d3c&status=-1&m=make_rider 2020-05-09 08:52[RIDER CLIENT]rider uniacid: 4
[2020-05-09 08:52:51] trace  /app/index.php?i=4&t=0&v=1.0&from=wxapp&c=entry&a=wxapp&do=getRiderOrder&state=we7sid-f1793e7f804dcbfc59244814b7c5809e&sign=590eaa22fc7958c5a3772ebf0b7b5d3c&status=-1&m=make_rider 2020-05-09 08:52[RIDER CLIENT] uniacid: 3
[2020-05-09 08:52:52] trace  /app/index.php?i=4&t=0&v=1.0&from=wxapp&c=entry&a=wxapp&do=uploadImage&m=make_rider& 2020-05-09 08:52[RIDER CLIENT]rider uniacid: 4
[2020-05-09 08:52:52] trace  /app/index.php?i=4&t=0&v=1.0&from=wxapp&c=entry&a=wxapp&do=uploadImage&m=make_rider& 2020-05-09 08:52[RIDER CLIENT] uniacid: 3
[2020-05-09 08:52:52] trace  /app/index.php?i=4&t=0&v=1.0&from=wxapp&c=entry&a=wxapp&do=rider_update_order&state=we7sid-f1793e7f804dcbfc59244814b7c5809e&sign=f4e682d8ba98712623743107439df373&id=186&goods_code=268493&goods_img=&end_img=&lat=34.73062364366319&lng=113.9188490125868&type=1&m=make_rider 2020-05-09 08:52[RIDER CLIENT]rider uniacid: 4
[2020-05-09 08:52:52] trace  /app/index.php?i=4&t=0&v=1.0&from=wxapp&c=entry&a=wxapp&do=rider_update_order&state=we7sid-f1793e7f804dcbfc59244814b7c5809e&sign=f4e682d8ba98712623743107439df373&id=186&goods_code=268493&goods_img=&end_img=&lat=34.73062364366319&lng=113.9188490125868&type=1&m=make_rider 2020-05-09 08:52[RIDER CLIENT] uniacid: 3
[2020-05-09 08:52:56] trace  /app/index.php?i=4&t=0&v=1.0&from=wxapp&c=entry&a=wxapp&do=rider_update_order&state=we7sid-f1793e7f804dcbfc59244814b7c5809e&sign=6bf3796c06972e7ab23fbaf703e9b764&id=186&goods_code=268493&goods_img=&end_img=%2Fuploads%2Fprogram%2F20200509%2F375eb5fee42e88a.jpg&lat=34.73062364366319&lng=113.9188490125868&type=1&m=make_rider 2020-05-09 08:52[RIDER CLIENT]rider uniacid: 4
[2020-05-09 08:52:56] trace  /app/index.php?i=4&t=0&v=1.0&from=wxapp&c=entry&a=wxapp&do=rider_update_order&state=we7sid-f1793e7f804dcbfc59244814b7c5809e&sign=6bf3796c06972e7ab23fbaf703e9b764&id=186&goods_code=268493&goods_img=&end_img=%2Fuploads%2Fprogram%2F20200509%2F375eb5fee42e88a.jpg&lat=34.73062364366319&lng=113.9188490125868&type=1&m=make_rider 2020-05-09 08:52[RIDER CLIENT] uniacid: 3
[2020-05-09 08:52:56] trace  /app/index.php?i=4&t=0&v=1.0&from=wxapp&c=entry&a=wxapp&do=rider_update_order&state=we7sid-f1793e7f804dcbfc59244814b7c5809e&sign=6bf3796c06972e7ab23fbaf703e9b764&id=186&goods_code=268493&goods_img=&end_img=%2Fuploads%2Fprogram%2F20200509%2F375eb5fee42e88a.jpg&lat=34.73062364366319&lng=113.9188490125868&type=1&m=make_rider 2020-05-09 08:52[sendTemplate] Error: 未设置骑手接单通知用户模板消息
[2020-05-09 08:52:56] trace  /app/index.php?i=4&t=0&v=1.0&from=wxapp&c=entry&a=wxapp&do=rider_update_order&state=we7sid-f1793e7f804dcbfc59244814b7c5809e&sign=6bf3796c06972e7ab23fbaf703e9b764&id=186&goods_code=268493&goods_img=&end_img=%2Fuploads%2Fprogram%2F20200509%2F375eb5fee42e88a.jpg&lat=34.73062364366319&lng=113.9188490125868&type=1&m=make_rider 2020-05-09 08:52[sendTemplate Rider] Error:invalid template_id hint: [Po5U306104121]
[2020-05-09 08:52:57] trace  /app/index.php?i=4&t=0&v=1.0&from=wxapp&c=entry&a=wxapp&do=getRiderOrder&state=we7sid-f1793e7f804dcbfc59244814b7c5809e&sign=590eaa22fc7958c5a3772ebf0b7b5d3c&status=-1&m=make_rider 2020-05-09 08:52[RIDER CLIENT]rider uniacid: 4
[2020-05-09 08:52:57] trace  /app/index.php?i=4&t=0&v=1.0&from=wxapp&c=entry&a=wxapp&do=getRiderOrder&state=we7sid-f1793e7f804dcbfc59244814b7c5809e&sign=590eaa22fc7958c5a3772ebf0b7b5d3c&status=-1&m=make_rider 2020-05-09 08:52[RIDER CLIENT] uniacid: 3
[2020-05-09 08:52:57] trace  /app/index.php?i=4&t=0&v=1.0&from=wxapp&c=entry&a=wxapp&do=riderIsAccept&state=we7sid-f1793e7f804dcbfc59244814b7c5809e&sign=88358dd791e674d028c177c46ccf3f3d&type=-1&m=make_rider 2020-05-09 08:52[RIDER CLIENT]rider uniacid: 4
[2020-05-09 08:52:57] trace  /app/index.php?i=4&t=0&v=1.0&from=wxapp&c=entry&a=wxapp&do=riderIsAccept&state=we7sid-f1793e7f804dcbfc59244814b7c5809e&sign=88358dd791e674d028c177c46ccf3f3d&type=-1&m=make_rider 2020-05-09 08:52[RIDER CLIENT] uniacid: 3
[2020-05-09 08:52:57] trace  /app/index.php?i=4&t=0&v=1.0&from=wxapp&c=entry&a=wxapp&do=setRiderLocation&state=we7sid-f1793e7f804dcbfc59244814b7c5809e&sign=e3ecd475fa78b734733a5cfb05f87637&address=&lat=34.730625542534725&lng=113.91884792751736&m=make_rider 2020-05-09 08:52[RIDER CLIENT]rider uniacid: 4
[2020-05-09 08:52:57] trace  /app/index.php?i=4&t=0&v=1.0&from=wxapp&c=entry&a=wxapp&do=setRiderLocation&state=we7sid-f1793e7f804dcbfc59244814b7c5809e&sign=e3ecd475fa78b734733a5cfb05f87637&address=&lat=34.730625542534725&lng=113.91884792751736&m=make_rider 2020-05-09 08:52[RIDER CLIENT] uniacid: 3
[2020-05-09 08:59:44] trace  /app/index.php?i=4&t=0&v=1.0&from=wxapp&c=entry&a=wxapp&do=riderInfo&state=we7sid-f1793e7f804dcbfc59244814b7c5809e&sign=848589e594dfa2dd7ddf50c673f42571&m=make_rider 2020-05-09 08:59[RIDER CLIENT]rider uniacid: 4
[2020-05-09 08:59:44] trace  /app/index.php?i=4&t=0&v=1.0&from=wxapp&c=entry&a=wxapp&do=register_business&state=we7sid-f1793e7f804dcbfc59244814b7c5809e&sign=79692cc6ea339cd6a597d8363e4e5352&m=make_rider 2020-05-09 08:59[RIDER CLIENT]rider uniacid: 4
[2020-05-09 08:59:44] trace  /app/index.php?i=4&t=0&v=1.0&from=wxapp&c=entry&a=wxapp&do=riderInfo&state=we7sid-f1793e7f804dcbfc59244814b7c5809e&sign=848589e594dfa2dd7ddf50c673f42571&m=make_rider 2020-05-09 08:59[RIDER CLIENT] uniacid: 3
[2020-05-09 08:59:44] trace  /app/index.php?i=4&t=0&v=1.0&from=wxapp&c=entry&a=wxapp&do=register_business&state=we7sid-f1793e7f804dcbfc59244814b7c5809e&sign=79692cc6ea339cd6a597d8363e4e5352&m=make_rider 2020-05-09 08:59[RIDER CLIENT] uniacid: 3
[2020-05-09 08:59:49] trace  /app/index.php?i=4&t=0&v=1.0&from=wxapp&c=entry&a=wxapp&do=riderIsAccept&state=we7sid-f1793e7f804dcbfc59244814b7c5809e&sign=88358dd791e674d028c177c46ccf3f3d&type=-1&m=make_rider 2020-05-09 08:59[RIDER CLIENT]rider uniacid: 4
[2020-05-09 08:59:49] trace  /app/index.php?i=4&t=0&v=1.0&from=wxapp&c=entry&a=wxapp&do=riderIsAccept&state=we7sid-f1793e7f804dcbfc59244814b7c5809e&sign=88358dd791e674d028c177c46ccf3f3d&type=-1&m=make_rider 2020-05-09 08:59[RIDER CLIENT] uniacid: 3
[2020-05-09 08:59:49] trace  /app/index.php?i=4&t=0&v=1.0&from=wxapp&c=entry&a=wxapp&do=setRiderLocation&state=we7sid-f1793e7f804dcbfc59244814b7c5809e&sign=dae2caf369725a53d3013cb355fdb0b8&address=%E6%B2%B3%E5%8D%97%E7%9C%81%E9%83%91%E5%B7%9E%E5%B8%82%E4%B8%AD%E7%89%9F%E5%8E%BF%E4%B8%87%E4%B8%89%E5%85%AC%E8%B7%AF&lat=34.730297&lng=113.92028&m=make_rider 2020-05-09 08:59[RIDER CLIENT]rider uniacid: 4
[2020-05-09 08:59:49] trace  /app/index.php?i=4&t=0&v=1.0&from=wxapp&c=entry&a=wxapp&do=setRiderLocation&state=we7sid-f1793e7f804dcbfc59244814b7c5809e&sign=dae2caf369725a53d3013cb355fdb0b8&address=%E6%B2%B3%E5%8D%97%E7%9C%81%E9%83%91%E5%B7%9E%E5%B8%82%E4%B8%AD%E7%89%9F%E5%8E%BF%E4%B8%87%E4%B8%89%E5%85%AC%E8%B7%AF&lat=34.730297&lng=113.92028&m=make_rider 2020-05-09 08:59[RIDER CLIENT] uniacid: 3
[2020-05-09 08:59:50] trace  /app/index.php?i=4&t=0&v=1.0&from=wxapp&c=entry&a=wxapp&do=getRiderOrder&state=we7sid-f1793e7f804dcbfc59244814b7c5809e&sign=590eaa22fc7958c5a3772ebf0b7b5d3c&status=-1&m=make_rider 2020-05-09 08:59[RIDER CLIENT]rider uniacid: 4
[2020-05-09 08:59:50] trace  /app/index.php?i=4&t=0&v=1.0&from=wxapp&c=entry&a=wxapp&do=getRiderOrder&state=we7sid-f1793e7f804dcbfc59244814b7c5809e&sign=590eaa22fc7958c5a3772ebf0b7b5d3c&status=-1&m=make_rider 2020-05-09 08:59[RIDER CLIENT] uniacid: 3
[2020-05-09 09:02:43] trace  /app/index.php?i=3&t=0&v=1.0&from=wxapp&c=entry&a=wxapp&do=pay&state=we7sid-2f02caf47cc3c0068b1b62cbcc541fbc&sign=b1198200d4b95dff3e0d16308bd2fb63&id=187&pay_method=1&m=make_speed 2020-05-09 09:02[sendTemplate Rider] Error:invalid template_id hint: [rzL7cA01963924]
[2020-05-09 09:02:43] trace  /app/index.php?i=3&t=0&v=1.0&from=wxapp&c=entry&a=wxapp&do=pay&state=we7sid-2f02caf47cc3c0068b1b62cbcc541fbc&sign=b1198200d4b95dff3e0d16308bd2fb63&id=187&pay_method=1&m=make_speed 2020-05-09 09:02[sendTemplate Rider] Error: business_rider_id::::Array
[2020-05-09 09:02:43] trace  /app/index.php?i=3&t=0&v=1.0&from=wxapp&c=entry&a=wxapp&do=pay&state=we7sid-2f02caf47cc3c0068b1b62cbcc541fbc&sign=b1198200d4b95dff3e0d16308bd2fb63&id=187&pay_method=1&m=make_speed 2020-05-09 09:02[sendTemplate Rider] Error:抢单模板消息未配置
[2020-05-09 09:02:53] trace  /app/index.php?i=4&t=0&v=1.0&from=wxapp&c=entry&a=wxapp&do=riderIsAccept&state=we7sid-f1793e7f804dcbfc59244814b7c5809e&sign=88358dd791e674d028c177c46ccf3f3d&type=-1&m=make_rider 2020-05-09 09:02[RIDER CLIENT]rider uniacid: 4
[2020-05-09 09:02:53] trace  /app/index.php?i=4&t=0&v=1.0&from=wxapp&c=entry&a=wxapp&do=riderIsAccept&state=we7sid-f1793e7f804dcbfc59244814b7c5809e&sign=88358dd791e674d028c177c46ccf3f3d&type=-1&m=make_rider 2020-05-09 09:02[RIDER CLIENT] uniacid: 3
[2020-05-09 09:02:54] trace  /app/index.php?i=4&t=0&v=1.0&from=wxapp&c=entry&a=wxapp&do=setRiderLocation&state=we7sid-f1793e7f804dcbfc59244814b7c5809e&sign=5bf420d20d930c499f26d6021e8cacb2&address=%E6%B2%B3%E5%8D%97%E7%9C%81%E9%83%91%E5%B7%9E%E5%B8%82%E4%B8%AD%E7%89%9F%E5%8E%BF%E4%B8%87%E4%B8%89%E5%85%AC%E8%B7%AF&lat=34.730003&lng=113.918427&m=make_rider 2020-05-09 09:02[RIDER CLIENT]rider uniacid: 4
[2020-05-09 09:02:54] trace  /app/index.php?i=4&t=0&v=1.0&from=wxapp&c=entry&a=wxapp&do=setRiderLocation&state=we7sid-f1793e7f804dcbfc59244814b7c5809e&sign=5bf420d20d930c499f26d6021e8cacb2&address=%E6%B2%B3%E5%8D%97%E7%9C%81%E9%83%91%E5%B7%9E%E5%B8%82%E4%B8%AD%E7%89%9F%E5%8E%BF%E4%B8%87%E4%B8%89%E5%85%AC%E8%B7%AF&lat=34.730003&lng=113.918427&m=make_rider 2020-05-09 09:02[RIDER CLIENT] uniacid: 3
[2020-05-09 09:02:54] trace  /app/index.php?i=4&t=0&v=1.0&from=wxapp&c=entry&a=wxapp&do=getRiderOrder&state=we7sid-f1793e7f804dcbfc59244814b7c5809e&sign=590eaa22fc7958c5a3772ebf0b7b5d3c&status=-1&m=make_rider 2020-05-09 09:02[RIDER CLIENT]rider uniacid: 4
[2020-05-09 09:02:54] trace  /app/index.php?i=4&t=0&v=1.0&from=wxapp&c=entry&a=wxapp&do=getRiderOrder&state=we7sid-f1793e7f804dcbfc59244814b7c5809e&sign=590eaa22fc7958c5a3772ebf0b7b5d3c&status=-1&m=make_rider 2020-05-09 09:02[RIDER CLIENT] uniacid: 3
[2020-05-09 09:02:55] trace  /app/index.php?i=4&t=0&v=1.0&from=wxapp&c=entry&a=wxapp&do=getRiderOrder&state=we7sid-f1793e7f804dcbfc59244814b7c5809e&sign=7f0c1b2d6e991c645add28c40d9b9eac&status=2&page=1&m=make_rider 2020-05-09 09:02[RIDER CLIENT]rider uniacid: 4
[2020-05-09 09:02:55] trace  /app/index.php?i=4&t=0&v=1.0&from=wxapp&c=entry&a=wxapp&do=getRiderOrder&state=we7sid-f1793e7f804dcbfc59244814b7c5809e&sign=7f0c1b2d6e991c645add28c40d9b9eac&status=2&page=1&m=make_rider 2020-05-09 09:02[RIDER CLIENT] uniacid: 3
[2020-05-09 09:02:57] trace  /app/index.php?i=4&t=0&v=1.0&from=wxapp&c=entry&a=wxapp&do=acceptOrder&state=we7sid-f1793e7f804dcbfc59244814b7c5809e&sign=acc282ce507340a47b5bc6148a7d5751&order_id=187&m=make_rider 2020-05-09 09:02[RIDER CLIENT]rider uniacid: 4
[2020-05-09 09:02:57] trace  /app/index.php?i=4&t=0&v=1.0&from=wxapp&c=entry&a=wxapp&do=acceptOrder&state=we7sid-f1793e7f804dcbfc59244814b7c5809e&sign=acc282ce507340a47b5bc6148a7d5751&order_id=187&m=make_rider 2020-05-09 09:02[RIDER CLIENT] uniacid: 3
[2020-05-09 09:02:57] trace  /app/index.php?i=4&t=0&v=1.0&from=wxapp&c=entry&a=wxapp&do=acceptOrder&state=we7sid-f1793e7f804dcbfc59244814b7c5809e&sign=acc282ce507340a47b5bc6148a7d5751&order_id=187&m=make_rider 2020-05-09 09:02[sendTemplate] Error: 未设置骑手接单通知用户模板消息
[2020-05-09 09:02:57] trace  /app/index.php?i=4&t=0&v=1.0&from=wxapp&c=entry&a=wxapp&do=acceptOrder&state=we7sid-f1793e7f804dcbfc59244814b7c5809e&sign=acc282ce507340a47b5bc6148a7d5751&order_id=187&m=make_rider 2020-05-09 09:02[sendTemplate Rider] Error:invalid template_id hint: [XpYPoA0211d427]
[2020-05-09 09:02:58] trace  /app/index.php?i=4&t=0&v=1.0&from=wxapp&c=entry&a=wxapp&do=getRiderOrder&state=we7sid-f1793e7f804dcbfc59244814b7c5809e&sign=f4b7c26dc16aec385c3cc10f0fb5a2f7&status=3&page=1&m=make_rider 2020-05-09 09:02[RIDER CLIENT]rider uniacid: 4
[2020-05-09 09:02:58] trace  /app/index.php?i=4&t=0&v=1.0&from=wxapp&c=entry&a=wxapp&do=getRiderOrder&state=we7sid-f1793e7f804dcbfc59244814b7c5809e&sign=f4b7c26dc16aec385c3cc10f0fb5a2f7&status=3&page=1&m=make_rider 2020-05-09 09:02[RIDER CLIENT] uniacid: 3
[2020-05-09 09:02:58] trace  /app/index.php?i=4&t=0&v=1.0&from=wxapp&c=entry&a=wxapp&do=setRiderLocation&state=we7sid-f1793e7f804dcbfc59244814b7c5809e&sign=cb77b18f3a818c680222f7d9bc54b270&address=&lat=34.73067464192708&lng=113.91886881510416&m=make_rider 2020-05-09 09:02[RIDER CLIENT]rider uniacid: 4
[2020-05-09 09:02:58] trace  /app/index.php?i=4&t=0&v=1.0&from=wxapp&c=entry&a=wxapp&do=setRiderLocation&state=we7sid-f1793e7f804dcbfc59244814b7c5809e&sign=cb77b18f3a818c680222f7d9bc54b270&address=&lat=34.73067464192708&lng=113.91886881510416&m=make_rider 2020-05-09 09:02[RIDER CLIENT] uniacid: 3
[2020-05-09 09:03:18] trace  /app/index.php?i=4&t=0&v=1.0&from=wxapp&c=entry&a=wxapp&do=uploadImage&m=make_rider& 2020-05-09 09:03[RIDER CLIENT]rider uniacid: 4
[2020-05-09 09:03:18] trace  /app/index.php?i=4&t=0&v=1.0&from=wxapp&c=entry&a=wxapp&do=uploadImage&m=make_rider& 2020-05-09 09:03[RIDER CLIENT] uniacid: 3
[2020-05-09 09:03:21] trace  /app/index.php?i=4&t=0&v=1.0&from=wxapp&c=entry&a=wxapp&do=rider_update_order&state=we7sid-f1793e7f804dcbfc59244814b7c5809e&sign=01d7cb1380eadf3582f7ad85d0941a42&id=187&goods_code=&goods_img=%2Fuploads%2Fprogram%2F20200509%2F4835eb601563c070.jpg&end_img=&lat=34.730685763888886&lng=113.91878200954861&type=0&m=make_rider 2020-05-09 09:03[RIDER CLIENT]rider uniacid: 4
[2020-05-09 09:03:21] trace  /app/index.php?i=4&t=0&v=1.0&from=wxapp&c=entry&a=wxapp&do=rider_update_order&state=we7sid-f1793e7f804dcbfc59244814b7c5809e&sign=01d7cb1380eadf3582f7ad85d0941a42&id=187&goods_code=&goods_img=%2Fuploads%2Fprogram%2F20200509%2F4835eb601563c070.jpg&end_img=&lat=34.730685763888886&lng=113.91878200954861&type=0&m=make_rider 2020-05-09 09:03[RIDER CLIENT] uniacid: 3
[2020-05-09 09:04:03] trace  /app/index.php?i=4&t=0&v=1.0&from=wxapp&c=entry&a=wxapp&do=rider_update_order&state=we7sid-f1793e7f804dcbfc59244814b7c5809e&sign=6fb513ccc2c0136490536835ea33371f&id=187&goods_code=628004&goods_img=%2Fuploads%2Fprogram%2F20200509%2F4835eb601563c070.jpg&end_img=&lat=34.73066080729166&lng=113.91890380859375&type=0&m=make_rider 2020-05-09 09:04[RIDER CLIENT]rider uniacid: 4
[2020-05-09 09:04:03] trace  /app/index.php?i=4&t=0&v=1.0&from=wxapp&c=entry&a=wxapp&do=rider_update_order&state=we7sid-f1793e7f804dcbfc59244814b7c5809e&sign=6fb513ccc2c0136490536835ea33371f&id=187&goods_code=628004&goods_img=%2Fuploads%2Fprogram%2F20200509%2F4835eb601563c070.jpg&end_img=&lat=34.73066080729166&lng=113.91890380859375&type=0&m=make_rider 2020-05-09 09:04[RIDER CLIENT] uniacid: 3
[2020-05-09 09:04:04] trace  /app/index.php?i=4&t=0&v=1.0&from=wxapp&c=entry&a=wxapp&do=getRiderOrder&state=we7sid-f1793e7f804dcbfc59244814b7c5809e&sign=6331258357080b67c9d6bc98daf743ff&status=4&page=1&m=make_rider 2020-05-09 09:04[RIDER CLIENT]rider uniacid: 4
[2020-05-09 09:04:04] trace  /app/index.php?i=4&t=0&v=1.0&from=wxapp&c=entry&a=wxapp&do=getRiderOrder&state=we7sid-f1793e7f804dcbfc59244814b7c5809e&sign=6331258357080b67c9d6bc98daf743ff&status=4&page=1&m=make_rider 2020-05-09 09:04[RIDER CLIENT] uniacid: 3
[2020-05-09 09:04:04] trace  /app/index.php?i=4&t=0&v=1.0&from=wxapp&c=entry&a=wxapp&do=setRiderLocation&state=we7sid-f1793e7f804dcbfc59244814b7c5809e&sign=908ceb2972afb3744fab932be481d7f7&address=&lat=34.73060763888889&lng=113.91886800130209&m=make_rider 2020-05-09 09:04[RIDER CLIENT]rider uniacid: 4
[2020-05-09 09:04:04] trace  /app/index.php?i=4&t=0&v=1.0&from=wxapp&c=entry&a=wxapp&do=setRiderLocation&state=we7sid-f1793e7f804dcbfc59244814b7c5809e&sign=908ceb2972afb3744fab932be481d7f7&address=&lat=34.73060763888889&lng=113.91886800130209&m=make_rider 2020-05-09 09:04[RIDER CLIENT] uniacid: 3
[2020-05-09 09:04:44] trace  /app/index.php?i=4&t=0&v=1.0&from=wxapp&c=entry&a=wxapp&do=uploadImage&m=make_rider& 2020-05-09 09:04[RIDER CLIENT]rider uniacid: 4
[2020-05-09 09:04:44] trace  /app/index.php?i=4&t=0&v=1.0&from=wxapp&c=entry&a=wxapp&do=uploadImage&m=make_rider& 2020-05-09 09:04[RIDER CLIENT] uniacid: 3
[2020-05-09 09:04:45] trace  /app/index.php?i=4&t=0&v=1.0&from=wxapp&c=entry&a=wxapp&do=rider_update_order&state=we7sid-f1793e7f804dcbfc59244814b7c5809e&sign=74836add79c47eace8ee137368d4d951&id=187&goods_code=&goods_img=&end_img=&lat=34.73060763888889&lng=113.91886800130209&type=1&m=make_rider 2020-05-09 09:04[RIDER CLIENT]rider uniacid: 4
[2020-05-09 09:04:45] trace  /app/index.php?i=4&t=0&v=1.0&from=wxapp&c=entry&a=wxapp&do=rider_update_order&state=we7sid-f1793e7f804dcbfc59244814b7c5809e&sign=74836add79c47eace8ee137368d4d951&id=187&goods_code=&goods_img=&end_img=&lat=34.73060763888889&lng=113.91886800130209&type=1&m=make_rider 2020-05-09 09:04[RIDER CLIENT] uniacid: 3
[2020-05-09 09:04:47] trace  /app/index.php?i=4&t=0&v=1.0&from=wxapp&c=entry&a=wxapp&do=rider_update_order&state=we7sid-f1793e7f804dcbfc59244814b7c5809e&sign=2b63792ad2cd4c06f62970e10959b83d&id=187&goods_code=&goods_img=&end_img=%2Fuploads%2Fprogram%2F20200509%2F9065eb601acae849.jpg&lat=34.73060763888889&lng=113.91886800130209&type=1&m=make_rider 2020-05-09 09:04[RIDER CLIENT]rider uniacid: 4
[2020-05-09 09:04:47] trace  /app/index.php?i=4&t=0&v=1.0&from=wxapp&c=entry&a=wxapp&do=rider_update_order&state=we7sid-f1793e7f804dcbfc59244814b7c5809e&sign=2b63792ad2cd4c06f62970e10959b83d&id=187&goods_code=&goods_img=&end_img=%2Fuploads%2Fprogram%2F20200509%2F9065eb601acae849.jpg&lat=34.73060763888889&lng=113.91886800130209&type=1&m=make_rider 2020-05-09 09:04[RIDER CLIENT] uniacid: 3
[2020-05-09 09:05:21] trace  /app/index.php?i=4&t=0&v=1.0&from=wxapp&c=entry&a=wxapp&do=getRiderOrder&state=we7sid-f1793e7f804dcbfc59244814b7c5809e&sign=f4b7c26dc16aec385c3cc10f0fb5a2f7&status=3&page=1&m=make_rider 2020-05-09 09:05[RIDER CLIENT]rider uniacid: 4
[2020-05-09 09:05:21] trace  /app/index.php?i=4&t=0&v=1.0&from=wxapp&c=entry&a=wxapp&do=getRiderOrder&state=we7sid-f1793e7f804dcbfc59244814b7c5809e&sign=f4b7c26dc16aec385c3cc10f0fb5a2f7&status=3&page=1&m=make_rider 2020-05-09 09:05[RIDER CLIENT] uniacid: 3
[2020-05-09 09:05:23] trace  /app/index.php?i=4&t=0&v=1.0&from=wxapp&c=entry&a=wxapp&do=getRiderOrder&state=we7sid-f1793e7f804dcbfc59244814b7c5809e&sign=6331258357080b67c9d6bc98daf743ff&status=4&page=1&m=make_rider 2020-05-09 09:05[RIDER CLIENT]rider uniacid: 4
[2020-05-09 09:05:23] trace  /app/index.php?i=4&t=0&v=1.0&from=wxapp&c=entry&a=wxapp&do=getRiderOrder&state=we7sid-f1793e7f804dcbfc59244814b7c5809e&sign=6331258357080b67c9d6bc98daf743ff&status=4&page=1&m=make_rider 2020-05-09 09:05[RIDER CLIENT] uniacid: 3
[2020-05-09 09:05:40] trace  /app/index.php?i=4&t=0&v=1.0&from=wxapp&c=entry&a=wxapp&do=getRiderOrder&state=we7sid-f1793e7f804dcbfc59244814b7c5809e&sign=7f0c1b2d6e991c645add28c40d9b9eac&status=2&page=1&m=make_rider 2020-05-09 09:05[RIDER CLIENT]rider uniacid: 4
[2020-05-09 09:05:40] trace  /app/index.php?i=4&t=0&v=1.0&from=wxapp&c=entry&a=wxapp&do=getRiderOrder&state=we7sid-f1793e7f804dcbfc59244814b7c5809e&sign=7f0c1b2d6e991c645add28c40d9b9eac&status=2&page=1&m=make_rider 2020-05-09 09:05[RIDER CLIENT] uniacid: 3
[2020-05-09 09:08:49] trace  /app/index.php?i=4&t=0&v=1.0&from=wxapp&c=entry&a=wxapp&do=getRiderOrder&state=we7sid-f1793e7f804dcbfc59244814b7c5809e&sign=f4b7c26dc16aec385c3cc10f0fb5a2f7&status=3&page=1&m=make_rider 2020-05-09 09:08[RIDER CLIENT]rider uniacid: 4
[2020-05-09 09:08:49] trace  /app/index.php?i=4&t=0&v=1.0&from=wxapp&c=entry&a=wxapp&do=getRiderOrder&state=we7sid-f1793e7f804dcbfc59244814b7c5809e&sign=f4b7c26dc16aec385c3cc10f0fb5a2f7&status=3&page=1&m=make_rider 2020-05-09 09:08[RIDER CLIENT] uniacid: 3
[2020-05-09 09:08:50] trace  /app/index.php?i=4&t=0&v=1.0&from=wxapp&c=entry&a=wxapp&do=getRiderOrder&state=we7sid-f1793e7f804dcbfc59244814b7c5809e&sign=7f0c1b2d6e991c645add28c40d9b9eac&status=2&page=1&m=make_rider 2020-05-09 09:08[RIDER CLIENT]rider uniacid: 4
[2020-05-09 09:08:50] trace  /app/index.php?i=4&t=0&v=1.0&from=wxapp&c=entry&a=wxapp&do=getRiderOrder&state=we7sid-f1793e7f804dcbfc59244814b7c5809e&sign=7f0c1b2d6e991c645add28c40d9b9eac&status=2&page=1&m=make_rider 2020-05-09 09:08[RIDER CLIENT] uniacid: 3
[2020-05-09 09:08:52] trace  /app/index.php?i=4&t=0&v=1.0&from=wxapp&c=entry&a=wxapp&do=getRiderOrder&state=we7sid-f1793e7f804dcbfc59244814b7c5809e&sign=6331258357080b67c9d6bc98daf743ff&status=4&page=1&m=make_rider 2020-05-09 09:08[RIDER CLIENT]rider uniacid: 4
[2020-05-09 09:08:52] trace  /app/index.php?i=4&t=0&v=1.0&from=wxapp&c=entry&a=wxapp&do=getRiderOrder&state=we7sid-f1793e7f804dcbfc59244814b7c5809e&sign=6331258357080b67c9d6bc98daf743ff&status=4&page=1&m=make_rider 2020-05-09 09:08[RIDER CLIENT] uniacid: 3
[2020-05-09 09:18:49] trace  /app/index.php?i=4&t=0&v=1.0&from=wxapp&c=entry&a=wxapp&do=getRiderOrder&state=we7sid-f1793e7f804dcbfc59244814b7c5809e&sign=f4b7c26dc16aec385c3cc10f0fb5a2f7&status=3&page=1&m=make_rider 2020-05-09 09:18[RIDER CLIENT]rider uniacid: 4
[2020-05-09 09:18:49] trace  /app/index.php?i=4&t=0&v=1.0&from=wxapp&c=entry&a=wxapp&do=getRiderOrder&state=we7sid-f1793e7f804dcbfc59244814b7c5809e&sign=f4b7c26dc16aec385c3cc10f0fb5a2f7&status=3&page=1&m=make_rider 2020-05-09 09:18[RIDER CLIENT] uniacid: 3
[2020-05-09 09:18:51] trace  /app/index.php?i=4&t=0&v=1.0&from=wxapp&c=entry&a=wxapp&do=getRiderOrder&state=we7sid-f1793e7f804dcbfc59244814b7c5809e&sign=7f0c1b2d6e991c645add28c40d9b9eac&status=2&page=1&m=make_rider 2020-05-09 09:18[RIDER CLIENT]rider uniacid: 4
[2020-05-09 09:18:51] trace  /app/index.php?i=4&t=0&v=1.0&from=wxapp&c=entry&a=wxapp&do=getRiderOrder&state=we7sid-f1793e7f804dcbfc59244814b7c5809e&sign=7f0c1b2d6e991c645add28c40d9b9eac&status=2&page=1&m=make_rider 2020-05-09 09:18[RIDER CLIENT] uniacid: 3
[2020-05-09 09:18:53] trace  /app/index.php?i=4&t=0&v=1.0&from=wxapp&c=entry&a=wxapp&do=getRiderOrder&state=we7sid-f1793e7f804dcbfc59244814b7c5809e&sign=6331258357080b67c9d6bc98daf743ff&status=4&page=1&m=make_rider 2020-05-09 09:18[RIDER CLIENT]rider uniacid: 4
[2020-05-09 09:18:53] trace  /app/index.php?i=4&t=0&v=1.0&from=wxapp&c=entry&a=wxapp&do=getRiderOrder&state=we7sid-f1793e7f804dcbfc59244814b7c5809e&sign=6331258357080b67c9d6bc98daf743ff&status=4&page=1&m=make_rider 2020-05-09 09:18[RIDER CLIENT] uniacid: 3
[2020-05-09 09:19:44] trace  /app/index.php?i=4&t=0&v=1.0&from=wxapp&c=entry&a=wxapp&do=rider_update_order&state=we7sid-f1793e7f804dcbfc59244814b7c5809e&sign=b8f2f677231abbe9ac55425ee7ad1fc5&id=187&goods_code=120687&goods_img=&end_img=&lat=34.731695149739586&lng=113.91926296657986&type=1&m=make_rider 2020-05-09 09:19[RIDER CLIENT]rider uniacid: 4
[2020-05-09 09:19:44] trace  /app/index.php?i=4&t=0&v=1.0&from=wxapp&c=entry&a=wxapp&do=rider_update_order&state=we7sid-f1793e7f804dcbfc59244814b7c5809e&sign=b8f2f677231abbe9ac55425ee7ad1fc5&id=187&goods_code=120687&goods_img=&end_img=&lat=34.731695149739586&lng=113.91926296657986&type=1&m=make_rider 2020-05-09 09:19[RIDER CLIENT] uniacid: 3
[2020-05-09 09:19:54] trace  /app/index.php?i=4&t=0&v=1.0&from=wxapp&c=entry&a=wxapp&do=rider_update_order&state=we7sid-f1793e7f804dcbfc59244814b7c5809e&sign=5cddc0b1affe7a130382e96269d91e19&id=187&goods_code=120687&goods_img=&end_img=&lat=34.730587565104166&lng=113.91887396918403&type=1&m=make_rider 2020-05-09 09:19[RIDER CLIENT]rider uniacid: 4
[2020-05-09 09:19:54] trace  /app/index.php?i=4&t=0&v=1.0&from=wxapp&c=entry&a=wxapp&do=uploadImage&m=make_rider& 2020-05-09 09:19[RIDER CLIENT]rider uniacid: 4
[2020-05-09 09:19:54] trace  /app/index.php?i=4&t=0&v=1.0&from=wxapp&c=entry&a=wxapp&do=uploadImage&m=make_rider& 2020-05-09 09:19[RIDER CLIENT] uniacid: 3
[2020-05-09 09:19:54] trace  /app/index.php?i=4&t=0&v=1.0&from=wxapp&c=entry&a=wxapp&do=rider_update_order&state=we7sid-f1793e7f804dcbfc59244814b7c5809e&sign=5cddc0b1affe7a130382e96269d91e19&id=187&goods_code=120687&goods_img=&end_img=&lat=34.730587565104166&lng=113.91887396918403&type=1&m=make_rider 2020-05-09 09:19[RIDER CLIENT] uniacid: 3
[2020-05-09 09:19:57] trace  /app/index.php?i=4&t=0&v=1.0&from=wxapp&c=entry&a=wxapp&do=rider_update_order&state=we7sid-f1793e7f804dcbfc59244814b7c5809e&sign=fd70f464dda39738e3117e17f0adf404&id=187&goods_code=120687&goods_img=&end_img=%2Fuploads%2Fprogram%2F20200509%2F5275eb6053b2240e.jpg&lat=34.73061170789931&lng=113.91885281032987&type=1&m=make_rider 2020-05-09 09:19[RIDER CLIENT]rider uniacid: 4
[2020-05-09 09:19:57] trace  /app/index.php?i=4&t=0&v=1.0&from=wxapp&c=entry&a=wxapp&do=rider_update_order&state=we7sid-f1793e7f804dcbfc59244814b7c5809e&sign=fd70f464dda39738e3117e17f0adf404&id=187&goods_code=120687&goods_img=&end_img=%2Fuploads%2Fprogram%2F20200509%2F5275eb6053b2240e.jpg&lat=34.73061170789931&lng=113.91885281032987&type=1&m=make_rider 2020-05-09 09:19[RIDER CLIENT] uniacid: 3
[2020-05-09 09:19:57] trace  /app/index.php?i=4&t=0&v=1.0&from=wxapp&c=entry&a=wxapp&do=rider_update_order&state=we7sid-f1793e7f804dcbfc59244814b7c5809e&sign=fd70f464dda39738e3117e17f0adf404&id=187&goods_code=120687&goods_img=&end_img=%2Fuploads%2Fprogram%2F20200509%2F5275eb6053b2240e.jpg&lat=34.73061170789931&lng=113.91885281032987&type=1&m=make_rider 2020-05-09 09:19[sendTemplate] Error: 未设置骑手接单通知用户模板消息
[2020-05-09 09:19:57] trace  /app/index.php?i=4&t=0&v=1.0&from=wxapp&c=entry&a=wxapp&do=rider_update_order&state=we7sid-f1793e7f804dcbfc59244814b7c5809e&sign=fd70f464dda39738e3117e17f0adf404&id=187&goods_code=120687&goods_img=&end_img=%2Fuploads%2Fprogram%2F20200509%2F5275eb6053b2240e.jpg&lat=34.73061170789931&lng=113.91885281032987&type=1&m=make_rider 2020-05-09 09:19[sendTemplate Rider] Error:invalid template_id hint: [rh1OBa0231d420]
[2020-05-09 09:19:58] trace  /app/index.php?i=4&t=0&v=1.0&from=wxapp&c=entry&a=wxapp&do=getRiderOrder&state=we7sid-f1793e7f804dcbfc59244814b7c5809e&sign=6331258357080b67c9d6bc98daf743ff&status=4&page=1&m=make_rider 2020-05-09 09:19[RIDER CLIENT]rider uniacid: 4
[2020-05-09 09:19:58] trace  /app/index.php?i=4&t=0&v=1.0&from=wxapp&c=entry&a=wxapp&do=getRiderOrder&state=we7sid-f1793e7f804dcbfc59244814b7c5809e&sign=6331258357080b67c9d6bc98daf743ff&status=4&page=1&m=make_rider 2020-05-09 09:19[RIDER CLIENT] uniacid: 3
[2020-05-09 09:19:58] trace  /app/index.php?i=4&t=0&v=1.0&from=wxapp&c=entry&a=wxapp&do=setRiderLocation&state=we7sid-f1793e7f804dcbfc59244814b7c5809e&sign=c41073bcd26b2707c825c0c0234c04f1&address=&lat=34.73061170789931&lng=113.91885281032987&m=make_rider 2020-05-09 09:19[RIDER CLIENT]rider uniacid: 4
[2020-05-09 09:19:58] trace  /app/index.php?i=4&t=0&v=1.0&from=wxapp&c=entry&a=wxapp&do=setRiderLocation&state=we7sid-f1793e7f804dcbfc59244814b7c5809e&sign=c41073bcd26b2707c825c0c0234c04f1&address=&lat=34.73061170789931&lng=113.91885281032987&m=make_rider 2020-05-09 09:19[RIDER CLIENT] uniacid: 3
[2020-05-09 09:20:10] trace  /app/index.php?i=4&t=0&v=1.0&from=wxapp&c=entry&a=wxapp&do=getRiderOrder&state=we7sid-f1793e7f804dcbfc59244814b7c5809e&sign=7f0c1b2d6e991c645add28c40d9b9eac&status=2&page=1&m=make_rider 2020-05-09 09:20[RIDER CLIENT]rider uniacid: 4
[2020-05-09 09:20:10] trace  /app/index.php?i=4&t=0&v=1.0&from=wxapp&c=entry&a=wxapp&do=getRiderOrder&state=we7sid-f1793e7f804dcbfc59244814b7c5809e&sign=7f0c1b2d6e991c645add28c40d9b9eac&status=2&page=1&m=make_rider 2020-05-09 09:20[RIDER CLIENT] uniacid: 3
[2020-05-09 09:20:10] trace  /app/index.php?i=4&t=0&v=1.0&from=wxapp&c=entry&a=wxapp&do=riderIsAccept&state=we7sid-f1793e7f804dcbfc59244814b7c5809e&sign=88358dd791e674d028c177c46ccf3f3d&type=-1&m=make_rider 2020-05-09 09:20[RIDER CLIENT]rider uniacid: 4
[2020-05-09 09:20:10] trace  /app/index.php?i=4&t=0&v=1.0&from=wxapp&c=entry&a=wxapp&do=riderIsAccept&state=we7sid-f1793e7f804dcbfc59244814b7c5809e&sign=88358dd791e674d028c177c46ccf3f3d&type=-1&m=make_rider 2020-05-09 09:20[RIDER CLIENT] uniacid: 3
[2020-05-09 09:20:11] trace  /app/index.php?i=4&t=0&v=1.0&from=wxapp&c=entry&a=wxapp&do=setRiderLocation&state=we7sid-f1793e7f804dcbfc59244814b7c5809e&sign=5bf420d20d930c499f26d6021e8cacb2&address=%E6%B2%B3%E5%8D%97%E7%9C%81%E9%83%91%E5%B7%9E%E5%B8%82%E4%B8%AD%E7%89%9F%E5%8E%BF%E4%B8%87%E4%B8%89%E5%85%AC%E8%B7%AF&lat=34.730003&lng=113.918427&m=make_rider 2020-05-09 09:20[RIDER CLIENT]rider uniacid: 4
[2020-05-09 09:20:11] trace  /app/index.php?i=4&t=0&v=1.0&from=wxapp&c=entry&a=wxapp&do=setRiderLocation&state=we7sid-f1793e7f804dcbfc59244814b7c5809e&sign=5bf420d20d930c499f26d6021e8cacb2&address=%E6%B2%B3%E5%8D%97%E7%9C%81%E9%83%91%E5%B7%9E%E5%B8%82%E4%B8%AD%E7%89%9F%E5%8E%BF%E4%B8%87%E4%B8%89%E5%85%AC%E8%B7%AF&lat=34.730003&lng=113.918427&m=make_rider 2020-05-09 09:20[RIDER CLIENT] uniacid: 3
[2020-05-09 09:20:11] trace  /app/index.php?i=4&t=0&v=1.0&from=wxapp&c=entry&a=wxapp&do=getRiderOrder&state=we7sid-f1793e7f804dcbfc59244814b7c5809e&sign=590eaa22fc7958c5a3772ebf0b7b5d3c&status=-1&m=make_rider 2020-05-09 09:20[RIDER CLIENT]rider uniacid: 4
[2020-05-09 09:20:11] trace  /app/index.php?i=4&t=0&v=1.0&from=wxapp&c=entry&a=wxapp&do=getRiderOrder&state=we7sid-f1793e7f804dcbfc59244814b7c5809e&sign=590eaa22fc7958c5a3772ebf0b7b5d3c&status=-1&m=make_rider 2020-05-09 09:20[RIDER CLIENT] uniacid: 3
[2020-05-09 22:35:04] trace  /app/index.php?i=4&t=0&v=1.0&from=wxapp&c=entry&a=wxapp&do=getSetting&state=we7sid-502af5775973d7d333f96cc80d1ef401&sign=d364687a3223c932fe23edd2e121ebcb&m=make_rider 2020-05-09 22:35[RIDER CLIENT]rider uniacid: 4
[2020-05-09 22:35:04] trace  /app/index.php?i=4&t=0&v=1.0&from=wxapp&c=entry&a=wxapp&do=getSetting&state=we7sid-502af5775973d7d333f96cc80d1ef401&sign=d364687a3223c932fe23edd2e121ebcb&m=make_rider 2020-05-09 22:35[RIDER CLIENT] uniacid: 3
[2020-05-09 22:35:04] trace  /app/index.php?i=4&t=0&v=1.0&from=wxapp&c=entry&a=wxapp&do=getRiderStatus&state=we7sid-502af5775973d7d333f96cc80d1ef401&sign=e8beb470d09b45a21898f7b63cb2141c&m=make_rider 2020-05-09 22:35[RIDER CLIENT]rider uniacid: 4
[2020-05-09 22:35:04] trace  /app/index.php?i=4&t=0&v=1.0&from=wxapp&c=entry&a=wxapp&do=getRiderStatus&state=we7sid-502af5775973d7d333f96cc80d1ef401&sign=e8beb470d09b45a21898f7b63cb2141c&m=make_rider 2020-05-09 22:35[RIDER CLIENT] uniacid: 3
[2020-05-09 22:35:04] trace  /app/index.php?i=4&t=0&v=1.0&from=wxapp&c=entry&a=wxapp&do=getRiderStatus&state=we7sid-502af5775973d7d333f96cc80d1ef401&sign=e8beb470d09b45a21898f7b63cb2141c&m=make_rider 2020-05-09 22:35[RIDER CLIENT]rider uniacid: 4
[2020-05-09 22:35:04] trace  /app/index.php?i=4&t=0&v=1.0&from=wxapp&c=entry&a=wxapp&do=getRiderStatus&state=we7sid-502af5775973d7d333f96cc80d1ef401&sign=e8beb470d09b45a21898f7b63cb2141c&m=make_rider 2020-05-09 22:35[RIDER CLIENT] uniacid: 3
[2020-05-09 22:35:09] trace  /app/index.php?i=4&t=0&v=1.0&from=wxapp&c=entry&a=wxapp&do=getRiderLogo&state=we7sid-502af5775973d7d333f96cc80d1ef401&sign=5eb626cba3169ae759d9c33a0afb5f96&m=make_rider 2020-05-09 22:35[RIDER CLIENT]rider uniacid: 4
[2020-05-09 22:35:09] trace  /app/index.php?i=4&t=0&v=1.0&from=wxapp&c=entry&a=wxapp&do=getRiderLogo&state=we7sid-502af5775973d7d333f96cc80d1ef401&sign=5eb626cba3169ae759d9c33a0afb5f96&m=make_rider 2020-05-09 22:35[RIDER CLIENT] uniacid: 3
[2020-05-09 22:35:09] trace  /app/index.php?i=4&t=0&v=1.0&from=wxapp&c=entry&a=wxapp&do=getSetting&state=we7sid-502af5775973d7d333f96cc80d1ef401&sign=d364687a3223c932fe23edd2e121ebcb&m=make_rider 2020-05-09 22:35[RIDER CLIENT]rider uniacid: 4
[2020-05-09 22:35:09] trace  /app/index.php?i=4&t=0&v=1.0&from=wxapp&c=entry&a=wxapp&do=getSetting&state=we7sid-502af5775973d7d333f96cc80d1ef401&sign=d364687a3223c932fe23edd2e121ebcb&m=make_rider 2020-05-09 22:35[RIDER CLIENT] uniacid: 3
[2020-05-09 22:35:19] trace  /app/index.php?i=4&t=0&v=1.0&from=wxapp&c=entry&a=wxapp&do=riderLogin&state=we7sid-502af5775973d7d333f96cc80d1ef401&sign=211c5688ef0dda9cd90b3f91a5bd2ea3&is_send=1&mobile=15136289598&m=make_rider 2020-05-09 22:35[RIDER CLIENT]rider uniacid: 4
[2020-05-09 22:35:19] trace  /app/index.php?i=4&t=0&v=1.0&from=wxapp&c=entry&a=wxapp&do=riderLogin&state=we7sid-502af5775973d7d333f96cc80d1ef401&sign=211c5688ef0dda9cd90b3f91a5bd2ea3&is_send=1&mobile=15136289598&m=make_rider 2020-05-09 22:35[RIDER CLIENT] uniacid: 3
[2020-05-09 22:35:32] trace  /app/index.php?i=4&t=0&v=1.0&from=wxapp&c=entry&a=wxapp&do=setFormid&state=we7sid-502af5775973d7d333f96cc80d1ef401&sign=1524f2f89f9e817e26b8e4bb47aa739a&formId=the%20formId%20is%20no%20longer%20available%20in%20develop%20or%20trial%20version%20of%20this%20mini%20program&m=make_rider 2020-05-09 22:35[RIDER CLIENT]rider uniacid: 4
[2020-05-09 22:35:32] trace  /app/index.php?i=4&t=0&v=1.0&from=wxapp&c=entry&a=wxapp&do=setFormid&state=we7sid-502af5775973d7d333f96cc80d1ef401&sign=1524f2f89f9e817e26b8e4bb47aa739a&formId=the%20formId%20is%20no%20longer%20available%20in%20develop%20or%20trial%20version%20of%20this%20mini%20program&m=make_rider 2020-05-09 22:35[RIDER CLIENT] uniacid: 3
[2020-05-09 22:35:36] trace  /app/index.php?i=4&t=0&v=1.0&from=wxapp&c=entry&a=wxapp&do=setFormid&state=we7sid-502af5775973d7d333f96cc80d1ef401&sign=1524f2f89f9e817e26b8e4bb47aa739a&formId=the%20formId%20is%20no%20longer%20available%20in%20develop%20or%20trial%20version%20of%20this%20mini%20program&m=make_rider 2020-05-09 22:35[RIDER CLIENT]rider uniacid: 4
[2020-05-09 22:35:36] trace  /app/index.php?i=4&t=0&v=1.0&from=wxapp&c=entry&a=wxapp&do=setFormid&state=we7sid-502af5775973d7d333f96cc80d1ef401&sign=1524f2f89f9e817e26b8e4bb47aa739a&formId=the%20formId%20is%20no%20longer%20available%20in%20develop%20or%20trial%20version%20of%20this%20mini%20program&m=make_rider 2020-05-09 22:35[RIDER CLIENT] uniacid: 3
[2020-05-09 22:35:36] trace  /app/index.php?i=4&t=0&v=1.0&from=wxapp&c=entry&a=wxapp&do=riderLogin&state=we7sid-502af5775973d7d333f96cc80d1ef401&sign=261f4f5d57ba4386c0bb80175416a2d8&mobile=15136289598&smscode=3713&m=make_rider 2020-05-09 22:35[RIDER CLIENT]rider uniacid: 4
[2020-05-09 22:35:36] trace  /app/index.php?i=4&t=0&v=1.0&from=wxapp&c=entry&a=wxapp&do=riderLogin&state=we7sid-502af5775973d7d333f96cc80d1ef401&sign=261f4f5d57ba4386c0bb80175416a2d8&mobile=15136289598&smscode=3713&m=make_rider 2020-05-09 22:35[RIDER CLIENT] uniacid: 3
[2020-05-09 22:35:37] trace  /app/index.php?i=4&t=0&v=1.0&from=wxapp&c=entry&a=wxapp&do=getRiderOrder&state=we7sid-502af5775973d7d333f96cc80d1ef401&sign=93a7f1b1d3fdae1348fa3a786d3114fe&status=-1&m=make_rider 2020-05-09 22:35[RIDER CLIENT]rider uniacid: 4
[2020-05-09 22:35:37] trace  /app/index.php?i=4&t=0&v=1.0&from=wxapp&c=entry&a=wxapp&do=getRiderOrder&state=we7sid-502af5775973d7d333f96cc80d1ef401&sign=93a7f1b1d3fdae1348fa3a786d3114fe&status=-1&m=make_rider 2020-05-09 22:35[RIDER CLIENT] uniacid: 3
[2020-05-09 22:35:37] trace  /app/index.php?i=4&t=0&v=1.0&from=wxapp&c=entry&a=wxapp&do=getRiderId&state=we7sid-502af5775973d7d333f96cc80d1ef401&sign=6e6126ea7eece7e5c112a1cdd6934c7f&m=make_rider 2020-05-09 22:35[RIDER CLIENT]rider uniacid: 4
[2020-05-09 22:35:37] trace  /app/index.php?i=4&t=0&v=1.0&from=wxapp&c=entry&a=wxapp&do=getRiderId&state=we7sid-502af5775973d7d333f96cc80d1ef401&sign=6e6126ea7eece7e5c112a1cdd6934c7f&m=make_rider 2020-05-09 22:35[RIDER CLIENT] uniacid: 3
[2020-05-09 22:35:37] trace  /app/index.php?i=4&t=0&v=1.0&from=wxapp&c=entry&a=wxapp&do=riderIsAccept&state=we7sid-502af5775973d7d333f96cc80d1ef401&sign=9390283e9ac00aed8caefd714d71c035&type=-1&m=make_rider 2020-05-09 22:35[RIDER CLIENT]rider uniacid: 4
[2020-05-09 22:35:37] trace  /app/index.php?i=4&t=0&v=1.0&from=wxapp&c=entry&a=wxapp&do=riderIsAccept&state=we7sid-502af5775973d7d333f96cc80d1ef401&sign=9390283e9ac00aed8caefd714d71c035&type=-1&m=make_rider 2020-05-09 22:35[RIDER CLIENT] uniacid: 3
[2020-05-09 22:35:38] trace  /app/index.php?i=4&t=0&v=1.0&from=wxapp&c=entry&a=wxapp&do=setRiderLocation&state=we7sid-502af5775973d7d333f96cc80d1ef401&sign=1064ee24f72428afc9386fa3949bd206&address=%E6%B2%B3%E5%8D%97%E7%9C%81%E9%83%91%E5%B7%9E%E5%B8%82%E4%B8%AD%E5%8E%9F%E5%8C%BA%E6%A1%90%E6%9F%8F%E5%8C%97%E8%B7%AF6%E5%8F%B7&lat=34.748257&lng=113.613388&m=make_rider 2020-05-09 22:35[RIDER CLIENT]rider uniacid: 4
[2020-05-09 22:35:38] trace  /app/index.php?i=4&t=0&v=1.0&from=wxapp&c=entry&a=wxapp&do=setRiderLocation&state=we7sid-502af5775973d7d333f96cc80d1ef401&sign=1064ee24f72428afc9386fa3949bd206&address=%E6%B2%B3%E5%8D%97%E7%9C%81%E9%83%91%E5%B7%9E%E5%B8%82%E4%B8%AD%E5%8E%9F%E5%8C%BA%E6%A1%90%E6%9F%8F%E5%8C%97%E8%B7%AF6%E5%8F%B7&lat=34.748257&lng=113.613388&m=make_rider 2020-05-09 22:35[RIDER CLIENT] uniacid: 3
[2020-05-09 22:35:38] trace  /app/index.php?i=4&t=0&v=1.0&from=wxapp&c=entry&a=wxapp&do=getRiderOrder&state=we7sid-502af5775973d7d333f96cc80d1ef401&sign=93a7f1b1d3fdae1348fa3a786d3114fe&status=-1&m=make_rider 2020-05-09 22:35[RIDER CLIENT]rider uniacid: 4
[2020-05-09 22:35:38] trace  /app/index.php?i=4&t=0&v=1.0&from=wxapp&c=entry&a=wxapp&do=getRiderOrder&state=we7sid-502af5775973d7d333f96cc80d1ef401&sign=93a7f1b1d3fdae1348fa3a786d3114fe&status=-1&m=make_rider 2020-05-09 22:35[RIDER CLIENT] uniacid: 3
[2020-05-09 22:36:02] trace  /app/index.php?i=4&t=0&v=1.0&from=wxapp&c=entry&a=wxapp&do=register_business&state=we7sid-502af5775973d7d333f96cc80d1ef401&sign=eb7c2ed12df255987d32c653168de09d&m=make_rider 2020-05-09 22:36[RIDER CLIENT]rider uniacid: 4
[2020-05-09 22:36:02] trace  /app/index.php?i=4&t=0&v=1.0&from=wxapp&c=entry&a=wxapp&do=register_business&state=we7sid-502af5775973d7d333f96cc80d1ef401&sign=eb7c2ed12df255987d32c653168de09d&m=make_rider 2020-05-09 22:36[RIDER CLIENT] uniacid: 3
[2020-05-09 22:36:02] trace  /app/index.php?i=4&t=0&v=1.0&from=wxapp&c=entry&a=wxapp&do=riderInfo&state=we7sid-502af5775973d7d333f96cc80d1ef401&sign=c90bed56580a0802bde2178f8a8fc0e5&m=make_rider 2020-05-09 22:36[RIDER CLIENT]rider uniacid: 4
[2020-05-09 22:36:02] trace  /app/index.php?i=4&t=0&v=1.0&from=wxapp&c=entry&a=wxapp&do=riderInfo&state=we7sid-502af5775973d7d333f96cc80d1ef401&sign=c90bed56580a0802bde2178f8a8fc0e5&m=make_rider 2020-05-09 22:36[RIDER CLIENT] uniacid: 3
