[2020-05-12 16:42:55] trace  /app/index.php?i=4&t=0&v=1.0&from=wxapp&c=entry&a=wxapp&do=getRiderStatus&state=we7sid-c783ad0c4a6db9516a91402b3d51366e&sign=fbe1fc503f8905b38e59c854e66a48f4&m=make_rider 2020-05-12 16:42[RIDER CLIENT]rider uniacid: 4
[2020-05-12 16:42:55] trace  /app/index.php?i=4&t=0&v=1.0&from=wxapp&c=entry&a=wxapp&do=getRiderStatus&state=we7sid-c783ad0c4a6db9516a91402b3d51366e&sign=fbe1fc503f8905b38e59c854e66a48f4&m=make_rider 2020-05-12 16:42[RIDER CLIENT] uniacid: 3
[2020-05-12 16:42:55] trace  /app/index.php?i=4&t=0&v=1.0&from=wxapp&c=entry&a=wxapp&do=getSetting&state=we7sid-c783ad0c4a6db9516a91402b3d51366e&sign=0cdddd9ccff90b3bcff1e38e987a0c28&m=make_rider 2020-05-12 16:42[RIDER CLIENT]rider uniacid: 4
[2020-05-12 16:42:55] trace  /app/index.php?i=4&t=0&v=1.0&from=wxapp&c=entry&a=wxapp&do=getSetting&state=we7sid-c783ad0c4a6db9516a91402b3d51366e&sign=0cdddd9ccff90b3bcff1e38e987a0c28&m=make_rider 2020-05-12 16:42[RIDER CLIENT] uniacid: 3
[2020-05-12 16:42:55] trace  /app/index.php?i=4&t=0&v=1.0&from=wxapp&c=entry&a=wxapp&do=getRiderStatus&state=we7sid-c783ad0c4a6db9516a91402b3d51366e&sign=fbe1fc503f8905b38e59c854e66a48f4&m=make_rider 2020-05-12 16:42[RIDER CLIENT]rider uniacid: 4
[2020-05-12 16:42:55] trace  /app/index.php?i=4&t=0&v=1.0&from=wxapp&c=entry&a=wxapp&do=getRiderStatus&state=we7sid-c783ad0c4a6db9516a91402b3d51366e&sign=fbe1fc503f8905b38e59c854e66a48f4&m=make_rider 2020-05-12 16:42[RIDER CLIENT] uniacid: 3
[2020-05-12 16:42:56] trace  /app/index.php?i=4&t=0&v=1.0&from=wxapp&c=entry&a=wxapp&do=getRiderId&state=we7sid-c783ad0c4a6db9516a91402b3d51366e&sign=46382d62860adf8d84fea62ddface66e&m=make_rider 2020-05-12 16:42[RIDER CLIENT]rider uniacid: 4
[2020-05-12 16:42:56] trace  /app/index.php?i=4&t=0&v=1.0&from=wxapp&c=entry&a=wxapp&do=getRiderId&state=we7sid-c783ad0c4a6db9516a91402b3d51366e&sign=46382d62860adf8d84fea62ddface66e&m=make_rider 2020-05-12 16:42[RIDER CLIENT] uniacid: 3
[2020-05-12 16:42:56] trace  /app/index.php?i=4&t=0&v=1.0&from=wxapp&c=entry&a=wxapp&do=getRiderOrder&state=we7sid-c783ad0c4a6db9516a91402b3d51366e&sign=5fbf59e1b9f7e6d07cb6d2e3a93c1ce7&status=-1&m=make_rider 2020-05-12 16:42[RIDER CLIENT]rider uniacid: 4
[2020-05-12 16:42:56] trace  /app/index.php?i=4&t=0&v=1.0&from=wxapp&c=entry&a=wxapp&do=getRiderOrder&state=we7sid-c783ad0c4a6db9516a91402b3d51366e&sign=5fbf59e1b9f7e6d07cb6d2e3a93c1ce7&status=-1&m=make_rider 2020-05-12 16:42[RIDER CLIENT] uniacid: 3
[2020-05-12 16:42:56] trace  /app/index.php?i=4&t=0&v=1.0&from=wxapp&c=entry&a=wxapp&do=riderIsAccept&state=we7sid-c783ad0c4a6db9516a91402b3d51366e&sign=82605b2e46aee8dffdec8c499a6be0a2&type=-1&m=make_rider 2020-05-12 16:42[RIDER CLIENT]rider uniacid: 4
[2020-05-12 16:42:56] trace  /app/index.php?i=4&t=0&v=1.0&from=wxapp&c=entry&a=wxapp&do=riderIsAccept&state=we7sid-c783ad0c4a6db9516a91402b3d51366e&sign=82605b2e46aee8dffdec8c499a6be0a2&type=-1&m=make_rider 2020-05-12 16:42[RIDER CLIENT] uniacid: 3
[2020-05-12 16:42:57] trace  /app/index.php?i=4&t=0&v=1.0&from=wxapp&c=entry&a=wxapp&do=getRiderOrder&state=we7sid-c783ad0c4a6db9516a91402b3d51366e&sign=5fbf59e1b9f7e6d07cb6d2e3a93c1ce7&status=-1&m=make_rider 2020-05-12 16:42[RIDER CLIENT]rider uniacid: 4
[2020-05-12 16:42:57] trace  /app/index.php?i=4&t=0&v=1.0&from=wxapp&c=entry&a=wxapp&do=getRiderOrder&state=we7sid-c783ad0c4a6db9516a91402b3d51366e&sign=5fbf59e1b9f7e6d07cb6d2e3a93c1ce7&status=-1&m=make_rider 2020-05-12 16:42[RIDER CLIENT] uniacid: 3
[2020-05-12 16:42:59] trace  /app/index.php?i=4&t=0&v=1.0&from=wxapp&c=entry&a=wxapp&do=setRiderLocation&state=we7sid-c783ad0c4a6db9516a91402b3d51366e&sign=9234dc73a9644351f7eb6f60343a671d&address=%E6%B2%B3%E5%8D%97%E7%9C%81%E9%83%91%E5%B7%9E%E5%B8%82%E4%B8%AD%E7%89%9F%E5%8E%BF%E4%B8%87%E4%B8%89%E5%85%AC%E8%B7%AF&lat=34.730003&lng=113.918427&m=make_rider 2020-05-12 16:42[RIDER CLIENT]rider uniacid: 4
[2020-05-12 16:42:59] trace  /app/index.php?i=4&t=0&v=1.0&from=wxapp&c=entry&a=wxapp&do=setRiderLocation&state=we7sid-c783ad0c4a6db9516a91402b3d51366e&sign=9234dc73a9644351f7eb6f60343a671d&address=%E6%B2%B3%E5%8D%97%E7%9C%81%E9%83%91%E5%B7%9E%E5%B8%82%E4%B8%AD%E7%89%9F%E5%8E%BF%E4%B8%87%E4%B8%89%E5%85%AC%E8%B7%AF&lat=34.730003&lng=113.918427&m=make_rider 2020-05-12 16:42[RIDER CLIENT] uniacid: 3
[2020-05-12 16:43:05] trace  /app/index.php?i=4&t=0&v=1.0&from=wxapp&c=entry&a=wxapp&do=getRiderLogo&state=we7sid-26f114251434d4311978035951b60e6e&sign=f70ba147e0d9f08cc1c5978f1f8d6b61&m=make_rider 2020-05-12 16:43[RIDER CLIENT]rider uniacid: 4
[2020-05-12 16:43:05] trace  /app/index.php?i=4&t=0&v=1.0&from=wxapp&c=entry&a=wxapp&do=getRiderLogo&state=we7sid-26f114251434d4311978035951b60e6e&sign=f70ba147e0d9f08cc1c5978f1f8d6b61&m=make_rider 2020-05-12 16:43[RIDER CLIENT] uniacid: 3
[2020-05-12 16:43:05] trace  /app/index.php?i=4&t=0&v=1.0&from=wxapp&c=entry&a=wxapp&do=getSetting&state=we7sid-26f114251434d4311978035951b60e6e&sign=bc03b5be1cdf9722d38369b8e3d5f653&m=make_rider 2020-05-12 16:43[RIDER CLIENT]rider uniacid: 4
[2020-05-12 16:43:05] trace  /app/index.php?i=4&t=0&v=1.0&from=wxapp&c=entry&a=wxapp&do=getSetting&state=we7sid-26f114251434d4311978035951b60e6e&sign=bc03b5be1cdf9722d38369b8e3d5f653&m=make_rider 2020-05-12 16:43[RIDER CLIENT] uniacid: 3
[2020-05-12 16:43:06] trace  /app/index.php?i=4&t=0&v=1.0&from=wxapp&c=entry&a=wxapp&do=riderIsAccept&state=we7sid-c783ad0c4a6db9516a91402b3d51366e&sign=82605b2e46aee8dffdec8c499a6be0a2&type=-1&m=make_rider 2020-05-12 16:43[RIDER CLIENT]rider uniacid: 4
[2020-05-12 16:43:06] trace  /app/index.php?i=4&t=0&v=1.0&from=wxapp&c=entry&a=wxapp&do=riderIsAccept&state=we7sid-c783ad0c4a6db9516a91402b3d51366e&sign=82605b2e46aee8dffdec8c499a6be0a2&type=-1&m=make_rider 2020-05-12 16:43[RIDER CLIENT] uniacid: 3
[2020-05-12 16:43:07] trace  /app/index.php?i=4&t=0&v=1.0&from=wxapp&c=entry&a=wxapp&do=setRiderLocation&state=we7sid-c783ad0c4a6db9516a91402b3d51366e&sign=00755165b608259d0d6af1f9cb16da43&address=%E6%B2%B3%E5%8D%97%E7%9C%81%E9%83%91%E5%B7%9E%E5%B8%82%E4%B8%AD%E7%89%9F%E5%8E%BF&lat=34.733192&lng=113.915207&m=make_rider 2020-05-12 16:43[RIDER CLIENT]rider uniacid: 4
[2020-05-12 16:43:07] trace  /app/index.php?i=4&t=0&v=1.0&from=wxapp&c=entry&a=wxapp&do=setRiderLocation&state=we7sid-c783ad0c4a6db9516a91402b3d51366e&sign=00755165b608259d0d6af1f9cb16da43&address=%E6%B2%B3%E5%8D%97%E7%9C%81%E9%83%91%E5%B7%9E%E5%B8%82%E4%B8%AD%E7%89%9F%E5%8E%BF&lat=34.733192&lng=113.915207&m=make_rider 2020-05-12 16:43[RIDER CLIENT] uniacid: 3
[2020-05-12 16:43:07] trace  /app/index.php?i=4&t=0&v=1.0&from=wxapp&c=entry&a=wxapp&do=getRiderOrder&state=we7sid-c783ad0c4a6db9516a91402b3d51366e&sign=5fbf59e1b9f7e6d07cb6d2e3a93c1ce7&status=-1&m=make_rider 2020-05-12 16:43[RIDER CLIENT]rider uniacid: 4
[2020-05-12 16:43:07] trace  /app/index.php?i=4&t=0&v=1.0&from=wxapp&c=entry&a=wxapp&do=getRiderOrder&state=we7sid-c783ad0c4a6db9516a91402b3d51366e&sign=5fbf59e1b9f7e6d07cb6d2e3a93c1ce7&status=-1&m=make_rider 2020-05-12 16:43[RIDER CLIENT] uniacid: 3
[2020-05-12 16:43:12] trace  /app/index.php?i=4&t=0&v=1.0&from=wxapp&c=entry&a=wxapp&do=setRiderLocation&state=we7sid-c783ad0c4a6db9516a91402b3d51366e&sign=9234dc73a9644351f7eb6f60343a671d&address=%E6%B2%B3%E5%8D%97%E7%9C%81%E9%83%91%E5%B7%9E%E5%B8%82%E4%B8%AD%E7%89%9F%E5%8E%BF%E4%B8%87%E4%B8%89%E5%85%AC%E8%B7%AF&lat=34.730003&lng=113.918427&m=make_rider 2020-05-12 16:43[RIDER CLIENT]rider uniacid: 4
[2020-05-12 16:43:12] trace  /app/index.php?i=4&t=0&v=1.0&from=wxapp&c=entry&a=wxapp&do=setRiderLocation&state=we7sid-c783ad0c4a6db9516a91402b3d51366e&sign=9234dc73a9644351f7eb6f60343a671d&address=%E6%B2%B3%E5%8D%97%E7%9C%81%E9%83%91%E5%B7%9E%E5%B8%82%E4%B8%AD%E7%89%9F%E5%8E%BF%E4%B8%87%E4%B8%89%E5%85%AC%E8%B7%AF&lat=34.730003&lng=113.918427&m=make_rider 2020-05-12 16:43[RIDER CLIENT] uniacid: 3
[2020-05-12 16:43:14] trace  /app/index.php?i=4&t=0&v=1.0&from=wxapp&c=entry&a=wxapp&do=setRiderLocation&state=we7sid-c783ad0c4a6db9516a91402b3d51366e&sign=8cd730878218ff859cf74c314b5c9dcd&address=%E6%B2%B3%E5%8D%97%E7%9C%81%E9%83%91%E5%B7%9E%E5%B8%82%E4%B8%AD%E7%89%9F%E5%8E%BF%E4%B8%87%E4%B8%89%E5%85%AC%E8%B7%AF&lat=34.730282&lng=113.921082&m=make_rider 2020-05-12 16:43[RIDER CLIENT]rider uniacid: 4
[2020-05-12 16:43:14] trace  /app/index.php?i=4&t=0&v=1.0&from=wxapp&c=entry&a=wxapp&do=setRiderLocation&state=we7sid-c783ad0c4a6db9516a91402b3d51366e&sign=8cd730878218ff859cf74c314b5c9dcd&address=%E6%B2%B3%E5%8D%97%E7%9C%81%E9%83%91%E5%B7%9E%E5%B8%82%E4%B8%AD%E7%89%9F%E5%8E%BF%E4%B8%87%E4%B8%89%E5%85%AC%E8%B7%AF&lat=34.730282&lng=113.921082&m=make_rider 2020-05-12 16:43[RIDER CLIENT] uniacid: 3
[2020-05-12 16:43:16] trace  /app/index.php?i=4&t=0&v=1.0&from=wxapp&c=entry&a=wxapp&do=setRiderLocation&state=we7sid-c783ad0c4a6db9516a91402b3d51366e&sign=9234dc73a9644351f7eb6f60343a671d&address=%E6%B2%B3%E5%8D%97%E7%9C%81%E9%83%91%E5%B7%9E%E5%B8%82%E4%B8%AD%E7%89%9F%E5%8E%BF%E4%B8%87%E4%B8%89%E5%85%AC%E8%B7%AF&lat=34.730003&lng=113.918427&m=make_rider 2020-05-12 16:43[RIDER CLIENT]rider uniacid: 4
[2020-05-12 16:43:16] trace  /app/index.php?i=4&t=0&v=1.0&from=wxapp&c=entry&a=wxapp&do=setRiderLocation&state=we7sid-c783ad0c4a6db9516a91402b3d51366e&sign=9234dc73a9644351f7eb6f60343a671d&address=%E6%B2%B3%E5%8D%97%E7%9C%81%E9%83%91%E5%B7%9E%E5%B8%82%E4%B8%AD%E7%89%9F%E5%8E%BF%E4%B8%87%E4%B8%89%E5%85%AC%E8%B7%AF&lat=34.730003&lng=113.918427&m=make_rider 2020-05-12 16:43[RIDER CLIENT] uniacid: 3
[2020-05-12 16:43:20] trace  /app/index.php?i=4&t=0&v=1.0&from=wxapp&c=entry&a=wxapp&do=setRiderLocation&state=we7sid-c783ad0c4a6db9516a91402b3d51366e&sign=9234dc73a9644351f7eb6f60343a671d&address=%E6%B2%B3%E5%8D%97%E7%9C%81%E9%83%91%E5%B7%9E%E5%B8%82%E4%B8%AD%E7%89%9F%E5%8E%BF%E4%B8%87%E4%B8%89%E5%85%AC%E8%B7%AF&lat=34.730003&lng=113.918427&m=make_rider 2020-05-12 16:43[RIDER CLIENT]rider uniacid: 4
[2020-05-12 16:43:20] trace  /app/index.php?i=4&t=0&v=1.0&from=wxapp&c=entry&a=wxapp&do=setRiderLocation&state=we7sid-c783ad0c4a6db9516a91402b3d51366e&sign=9234dc73a9644351f7eb6f60343a671d&address=%E6%B2%B3%E5%8D%97%E7%9C%81%E9%83%91%E5%B7%9E%E5%B8%82%E4%B8%AD%E7%89%9F%E5%8E%BF%E4%B8%87%E4%B8%89%E5%85%AC%E8%B7%AF&lat=34.730003&lng=113.918427&m=make_rider 2020-05-12 16:43[RIDER CLIENT] uniacid: 3
[2020-05-12 16:43:22] trace  /app/index.php?i=4&t=0&v=1.0&from=wxapp&c=entry&a=wxapp&do=setRiderLocation&state=we7sid-c783ad0c4a6db9516a91402b3d51366e&sign=9234dc73a9644351f7eb6f60343a671d&address=%E6%B2%B3%E5%8D%97%E7%9C%81%E9%83%91%E5%B7%9E%E5%B8%82%E4%B8%AD%E7%89%9F%E5%8E%BF%E4%B8%87%E4%B8%89%E5%85%AC%E8%B7%AF&lat=34.730003&lng=113.918427&m=make_rider 2020-05-12 16:43[RIDER CLIENT]rider uniacid: 4
[2020-05-12 16:43:22] trace  /app/index.php?i=4&t=0&v=1.0&from=wxapp&c=entry&a=wxapp&do=setRiderLocation&state=we7sid-c783ad0c4a6db9516a91402b3d51366e&sign=9234dc73a9644351f7eb6f60343a671d&address=%E6%B2%B3%E5%8D%97%E7%9C%81%E9%83%91%E5%B7%9E%E5%B8%82%E4%B8%AD%E7%89%9F%E5%8E%BF%E4%B8%87%E4%B8%89%E5%85%AC%E8%B7%AF&lat=34.730003&lng=113.918427&m=make_rider 2020-05-12 16:43[RIDER CLIENT] uniacid: 3
[2020-05-12 16:43:22] trace  /app/index.php?i=4&t=0&v=1.0&from=wxapp&c=entry&a=wxapp&do=setRiderLocation&state=we7sid-c783ad0c4a6db9516a91402b3d51366e&sign=8cd730878218ff859cf74c314b5c9dcd&address=%E6%B2%B3%E5%8D%97%E7%9C%81%E9%83%91%E5%B7%9E%E5%B8%82%E4%B8%AD%E7%89%9F%E5%8E%BF%E4%B8%87%E4%B8%89%E5%85%AC%E8%B7%AF&lat=34.730282&lng=113.921082&m=make_rider 2020-05-12 16:43[RIDER CLIENT]rider uniacid: 4
[2020-05-12 16:43:22] trace  /app/index.php?i=4&t=0&v=1.0&from=wxapp&c=entry&a=wxapp&do=setRiderLocation&state=we7sid-c783ad0c4a6db9516a91402b3d51366e&sign=8cd730878218ff859cf74c314b5c9dcd&address=%E6%B2%B3%E5%8D%97%E7%9C%81%E9%83%91%E5%B7%9E%E5%B8%82%E4%B8%AD%E7%89%9F%E5%8E%BF%E4%B8%87%E4%B8%89%E5%85%AC%E8%B7%AF&lat=34.730282&lng=113.921082&m=make_rider 2020-05-12 16:43[RIDER CLIENT] uniacid: 3
[2020-05-12 16:43:23] trace  /app/index.php?i=4&t=0&v=1.0&from=wxapp&c=entry&a=wxapp&do=setRiderLocation&state=we7sid-c783ad0c4a6db9516a91402b3d51366e&sign=9234dc73a9644351f7eb6f60343a671d&address=%E6%B2%B3%E5%8D%97%E7%9C%81%E9%83%91%E5%B7%9E%E5%B8%82%E4%B8%AD%E7%89%9F%E5%8E%BF%E4%B8%87%E4%B8%89%E5%85%AC%E8%B7%AF&lat=34.730003&lng=113.918427&m=make_rider 2020-05-12 16:43[RIDER CLIENT]rider uniacid: 4
[2020-05-12 16:43:23] trace  /app/index.php?i=4&t=0&v=1.0&from=wxapp&c=entry&a=wxapp&do=setRiderLocation&state=we7sid-c783ad0c4a6db9516a91402b3d51366e&sign=9234dc73a9644351f7eb6f60343a671d&address=%E6%B2%B3%E5%8D%97%E7%9C%81%E9%83%91%E5%B7%9E%E5%B8%82%E4%B8%AD%E7%89%9F%E5%8E%BF%E4%B8%87%E4%B8%89%E5%85%AC%E8%B7%AF&lat=34.730003&lng=113.918427&m=make_rider 2020-05-12 16:43[RIDER CLIENT] uniacid: 3
[2020-05-12 16:43:24] trace  /app/index.php?i=4&t=0&v=1.0&from=wxapp&c=entry&a=wxapp&do=getRiderOrder&state=we7sid-c783ad0c4a6db9516a91402b3d51366e&sign=213f9e00d7ad1ff9ab346606518abea2&status=2&page=1&m=make_rider 2020-05-12 16:43[RIDER CLIENT]rider uniacid: 4
[2020-05-12 16:43:24] trace  /app/index.php?i=4&t=0&v=1.0&from=wxapp&c=entry&a=wxapp&do=getRiderOrder&state=we7sid-c783ad0c4a6db9516a91402b3d51366e&sign=213f9e00d7ad1ff9ab346606518abea2&status=2&page=1&m=make_rider 2020-05-12 16:43[RIDER CLIENT] uniacid: 3
[2020-05-12 16:43:27] trace  /app/index.php?i=4&t=0&v=1.0&from=wxapp&c=entry&a=wxapp&do=riderIsAccept&state=we7sid-c783ad0c4a6db9516a91402b3d51366e&sign=82605b2e46aee8dffdec8c499a6be0a2&type=-1&m=make_rider 2020-05-12 16:43[RIDER CLIENT]rider uniacid: 4
[2020-05-12 16:43:27] trace  /app/index.php?i=4&t=0&v=1.0&from=wxapp&c=entry&a=wxapp&do=riderIsAccept&state=we7sid-c783ad0c4a6db9516a91402b3d51366e&sign=82605b2e46aee8dffdec8c499a6be0a2&type=-1&m=make_rider 2020-05-12 16:43[RIDER CLIENT] uniacid: 3
[2020-05-12 16:43:27] trace  /app/index.php?i=4&t=0&v=1.0&from=wxapp&c=entry&a=wxapp&do=setRiderLocation&state=we7sid-c783ad0c4a6db9516a91402b3d51366e&sign=8cd730878218ff859cf74c314b5c9dcd&address=%E6%B2%B3%E5%8D%97%E7%9C%81%E9%83%91%E5%B7%9E%E5%B8%82%E4%B8%AD%E7%89%9F%E5%8E%BF%E4%B8%87%E4%B8%89%E5%85%AC%E8%B7%AF&lat=34.730282&lng=113.921082&m=make_rider 2020-05-12 16:43[RIDER CLIENT]rider uniacid: 4
[2020-05-12 16:43:27] trace  /app/index.php?i=4&t=0&v=1.0&from=wxapp&c=entry&a=wxapp&do=setRiderLocation&state=we7sid-c783ad0c4a6db9516a91402b3d51366e&sign=8cd730878218ff859cf74c314b5c9dcd&address=%E6%B2%B3%E5%8D%97%E7%9C%81%E9%83%91%E5%B7%9E%E5%B8%82%E4%B8%AD%E7%89%9F%E5%8E%BF%E4%B8%87%E4%B8%89%E5%85%AC%E8%B7%AF&lat=34.730282&lng=113.921082&m=make_rider 2020-05-12 16:43[RIDER CLIENT] uniacid: 3
[2020-05-12 16:43:28] trace  /app/index.php?i=4&t=0&v=1.0&from=wxapp&c=entry&a=wxapp&do=getRiderOrder&state=we7sid-c783ad0c4a6db9516a91402b3d51366e&sign=5fbf59e1b9f7e6d07cb6d2e3a93c1ce7&status=-1&m=make_rider 2020-05-12 16:43[RIDER CLIENT]rider uniacid: 4
[2020-05-12 16:43:28] trace  /app/index.php?i=4&t=0&v=1.0&from=wxapp&c=entry&a=wxapp&do=getRiderOrder&state=we7sid-c783ad0c4a6db9516a91402b3d51366e&sign=5fbf59e1b9f7e6d07cb6d2e3a93c1ce7&status=-1&m=make_rider 2020-05-12 16:43[RIDER CLIENT] uniacid: 3
[2020-05-12 16:43:33] trace  /app/index.php?i=4&t=0&v=1.0&from=wxapp&c=entry&a=wxapp&do=getRiderOrder&state=we7sid-c783ad0c4a6db9516a91402b3d51366e&sign=fcd42ecaed3e312e9d6f2f11f17e56ed&status=5&page=1&m=make_rider 2020-05-12 16:43[RIDER CLIENT]rider uniacid: 4
[2020-05-12 16:43:33] trace  /app/index.php?i=4&t=0&v=1.0&from=wxapp&c=entry&a=wxapp&do=getRiderOrder&state=we7sid-c783ad0c4a6db9516a91402b3d51366e&sign=fcd42ecaed3e312e9d6f2f11f17e56ed&status=5&page=1&m=make_rider 2020-05-12 16:43[RIDER CLIENT] uniacid: 3
[2020-05-12 16:43:36] trace  /app/index.php?i=4&t=0&v=1.0&from=wxapp&c=entry&a=wxapp&do=riderIsAccept&state=we7sid-c783ad0c4a6db9516a91402b3d51366e&sign=82605b2e46aee8dffdec8c499a6be0a2&type=-1&m=make_rider 2020-05-12 16:43[RIDER CLIENT]rider uniacid: 4
[2020-05-12 16:43:36] trace  /app/index.php?i=4&t=0&v=1.0&from=wxapp&c=entry&a=wxapp&do=riderIsAccept&state=we7sid-c783ad0c4a6db9516a91402b3d51366e&sign=82605b2e46aee8dffdec8c499a6be0a2&type=-1&m=make_rider 2020-05-12 16:43[RIDER CLIENT] uniacid: 3
[2020-05-12 16:43:37] trace  /app/index.php?i=4&t=0&v=1.0&from=wxapp&c=entry&a=wxapp&do=setRiderLocation&state=we7sid-c783ad0c4a6db9516a91402b3d51366e&sign=9234dc73a9644351f7eb6f60343a671d&address=%E6%B2%B3%E5%8D%97%E7%9C%81%E9%83%91%E5%B7%9E%E5%B8%82%E4%B8%AD%E7%89%9F%E5%8E%BF%E4%B8%87%E4%B8%89%E5%85%AC%E8%B7%AF&lat=34.730003&lng=113.918427&m=make_rider 2020-05-12 16:43[RIDER CLIENT]rider uniacid: 4
[2020-05-12 16:43:37] trace  /app/index.php?i=4&t=0&v=1.0&from=wxapp&c=entry&a=wxapp&do=setRiderLocation&state=we7sid-c783ad0c4a6db9516a91402b3d51366e&sign=9234dc73a9644351f7eb6f60343a671d&address=%E6%B2%B3%E5%8D%97%E7%9C%81%E9%83%91%E5%B7%9E%E5%B8%82%E4%B8%AD%E7%89%9F%E5%8E%BF%E4%B8%87%E4%B8%89%E5%85%AC%E8%B7%AF&lat=34.730003&lng=113.918427&m=make_rider 2020-05-12 16:43[RIDER CLIENT] uniacid: 3
[2020-05-12 16:43:37] trace  /app/index.php?i=4&t=0&v=1.0&from=wxapp&c=entry&a=wxapp&do=getRiderOrder&state=we7sid-c783ad0c4a6db9516a91402b3d51366e&sign=5fbf59e1b9f7e6d07cb6d2e3a93c1ce7&status=-1&m=make_rider 2020-05-12 16:43[RIDER CLIENT]rider uniacid: 4
[2020-05-12 16:43:37] trace  /app/index.php?i=4&t=0&v=1.0&from=wxapp&c=entry&a=wxapp&do=getRiderOrder&state=we7sid-c783ad0c4a6db9516a91402b3d51366e&sign=5fbf59e1b9f7e6d07cb6d2e3a93c1ce7&status=-1&m=make_rider 2020-05-12 16:43[RIDER CLIENT] uniacid: 3
[2020-05-12 16:43:38] trace  /app/index.php?i=4&t=0&v=1.0&from=wxapp&c=entry&a=wxapp&do=setFormid&state=we7sid-26f114251434d4311978035951b60e6e&sign=5a7270a39920433ca30fea3b0eb39892&formId=db81a7384cfa4a0c8da0110f24aac3ba&m=make_rider 2020-05-12 16:43[RIDER CLIENT]rider uniacid: 4
[2020-05-12 16:43:38] trace  /app/index.php?i=4&t=0&v=1.0&from=wxapp&c=entry&a=wxapp&do=setFormid&state=we7sid-26f114251434d4311978035951b60e6e&sign=5a7270a39920433ca30fea3b0eb39892&formId=db81a7384cfa4a0c8da0110f24aac3ba&m=make_rider 2020-05-12 16:43[RIDER CLIENT] uniacid: 3
[2020-05-12 16:43:40] trace  /app/index.php?i=4&t=0&v=1.0&from=wxapp&c=entry&a=wxapp&do=setFormid&state=we7sid-26f114251434d4311978035951b60e6e&sign=4f8df2385dd5999c0be3518f8dbd2794&formId=4b998b3f14f34b98a4d44212e0278f87&m=make_rider 2020-05-12 16:43[RIDER CLIENT]rider uniacid: 4
[2020-05-12 16:43:40] trace  /app/index.php?i=4&t=0&v=1.0&from=wxapp&c=entry&a=wxapp&do=setFormid&state=we7sid-26f114251434d4311978035951b60e6e&sign=4f8df2385dd5999c0be3518f8dbd2794&formId=4b998b3f14f34b98a4d44212e0278f87&m=make_rider 2020-05-12 16:43[RIDER CLIENT] uniacid: 3
[2020-05-12 16:43:41] trace  /app/index.php?i=4&t=0&v=1.0&from=wxapp&c=entry&a=wxapp&do=setFormid&state=we7sid-26f114251434d4311978035951b60e6e&sign=4dd46b3115b3b0503e1a41af86790a3b&formId=157312fec4af4c67bde1717b53c4e83f&m=make_rider 2020-05-12 16:43[RIDER CLIENT]rider uniacid: 4
[2020-05-12 16:43:41] trace  /app/index.php?i=4&t=0&v=1.0&from=wxapp&c=entry&a=wxapp&do=setFormid&state=we7sid-26f114251434d4311978035951b60e6e&sign=4dd46b3115b3b0503e1a41af86790a3b&formId=157312fec4af4c67bde1717b53c4e83f&m=make_rider 2020-05-12 16:43[RIDER CLIENT] uniacid: 3
[2020-05-12 16:43:42] trace  /app/index.php?i=4&t=0&v=1.0&from=wxapp&c=entry&a=wxapp&do=setFormid&state=we7sid-26f114251434d4311978035951b60e6e&sign=a58b100cad3a20cc091fc4795a44a90c&formId=f5100cdca75c42b6a045db1937ce4976&m=make_rider 2020-05-12 16:43[RIDER CLIENT]rider uniacid: 4
[2020-05-12 16:43:42] trace  /app/index.php?i=4&t=0&v=1.0&from=wxapp&c=entry&a=wxapp&do=setFormid&state=we7sid-26f114251434d4311978035951b60e6e&sign=a58b100cad3a20cc091fc4795a44a90c&formId=f5100cdca75c42b6a045db1937ce4976&m=make_rider 2020-05-12 16:43[RIDER CLIENT] uniacid: 3
[2020-05-12 16:43:47] trace  /app/index.php?i=4&t=0&v=1.0&from=wxapp&c=entry&a=wxapp&do=riderLogin&state=we7sid-26f114251434d4311978035951b60e6e&sign=c83cb390f0f172ba9411d9b9ad7e603a&is_send=1&mobile=13017661007&m=make_rider 2020-05-12 16:43[RIDER CLIENT]rider uniacid: 4
[2020-05-12 16:43:47] trace  /app/index.php?i=4&t=0&v=1.0&from=wxapp&c=entry&a=wxapp&do=riderLogin&state=we7sid-26f114251434d4311978035951b60e6e&sign=c83cb390f0f172ba9411d9b9ad7e603a&is_send=1&mobile=13017661007&m=make_rider 2020-05-12 16:43[RIDER CLIENT] uniacid: 3
[2020-05-12 16:44:04] trace  /app/index.php?i=4&t=0&v=1.0&from=wxapp&c=entry&a=wxapp&do=setFormid&state=we7sid-26f114251434d4311978035951b60e6e&sign=3cff029b50e65678f212d740b48e901d&formId=df6791933cd9494da870dae5d456a010&m=make_rider 2020-05-12 16:44[RIDER CLIENT]rider uniacid: 4
[2020-05-12 16:44:04] trace  /app/index.php?i=4&t=0&v=1.0&from=wxapp&c=entry&a=wxapp&do=setFormid&state=we7sid-26f114251434d4311978035951b60e6e&sign=3cff029b50e65678f212d740b48e901d&formId=df6791933cd9494da870dae5d456a010&m=make_rider 2020-05-12 16:44[RIDER CLIENT] uniacid: 3
[2020-05-12 16:44:04] trace  /app/index.php?i=4&t=0&v=1.0&from=wxapp&c=entry&a=wxapp&do=riderLogin&state=we7sid-26f114251434d4311978035951b60e6e&sign=7747c0b31021cc317c59eafa9a8a6941&mobile=13017661007&smscode=7494&m=make_rider 2020-05-12 16:44[RIDER CLIENT]rider uniacid: 4
[2020-05-12 16:44:04] trace  /app/index.php?i=4&t=0&v=1.0&from=wxapp&c=entry&a=wxapp&do=riderLogin&state=we7sid-26f114251434d4311978035951b60e6e&sign=7747c0b31021cc317c59eafa9a8a6941&mobile=13017661007&smscode=7494&m=make_rider 2020-05-12 16:44[RIDER CLIENT] uniacid: 3
[2020-05-12 16:44:05] trace  /app/index.php?i=4&t=0&v=1.0&from=wxapp&c=entry&a=wxapp&do=getRiderOrder&state=we7sid-26f114251434d4311978035951b60e6e&sign=eaf5e3cc13feaeba16f7447a1a8add3c&status=-1&m=make_rider 2020-05-12 16:44[RIDER CLIENT]rider uniacid: 4
[2020-05-12 16:44:05] trace  /app/index.php?i=4&t=0&v=1.0&from=wxapp&c=entry&a=wxapp&do=getRiderOrder&state=we7sid-26f114251434d4311978035951b60e6e&sign=eaf5e3cc13feaeba16f7447a1a8add3c&status=-1&m=make_rider 2020-05-12 16:44[RIDER CLIENT] uniacid: 3
[2020-05-12 16:44:05] trace  /app/index.php?i=4&t=0&v=1.0&from=wxapp&c=entry&a=wxapp&do=getRiderId&state=we7sid-26f114251434d4311978035951b60e6e&sign=d035fe19ca592a02c141d7a2f6d507f3&m=make_rider 2020-05-12 16:44[RIDER CLIENT]rider uniacid: 4
[2020-05-12 16:44:05] trace  /app/index.php?i=4&t=0&v=1.0&from=wxapp&c=entry&a=wxapp&do=getRiderId&state=we7sid-26f114251434d4311978035951b60e6e&sign=d035fe19ca592a02c141d7a2f6d507f3&m=make_rider 2020-05-12 16:44[RIDER CLIENT] uniacid: 3
[2020-05-12 16:44:05] trace  /app/index.php?i=4&t=0&v=1.0&from=wxapp&c=entry&a=wxapp&do=riderIsAccept&state=we7sid-26f114251434d4311978035951b60e6e&sign=ed54f3f8a0c3c402cd56ddbdc404e10a&type=-1&m=make_rider 2020-05-12 16:44[RIDER CLIENT]rider uniacid: 4
[2020-05-12 16:44:05] trace  /app/index.php?i=4&t=0&v=1.0&from=wxapp&c=entry&a=wxapp&do=riderIsAccept&state=we7sid-26f114251434d4311978035951b60e6e&sign=ed54f3f8a0c3c402cd56ddbdc404e10a&type=-1&m=make_rider 2020-05-12 16:44[RIDER CLIENT] uniacid: 3
[2020-05-12 16:44:06] trace  /app/index.php?i=4&t=0&v=1.0&from=wxapp&c=entry&a=wxapp&do=getRiderOrder&state=we7sid-26f114251434d4311978035951b60e6e&sign=eaf5e3cc13feaeba16f7447a1a8add3c&status=-1&m=make_rider 2020-05-12 16:44[RIDER CLIENT]rider uniacid: 4
[2020-05-12 16:44:06] trace  /app/index.php?i=4&t=0&v=1.0&from=wxapp&c=entry&a=wxapp&do=getRiderOrder&state=we7sid-26f114251434d4311978035951b60e6e&sign=eaf5e3cc13feaeba16f7447a1a8add3c&status=-1&m=make_rider 2020-05-12 16:44[RIDER CLIENT] uniacid: 3
[2020-05-12 16:44:06] trace  /app/index.php?i=4&t=0&v=1.0&from=wxapp&c=entry&a=wxapp&do=getSetting&state=we7sid-26f114251434d4311978035951b60e6e&sign=bc03b5be1cdf9722d38369b8e3d5f653&m=make_rider 2020-05-12 16:44[RIDER CLIENT]rider uniacid: 4
[2020-05-12 16:44:06] trace  /app/index.php?i=4&t=0&v=1.0&from=wxapp&c=entry&a=wxapp&do=getSetting&state=we7sid-26f114251434d4311978035951b60e6e&sign=bc03b5be1cdf9722d38369b8e3d5f653&m=make_rider 2020-05-12 16:44[RIDER CLIENT] uniacid: 3
[2020-05-12 16:44:06] trace  /app/index.php?i=4&t=0&v=1.0&from=wxapp&c=entry&a=wxapp&do=getRiderStatus&state=we7sid-26f114251434d4311978035951b60e6e&sign=61f7080c1b60cba9b0e036a206d41dc0&m=make_rider 2020-05-12 16:44[RIDER CLIENT]rider uniacid: 4
[2020-05-12 16:44:06] trace  /app/index.php?i=4&t=0&v=1.0&from=wxapp&c=entry&a=wxapp&do=getRiderStatus&state=we7sid-26f114251434d4311978035951b60e6e&sign=61f7080c1b60cba9b0e036a206d41dc0&m=make_rider 2020-05-12 16:44[RIDER CLIENT] uniacid: 3
[2020-05-12 16:44:21] trace  /app/index.php?i=4&t=0&v=1.0&from=wxapp&c=entry&a=wxapp&do=riderIsAccept&state=we7sid-c783ad0c4a6db9516a91402b3d51366e&sign=82605b2e46aee8dffdec8c499a6be0a2&type=-1&m=make_rider 2020-05-12 16:44[RIDER CLIENT]rider uniacid: 4
[2020-05-12 16:44:21] trace  /app/index.php?i=4&t=0&v=1.0&from=wxapp&c=entry&a=wxapp&do=riderIsAccept&state=we7sid-c783ad0c4a6db9516a91402b3d51366e&sign=82605b2e46aee8dffdec8c499a6be0a2&type=-1&m=make_rider 2020-05-12 16:44[RIDER CLIENT] uniacid: 3
[2020-05-12 16:44:22] trace  /app/index.php?i=4&t=0&v=1.0&from=wxapp&c=entry&a=wxapp&do=setRiderLocation&state=we7sid-c783ad0c4a6db9516a91402b3d51366e&sign=9234dc73a9644351f7eb6f60343a671d&address=%E6%B2%B3%E5%8D%97%E7%9C%81%E9%83%91%E5%B7%9E%E5%B8%82%E4%B8%AD%E7%89%9F%E5%8E%BF%E4%B8%87%E4%B8%89%E5%85%AC%E8%B7%AF&lat=34.730003&lng=113.918427&m=make_rider 2020-05-12 16:44[RIDER CLIENT]rider uniacid: 4
[2020-05-12 16:44:22] trace  /app/index.php?i=4&t=0&v=1.0&from=wxapp&c=entry&a=wxapp&do=setRiderLocation&state=we7sid-c783ad0c4a6db9516a91402b3d51366e&sign=9234dc73a9644351f7eb6f60343a671d&address=%E6%B2%B3%E5%8D%97%E7%9C%81%E9%83%91%E5%B7%9E%E5%B8%82%E4%B8%AD%E7%89%9F%E5%8E%BF%E4%B8%87%E4%B8%89%E5%85%AC%E8%B7%AF&lat=34.730003&lng=113.918427&m=make_rider 2020-05-12 16:44[RIDER CLIENT] uniacid: 3
[2020-05-12 16:44:22] trace  /app/index.php?i=4&t=0&v=1.0&from=wxapp&c=entry&a=wxapp&do=getRiderOrder&state=we7sid-c783ad0c4a6db9516a91402b3d51366e&sign=5fbf59e1b9f7e6d07cb6d2e3a93c1ce7&status=-1&m=make_rider 2020-05-12 16:44[RIDER CLIENT]rider uniacid: 4
[2020-05-12 16:44:22] trace  /app/index.php?i=4&t=0&v=1.0&from=wxapp&c=entry&a=wxapp&do=getRiderOrder&state=we7sid-c783ad0c4a6db9516a91402b3d51366e&sign=5fbf59e1b9f7e6d07cb6d2e3a93c1ce7&status=-1&m=make_rider 2020-05-12 16:44[RIDER CLIENT] uniacid: 3
[2020-05-12 16:44:39] trace  /app/index.php?i=4&t=0&v=1.0&from=wxapp&c=entry&a=wxapp&do=setRiderLocation&state=we7sid-c783ad0c4a6db9516a91402b3d51366e&sign=9234dc73a9644351f7eb6f60343a671d&address=%E6%B2%B3%E5%8D%97%E7%9C%81%E9%83%91%E5%B7%9E%E5%B8%82%E4%B8%AD%E7%89%9F%E5%8E%BF%E4%B8%87%E4%B8%89%E5%85%AC%E8%B7%AF&lat=34.730003&lng=113.918427&m=make_rider 2020-05-12 16:44[RIDER CLIENT]rider uniacid: 4
[2020-05-12 16:44:39] trace  /app/index.php?i=4&t=0&v=1.0&from=wxapp&c=entry&a=wxapp&do=setRiderLocation&state=we7sid-c783ad0c4a6db9516a91402b3d51366e&sign=9234dc73a9644351f7eb6f60343a671d&address=%E6%B2%B3%E5%8D%97%E7%9C%81%E9%83%91%E5%B7%9E%E5%B8%82%E4%B8%AD%E7%89%9F%E5%8E%BF%E4%B8%87%E4%B8%89%E5%85%AC%E8%B7%AF&lat=34.730003&lng=113.918427&m=make_rider 2020-05-12 16:44[RIDER CLIENT] uniacid: 3
[2020-05-12 16:44:41] trace  /app/index.php?i=4&t=0&v=1.0&from=wxapp&c=entry&a=wxapp&do=setRiderLocation&state=we7sid-c783ad0c4a6db9516a91402b3d51366e&sign=9234dc73a9644351f7eb6f60343a671d&address=%E6%B2%B3%E5%8D%97%E7%9C%81%E9%83%91%E5%B7%9E%E5%B8%82%E4%B8%AD%E7%89%9F%E5%8E%BF%E4%B8%87%E4%B8%89%E5%85%AC%E8%B7%AF&lat=34.730003&lng=113.918427&m=make_rider 2020-05-12 16:44[RIDER CLIENT]rider uniacid: 4
[2020-05-12 16:44:41] trace  /app/index.php?i=4&t=0&v=1.0&from=wxapp&c=entry&a=wxapp&do=setRiderLocation&state=we7sid-c783ad0c4a6db9516a91402b3d51366e&sign=9234dc73a9644351f7eb6f60343a671d&address=%E6%B2%B3%E5%8D%97%E7%9C%81%E9%83%91%E5%B7%9E%E5%B8%82%E4%B8%AD%E7%89%9F%E5%8E%BF%E4%B8%87%E4%B8%89%E5%85%AC%E8%B7%AF&lat=34.730003&lng=113.918427&m=make_rider 2020-05-12 16:44[RIDER CLIENT] uniacid: 3
[2020-05-12 16:44:42] trace  /app/index.php?i=4&t=0&v=1.0&from=wxapp&c=entry&a=wxapp&do=riderIsAccept&state=we7sid-26f114251434d4311978035951b60e6e&sign=ed54f3f8a0c3c402cd56ddbdc404e10a&type=-1&m=make_rider 2020-05-12 16:44[RIDER CLIENT]rider uniacid: 4
[2020-05-12 16:44:42] trace  /app/index.php?i=4&t=0&v=1.0&from=wxapp&c=entry&a=wxapp&do=riderIsAccept&state=we7sid-26f114251434d4311978035951b60e6e&sign=ed54f3f8a0c3c402cd56ddbdc404e10a&type=-1&m=make_rider 2020-05-12 16:44[RIDER CLIENT] uniacid: 3
[2020-05-12 16:44:42] trace  /app/index.php?i=4&t=0&v=1.0&from=wxapp&c=entry&a=wxapp&do=getRiderStatus&state=we7sid-26f114251434d4311978035951b60e6e&sign=61f7080c1b60cba9b0e036a206d41dc0&m=make_rider 2020-05-12 16:44[RIDER CLIENT]rider uniacid: 4
[2020-05-12 16:44:42] trace  /app/index.php?i=4&t=0&v=1.0&from=wxapp&c=entry&a=wxapp&do=getRiderStatus&state=we7sid-26f114251434d4311978035951b60e6e&sign=61f7080c1b60cba9b0e036a206d41dc0&m=make_rider 2020-05-12 16:44[RIDER CLIENT] uniacid: 3
[2020-05-12 16:44:43] trace  /app/index.php?i=4&t=0&v=1.0&from=wxapp&c=entry&a=wxapp&do=getRiderOrder&state=we7sid-26f114251434d4311978035951b60e6e&sign=bdfdb363d00ab6c2bd25a569c608b3a9&status=5&page=1&m=make_rider 2020-05-12 16:44[RIDER CLIENT]rider uniacid: 4
[2020-05-12 16:44:43] trace  /app/index.php?i=4&t=0&v=1.0&from=wxapp&c=entry&a=wxapp&do=getRiderOrder&state=we7sid-26f114251434d4311978035951b60e6e&sign=bdfdb363d00ab6c2bd25a569c608b3a9&status=5&page=1&m=make_rider 2020-05-12 16:44[RIDER CLIENT] uniacid: 3
[2020-05-12 16:44:43] trace  /app/index.php?i=4&t=0&v=1.0&from=wxapp&c=entry&a=wxapp&do=getRiderOrder&state=we7sid-26f114251434d4311978035951b60e6e&sign=eaf5e3cc13feaeba16f7447a1a8add3c&status=-1&m=make_rider 2020-05-12 16:44[RIDER CLIENT]rider uniacid: 4
[2020-05-12 16:44:43] trace  /app/index.php?i=4&t=0&v=1.0&from=wxapp&c=entry&a=wxapp&do=getRiderOrder&state=we7sid-26f114251434d4311978035951b60e6e&sign=eaf5e3cc13feaeba16f7447a1a8add3c&status=-1&m=make_rider 2020-05-12 16:44[RIDER CLIENT] uniacid: 3
[2020-05-12 16:44:46] trace  /app/index.php?i=4&t=0&v=1.0&from=wxapp&c=entry&a=wxapp&do=riderIsAccept&state=we7sid-26f114251434d4311978035951b60e6e&sign=ed54f3f8a0c3c402cd56ddbdc404e10a&type=-1&m=make_rider 2020-05-12 16:44[RIDER CLIENT]rider uniacid: 4
[2020-05-12 16:44:46] trace  /app/index.php?i=4&t=0&v=1.0&from=wxapp&c=entry&a=wxapp&do=riderIsAccept&state=we7sid-26f114251434d4311978035951b60e6e&sign=ed54f3f8a0c3c402cd56ddbdc404e10a&type=-1&m=make_rider 2020-05-12 16:44[RIDER CLIENT] uniacid: 3
[2020-05-12 16:44:48] trace  /app/index.php?i=4&t=0&v=1.0&from=wxapp&c=entry&a=wxapp&do=getRiderOrder&state=we7sid-26f114251434d4311978035951b60e6e&sign=11aaa0bedbe806aa073bde0a8b7528f0&status=2&page=1&m=make_rider 2020-05-12 16:44[RIDER CLIENT]rider uniacid: 4
[2020-05-12 16:44:48] trace  /app/index.php?i=4&t=0&v=1.0&from=wxapp&c=entry&a=wxapp&do=getRiderOrder&state=we7sid-26f114251434d4311978035951b60e6e&sign=11aaa0bedbe806aa073bde0a8b7528f0&status=2&page=1&m=make_rider 2020-05-12 16:44[RIDER CLIENT] uniacid: 3
[2020-05-12 16:44:48] trace  /app/index.php?i=4&t=0&v=1.0&from=wxapp&c=entry&a=wxapp&do=getRiderOrder&state=we7sid-26f114251434d4311978035951b60e6e&sign=eaf5e3cc13feaeba16f7447a1a8add3c&status=-1&m=make_rider 2020-05-12 16:44[RIDER CLIENT]rider uniacid: 4
[2020-05-12 16:44:48] trace  /app/index.php?i=4&t=0&v=1.0&from=wxapp&c=entry&a=wxapp&do=getRiderOrder&state=we7sid-26f114251434d4311978035951b60e6e&sign=eaf5e3cc13feaeba16f7447a1a8add3c&status=-1&m=make_rider 2020-05-12 16:44[RIDER CLIENT] uniacid: 3
[2020-05-12 16:44:51] trace  /app/index.php?i=4&t=0&v=1.0&from=wxapp&c=entry&a=wxapp&do=riderIsAccept&state=we7sid-26f114251434d4311978035951b60e6e&sign=ed54f3f8a0c3c402cd56ddbdc404e10a&type=-1&m=make_rider 2020-05-12 16:44[RIDER CLIENT]rider uniacid: 4
[2020-05-12 16:44:51] trace  /app/index.php?i=4&t=0&v=1.0&from=wxapp&c=entry&a=wxapp&do=riderIsAccept&state=we7sid-26f114251434d4311978035951b60e6e&sign=ed54f3f8a0c3c402cd56ddbdc404e10a&type=-1&m=make_rider 2020-05-12 16:44[RIDER CLIENT] uniacid: 3
[2020-05-12 16:44:52] trace  /app/index.php?i=4&t=0&v=1.0&from=wxapp&c=entry&a=wxapp&do=getRiderOrder&state=we7sid-26f114251434d4311978035951b60e6e&sign=eaf5e3cc13feaeba16f7447a1a8add3c&status=-1&m=make_rider 2020-05-12 16:44[RIDER CLIENT]rider uniacid: 4
[2020-05-12 16:44:52] trace  /app/index.php?i=4&t=0&v=1.0&from=wxapp&c=entry&a=wxapp&do=getRiderOrder&state=we7sid-26f114251434d4311978035951b60e6e&sign=eaf5e3cc13feaeba16f7447a1a8add3c&status=-1&m=make_rider 2020-05-12 16:44[RIDER CLIENT] uniacid: 3
[2020-05-12 16:44:59] trace  /app/index.php?i=4&t=0&v=1.0&from=wxapp&c=entry&a=wxapp&do=getSetting&state=we7sid-26f114251434d4311978035951b60e6e&sign=bc03b5be1cdf9722d38369b8e3d5f653&m=make_rider 2020-05-12 16:44[RIDER CLIENT]rider uniacid: 4
[2020-05-12 16:44:59] trace  /app/index.php?i=4&t=0&v=1.0&from=wxapp&c=entry&a=wxapp&do=getSetting&state=we7sid-26f114251434d4311978035951b60e6e&sign=bc03b5be1cdf9722d38369b8e3d5f653&m=make_rider 2020-05-12 16:44[RIDER CLIENT] uniacid: 3
[2020-05-12 16:44:59] trace  /app/index.php?i=4&t=0&v=1.0&from=wxapp&c=entry&a=wxapp&do=riderIsAccept&state=we7sid-26f114251434d4311978035951b60e6e&sign=ed54f3f8a0c3c402cd56ddbdc404e10a&type=-1&m=make_rider 2020-05-12 16:44[RIDER CLIENT]rider uniacid: 4
[2020-05-12 16:44:59] trace  /app/index.php?i=4&t=0&v=1.0&from=wxapp&c=entry&a=wxapp&do=riderIsAccept&state=we7sid-26f114251434d4311978035951b60e6e&sign=ed54f3f8a0c3c402cd56ddbdc404e10a&type=-1&m=make_rider 2020-05-12 16:44[RIDER CLIENT] uniacid: 3
[2020-05-12 16:45:00] trace  /app/index.php?i=4&t=0&v=1.0&from=wxapp&c=entry&a=wxapp&do=getRiderOrder&state=we7sid-26f114251434d4311978035951b60e6e&sign=eaf5e3cc13feaeba16f7447a1a8add3c&status=-1&m=make_rider 2020-05-12 16:45[RIDER CLIENT]rider uniacid: 4
[2020-05-12 16:45:00] trace  /app/index.php?i=4&t=0&v=1.0&from=wxapp&c=entry&a=wxapp&do=getRiderOrder&state=we7sid-26f114251434d4311978035951b60e6e&sign=eaf5e3cc13feaeba16f7447a1a8add3c&status=-1&m=make_rider 2020-05-12 16:45[RIDER CLIENT] uniacid: 3
