
Tracing dependencies for: require-backend

H:/php/WWW/90.weiqing/addons/make_speed/core/public/assets/js/require-backend.min.js
----------------
H:/php/WWW/90.weiqing/addons/make_speed/core/public/assets/libs/jquery/dist/jquery.min.js
H:/php/WWW/90.weiqing/addons/make_speed/core/public/assets/libs/bootstrap/dist/js/bootstrap.min.js
H:/php/WWW/90.weiqing/addons/make_speed/core/public/assets/js/require-backend.js
H:/php/WWW/90.weiqing/addons/make_speed/core/public/assets/js/../libs/require-css/css.min.js
H:/php/WWW/90.weiqing/addons/make_speed/core/public/assets/libs/fastadmin-layer/dist/layer.js
H:/php/WWW/90.weiqing/addons/make_speed/core/public/assets/libs/toastr/toastr.js
H:/php/WWW/90.weiqing/addons/make_speed/core/public/assets/js/fast.js
H:/php/WWW/90.weiqing/addons/make_speed/core/public/assets/libs/art-template/dist/template-native.js
H:/php/WWW/90.weiqing/addons/make_speed/core/public/assets/js/../libs/moment/moment.js
H:/php/WWW/90.weiqing/addons/make_speed/core/public/assets/js/backend.js
H:/php/WWW/90.weiqing/addons/make_speed/core/public/assets/js/backend-init.js
H:/php/WWW/90.weiqing/addons/make_speed/core/public/assets/js/../libs/moment/locale/zh-cn.js
H:/php/WWW/90.weiqing/addons/make_speed/core/public/assets/libs/bootstrap-table/dist/bootstrap-table.min.js
H:/php/WWW/90.weiqing/addons/make_speed/core/public/assets/libs/bootstrap-table/dist/locale/bootstrap-table-zh-CN.js
H:/php/WWW/90.weiqing/addons/make_speed/core/public/assets/libs/tableExport.jquery.plugin/tableExport.min.js
H:/php/WWW/90.weiqing/addons/make_speed/core/public/assets/libs/bootstrap-table/dist/extensions/export/bootstrap-table-export.min.js
H:/php/WWW/90.weiqing/addons/make_speed/core/public/assets/js/../libs/plupload/js/moxie.min.js
H:/php/WWW/90.weiqing/addons/make_speed/core/public/assets/libs/plupload/js/plupload.min.js
H:/php/WWW/90.weiqing/addons/make_speed/core/public/assets/js/require-upload.js
H:/php/WWW/90.weiqing/addons/make_speed/core/public/assets/libs/nice-validator/dist/jquery.validator.js
H:/php/WWW/90.weiqing/addons/make_speed/core/public/assets/libs/nice-validator/dist/local/zh-CN.js
H:/php/WWW/90.weiqing/addons/make_speed/core/public/assets/js/require-validator.js
H:/php/WWW/90.weiqing/addons/make_speed/core/public/assets/js/require-form.js
H:/php/WWW/90.weiqing/addons/make_speed/core/public/assets/js/bootstrap-table-commonsearch.js
H:/php/WWW/90.weiqing/addons/make_speed/core/public/assets/js/bootstrap-table-template.js
H:/php/WWW/90.weiqing/addons/make_speed/core/public/assets/js/require-table.js
H:/php/WWW/90.weiqing/addons/make_speed/core/public/assets/libs/fastadmin-dragsort/jquery.dragsort.js
H:/php/WWW/90.weiqing/addons/make_speed/core/public/assets/js/jquery.drag.min.js
H:/php/WWW/90.weiqing/addons/make_speed/core/public/assets/js/jquery.drop.min.js
H:/php/WWW/90.weiqing/addons/make_speed/core/public/assets/libs/fastadmin-addtabs/jquery.addtabs.js
H:/php/WWW/90.weiqing/addons/make_speed/core/public/assets/libs/fastadmin-selectpage/selectpage.js


H:/php/WWW/90.weiqing/addons/make_speed/core/public/assets/css/backend.min.css
----------------
H:/php/WWW/90.weiqing/addons/make_speed/core/public/assets/css/../css/bootstrap.css
H:/php/WWW/90.weiqing/addons/make_speed/core/public/assets/css/../css/fastadmin.css
H:/php/WWW/90.weiqing/addons/make_speed/core/public/assets/css/../css/skins/skin-green.css
H:/php/WWW/90.weiqing/addons/make_speed/core/public/assets/css/../css/iconfont.css
H:/php/WWW/90.weiqing/addons/make_speed/core/public/assets/css/../libs/font-awesome/css/font-awesome.min.css
H:/php/WWW/90.weiqing/addons/make_speed/core/public/assets/css/../libs/toastr/toastr.min.css
H:/php/WWW/90.weiqing/addons/make_speed/core/public/assets/css/../libs/fastadmin-layer/dist/theme/default/layer.css
H:/php/WWW/90.weiqing/addons/make_speed/core/public/assets/css/../libs/bootstrap-table/dist/bootstrap-table.min.css
H:/php/WWW/90.weiqing/addons/make_speed/core/public/assets/css/../libs/eonasdan-bootstrap-datetimepicker/build/css/bootstrap-datetimepicker.min.css
H:/php/WWW/90.weiqing/addons/make_speed/core/public/assets/css/../libs/bootstrap-daterangepicker/daterangepicker.css
H:/php/WWW/90.weiqing/addons/make_speed/core/public/assets/css/../libs/nice-validator/dist/jquery.validator.css
H:/php/WWW/90.weiqing/addons/make_speed/core/public/assets/css/../libs/bootstrap-select/dist/css/bootstrap-select.min.css
H:/php/WWW/90.weiqing/addons/make_speed/core/public/assets/css/../libs/fastadmin-selectpage/selectpage.css
H:/php/WWW/90.weiqing/addons/make_speed/core/public/assets/css/backend.css

